[0.008s] Invoking command in '/home/zwier/agv_ws/build/ros2_control_demo_example_11': CMAKE_PREFIX_PATH=${CMAKE_PREFIX_PATH}:/home/zwier/agv_ws/install/swerve_controller:/opt/ros/jazzy DEBUGINFOD_URLS=https://debuginfod.ubuntu.com /usr/bin/cmake /home/zwier/agv_ws/src/example_11 -DAMENT_CMAKE_SYMLINK_INSTALL=1 -DCMAKE_INSTALL_PREFIX=/home/zwier/agv_ws/install/ros2_control_demo_example_11
[0.023s] [31mCMake Error at CMakeLists.txt:4 (find_package):
[0.023s]   By not providing "Findros2_control_cmake.cmake" in CMAKE_MODULE_PATH this
[0.024s]   project has asked CMake to find a package configuration file provided by
[0.024s]   "ros2_control_cmake", but CMake did not find one.
[0.024s] 
[0.024s]   Could not find a package configuration file provided by
[0.024s]   "ros2_control_cmake" with any of the following names:
[0.024s] 
[0.024s]     ros2_control_cmakeConfig.cmake
[0.024s]     ros2_control_cmake-config.cmake
[0.024s] 
[0.024s]   Add the installation prefix of "ros2_control_cmake" to CMAKE_PREFIX_PATH or
[0.024s]   set "ros2_control_cmake_DIR" to a directory containing one of the above
[0.024s]   files.  If "ros2_control_cmake" provides a separate development package or
[0.024s]   SDK, be sure it has been installed.
[0.024s] 
[0.024s] [0m
[0.024s] -- Configuring incomplete, errors occurred!
[0.118s] Invoked command in '/home/zwier/agv_ws/build/ros2_control_demo_example_11' returned '1': CMAKE_PREFIX_PATH=${CMAKE_PREFIX_PATH}:/home/zwier/agv_ws/install/swerve_controller:/opt/ros/jazzy DEBUGINFOD_URLS=https://debuginfod.ubuntu.com /usr/bin/cmake /home/zwier/agv_ws/src/example_11 -DAMENT_CMAKE_SYMLINK_INSTALL=1 -DCMAKE_INSTALL_PREFIX=/home/zwier/agv_ws/install/ros2_control_demo_example_11
