[0.052s] DEBUG:colcon:Command line arguments: ['/usr/bin/colcon', 'build', '--symlink-install']
[0.052s] DEBUG:colcon:Parsed command line arguments: Namespace(log_base=None, log_level=None, verb_name='build', build_base='build', install_base='install', merge_install=False, symlink_install=True, test_result_base=None, continue_on_error=False, executor='parallel', parallel_workers=32, event_handlers=None, ignore_user_meta=False, metas=['./colcon.meta'], base_paths=['.'], packages_ignore=None, packages_ignore_regex=None, paths=None, packages_up_to=None, packages_up_to_regex=None, packages_above=None, packages_above_and_dependencies=None, packages_above_depth=None, packages_select_by_dep=None, packages_skip_by_dep=None, packages_skip_up_to=None, packages_select_build_failed=False, packages_skip_build_finished=False, packages_select_test_failures=False, packages_skip_test_passed=False, packages_select=None, packages_skip=None, packages_select_regex=None, packages_skip_regex=None, packages_start=None, packages_end=None, allow_overriding=[], cmake_args=None, cmake_target=None, cmake_target_skip_unavailable=False, cmake_clean_cache=False, cmake_clean_first=False, cmake_force_configure=False, ament_cmake_args=None, catkin_cmake_args=None, catkin_skip_building_tests=False, mixin_files=None, mixin=None, verb_parser=<colcon_mixin.mixin.mixin_argument.MixinArgumentDecorator object at 0x7d2950f68a10>, verb_extension=<colcon_core.verb.build.BuildVerb object at 0x7d29510bd070>, main=<bound method BuildVerb.main of <colcon_core.verb.build.BuildVerb object at 0x7d29510bd070>>, mixin_verb=('build',))
[0.070s] Level 1:colcon.colcon_core.package_discovery:discover_packages(colcon_meta) check parameters
[0.070s] Level 1:colcon.colcon_core.package_discovery:discover_packages(recursive) check parameters
[0.070s] Level 1:colcon.colcon_core.package_discovery:discover_packages(ignore) check parameters
[0.070s] Level 1:colcon.colcon_core.package_discovery:discover_packages(path) check parameters
[0.070s] Level 1:colcon.colcon_core.package_discovery:discover_packages(colcon_meta) discover
[0.070s] Level 1:colcon.colcon_core.package_discovery:discover_packages(recursive) discover
[0.070s] INFO:colcon.colcon_core.package_discovery:Crawling recursively for packages in '/home/zwier/agv_ws'
[0.070s] Level 1:colcon.colcon_core.package_identification:_identify(.) by extensions ['ignore', 'ignore_ament_install']
[0.070s] Level 1:colcon.colcon_core.package_identification:_identify(.) by extension 'ignore'
[0.070s] Level 1:colcon.colcon_core.package_identification:_identify(.) by extension 'ignore_ament_install'
[0.071s] Level 1:colcon.colcon_core.package_identification:_identify(.) by extensions ['colcon_pkg']
[0.071s] Level 1:colcon.colcon_core.package_identification:_identify(.) by extension 'colcon_pkg'
[0.071s] Level 1:colcon.colcon_core.package_identification:_identify(.) by extensions ['colcon_meta']
[0.071s] Level 1:colcon.colcon_core.package_identification:_identify(.) by extension 'colcon_meta'
[0.071s] Level 1:colcon.colcon_core.package_identification:_identify(.) by extensions ['ros']
[0.071s] Level 1:colcon.colcon_core.package_identification:_identify(.) by extension 'ros'
[0.084s] Level 1:colcon.colcon_core.package_identification:_identify(.) by extensions ['cmake', 'python']
[0.084s] Level 1:colcon.colcon_core.package_identification:_identify(.) by extension 'cmake'
[0.084s] Level 1:colcon.colcon_core.package_identification:_identify(.) by extension 'python'
[0.084s] Level 1:colcon.colcon_core.package_identification:_identify(.) by extensions ['python_setup_py']
[0.084s] Level 1:colcon.colcon_core.package_identification:_identify(.) by extension 'python_setup_py'
[0.084s] Level 1:colcon.colcon_core.package_identification:_identify(build) by extensions ['ignore', 'ignore_ament_install']
[0.084s] Level 1:colcon.colcon_core.package_identification:_identify(build) by extension 'ignore'
[0.084s] Level 1:colcon.colcon_core.package_identification:_identify(build) ignored
[0.084s] Level 1:colcon.colcon_core.package_identification:_identify(install) by extensions ['ignore', 'ignore_ament_install']
[0.084s] Level 1:colcon.colcon_core.package_identification:_identify(install) by extension 'ignore'
[0.084s] Level 1:colcon.colcon_core.package_identification:_identify(install) ignored
[0.084s] Level 1:colcon.colcon_core.package_identification:_identify(log) by extensions ['ignore', 'ignore_ament_install']
[0.084s] Level 1:colcon.colcon_core.package_identification:_identify(log) by extension 'ignore'
[0.084s] Level 1:colcon.colcon_core.package_identification:_identify(log) ignored
[0.084s] Level 1:colcon.colcon_core.package_identification:_identify(src) by extensions ['ignore', 'ignore_ament_install']
[0.084s] Level 1:colcon.colcon_core.package_identification:_identify(src) by extension 'ignore'
[0.084s] Level 1:colcon.colcon_core.package_identification:_identify(src) by extension 'ignore_ament_install'
[0.084s] Level 1:colcon.colcon_core.package_identification:_identify(src) by extensions ['colcon_pkg']
[0.084s] Level 1:colcon.colcon_core.package_identification:_identify(src) by extension 'colcon_pkg'
[0.084s] Level 1:colcon.colcon_core.package_identification:_identify(src) by extensions ['colcon_meta']
[0.084s] Level 1:colcon.colcon_core.package_identification:_identify(src) by extension 'colcon_meta'
[0.084s] Level 1:colcon.colcon_core.package_identification:_identify(src) by extensions ['ros']
[0.084s] Level 1:colcon.colcon_core.package_identification:_identify(src) by extension 'ros'
[0.084s] Level 1:colcon.colcon_core.package_identification:_identify(src) by extensions ['cmake', 'python']
[0.084s] Level 1:colcon.colcon_core.package_identification:_identify(src) by extension 'cmake'
[0.084s] Level 1:colcon.colcon_core.package_identification:_identify(src) by extension 'python'
[0.084s] Level 1:colcon.colcon_core.package_identification:_identify(src) by extensions ['python_setup_py']
[0.084s] Level 1:colcon.colcon_core.package_identification:_identify(src) by extension 'python_setup_py'
[0.084s] Level 1:colcon.colcon_core.package_identification:_identify(src/agv_pkg) by extensions ['ignore', 'ignore_ament_install']
[0.084s] Level 1:colcon.colcon_core.package_identification:_identify(src/agv_pkg) by extension 'ignore'
[0.084s] Level 1:colcon.colcon_core.package_identification:_identify(src/agv_pkg) by extension 'ignore_ament_install'
[0.085s] Level 1:colcon.colcon_core.package_identification:_identify(src/agv_pkg) by extensions ['colcon_pkg']
[0.085s] Level 1:colcon.colcon_core.package_identification:_identify(src/agv_pkg) by extension 'colcon_pkg'
[0.085s] Level 1:colcon.colcon_core.package_identification:_identify(src/agv_pkg) by extensions ['colcon_meta']
[0.085s] Level 1:colcon.colcon_core.package_identification:_identify(src/agv_pkg) by extension 'colcon_meta'
[0.085s] Level 1:colcon.colcon_core.package_identification:_identify(src/agv_pkg) by extensions ['ros']
[0.085s] Level 1:colcon.colcon_core.package_identification:_identify(src/agv_pkg) by extension 'ros'
[0.086s] DEBUG:colcon.colcon_core.package_identification:Package 'src/agv_pkg' with type 'ros.ament_cmake' and name 'agv_pkg'
[0.086s] Level 1:colcon.colcon_core.package_identification:_identify(src/example_11) by extensions ['ignore', 'ignore_ament_install']
[0.086s] Level 1:colcon.colcon_core.package_identification:_identify(src/example_11) by extension 'ignore'
[0.086s] Level 1:colcon.colcon_core.package_identification:_identify(src/example_11) by extension 'ignore_ament_install'
[0.086s] Level 1:colcon.colcon_core.package_identification:_identify(src/example_11) by extensions ['colcon_pkg']
[0.086s] Level 1:colcon.colcon_core.package_identification:_identify(src/example_11) by extension 'colcon_pkg'
[0.086s] Level 1:colcon.colcon_core.package_identification:_identify(src/example_11) by extensions ['colcon_meta']
[0.086s] Level 1:colcon.colcon_core.package_identification:_identify(src/example_11) by extension 'colcon_meta'
[0.086s] Level 1:colcon.colcon_core.package_identification:_identify(src/example_11) by extensions ['ros']
[0.086s] Level 1:colcon.colcon_core.package_identification:_identify(src/example_11) by extension 'ros'
[0.087s] DEBUG:colcon.colcon_core.package_identification:Package 'src/example_11' with type 'ros.ament_cmake' and name 'ros2_control_demo_example_11'
[0.087s] Level 1:colcon.colcon_core.package_identification:_identify(src/swerve_controller) by extensions ['ignore', 'ignore_ament_install']
[0.087s] Level 1:colcon.colcon_core.package_identification:_identify(src/swerve_controller) by extension 'ignore'
[0.087s] Level 1:colcon.colcon_core.package_identification:_identify(src/swerve_controller) by extension 'ignore_ament_install'
[0.087s] Level 1:colcon.colcon_core.package_identification:_identify(src/swerve_controller) by extensions ['colcon_pkg']
[0.087s] Level 1:colcon.colcon_core.package_identification:_identify(src/swerve_controller) by extension 'colcon_pkg'
[0.087s] Level 1:colcon.colcon_core.package_identification:_identify(src/swerve_controller) by extensions ['colcon_meta']
[0.087s] Level 1:colcon.colcon_core.package_identification:_identify(src/swerve_controller) by extension 'colcon_meta'
[0.087s] Level 1:colcon.colcon_core.package_identification:_identify(src/swerve_controller) by extensions ['ros']
[0.087s] Level 1:colcon.colcon_core.package_identification:_identify(src/swerve_controller) by extension 'ros'
[0.087s] DEBUG:colcon.colcon_core.package_identification:Package 'src/swerve_controller' with type 'ros.ament_python' and name 'swerve_controller'
[0.087s] Level 1:colcon.colcon_core.package_discovery:discover_packages(recursive) using defaults
[0.087s] Level 1:colcon.colcon_core.package_discovery:discover_packages(ignore) discover
[0.087s] Level 1:colcon.colcon_core.package_discovery:discover_packages(ignore) using defaults
[0.087s] Level 1:colcon.colcon_core.package_discovery:discover_packages(path) discover
[0.087s] Level 1:colcon.colcon_core.package_discovery:discover_packages(path) using defaults
[0.096s] Level 1:colcon.colcon_core.package_discovery:discover_packages(prefix_path) check parameters
[0.096s] Level 1:colcon.colcon_core.package_discovery:discover_packages(prefix_path) discover
[0.097s] DEBUG:colcon.colcon_installed_package_information.package_discovery:Found 3 installed packages in /home/zwier/agv_ws/install
[0.098s] DEBUG:colcon.colcon_installed_package_information.package_discovery:Found 459 installed packages in /opt/ros/jazzy
[0.099s] Level 1:colcon.colcon_core.package_discovery:discover_packages(prefix_path) using defaults
[0.124s] Level 5:colcon.colcon_core.verb:set package 'agv_pkg' build argument 'cmake_args' from command line to 'None'
[0.124s] Level 5:colcon.colcon_core.verb:set package 'agv_pkg' build argument 'cmake_target' from command line to 'None'
[0.124s] Level 5:colcon.colcon_core.verb:set package 'agv_pkg' build argument 'cmake_target_skip_unavailable' from command line to 'False'
[0.124s] Level 5:colcon.colcon_core.verb:set package 'agv_pkg' build argument 'cmake_clean_cache' from command line to 'False'
[0.124s] Level 5:colcon.colcon_core.verb:set package 'agv_pkg' build argument 'cmake_clean_first' from command line to 'False'
[0.124s] Level 5:colcon.colcon_core.verb:set package 'agv_pkg' build argument 'cmake_force_configure' from command line to 'False'
[0.124s] Level 5:colcon.colcon_core.verb:set package 'agv_pkg' build argument 'ament_cmake_args' from command line to 'None'
[0.124s] Level 5:colcon.colcon_core.verb:set package 'agv_pkg' build argument 'catkin_cmake_args' from command line to 'None'
[0.124s] Level 5:colcon.colcon_core.verb:set package 'agv_pkg' build argument 'catkin_skip_building_tests' from command line to 'False'
[0.124s] DEBUG:colcon.colcon_core.verb:Building package 'agv_pkg' with the following arguments: {'ament_cmake_args': None, 'build_base': '/home/zwier/agv_ws/build/agv_pkg', 'catkin_cmake_args': None, 'catkin_skip_building_tests': False, 'cmake_args': None, 'cmake_clean_cache': False, 'cmake_clean_first': False, 'cmake_force_configure': False, 'cmake_target': None, 'cmake_target_skip_unavailable': False, 'install_base': '/home/zwier/agv_ws/install/agv_pkg', 'merge_install': False, 'path': '/home/zwier/agv_ws/src/agv_pkg', 'symlink_install': True, 'test_result_base': None}
[0.125s] Level 5:colcon.colcon_core.verb:set package 'ros2_control_demo_example_11' build argument 'cmake_args' from command line to 'None'
[0.125s] Level 5:colcon.colcon_core.verb:set package 'ros2_control_demo_example_11' build argument 'cmake_target' from command line to 'None'
[0.125s] Level 5:colcon.colcon_core.verb:set package 'ros2_control_demo_example_11' build argument 'cmake_target_skip_unavailable' from command line to 'False'
[0.125s] Level 5:colcon.colcon_core.verb:set package 'ros2_control_demo_example_11' build argument 'cmake_clean_cache' from command line to 'False'
[0.125s] Level 5:colcon.colcon_core.verb:set package 'ros2_control_demo_example_11' build argument 'cmake_clean_first' from command line to 'False'
[0.125s] Level 5:colcon.colcon_core.verb:set package 'ros2_control_demo_example_11' build argument 'cmake_force_configure' from command line to 'False'
[0.125s] Level 5:colcon.colcon_core.verb:set package 'ros2_control_demo_example_11' build argument 'ament_cmake_args' from command line to 'None'
[0.125s] Level 5:colcon.colcon_core.verb:set package 'ros2_control_demo_example_11' build argument 'catkin_cmake_args' from command line to 'None'
[0.125s] Level 5:colcon.colcon_core.verb:set package 'ros2_control_demo_example_11' build argument 'catkin_skip_building_tests' from command line to 'False'
[0.125s] DEBUG:colcon.colcon_core.verb:Building package 'ros2_control_demo_example_11' with the following arguments: {'ament_cmake_args': None, 'build_base': '/home/zwier/agv_ws/build/ros2_control_demo_example_11', 'catkin_cmake_args': None, 'catkin_skip_building_tests': False, 'cmake_args': None, 'cmake_clean_cache': False, 'cmake_clean_first': False, 'cmake_force_configure': False, 'cmake_target': None, 'cmake_target_skip_unavailable': False, 'install_base': '/home/zwier/agv_ws/install/ros2_control_demo_example_11', 'merge_install': False, 'path': '/home/zwier/agv_ws/src/example_11', 'symlink_install': True, 'test_result_base': None}
[0.125s] Level 5:colcon.colcon_core.verb:set package 'swerve_controller' build argument 'cmake_args' from command line to 'None'
[0.125s] Level 5:colcon.colcon_core.verb:set package 'swerve_controller' build argument 'cmake_target' from command line to 'None'
[0.125s] Level 5:colcon.colcon_core.verb:set package 'swerve_controller' build argument 'cmake_target_skip_unavailable' from command line to 'False'
[0.125s] Level 5:colcon.colcon_core.verb:set package 'swerve_controller' build argument 'cmake_clean_cache' from command line to 'False'
[0.125s] Level 5:colcon.colcon_core.verb:set package 'swerve_controller' build argument 'cmake_clean_first' from command line to 'False'
[0.125s] Level 5:colcon.colcon_core.verb:set package 'swerve_controller' build argument 'cmake_force_configure' from command line to 'False'
[0.125s] Level 5:colcon.colcon_core.verb:set package 'swerve_controller' build argument 'ament_cmake_args' from command line to 'None'
[0.125s] Level 5:colcon.colcon_core.verb:set package 'swerve_controller' build argument 'catkin_cmake_args' from command line to 'None'
[0.125s] Level 5:colcon.colcon_core.verb:set package 'swerve_controller' build argument 'catkin_skip_building_tests' from command line to 'False'
[0.125s] DEBUG:colcon.colcon_core.verb:Building package 'swerve_controller' with the following arguments: {'ament_cmake_args': None, 'build_base': '/home/zwier/agv_ws/build/swerve_controller', 'catkin_cmake_args': None, 'catkin_skip_building_tests': False, 'cmake_args': None, 'cmake_clean_cache': False, 'cmake_clean_first': False, 'cmake_force_configure': False, 'cmake_target': None, 'cmake_target_skip_unavailable': False, 'install_base': '/home/zwier/agv_ws/install/swerve_controller', 'merge_install': False, 'path': '/home/zwier/agv_ws/src/swerve_controller', 'symlink_install': True, 'test_result_base': None}
[0.125s] INFO:colcon.colcon_core.executor:Executing jobs using 'parallel' executor
[0.126s] DEBUG:colcon.colcon_parallel_executor.executor.parallel:run_until_complete
[0.126s] INFO:colcon.colcon_ros.task.ament_cmake.build:Building ROS package in '/home/zwier/agv_ws/src/agv_pkg' with build type 'ament_cmake'
[0.126s] INFO:colcon.colcon_cmake.task.cmake.build:Building CMake package in '/home/zwier/agv_ws/src/agv_pkg'
[0.127s] INFO:colcon.colcon_core.plugin_system:Skipping extension 'colcon_core.shell.bat': Not used on non-Windows systems
[0.127s] INFO:colcon.colcon_core.shell:Skip shell extension 'powershell' for command environment: Not usable outside of PowerShell
[0.127s] DEBUG:colcon.colcon_core.shell:Skip shell extension 'dsv' for command environment
[0.129s] INFO:colcon.colcon_ros.task.ament_cmake.build:Building ROS package in '/home/zwier/agv_ws/src/example_11' with build type 'ament_cmake'
[0.129s] INFO:colcon.colcon_cmake.task.cmake.build:Building CMake package in '/home/zwier/agv_ws/src/example_11'
[0.129s] INFO:colcon.colcon_core.shell:Skip shell extension 'powershell' for command environment: Not usable outside of PowerShell
[0.129s] DEBUG:colcon.colcon_core.shell:Skip shell extension 'dsv' for command environment
[0.131s] INFO:colcon.colcon_ros.task.ament_python.build:Building ROS package in '/home/zwier/agv_ws/src/swerve_controller' with build type 'ament_python'
[0.131s] Level 1:colcon.colcon_core.shell:create_environment_hook('swerve_controller', 'ament_prefix_path')
[0.131s] INFO:colcon.colcon_core.shell:Creating environment hook '/home/zwier/agv_ws/install/swerve_controller/share/swerve_controller/hook/ament_prefix_path.ps1'
[0.132s] INFO:colcon.colcon_core.shell:Creating environment descriptor '/home/zwier/agv_ws/install/swerve_controller/share/swerve_controller/hook/ament_prefix_path.dsv'
[0.132s] INFO:colcon.colcon_core.shell:Creating environment hook '/home/zwier/agv_ws/install/swerve_controller/share/swerve_controller/hook/ament_prefix_path.sh'
[0.133s] INFO:colcon.colcon_core.shell:Skip shell extension 'powershell' for command environment: Not usable outside of PowerShell
[0.133s] DEBUG:colcon.colcon_core.shell:Skip shell extension 'dsv' for command environment
[0.136s] DEBUG:colcon.colcon_core.event_handler.log_command:Invoking command in '/home/zwier/agv_ws/build/agv_pkg': CMAKE_PREFIX_PATH=${CMAKE_PREFIX_PATH}:/home/zwier/agv_ws/install/swerve_controller:/opt/ros/jazzy DEBUGINFOD_URLS=https://debuginfod.ubuntu.com /usr/bin/cmake --build /home/zwier/agv_ws/build/agv_pkg -- -j32 -l32
[0.137s] DEBUG:colcon.colcon_core.event_handler.log_command:Invoking command in '/home/zwier/agv_ws/build/ros2_control_demo_example_11': CMAKE_PREFIX_PATH=${CMAKE_PREFIX_PATH}:/home/zwier/agv_ws/install/swerve_controller:/opt/ros/jazzy DEBUGINFOD_URLS=https://debuginfod.ubuntu.com /usr/bin/cmake /home/zwier/agv_ws/src/example_11 -DAMENT_CMAKE_SYMLINK_INSTALL=1 -DCMAKE_INSTALL_PREFIX=/home/zwier/agv_ws/install/ros2_control_demo_example_11
[0.242s] INFO:colcon.colcon_core.task.python.build:Building Python package in '/home/zwier/agv_ws/src/swerve_controller'
[0.242s] INFO:colcon.colcon_core.shell:Skip shell extension 'powershell' for command environment: Not usable outside of PowerShell
[0.242s] DEBUG:colcon.colcon_core.shell:Skip shell extension 'dsv' for command environment
[0.245s] DEBUG:colcon.colcon_core.event_handler.log_command:Invoked command in '/home/zwier/agv_ws/build/agv_pkg' returned '0': CMAKE_PREFIX_PATH=${CMAKE_PREFIX_PATH}:/home/zwier/agv_ws/install/swerve_controller:/opt/ros/jazzy DEBUGINFOD_URLS=https://debuginfod.ubuntu.com /usr/bin/cmake --build /home/zwier/agv_ws/build/agv_pkg -- -j32 -l32
[0.252s] DEBUG:colcon.colcon_core.event_handler.log_command:Invoking command in '/home/zwier/agv_ws/build/agv_pkg': CMAKE_PREFIX_PATH=${CMAKE_PREFIX_PATH}:/home/zwier/agv_ws/install/swerve_controller:/opt/ros/jazzy DEBUGINFOD_URLS=https://debuginfod.ubuntu.com /usr/bin/cmake --install /home/zwier/agv_ws/build/agv_pkg
[0.281s] Level 1:colcon.colcon_core.environment:create_environment_scripts_only(agv_pkg)
[0.281s] DEBUG:colcon.colcon_core.event_handler.log_command:Invoked command in '/home/zwier/agv_ws/build/agv_pkg' returned '0': CMAKE_PREFIX_PATH=${CMAKE_PREFIX_PATH}:/home/zwier/agv_ws/install/swerve_controller:/opt/ros/jazzy DEBUGINFOD_URLS=https://debuginfod.ubuntu.com /usr/bin/cmake --install /home/zwier/agv_ws/build/agv_pkg
[0.282s] Level 1:colcon.colcon_core.environment:checking '/home/zwier/agv_ws/install/agv_pkg' for CMake module files
[0.282s] Level 1:colcon.colcon_core.environment:checking '/home/zwier/agv_ws/install/agv_pkg' for CMake config files
[0.283s] Level 1:colcon.colcon_core.shell:create_environment_hook('agv_pkg', 'cmake_prefix_path')
[0.283s] INFO:colcon.colcon_core.shell:Creating environment hook '/home/zwier/agv_ws/install/agv_pkg/share/agv_pkg/hook/cmake_prefix_path.ps1'
[0.283s] INFO:colcon.colcon_core.shell:Creating environment descriptor '/home/zwier/agv_ws/install/agv_pkg/share/agv_pkg/hook/cmake_prefix_path.dsv'
[0.283s] INFO:colcon.colcon_core.shell:Creating environment hook '/home/zwier/agv_ws/install/agv_pkg/share/agv_pkg/hook/cmake_prefix_path.sh'
[0.283s] Level 1:colcon.colcon_core.environment:checking '/home/zwier/agv_ws/install/agv_pkg/bin'
[0.283s] Level 1:colcon.colcon_core.environment:checking '/home/zwier/agv_ws/install/agv_pkg/lib/pkgconfig/agv_pkg.pc'
[0.284s] Level 1:colcon.colcon_core.environment:checking '/home/zwier/agv_ws/install/agv_pkg/lib/python3.12/site-packages'
[0.284s] Level 1:colcon.colcon_core.environment:checking '/home/zwier/agv_ws/install/agv_pkg/bin'
[0.284s] INFO:colcon.colcon_core.shell:Creating package script '/home/zwier/agv_ws/install/agv_pkg/share/agv_pkg/package.ps1'
[0.284s] INFO:colcon.colcon_core.shell:Creating package descriptor '/home/zwier/agv_ws/install/agv_pkg/share/agv_pkg/package.dsv'
[0.284s] INFO:colcon.colcon_core.shell:Creating package script '/home/zwier/agv_ws/install/agv_pkg/share/agv_pkg/package.sh'
[0.285s] INFO:colcon.colcon_core.shell:Creating package script '/home/zwier/agv_ws/install/agv_pkg/share/agv_pkg/package.bash'
[0.285s] INFO:colcon.colcon_core.shell:Creating package script '/home/zwier/agv_ws/install/agv_pkg/share/agv_pkg/package.zsh'
[0.285s] Level 1:colcon.colcon_core.environment:create_file_with_runtime_dependencies(/home/zwier/agv_ws/install/agv_pkg/share/colcon-core/packages/agv_pkg)
[0.286s] Level 1:colcon.colcon_core.environment:create_environment_scripts_only(agv_pkg)
[0.286s] Level 1:colcon.colcon_core.environment:checking '/home/zwier/agv_ws/install/agv_pkg' for CMake module files
[0.286s] Level 1:colcon.colcon_core.environment:checking '/home/zwier/agv_ws/install/agv_pkg' for CMake config files
[0.286s] Level 1:colcon.colcon_core.shell:create_environment_hook('agv_pkg', 'cmake_prefix_path')
[0.286s] INFO:colcon.colcon_core.shell:Creating environment hook '/home/zwier/agv_ws/install/agv_pkg/share/agv_pkg/hook/cmake_prefix_path.ps1'
[0.286s] INFO:colcon.colcon_core.shell:Creating environment descriptor '/home/zwier/agv_ws/install/agv_pkg/share/agv_pkg/hook/cmake_prefix_path.dsv'
[0.286s] INFO:colcon.colcon_core.shell:Creating environment hook '/home/zwier/agv_ws/install/agv_pkg/share/agv_pkg/hook/cmake_prefix_path.sh'
[0.287s] Level 1:colcon.colcon_core.environment:checking '/home/zwier/agv_ws/install/agv_pkg/bin'
[0.287s] Level 1:colcon.colcon_core.environment:checking '/home/zwier/agv_ws/install/agv_pkg/lib/pkgconfig/agv_pkg.pc'
[0.287s] Level 1:colcon.colcon_core.environment:checking '/home/zwier/agv_ws/install/agv_pkg/lib/python3.12/site-packages'
[0.287s] Level 1:colcon.colcon_core.environment:checking '/home/zwier/agv_ws/install/agv_pkg/bin'
[0.287s] INFO:colcon.colcon_core.shell:Creating package script '/home/zwier/agv_ws/install/agv_pkg/share/agv_pkg/package.ps1'
[0.287s] INFO:colcon.colcon_core.shell:Creating package descriptor '/home/zwier/agv_ws/install/agv_pkg/share/agv_pkg/package.dsv'
[0.287s] INFO:colcon.colcon_core.shell:Creating package script '/home/zwier/agv_ws/install/agv_pkg/share/agv_pkg/package.sh'
[0.288s] INFO:colcon.colcon_core.shell:Creating package script '/home/zwier/agv_ws/install/agv_pkg/share/agv_pkg/package.bash'
[0.288s] INFO:colcon.colcon_core.shell:Creating package script '/home/zwier/agv_ws/install/agv_pkg/share/agv_pkg/package.zsh'
[0.288s] Level 1:colcon.colcon_core.environment:create_file_with_runtime_dependencies(/home/zwier/agv_ws/install/agv_pkg/share/colcon-core/packages/agv_pkg)
[0.529s] DEBUG:colcon.colcon_core.event_handler.log_command:Invoking command in '/home/zwier/agv_ws/build/swerve_controller': DEBUGINFOD_URLS=https://debuginfod.ubuntu.com PYTHONPATH=/home/zwier/agv_ws/build/swerve_controller/prefix_override:/usr/lib/python3/dist-packages/colcon_core/task/python/colcon_distutils_commands:/home/zwier/agv_ws/install/swerve_controller/lib/python3.12/site-packages:${PYTHONPATH} /usr/bin/python3 -W ignore:setup.py install is deprecated -W ignore:easy_install command is deprecated setup.py develop --editable --build-directory /home/zwier/agv_ws/build/swerve_controller/build --no-deps symlink_data
[0.834s] Level 1:colcon.colcon_core.shell:create_environment_hook('swerve_controller', 'pythonpath_develop')
[0.834s] DEBUG:colcon.colcon_core.event_handler.log_command:Invoked command in '/home/zwier/agv_ws/build/swerve_controller' returned '0': DEBUGINFOD_URLS=https://debuginfod.ubuntu.com PYTHONPATH=/home/zwier/agv_ws/build/swerve_controller/prefix_override:/usr/lib/python3/dist-packages/colcon_core/task/python/colcon_distutils_commands:/home/zwier/agv_ws/install/swerve_controller/lib/python3.12/site-packages:${PYTHONPATH} /usr/bin/python3 -W ignore:setup.py install is deprecated -W ignore:easy_install command is deprecated setup.py develop --editable --build-directory /home/zwier/agv_ws/build/swerve_controller/build --no-deps symlink_data
[0.835s] INFO:colcon.colcon_core.shell:Creating environment hook '/home/zwier/agv_ws/build/swerve_controller/share/swerve_controller/hook/pythonpath_develop.ps1'
[0.835s] INFO:colcon.colcon_core.shell:Creating environment descriptor '/home/zwier/agv_ws/build/swerve_controller/share/swerve_controller/hook/pythonpath_develop.dsv'
[0.835s] INFO:colcon.colcon_core.shell:Creating environment hook '/home/zwier/agv_ws/build/swerve_controller/share/swerve_controller/hook/pythonpath_develop.sh'
[0.835s] Level 1:colcon.colcon_core.environment:checking '/home/zwier/agv_ws/install/swerve_controller' for CMake module files
[0.836s] Level 1:colcon.colcon_core.environment:checking '/home/zwier/agv_ws/install/swerve_controller' for CMake config files
[0.836s] Level 1:colcon.colcon_core.environment:checking '/home/zwier/agv_ws/install/swerve_controller/lib'
[0.836s] Level 1:colcon.colcon_core.environment:checking '/home/zwier/agv_ws/install/swerve_controller/bin'
[0.836s] Level 1:colcon.colcon_core.environment:checking '/home/zwier/agv_ws/install/swerve_controller/lib/pkgconfig/swerve_controller.pc'
[0.836s] Level 1:colcon.colcon_core.environment:checking '/home/zwier/agv_ws/install/swerve_controller/lib/python3.12/site-packages'
[0.836s] Level 1:colcon.colcon_core.shell:create_environment_hook('swerve_controller', 'pythonpath')
[0.836s] INFO:colcon.colcon_core.shell:Creating environment hook '/home/zwier/agv_ws/install/swerve_controller/share/swerve_controller/hook/pythonpath.ps1'
[0.836s] INFO:colcon.colcon_core.shell:Creating environment descriptor '/home/zwier/agv_ws/install/swerve_controller/share/swerve_controller/hook/pythonpath.dsv'
[0.836s] INFO:colcon.colcon_core.shell:Creating environment hook '/home/zwier/agv_ws/install/swerve_controller/share/swerve_controller/hook/pythonpath.sh'
[0.837s] Level 1:colcon.colcon_core.environment:checking '/home/zwier/agv_ws/install/swerve_controller/bin'
[0.837s] Level 1:colcon.colcon_core.environment:create_environment_scripts_only(swerve_controller)
[0.837s] INFO:colcon.colcon_core.shell:Creating package script '/home/zwier/agv_ws/install/swerve_controller/share/swerve_controller/package.ps1'
[0.837s] INFO:colcon.colcon_core.shell:Creating package descriptor '/home/zwier/agv_ws/install/swerve_controller/share/swerve_controller/package.dsv'
[0.837s] INFO:colcon.colcon_core.shell:Creating package script '/home/zwier/agv_ws/install/swerve_controller/share/swerve_controller/package.sh'
[0.838s] INFO:colcon.colcon_core.shell:Creating package script '/home/zwier/agv_ws/install/swerve_controller/share/swerve_controller/package.bash'
[0.838s] INFO:colcon.colcon_core.shell:Creating package script '/home/zwier/agv_ws/install/swerve_controller/share/swerve_controller/package.zsh'
[0.838s] Level 1:colcon.colcon_core.environment:create_file_with_runtime_dependencies(/home/zwier/agv_ws/install/swerve_controller/share/colcon-core/packages/swerve_controller)
[1.953s] DEBUG:colcon.colcon_core.event_handler.log_command:Invoked command in '/home/zwier/agv_ws/build/ros2_control_demo_example_11' returned '0': CMAKE_PREFIX_PATH=${CMAKE_PREFIX_PATH}:/home/zwier/agv_ws/install/swerve_controller:/opt/ros/jazzy DEBUGINFOD_URLS=https://debuginfod.ubuntu.com /usr/bin/cmake /home/zwier/agv_ws/src/example_11 -DAMENT_CMAKE_SYMLINK_INSTALL=1 -DCMAKE_INSTALL_PREFIX=/home/zwier/agv_ws/install/ros2_control_demo_example_11
[1.953s] DEBUG:colcon.colcon_core.event_handler.log_command:Invoking command in '/home/zwier/agv_ws/build/ros2_control_demo_example_11': CMAKE_PREFIX_PATH=${CMAKE_PREFIX_PATH}:/home/zwier/agv_ws/install/swerve_controller:/opt/ros/jazzy DEBUGINFOD_URLS=https://debuginfod.ubuntu.com /usr/bin/cmake --build /home/zwier/agv_ws/build/ros2_control_demo_example_11 -- -j32 -l32
[4.485s] DEBUG:colcon.colcon_core.event_handler.log_command:Invoked command in '/home/zwier/agv_ws/build/ros2_control_demo_example_11' returned '0': CMAKE_PREFIX_PATH=${CMAKE_PREFIX_PATH}:/home/zwier/agv_ws/install/swerve_controller:/opt/ros/jazzy DEBUGINFOD_URLS=https://debuginfod.ubuntu.com /usr/bin/cmake --build /home/zwier/agv_ws/build/ros2_control_demo_example_11 -- -j32 -l32
[4.486s] DEBUG:colcon.colcon_core.event_handler.log_command:Invoking command in '/home/zwier/agv_ws/build/ros2_control_demo_example_11': CMAKE_PREFIX_PATH=${CMAKE_PREFIX_PATH}:/home/zwier/agv_ws/install/swerve_controller:/opt/ros/jazzy DEBUGINFOD_URLS=https://debuginfod.ubuntu.com /usr/bin/cmake --install /home/zwier/agv_ws/build/ros2_control_demo_example_11
[4.763s] Level 1:colcon.colcon_core.environment:create_environment_scripts_only(ros2_control_demo_example_11)
[4.763s] Level 1:colcon.colcon_core.environment:checking '/home/zwier/agv_ws/install/ros2_control_demo_example_11' for CMake module files
[4.763s] DEBUG:colcon.colcon_core.event_handler.log_command:Invoked command in '/home/zwier/agv_ws/build/ros2_control_demo_example_11' returned '0': CMAKE_PREFIX_PATH=${CMAKE_PREFIX_PATH}:/home/zwier/agv_ws/install/swerve_controller:/opt/ros/jazzy DEBUGINFOD_URLS=https://debuginfod.ubuntu.com /usr/bin/cmake --install /home/zwier/agv_ws/build/ros2_control_demo_example_11
[4.765s] Level 1:colcon.colcon_core.environment:checking '/home/zwier/agv_ws/install/ros2_control_demo_example_11' for CMake config files
[4.765s] Level 1:colcon.colcon_core.shell:create_environment_hook('ros2_control_demo_example_11', 'cmake_prefix_path')
[4.765s] INFO:colcon.colcon_core.shell:Creating environment hook '/home/zwier/agv_ws/install/ros2_control_demo_example_11/share/ros2_control_demo_example_11/hook/cmake_prefix_path.ps1'
[4.766s] INFO:colcon.colcon_core.shell:Creating environment descriptor '/home/zwier/agv_ws/install/ros2_control_demo_example_11/share/ros2_control_demo_example_11/hook/cmake_prefix_path.dsv'
[4.767s] INFO:colcon.colcon_core.shell:Creating environment hook '/home/zwier/agv_ws/install/ros2_control_demo_example_11/share/ros2_control_demo_example_11/hook/cmake_prefix_path.sh'
[4.767s] Level 1:colcon.colcon_core.environment:checking '/home/zwier/agv_ws/install/ros2_control_demo_example_11/lib'
[4.767s] Level 1:colcon.colcon_core.shell:create_environment_hook('ros2_control_demo_example_11', 'ld_library_path_lib')
[4.768s] INFO:colcon.colcon_core.shell:Creating environment hook '/home/zwier/agv_ws/install/ros2_control_demo_example_11/share/ros2_control_demo_example_11/hook/ld_library_path_lib.ps1'
[4.768s] INFO:colcon.colcon_core.shell:Creating environment descriptor '/home/zwier/agv_ws/install/ros2_control_demo_example_11/share/ros2_control_demo_example_11/hook/ld_library_path_lib.dsv'
[4.768s] INFO:colcon.colcon_core.shell:Creating environment hook '/home/zwier/agv_ws/install/ros2_control_demo_example_11/share/ros2_control_demo_example_11/hook/ld_library_path_lib.sh'
[4.769s] Level 1:colcon.colcon_core.environment:checking '/home/zwier/agv_ws/install/ros2_control_demo_example_11/bin'
[4.769s] Level 1:colcon.colcon_core.environment:checking '/home/zwier/agv_ws/install/ros2_control_demo_example_11/lib/pkgconfig/ros2_control_demo_example_11.pc'
[4.769s] Level 1:colcon.colcon_core.environment:checking '/home/zwier/agv_ws/install/ros2_control_demo_example_11/lib/python3.12/site-packages'
[4.770s] Level 1:colcon.colcon_core.environment:checking '/home/zwier/agv_ws/install/ros2_control_demo_example_11/bin'
[4.770s] INFO:colcon.colcon_core.shell:Creating package script '/home/zwier/agv_ws/install/ros2_control_demo_example_11/share/ros2_control_demo_example_11/package.ps1'
[4.771s] INFO:colcon.colcon_core.shell:Creating package descriptor '/home/zwier/agv_ws/install/ros2_control_demo_example_11/share/ros2_control_demo_example_11/package.dsv'
[4.771s] INFO:colcon.colcon_core.shell:Creating package script '/home/zwier/agv_ws/install/ros2_control_demo_example_11/share/ros2_control_demo_example_11/package.sh'
[4.772s] INFO:colcon.colcon_core.shell:Creating package script '/home/zwier/agv_ws/install/ros2_control_demo_example_11/share/ros2_control_demo_example_11/package.bash'
[4.772s] INFO:colcon.colcon_core.shell:Creating package script '/home/zwier/agv_ws/install/ros2_control_demo_example_11/share/ros2_control_demo_example_11/package.zsh'
[4.773s] Level 1:colcon.colcon_core.environment:create_file_with_runtime_dependencies(/home/zwier/agv_ws/install/ros2_control_demo_example_11/share/colcon-core/packages/ros2_control_demo_example_11)
[4.773s] Level 1:colcon.colcon_core.environment:create_environment_scripts_only(ros2_control_demo_example_11)
[4.773s] Level 1:colcon.colcon_core.environment:checking '/home/zwier/agv_ws/install/ros2_control_demo_example_11' for CMake module files
[4.774s] Level 1:colcon.colcon_core.environment:checking '/home/zwier/agv_ws/install/ros2_control_demo_example_11' for CMake config files
[4.774s] Level 1:colcon.colcon_core.shell:create_environment_hook('ros2_control_demo_example_11', 'cmake_prefix_path')
[4.774s] INFO:colcon.colcon_core.shell:Creating environment hook '/home/zwier/agv_ws/install/ros2_control_demo_example_11/share/ros2_control_demo_example_11/hook/cmake_prefix_path.ps1'
[4.774s] INFO:colcon.colcon_core.shell:Creating environment descriptor '/home/zwier/agv_ws/install/ros2_control_demo_example_11/share/ros2_control_demo_example_11/hook/cmake_prefix_path.dsv'
[4.774s] INFO:colcon.colcon_core.shell:Creating environment hook '/home/zwier/agv_ws/install/ros2_control_demo_example_11/share/ros2_control_demo_example_11/hook/cmake_prefix_path.sh'
[4.775s] Level 1:colcon.colcon_core.environment:checking '/home/zwier/agv_ws/install/ros2_control_demo_example_11/lib'
[4.775s] Level 1:colcon.colcon_core.shell:create_environment_hook('ros2_control_demo_example_11', 'ld_library_path_lib')
[4.775s] INFO:colcon.colcon_core.shell:Creating environment hook '/home/zwier/agv_ws/install/ros2_control_demo_example_11/share/ros2_control_demo_example_11/hook/ld_library_path_lib.ps1'
[4.775s] INFO:colcon.colcon_core.shell:Creating environment descriptor '/home/zwier/agv_ws/install/ros2_control_demo_example_11/share/ros2_control_demo_example_11/hook/ld_library_path_lib.dsv'
[4.775s] INFO:colcon.colcon_core.shell:Creating environment hook '/home/zwier/agv_ws/install/ros2_control_demo_example_11/share/ros2_control_demo_example_11/hook/ld_library_path_lib.sh'
[4.776s] Level 1:colcon.colcon_core.environment:checking '/home/zwier/agv_ws/install/ros2_control_demo_example_11/bin'
[4.776s] Level 1:colcon.colcon_core.environment:checking '/home/zwier/agv_ws/install/ros2_control_demo_example_11/lib/pkgconfig/ros2_control_demo_example_11.pc'
[4.776s] Level 1:colcon.colcon_core.environment:checking '/home/zwier/agv_ws/install/ros2_control_demo_example_11/lib/python3.12/site-packages'
[4.776s] Level 1:colcon.colcon_core.environment:checking '/home/zwier/agv_ws/install/ros2_control_demo_example_11/bin'
[4.776s] INFO:colcon.colcon_core.shell:Creating package script '/home/zwier/agv_ws/install/ros2_control_demo_example_11/share/ros2_control_demo_example_11/package.ps1'
[4.778s] INFO:colcon.colcon_core.shell:Creating package descriptor '/home/zwier/agv_ws/install/ros2_control_demo_example_11/share/ros2_control_demo_example_11/package.dsv'
[4.778s] INFO:colcon.colcon_core.shell:Creating package script '/home/zwier/agv_ws/install/ros2_control_demo_example_11/share/ros2_control_demo_example_11/package.sh'
[4.779s] INFO:colcon.colcon_core.shell:Creating package script '/home/zwier/agv_ws/install/ros2_control_demo_example_11/share/ros2_control_demo_example_11/package.bash'
[4.779s] INFO:colcon.colcon_core.shell:Creating package script '/home/zwier/agv_ws/install/ros2_control_demo_example_11/share/ros2_control_demo_example_11/package.zsh'
[4.779s] Level 1:colcon.colcon_core.environment:create_file_with_runtime_dependencies(/home/zwier/agv_ws/install/ros2_control_demo_example_11/share/colcon-core/packages/ros2_control_demo_example_11)
[4.779s] DEBUG:colcon.colcon_parallel_executor.executor.parallel:closing loop
[4.779s] DEBUG:colcon.colcon_parallel_executor.executor.parallel:loop closed
[4.779s] DEBUG:colcon.colcon_parallel_executor.executor.parallel:run_until_complete finished with '0'
[4.780s] DEBUG:colcon.colcon_core.event_reactor:joining thread
[4.784s] INFO:colcon.colcon_core.plugin_system:Skipping extension 'colcon_notification.desktop_notification.terminal_notifier': Not used on non-Darwin systems
[4.784s] INFO:colcon.colcon_core.plugin_system:Skipping extension 'colcon_notification.desktop_notification.win32': Not used on non-Windows systems
[4.784s] INFO:colcon.colcon_notification.desktop_notification:Sending desktop notification using 'notify2'
[4.806s] DEBUG:colcon.colcon_core.event_reactor:joined thread
[4.806s] INFO:colcon.colcon_core.shell:Creating prefix script '/home/zwier/agv_ws/install/local_setup.ps1'
[4.807s] INFO:colcon.colcon_core.shell:Creating prefix util module '/home/zwier/agv_ws/install/_local_setup_util_ps1.py'
[4.808s] INFO:colcon.colcon_core.shell:Creating prefix chain script '/home/zwier/agv_ws/install/setup.ps1'
[4.809s] INFO:colcon.colcon_core.shell:Creating prefix script '/home/zwier/agv_ws/install/local_setup.sh'
[4.809s] INFO:colcon.colcon_core.shell:Creating prefix util module '/home/zwier/agv_ws/install/_local_setup_util_sh.py'
[4.809s] INFO:colcon.colcon_core.shell:Creating prefix chain script '/home/zwier/agv_ws/install/setup.sh'
[4.810s] INFO:colcon.colcon_core.shell:Creating prefix script '/home/zwier/agv_ws/install/local_setup.bash'
[4.811s] INFO:colcon.colcon_core.shell:Creating prefix chain script '/home/zwier/agv_ws/install/setup.bash'
[4.811s] INFO:colcon.colcon_core.shell:Creating prefix script '/home/zwier/agv_ws/install/local_setup.zsh'
[4.812s] INFO:colcon.colcon_core.shell:Creating prefix chain script '/home/zwier/agv_ws/install/setup.zsh'
