[0.053s] DEBUG:colcon:Command line arguments: ['/usr/bin/colcon', 'build', '--symlink-install']
[0.053s] DEBUG:colcon:Parsed command line arguments: Namespace(log_base=None, log_level=None, verb_name='build', build_base='build', install_base='install', merge_install=False, symlink_install=True, test_result_base=None, continue_on_error=False, executor='parallel', parallel_workers=32, event_handlers=None, ignore_user_meta=False, metas=['./colcon.meta'], base_paths=['.'], packages_ignore=None, packages_ignore_regex=None, paths=None, packages_up_to=None, packages_up_to_regex=None, packages_above=None, packages_above_and_dependencies=None, packages_above_depth=None, packages_select_by_dep=None, packages_skip_by_dep=None, packages_skip_up_to=None, packages_select_build_failed=False, packages_skip_build_finished=False, packages_select_test_failures=False, packages_skip_test_passed=False, packages_select=None, packages_skip=None, packages_select_regex=None, packages_skip_regex=None, packages_start=None, packages_end=None, allow_overriding=[], cmake_args=None, cmake_target=None, cmake_target_skip_unavailable=False, cmake_clean_cache=False, cmake_clean_first=False, cmake_force_configure=False, ament_cmake_args=None, catkin_cmake_args=None, catkin_skip_building_tests=False, mixin_files=None, mixin=None, verb_parser=<colcon_mixin.mixin.mixin_argument.MixinArgumentDecorator object at 0x7d6167db09e0>, verb_extension=<colcon_core.verb.build.BuildVerb object at 0x7d6167ecc950>, main=<bound method BuildVerb.main of <colcon_core.verb.build.BuildVerb object at 0x7d6167ecc950>>, mixin_verb=('build',))
[0.070s] Level 1:colcon.colcon_core.package_discovery:discover_packages(colcon_meta) check parameters
[0.070s] Level 1:colcon.colcon_core.package_discovery:discover_packages(recursive) check parameters
[0.070s] Level 1:colcon.colcon_core.package_discovery:discover_packages(ignore) check parameters
[0.070s] Level 1:colcon.colcon_core.package_discovery:discover_packages(path) check parameters
[0.070s] Level 1:colcon.colcon_core.package_discovery:discover_packages(colcon_meta) discover
[0.070s] Level 1:colcon.colcon_core.package_discovery:discover_packages(recursive) discover
[0.070s] INFO:colcon.colcon_core.package_discovery:Crawling recursively for packages in '/home/zwier/agv_ws'
[0.070s] Level 1:colcon.colcon_core.package_identification:_identify(.) by extensions ['ignore', 'ignore_ament_install']
[0.071s] Level 1:colcon.colcon_core.package_identification:_identify(.) by extension 'ignore'
[0.071s] Level 1:colcon.colcon_core.package_identification:_identify(.) by extension 'ignore_ament_install'
[0.071s] Level 1:colcon.colcon_core.package_identification:_identify(.) by extensions ['colcon_pkg']
[0.071s] Level 1:colcon.colcon_core.package_identification:_identify(.) by extension 'colcon_pkg'
[0.071s] Level 1:colcon.colcon_core.package_identification:_identify(.) by extensions ['colcon_meta']
[0.071s] Level 1:colcon.colcon_core.package_identification:_identify(.) by extension 'colcon_meta'
[0.071s] Level 1:colcon.colcon_core.package_identification:_identify(.) by extensions ['ros']
[0.071s] Level 1:colcon.colcon_core.package_identification:_identify(.) by extension 'ros'
[0.083s] Level 1:colcon.colcon_core.package_identification:_identify(.) by extensions ['cmake', 'python']
[0.083s] Level 1:colcon.colcon_core.package_identification:_identify(.) by extension 'cmake'
[0.083s] Level 1:colcon.colcon_core.package_identification:_identify(.) by extension 'python'
[0.083s] Level 1:colcon.colcon_core.package_identification:_identify(.) by extensions ['python_setup_py']
[0.083s] Level 1:colcon.colcon_core.package_identification:_identify(.) by extension 'python_setup_py'
[0.083s] Level 1:colcon.colcon_core.package_identification:_identify(build) by extensions ['ignore', 'ignore_ament_install']
[0.083s] Level 1:colcon.colcon_core.package_identification:_identify(build) by extension 'ignore'
[0.083s] Level 1:colcon.colcon_core.package_identification:_identify(build) ignored
[0.083s] Level 1:colcon.colcon_core.package_identification:_identify(install) by extensions ['ignore', 'ignore_ament_install']
[0.084s] Level 1:colcon.colcon_core.package_identification:_identify(install) by extension 'ignore'
[0.084s] Level 1:colcon.colcon_core.package_identification:_identify(install) ignored
[0.084s] Level 1:colcon.colcon_core.package_identification:_identify(log) by extensions ['ignore', 'ignore_ament_install']
[0.084s] Level 1:colcon.colcon_core.package_identification:_identify(log) by extension 'ignore'
[0.084s] Level 1:colcon.colcon_core.package_identification:_identify(log) ignored
[0.084s] Level 1:colcon.colcon_core.package_identification:_identify(src) by extensions ['ignore', 'ignore_ament_install']
[0.084s] Level 1:colcon.colcon_core.package_identification:_identify(src) by extension 'ignore'
[0.084s] Level 1:colcon.colcon_core.package_identification:_identify(src) by extension 'ignore_ament_install'
[0.084s] Level 1:colcon.colcon_core.package_identification:_identify(src) by extensions ['colcon_pkg']
[0.084s] Level 1:colcon.colcon_core.package_identification:_identify(src) by extension 'colcon_pkg'
[0.084s] Level 1:colcon.colcon_core.package_identification:_identify(src) by extensions ['colcon_meta']
[0.084s] Level 1:colcon.colcon_core.package_identification:_identify(src) by extension 'colcon_meta'
[0.084s] Level 1:colcon.colcon_core.package_identification:_identify(src) by extensions ['ros']
[0.084s] Level 1:colcon.colcon_core.package_identification:_identify(src) by extension 'ros'
[0.084s] Level 1:colcon.colcon_core.package_identification:_identify(src) by extensions ['cmake', 'python']
[0.084s] Level 1:colcon.colcon_core.package_identification:_identify(src) by extension 'cmake'
[0.084s] Level 1:colcon.colcon_core.package_identification:_identify(src) by extension 'python'
[0.084s] Level 1:colcon.colcon_core.package_identification:_identify(src) by extensions ['python_setup_py']
[0.084s] Level 1:colcon.colcon_core.package_identification:_identify(src) by extension 'python_setup_py'
[0.084s] Level 1:colcon.colcon_core.package_identification:_identify(src/agv_pkg) by extensions ['ignore', 'ignore_ament_install']
[0.084s] Level 1:colcon.colcon_core.package_identification:_identify(src/agv_pkg) by extension 'ignore'
[0.084s] Level 1:colcon.colcon_core.package_identification:_identify(src/agv_pkg) by extension 'ignore_ament_install'
[0.084s] Level 1:colcon.colcon_core.package_identification:_identify(src/agv_pkg) by extensions ['colcon_pkg']
[0.084s] Level 1:colcon.colcon_core.package_identification:_identify(src/agv_pkg) by extension 'colcon_pkg'
[0.084s] Level 1:colcon.colcon_core.package_identification:_identify(src/agv_pkg) by extensions ['colcon_meta']
[0.084s] Level 1:colcon.colcon_core.package_identification:_identify(src/agv_pkg) by extension 'colcon_meta'
[0.084s] Level 1:colcon.colcon_core.package_identification:_identify(src/agv_pkg) by extensions ['ros']
[0.084s] Level 1:colcon.colcon_core.package_identification:_identify(src/agv_pkg) by extension 'ros'
[0.085s] DEBUG:colcon.colcon_core.package_identification:Package 'src/agv_pkg' with type 'ros.ament_cmake' and name 'agv_pkg'
[0.085s] Level 1:colcon.colcon_core.package_identification:_identify(src/example_11) by extensions ['ignore', 'ignore_ament_install']
[0.085s] Level 1:colcon.colcon_core.package_identification:_identify(src/example_11) by extension 'ignore'
[0.085s] Level 1:colcon.colcon_core.package_identification:_identify(src/example_11) by extension 'ignore_ament_install'
[0.085s] Level 1:colcon.colcon_core.package_identification:_identify(src/example_11) by extensions ['colcon_pkg']
[0.086s] Level 1:colcon.colcon_core.package_identification:_identify(src/example_11) by extension 'colcon_pkg'
[0.086s] Level 1:colcon.colcon_core.package_identification:_identify(src/example_11) by extensions ['colcon_meta']
[0.086s] Level 1:colcon.colcon_core.package_identification:_identify(src/example_11) by extension 'colcon_meta'
[0.086s] Level 1:colcon.colcon_core.package_identification:_identify(src/example_11) by extensions ['ros']
[0.086s] Level 1:colcon.colcon_core.package_identification:_identify(src/example_11) by extension 'ros'
[0.086s] DEBUG:colcon.colcon_core.package_identification:Package 'src/example_11' with type 'ros.ament_cmake' and name 'ros2_control_demo_example_11'
[0.086s] Level 1:colcon.colcon_core.package_identification:_identify(src/ros2_control_demo_description) by extensions ['ignore', 'ignore_ament_install']
[0.086s] Level 1:colcon.colcon_core.package_identification:_identify(src/ros2_control_demo_description) by extension 'ignore'
[0.086s] Level 1:colcon.colcon_core.package_identification:_identify(src/ros2_control_demo_description) by extension 'ignore_ament_install'
[0.086s] Level 1:colcon.colcon_core.package_identification:_identify(src/ros2_control_demo_description) by extensions ['colcon_pkg']
[0.086s] Level 1:colcon.colcon_core.package_identification:_identify(src/ros2_control_demo_description) by extension 'colcon_pkg'
[0.086s] Level 1:colcon.colcon_core.package_identification:_identify(src/ros2_control_demo_description) by extensions ['colcon_meta']
[0.086s] Level 1:colcon.colcon_core.package_identification:_identify(src/ros2_control_demo_description) by extension 'colcon_meta'
[0.086s] Level 1:colcon.colcon_core.package_identification:_identify(src/ros2_control_demo_description) by extensions ['ros']
[0.086s] Level 1:colcon.colcon_core.package_identification:_identify(src/ros2_control_demo_description) by extension 'ros'
[0.086s] DEBUG:colcon.colcon_core.package_identification:Package 'src/ros2_control_demo_description' with type 'ros.ament_cmake' and name 'ros2_control_demo_description'
[0.086s] Level 1:colcon.colcon_core.package_identification:_identify(src/swerve_controller) by extensions ['ignore', 'ignore_ament_install']
[0.087s] Level 1:colcon.colcon_core.package_identification:_identify(src/swerve_controller) by extension 'ignore'
[0.087s] Level 1:colcon.colcon_core.package_identification:_identify(src/swerve_controller) by extension 'ignore_ament_install'
[0.087s] Level 1:colcon.colcon_core.package_identification:_identify(src/swerve_controller) by extensions ['colcon_pkg']
[0.087s] Level 1:colcon.colcon_core.package_identification:_identify(src/swerve_controller) by extension 'colcon_pkg'
[0.087s] Level 1:colcon.colcon_core.package_identification:_identify(src/swerve_controller) by extensions ['colcon_meta']
[0.087s] Level 1:colcon.colcon_core.package_identification:_identify(src/swerve_controller) by extension 'colcon_meta'
[0.087s] Level 1:colcon.colcon_core.package_identification:_identify(src/swerve_controller) by extensions ['ros']
[0.087s] Level 1:colcon.colcon_core.package_identification:_identify(src/swerve_controller) by extension 'ros'
[0.087s] DEBUG:colcon.colcon_core.package_identification:Package 'src/swerve_controller' with type 'ros.ament_python' and name 'swerve_controller'
[0.087s] Level 1:colcon.colcon_core.package_discovery:discover_packages(recursive) using defaults
[0.087s] Level 1:colcon.colcon_core.package_discovery:discover_packages(ignore) discover
[0.087s] Level 1:colcon.colcon_core.package_discovery:discover_packages(ignore) using defaults
[0.087s] Level 1:colcon.colcon_core.package_discovery:discover_packages(path) discover
[0.087s] Level 1:colcon.colcon_core.package_discovery:discover_packages(path) using defaults
[0.095s] Level 1:colcon.colcon_core.package_discovery:discover_packages(prefix_path) check parameters
[0.095s] Level 1:colcon.colcon_core.package_discovery:discover_packages(prefix_path) discover
[0.096s] DEBUG:colcon.colcon_installed_package_information.package_discovery:Found 3 installed packages in /home/zwier/agv_ws/install
[0.097s] DEBUG:colcon.colcon_installed_package_information.package_discovery:Found 459 installed packages in /opt/ros/jazzy
[0.098s] Level 1:colcon.colcon_core.package_discovery:discover_packages(prefix_path) using defaults
[0.122s] Level 5:colcon.colcon_core.verb:set package 'agv_pkg' build argument 'cmake_args' from command line to 'None'
[0.122s] Level 5:colcon.colcon_core.verb:set package 'agv_pkg' build argument 'cmake_target' from command line to 'None'
[0.122s] Level 5:colcon.colcon_core.verb:set package 'agv_pkg' build argument 'cmake_target_skip_unavailable' from command line to 'False'
[0.122s] Level 5:colcon.colcon_core.verb:set package 'agv_pkg' build argument 'cmake_clean_cache' from command line to 'False'
[0.122s] Level 5:colcon.colcon_core.verb:set package 'agv_pkg' build argument 'cmake_clean_first' from command line to 'False'
[0.122s] Level 5:colcon.colcon_core.verb:set package 'agv_pkg' build argument 'cmake_force_configure' from command line to 'False'
[0.122s] Level 5:colcon.colcon_core.verb:set package 'agv_pkg' build argument 'ament_cmake_args' from command line to 'None'
[0.122s] Level 5:colcon.colcon_core.verb:set package 'agv_pkg' build argument 'catkin_cmake_args' from command line to 'None'
[0.123s] Level 5:colcon.colcon_core.verb:set package 'agv_pkg' build argument 'catkin_skip_building_tests' from command line to 'False'
[0.123s] DEBUG:colcon.colcon_core.verb:Building package 'agv_pkg' with the following arguments: {'ament_cmake_args': None, 'build_base': '/home/zwier/agv_ws/build/agv_pkg', 'catkin_cmake_args': None, 'catkin_skip_building_tests': False, 'cmake_args': None, 'cmake_clean_cache': False, 'cmake_clean_first': False, 'cmake_force_configure': False, 'cmake_target': None, 'cmake_target_skip_unavailable': False, 'install_base': '/home/zwier/agv_ws/install/agv_pkg', 'merge_install': False, 'path': '/home/zwier/agv_ws/src/agv_pkg', 'symlink_install': True, 'test_result_base': None}
[0.123s] Level 5:colcon.colcon_core.verb:set package 'ros2_control_demo_description' build argument 'cmake_args' from command line to 'None'
[0.123s] Level 5:colcon.colcon_core.verb:set package 'ros2_control_demo_description' build argument 'cmake_target' from command line to 'None'
[0.123s] Level 5:colcon.colcon_core.verb:set package 'ros2_control_demo_description' build argument 'cmake_target_skip_unavailable' from command line to 'False'
[0.123s] Level 5:colcon.colcon_core.verb:set package 'ros2_control_demo_description' build argument 'cmake_clean_cache' from command line to 'False'
[0.123s] Level 5:colcon.colcon_core.verb:set package 'ros2_control_demo_description' build argument 'cmake_clean_first' from command line to 'False'
[0.123s] Level 5:colcon.colcon_core.verb:set package 'ros2_control_demo_description' build argument 'cmake_force_configure' from command line to 'False'
[0.123s] Level 5:colcon.colcon_core.verb:set package 'ros2_control_demo_description' build argument 'ament_cmake_args' from command line to 'None'
[0.123s] Level 5:colcon.colcon_core.verb:set package 'ros2_control_demo_description' build argument 'catkin_cmake_args' from command line to 'None'
[0.123s] Level 5:colcon.colcon_core.verb:set package 'ros2_control_demo_description' build argument 'catkin_skip_building_tests' from command line to 'False'
[0.123s] DEBUG:colcon.colcon_core.verb:Building package 'ros2_control_demo_description' with the following arguments: {'ament_cmake_args': None, 'build_base': '/home/zwier/agv_ws/build/ros2_control_demo_description', 'catkin_cmake_args': None, 'catkin_skip_building_tests': False, 'cmake_args': None, 'cmake_clean_cache': False, 'cmake_clean_first': False, 'cmake_force_configure': False, 'cmake_target': None, 'cmake_target_skip_unavailable': False, 'install_base': '/home/zwier/agv_ws/install/ros2_control_demo_description', 'merge_install': False, 'path': '/home/zwier/agv_ws/src/ros2_control_demo_description', 'symlink_install': True, 'test_result_base': None}
[0.123s] Level 5:colcon.colcon_core.verb:set package 'swerve_controller' build argument 'cmake_args' from command line to 'None'
[0.123s] Level 5:colcon.colcon_core.verb:set package 'swerve_controller' build argument 'cmake_target' from command line to 'None'
[0.123s] Level 5:colcon.colcon_core.verb:set package 'swerve_controller' build argument 'cmake_target_skip_unavailable' from command line to 'False'
[0.123s] Level 5:colcon.colcon_core.verb:set package 'swerve_controller' build argument 'cmake_clean_cache' from command line to 'False'
[0.123s] Level 5:colcon.colcon_core.verb:set package 'swerve_controller' build argument 'cmake_clean_first' from command line to 'False'
[0.123s] Level 5:colcon.colcon_core.verb:set package 'swerve_controller' build argument 'cmake_force_configure' from command line to 'False'
[0.123s] Level 5:colcon.colcon_core.verb:set package 'swerve_controller' build argument 'ament_cmake_args' from command line to 'None'
[0.123s] Level 5:colcon.colcon_core.verb:set package 'swerve_controller' build argument 'catkin_cmake_args' from command line to 'None'
[0.123s] Level 5:colcon.colcon_core.verb:set package 'swerve_controller' build argument 'catkin_skip_building_tests' from command line to 'False'
[0.123s] DEBUG:colcon.colcon_core.verb:Building package 'swerve_controller' with the following arguments: {'ament_cmake_args': None, 'build_base': '/home/zwier/agv_ws/build/swerve_controller', 'catkin_cmake_args': None, 'catkin_skip_building_tests': False, 'cmake_args': None, 'cmake_clean_cache': False, 'cmake_clean_first': False, 'cmake_force_configure': False, 'cmake_target': None, 'cmake_target_skip_unavailable': False, 'install_base': '/home/zwier/agv_ws/install/swerve_controller', 'merge_install': False, 'path': '/home/zwier/agv_ws/src/swerve_controller', 'symlink_install': True, 'test_result_base': None}
[0.123s] Level 5:colcon.colcon_core.verb:set package 'ros2_control_demo_example_11' build argument 'cmake_args' from command line to 'None'
[0.123s] Level 5:colcon.colcon_core.verb:set package 'ros2_control_demo_example_11' build argument 'cmake_target' from command line to 'None'
[0.123s] Level 5:colcon.colcon_core.verb:set package 'ros2_control_demo_example_11' build argument 'cmake_target_skip_unavailable' from command line to 'False'
[0.123s] Level 5:colcon.colcon_core.verb:set package 'ros2_control_demo_example_11' build argument 'cmake_clean_cache' from command line to 'False'
[0.123s] Level 5:colcon.colcon_core.verb:set package 'ros2_control_demo_example_11' build argument 'cmake_clean_first' from command line to 'False'
[0.123s] Level 5:colcon.colcon_core.verb:set package 'ros2_control_demo_example_11' build argument 'cmake_force_configure' from command line to 'False'
[0.123s] Level 5:colcon.colcon_core.verb:set package 'ros2_control_demo_example_11' build argument 'ament_cmake_args' from command line to 'None'
[0.123s] Level 5:colcon.colcon_core.verb:set package 'ros2_control_demo_example_11' build argument 'catkin_cmake_args' from command line to 'None'
[0.123s] Level 5:colcon.colcon_core.verb:set package 'ros2_control_demo_example_11' build argument 'catkin_skip_building_tests' from command line to 'False'
[0.123s] DEBUG:colcon.colcon_core.verb:Building package 'ros2_control_demo_example_11' with the following arguments: {'ament_cmake_args': None, 'build_base': '/home/zwier/agv_ws/build/ros2_control_demo_example_11', 'catkin_cmake_args': None, 'catkin_skip_building_tests': False, 'cmake_args': None, 'cmake_clean_cache': False, 'cmake_clean_first': False, 'cmake_force_configure': False, 'cmake_target': None, 'cmake_target_skip_unavailable': False, 'install_base': '/home/zwier/agv_ws/install/ros2_control_demo_example_11', 'merge_install': False, 'path': '/home/zwier/agv_ws/src/example_11', 'symlink_install': True, 'test_result_base': None}
[0.123s] INFO:colcon.colcon_core.executor:Executing jobs using 'parallel' executor
[0.124s] DEBUG:colcon.colcon_parallel_executor.executor.parallel:run_until_complete
[0.124s] INFO:colcon.colcon_ros.task.ament_cmake.build:Building ROS package in '/home/zwier/agv_ws/src/ros2_control_demo_description' with build type 'ament_cmake'
[0.124s] INFO:colcon.colcon_cmake.task.cmake.build:Building CMake package in '/home/zwier/agv_ws/src/ros2_control_demo_description'
[0.125s] INFO:colcon.colcon_core.plugin_system:Skipping extension 'colcon_core.shell.bat': Not used on non-Windows systems
[0.125s] INFO:colcon.colcon_core.shell:Skip shell extension 'powershell' for command environment: Not usable outside of PowerShell
[0.125s] DEBUG:colcon.colcon_core.shell:Skip shell extension 'dsv' for command environment
[0.127s] INFO:colcon.colcon_ros.task.ament_cmake.build:Building ROS package in '/home/zwier/agv_ws/src/agv_pkg' with build type 'ament_cmake'
[0.127s] INFO:colcon.colcon_cmake.task.cmake.build:Building CMake package in '/home/zwier/agv_ws/src/agv_pkg'
[0.127s] INFO:colcon.colcon_core.shell:Skip shell extension 'powershell' for command environment: Not usable outside of PowerShell
[0.127s] DEBUG:colcon.colcon_core.shell:Skip shell extension 'dsv' for command environment
[0.129s] INFO:colcon.colcon_ros.task.ament_python.build:Building ROS package in '/home/zwier/agv_ws/src/swerve_controller' with build type 'ament_python'
[0.129s] Level 1:colcon.colcon_core.shell:create_environment_hook('swerve_controller', 'ament_prefix_path')
[0.129s] INFO:colcon.colcon_core.shell:Creating environment hook '/home/zwier/agv_ws/install/swerve_controller/share/swerve_controller/hook/ament_prefix_path.ps1'
[0.130s] INFO:colcon.colcon_core.shell:Creating environment descriptor '/home/zwier/agv_ws/install/swerve_controller/share/swerve_controller/hook/ament_prefix_path.dsv'
[0.130s] INFO:colcon.colcon_core.shell:Creating environment hook '/home/zwier/agv_ws/install/swerve_controller/share/swerve_controller/hook/ament_prefix_path.sh'
[0.130s] INFO:colcon.colcon_core.shell:Skip shell extension 'powershell' for command environment: Not usable outside of PowerShell
[0.131s] DEBUG:colcon.colcon_core.shell:Skip shell extension 'dsv' for command environment
[0.134s] DEBUG:colcon.colcon_core.event_handler.log_command:Invoking command in '/home/zwier/agv_ws/build/ros2_control_demo_description': CMAKE_PREFIX_PATH=${CMAKE_PREFIX_PATH}:/home/zwier/agv_ws/install/swerve_controller:/opt/ros/jazzy DEBUGINFOD_URLS=https://debuginfod.ubuntu.com /usr/bin/cmake /home/zwier/agv_ws/src/ros2_control_demo_description -DAMENT_CMAKE_SYMLINK_INSTALL=1 -DCMAKE_INSTALL_PREFIX=/home/zwier/agv_ws/install/ros2_control_demo_description
[0.135s] DEBUG:colcon.colcon_core.event_handler.log_command:Invoking command in '/home/zwier/agv_ws/build/agv_pkg': CMAKE_PREFIX_PATH=${CMAKE_PREFIX_PATH}:/home/zwier/agv_ws/install/swerve_controller:/opt/ros/jazzy DEBUGINFOD_URLS=https://debuginfod.ubuntu.com /usr/bin/cmake --build /home/zwier/agv_ws/build/agv_pkg -- -j32 -l32
[0.245s] INFO:colcon.colcon_core.task.python.build:Building Python package in '/home/zwier/agv_ws/src/swerve_controller'
[0.246s] INFO:colcon.colcon_core.shell:Skip shell extension 'powershell' for command environment: Not usable outside of PowerShell
[0.246s] DEBUG:colcon.colcon_core.shell:Skip shell extension 'dsv' for command environment
[0.248s] DEBUG:colcon.colcon_core.event_handler.log_command:Invoked command in '/home/zwier/agv_ws/build/agv_pkg' returned '0': CMAKE_PREFIX_PATH=${CMAKE_PREFIX_PATH}:/home/zwier/agv_ws/install/swerve_controller:/opt/ros/jazzy DEBUGINFOD_URLS=https://debuginfod.ubuntu.com /usr/bin/cmake --build /home/zwier/agv_ws/build/agv_pkg -- -j32 -l32
[0.255s] DEBUG:colcon.colcon_core.event_handler.log_command:Invoking command in '/home/zwier/agv_ws/build/agv_pkg': CMAKE_PREFIX_PATH=${CMAKE_PREFIX_PATH}:/home/zwier/agv_ws/install/swerve_controller:/opt/ros/jazzy DEBUGINFOD_URLS=https://debuginfod.ubuntu.com /usr/bin/cmake --install /home/zwier/agv_ws/build/agv_pkg
[0.296s] Level 1:colcon.colcon_core.environment:create_environment_scripts_only(agv_pkg)
[0.296s] DEBUG:colcon.colcon_core.event_handler.log_command:Invoked command in '/home/zwier/agv_ws/build/agv_pkg' returned '0': CMAKE_PREFIX_PATH=${CMAKE_PREFIX_PATH}:/home/zwier/agv_ws/install/swerve_controller:/opt/ros/jazzy DEBUGINFOD_URLS=https://debuginfod.ubuntu.com /usr/bin/cmake --install /home/zwier/agv_ws/build/agv_pkg
[0.297s] Level 1:colcon.colcon_core.environment:checking '/home/zwier/agv_ws/install/agv_pkg' for CMake module files
[0.298s] Level 1:colcon.colcon_core.environment:checking '/home/zwier/agv_ws/install/agv_pkg' for CMake config files
[0.298s] Level 1:colcon.colcon_core.shell:create_environment_hook('agv_pkg', 'cmake_prefix_path')
[0.298s] INFO:colcon.colcon_core.shell:Creating environment hook '/home/zwier/agv_ws/install/agv_pkg/share/agv_pkg/hook/cmake_prefix_path.ps1'
[0.298s] INFO:colcon.colcon_core.shell:Creating environment descriptor '/home/zwier/agv_ws/install/agv_pkg/share/agv_pkg/hook/cmake_prefix_path.dsv'
[0.298s] INFO:colcon.colcon_core.shell:Creating environment hook '/home/zwier/agv_ws/install/agv_pkg/share/agv_pkg/hook/cmake_prefix_path.sh'
[0.299s] Level 1:colcon.colcon_core.environment:checking '/home/zwier/agv_ws/install/agv_pkg/bin'
[0.299s] Level 1:colcon.colcon_core.environment:checking '/home/zwier/agv_ws/install/agv_pkg/lib/pkgconfig/agv_pkg.pc'
[0.299s] Level 1:colcon.colcon_core.environment:checking '/home/zwier/agv_ws/install/agv_pkg/lib/python3.12/site-packages'
[0.299s] Level 1:colcon.colcon_core.environment:checking '/home/zwier/agv_ws/install/agv_pkg/bin'
[0.299s] INFO:colcon.colcon_core.shell:Creating package script '/home/zwier/agv_ws/install/agv_pkg/share/agv_pkg/package.ps1'
[0.299s] INFO:colcon.colcon_core.shell:Creating package descriptor '/home/zwier/agv_ws/install/agv_pkg/share/agv_pkg/package.dsv'
[0.300s] INFO:colcon.colcon_core.shell:Creating package script '/home/zwier/agv_ws/install/agv_pkg/share/agv_pkg/package.sh'
[0.300s] INFO:colcon.colcon_core.shell:Creating package script '/home/zwier/agv_ws/install/agv_pkg/share/agv_pkg/package.bash'
[0.300s] INFO:colcon.colcon_core.shell:Creating package script '/home/zwier/agv_ws/install/agv_pkg/share/agv_pkg/package.zsh'
[0.300s] Level 1:colcon.colcon_core.environment:create_file_with_runtime_dependencies(/home/zwier/agv_ws/install/agv_pkg/share/colcon-core/packages/agv_pkg)
[0.300s] Level 1:colcon.colcon_core.environment:create_environment_scripts_only(agv_pkg)
[0.301s] Level 1:colcon.colcon_core.environment:checking '/home/zwier/agv_ws/install/agv_pkg' for CMake module files
[0.301s] Level 1:colcon.colcon_core.environment:checking '/home/zwier/agv_ws/install/agv_pkg' for CMake config files
[0.301s] Level 1:colcon.colcon_core.shell:create_environment_hook('agv_pkg', 'cmake_prefix_path')
[0.301s] INFO:colcon.colcon_core.shell:Creating environment hook '/home/zwier/agv_ws/install/agv_pkg/share/agv_pkg/hook/cmake_prefix_path.ps1'
[0.301s] INFO:colcon.colcon_core.shell:Creating environment descriptor '/home/zwier/agv_ws/install/agv_pkg/share/agv_pkg/hook/cmake_prefix_path.dsv'
[0.301s] INFO:colcon.colcon_core.shell:Creating environment hook '/home/zwier/agv_ws/install/agv_pkg/share/agv_pkg/hook/cmake_prefix_path.sh'
[0.302s] Level 1:colcon.colcon_core.environment:checking '/home/zwier/agv_ws/install/agv_pkg/bin'
[0.302s] Level 1:colcon.colcon_core.environment:checking '/home/zwier/agv_ws/install/agv_pkg/lib/pkgconfig/agv_pkg.pc'
[0.302s] Level 1:colcon.colcon_core.environment:checking '/home/zwier/agv_ws/install/agv_pkg/lib/python3.12/site-packages'
[0.302s] Level 1:colcon.colcon_core.environment:checking '/home/zwier/agv_ws/install/agv_pkg/bin'
[0.302s] INFO:colcon.colcon_core.shell:Creating package script '/home/zwier/agv_ws/install/agv_pkg/share/agv_pkg/package.ps1'
[0.302s] INFO:colcon.colcon_core.shell:Creating package descriptor '/home/zwier/agv_ws/install/agv_pkg/share/agv_pkg/package.dsv'
[0.302s] INFO:colcon.colcon_core.shell:Creating package script '/home/zwier/agv_ws/install/agv_pkg/share/agv_pkg/package.sh'
[0.302s] INFO:colcon.colcon_core.shell:Creating package script '/home/zwier/agv_ws/install/agv_pkg/share/agv_pkg/package.bash'
[0.303s] INFO:colcon.colcon_core.shell:Creating package script '/home/zwier/agv_ws/install/agv_pkg/share/agv_pkg/package.zsh'
[0.303s] Level 1:colcon.colcon_core.environment:create_file_with_runtime_dependencies(/home/zwier/agv_ws/install/agv_pkg/share/colcon-core/packages/agv_pkg)
[0.576s] DEBUG:colcon.colcon_core.event_handler.log_command:Invoking command in '/home/zwier/agv_ws/build/swerve_controller': DEBUGINFOD_URLS=https://debuginfod.ubuntu.com PYTHONPATH=/home/zwier/agv_ws/build/swerve_controller/prefix_override:/usr/lib/python3/dist-packages/colcon_core/task/python/colcon_distutils_commands:/home/zwier/agv_ws/install/swerve_controller/lib/python3.12/site-packages:${PYTHONPATH} /usr/bin/python3 -W ignore:setup.py install is deprecated -W ignore:easy_install command is deprecated setup.py develop --editable --build-directory /home/zwier/agv_ws/build/swerve_controller/build --no-deps symlink_data
[0.627s] DEBUG:colcon.colcon_core.event_handler.log_command:Invoked command in '/home/zwier/agv_ws/build/ros2_control_demo_description' returned '0': CMAKE_PREFIX_PATH=${CMAKE_PREFIX_PATH}:/home/zwier/agv_ws/install/swerve_controller:/opt/ros/jazzy DEBUGINFOD_URLS=https://debuginfod.ubuntu.com /usr/bin/cmake /home/zwier/agv_ws/src/ros2_control_demo_description -DAMENT_CMAKE_SYMLINK_INSTALL=1 -DCMAKE_INSTALL_PREFIX=/home/zwier/agv_ws/install/ros2_control_demo_description
[0.627s] DEBUG:colcon.colcon_core.event_handler.log_command:Invoking command in '/home/zwier/agv_ws/build/ros2_control_demo_description': CMAKE_PREFIX_PATH=${CMAKE_PREFIX_PATH}:/home/zwier/agv_ws/install/swerve_controller:/opt/ros/jazzy DEBUGINFOD_URLS=https://debuginfod.ubuntu.com /usr/bin/cmake --build /home/zwier/agv_ws/build/ros2_control_demo_description -- -j32 -l32
[0.659s] DEBUG:colcon.colcon_core.event_handler.log_command:Invoked command in '/home/zwier/agv_ws/build/ros2_control_demo_description' returned '0': CMAKE_PREFIX_PATH=${CMAKE_PREFIX_PATH}:/home/zwier/agv_ws/install/swerve_controller:/opt/ros/jazzy DEBUGINFOD_URLS=https://debuginfod.ubuntu.com /usr/bin/cmake --build /home/zwier/agv_ws/build/ros2_control_demo_description -- -j32 -l32
[0.660s] DEBUG:colcon.colcon_core.event_handler.log_command:Invoking command in '/home/zwier/agv_ws/build/ros2_control_demo_description': CMAKE_PREFIX_PATH=${CMAKE_PREFIX_PATH}:/home/zwier/agv_ws/install/swerve_controller:/opt/ros/jazzy DEBUGINFOD_URLS=https://debuginfod.ubuntu.com /usr/bin/cmake --install /home/zwier/agv_ws/build/ros2_control_demo_description
[0.882s] Level 1:colcon.colcon_core.shell:create_environment_hook('swerve_controller', 'pythonpath_develop')
[0.883s] INFO:colcon.colcon_core.shell:Creating environment hook '/home/zwier/agv_ws/build/swerve_controller/share/swerve_controller/hook/pythonpath_develop.ps1'
[0.883s] DEBUG:colcon.colcon_core.event_handler.log_command:Invoked command in '/home/zwier/agv_ws/build/swerve_controller' returned '0': DEBUGINFOD_URLS=https://debuginfod.ubuntu.com PYTHONPATH=/home/zwier/agv_ws/build/swerve_controller/prefix_override:/usr/lib/python3/dist-packages/colcon_core/task/python/colcon_distutils_commands:/home/zwier/agv_ws/install/swerve_controller/lib/python3.12/site-packages:${PYTHONPATH} /usr/bin/python3 -W ignore:setup.py install is deprecated -W ignore:easy_install command is deprecated setup.py develop --editable --build-directory /home/zwier/agv_ws/build/swerve_controller/build --no-deps symlink_data
[0.883s] INFO:colcon.colcon_core.shell:Creating environment descriptor '/home/zwier/agv_ws/build/swerve_controller/share/swerve_controller/hook/pythonpath_develop.dsv'
[0.884s] INFO:colcon.colcon_core.shell:Creating environment hook '/home/zwier/agv_ws/build/swerve_controller/share/swerve_controller/hook/pythonpath_develop.sh'
[0.884s] Level 1:colcon.colcon_core.environment:checking '/home/zwier/agv_ws/install/swerve_controller' for CMake module files
[0.885s] Level 1:colcon.colcon_core.environment:checking '/home/zwier/agv_ws/install/swerve_controller' for CMake config files
[0.885s] Level 1:colcon.colcon_core.environment:checking '/home/zwier/agv_ws/install/swerve_controller/lib'
[0.885s] Level 1:colcon.colcon_core.environment:checking '/home/zwier/agv_ws/install/swerve_controller/bin'
[0.885s] Level 1:colcon.colcon_core.environment:checking '/home/zwier/agv_ws/install/swerve_controller/lib/pkgconfig/swerve_controller.pc'
[0.885s] Level 1:colcon.colcon_core.environment:checking '/home/zwier/agv_ws/install/swerve_controller/lib/python3.12/site-packages'
[0.886s] Level 1:colcon.colcon_core.shell:create_environment_hook('swerve_controller', 'pythonpath')
[0.886s] INFO:colcon.colcon_core.shell:Creating environment hook '/home/zwier/agv_ws/install/swerve_controller/share/swerve_controller/hook/pythonpath.ps1'
[0.886s] INFO:colcon.colcon_core.shell:Creating environment descriptor '/home/zwier/agv_ws/install/swerve_controller/share/swerve_controller/hook/pythonpath.dsv'
[0.886s] INFO:colcon.colcon_core.shell:Creating environment hook '/home/zwier/agv_ws/install/swerve_controller/share/swerve_controller/hook/pythonpath.sh'
[0.887s] Level 1:colcon.colcon_core.environment:checking '/home/zwier/agv_ws/install/swerve_controller/bin'
[0.887s] Level 1:colcon.colcon_core.environment:create_environment_scripts_only(swerve_controller)
[0.887s] INFO:colcon.colcon_core.shell:Creating package script '/home/zwier/agv_ws/install/swerve_controller/share/swerve_controller/package.ps1'
[0.887s] INFO:colcon.colcon_core.shell:Creating package descriptor '/home/zwier/agv_ws/install/swerve_controller/share/swerve_controller/package.dsv'
[0.888s] INFO:colcon.colcon_core.shell:Creating package script '/home/zwier/agv_ws/install/swerve_controller/share/swerve_controller/package.sh'
[0.888s] INFO:colcon.colcon_core.shell:Creating package script '/home/zwier/agv_ws/install/swerve_controller/share/swerve_controller/package.bash'
[0.888s] INFO:colcon.colcon_core.shell:Creating package script '/home/zwier/agv_ws/install/swerve_controller/share/swerve_controller/package.zsh'
[0.888s] Level 1:colcon.colcon_core.environment:create_file_with_runtime_dependencies(/home/zwier/agv_ws/install/swerve_controller/share/colcon-core/packages/swerve_controller)
[0.970s] Level 1:colcon.colcon_core.environment:create_environment_scripts_only(ros2_control_demo_description)
[0.970s] Level 1:colcon.colcon_core.environment:checking '/home/zwier/agv_ws/install/ros2_control_demo_description' for CMake module files
[0.971s] DEBUG:colcon.colcon_core.event_handler.log_command:Invoked command in '/home/zwier/agv_ws/build/ros2_control_demo_description' returned '0': CMAKE_PREFIX_PATH=${CMAKE_PREFIX_PATH}:/home/zwier/agv_ws/install/swerve_controller:/opt/ros/jazzy DEBUGINFOD_URLS=https://debuginfod.ubuntu.com /usr/bin/cmake --install /home/zwier/agv_ws/build/ros2_control_demo_description
[0.972s] Level 1:colcon.colcon_core.environment:checking '/home/zwier/agv_ws/install/ros2_control_demo_description' for CMake config files
[0.972s] Level 1:colcon.colcon_core.shell:create_environment_hook('ros2_control_demo_description', 'cmake_prefix_path')
[0.972s] INFO:colcon.colcon_core.shell:Creating environment hook '/home/zwier/agv_ws/install/ros2_control_demo_description/share/ros2_control_demo_description/hook/cmake_prefix_path.ps1'
[0.973s] INFO:colcon.colcon_core.shell:Creating environment descriptor '/home/zwier/agv_ws/install/ros2_control_demo_description/share/ros2_control_demo_description/hook/cmake_prefix_path.dsv'
[0.973s] INFO:colcon.colcon_core.shell:Creating environment hook '/home/zwier/agv_ws/install/ros2_control_demo_description/share/ros2_control_demo_description/hook/cmake_prefix_path.sh'
[0.974s] Level 1:colcon.colcon_core.environment:checking '/home/zwier/agv_ws/install/ros2_control_demo_description/bin'
[0.974s] Level 1:colcon.colcon_core.environment:checking '/home/zwier/agv_ws/install/ros2_control_demo_description/lib/pkgconfig/ros2_control_demo_description.pc'
[0.974s] Level 1:colcon.colcon_core.environment:checking '/home/zwier/agv_ws/install/ros2_control_demo_description/lib/python3.12/site-packages'
[0.975s] Level 1:colcon.colcon_core.environment:checking '/home/zwier/agv_ws/install/ros2_control_demo_description/bin'
[0.975s] INFO:colcon.colcon_core.shell:Creating package script '/home/zwier/agv_ws/install/ros2_control_demo_description/share/ros2_control_demo_description/package.ps1'
[0.975s] INFO:colcon.colcon_core.shell:Creating package descriptor '/home/zwier/agv_ws/install/ros2_control_demo_description/share/ros2_control_demo_description/package.dsv'
[0.976s] INFO:colcon.colcon_core.shell:Creating package script '/home/zwier/agv_ws/install/ros2_control_demo_description/share/ros2_control_demo_description/package.sh'
[0.976s] INFO:colcon.colcon_core.shell:Creating package script '/home/zwier/agv_ws/install/ros2_control_demo_description/share/ros2_control_demo_description/package.bash'
[0.977s] INFO:colcon.colcon_core.shell:Creating package script '/home/zwier/agv_ws/install/ros2_control_demo_description/share/ros2_control_demo_description/package.zsh'
[0.977s] Level 1:colcon.colcon_core.environment:create_file_with_runtime_dependencies(/home/zwier/agv_ws/install/ros2_control_demo_description/share/colcon-core/packages/ros2_control_demo_description)
[0.978s] Level 1:colcon.colcon_core.environment:create_environment_scripts_only(ros2_control_demo_description)
[0.978s] Level 1:colcon.colcon_core.environment:checking '/home/zwier/agv_ws/install/ros2_control_demo_description' for CMake module files
[0.979s] Level 1:colcon.colcon_core.environment:checking '/home/zwier/agv_ws/install/ros2_control_demo_description' for CMake config files
[0.979s] Level 1:colcon.colcon_core.shell:create_environment_hook('ros2_control_demo_description', 'cmake_prefix_path')
[0.980s] INFO:colcon.colcon_core.shell:Creating environment hook '/home/zwier/agv_ws/install/ros2_control_demo_description/share/ros2_control_demo_description/hook/cmake_prefix_path.ps1'
[0.980s] INFO:colcon.colcon_core.shell:Creating environment descriptor '/home/zwier/agv_ws/install/ros2_control_demo_description/share/ros2_control_demo_description/hook/cmake_prefix_path.dsv'
[0.981s] INFO:colcon.colcon_core.shell:Creating environment hook '/home/zwier/agv_ws/install/ros2_control_demo_description/share/ros2_control_demo_description/hook/cmake_prefix_path.sh'
[0.981s] Level 1:colcon.colcon_core.environment:checking '/home/zwier/agv_ws/install/ros2_control_demo_description/bin'
[0.981s] Level 1:colcon.colcon_core.environment:checking '/home/zwier/agv_ws/install/ros2_control_demo_description/lib/pkgconfig/ros2_control_demo_description.pc'
[0.982s] Level 1:colcon.colcon_core.environment:checking '/home/zwier/agv_ws/install/ros2_control_demo_description/lib/python3.12/site-packages'
[0.982s] Level 1:colcon.colcon_core.environment:checking '/home/zwier/agv_ws/install/ros2_control_demo_description/bin'
[0.982s] INFO:colcon.colcon_core.shell:Creating package script '/home/zwier/agv_ws/install/ros2_control_demo_description/share/ros2_control_demo_description/package.ps1'
[0.983s] INFO:colcon.colcon_core.shell:Creating package descriptor '/home/zwier/agv_ws/install/ros2_control_demo_description/share/ros2_control_demo_description/package.dsv'
[0.983s] INFO:colcon.colcon_core.shell:Creating package script '/home/zwier/agv_ws/install/ros2_control_demo_description/share/ros2_control_demo_description/package.sh'
[0.983s] INFO:colcon.colcon_core.shell:Creating package script '/home/zwier/agv_ws/install/ros2_control_demo_description/share/ros2_control_demo_description/package.bash'
[0.984s] INFO:colcon.colcon_core.shell:Creating package script '/home/zwier/agv_ws/install/ros2_control_demo_description/share/ros2_control_demo_description/package.zsh'
[0.984s] Level 1:colcon.colcon_core.environment:create_file_with_runtime_dependencies(/home/zwier/agv_ws/install/ros2_control_demo_description/share/colcon-core/packages/ros2_control_demo_description)
[0.984s] INFO:colcon.colcon_ros.task.ament_cmake.build:Building ROS package in '/home/zwier/agv_ws/src/example_11' with build type 'ament_cmake'
[0.984s] INFO:colcon.colcon_cmake.task.cmake.build:Building CMake package in '/home/zwier/agv_ws/src/example_11'
[0.984s] INFO:colcon.colcon_core.shell:Skip shell extension 'powershell' for command environment: Not usable outside of PowerShell
[0.984s] DEBUG:colcon.colcon_core.shell:Skip shell extension 'dsv' for command environment
[0.997s] DEBUG:colcon.colcon_core.event_handler.log_command:Invoking command in '/home/zwier/agv_ws/build/ros2_control_demo_example_11': AMENT_PREFIX_PATH=/home/zwier/agv_ws/install/ros2_control_demo_description:${AMENT_PREFIX_PATH} CMAKE_PREFIX_PATH=/home/zwier/agv_ws/install/ros2_control_demo_description:/home/zwier/agv_ws/install/ros2_control_demo_example_11:/home/zwier/agv_ws/install/agv_pkg:/opt/ros/jazzy/opt/gz_sim_vendor:/opt/ros/jazzy/opt/gz_sensors_vendor:/opt/ros/jazzy/opt/gz_physics_vendor:/opt/ros/jazzy/opt/sdformat_vendor:/opt/ros/jazzy/opt/gz_gui_vendor:/opt/ros/jazzy/opt/gz_transport_vendor:/opt/ros/jazzy/opt/gz_rendering_vendor:/opt/ros/jazzy/opt/gz_plugin_vendor:/opt/ros/jazzy/opt/gz_fuel_tools_vendor:/opt/ros/jazzy/opt/gz_msgs_vendor:/opt/ros/jazzy/opt/gz_common_vendor:/opt/ros/jazzy/opt/gz_math_vendor:/opt/ros/jazzy/opt/gz_utils_vendor:/opt/ros/jazzy/opt/gz_tools_vendor:/opt/ros/jazzy/opt/gz_ogre_next_vendor:/opt/ros/jazzy/opt/gz_dartsim_vendor:/opt/ros/jazzy/opt/gz_cmake_vendor:/home/zwier/agv_ws/install/swerve_controller:/opt/ros/jazzy DEBUGINFOD_URLS=https://debuginfod.ubuntu.com /usr/bin/cmake --build /home/zwier/agv_ws/build/ros2_control_demo_example_11 -- -j32 -l32
[1.085s] DEBUG:colcon.colcon_core.event_handler.log_command:Invoked command in '/home/zwier/agv_ws/build/ros2_control_demo_example_11' returned '0': AMENT_PREFIX_PATH=/home/zwier/agv_ws/install/ros2_control_demo_description:${AMENT_PREFIX_PATH} CMAKE_PREFIX_PATH=/home/zwier/agv_ws/install/ros2_control_demo_description:/home/zwier/agv_ws/install/ros2_control_demo_example_11:/home/zwier/agv_ws/install/agv_pkg:/opt/ros/jazzy/opt/gz_sim_vendor:/opt/ros/jazzy/opt/gz_sensors_vendor:/opt/ros/jazzy/opt/gz_physics_vendor:/opt/ros/jazzy/opt/sdformat_vendor:/opt/ros/jazzy/opt/gz_gui_vendor:/opt/ros/jazzy/opt/gz_transport_vendor:/opt/ros/jazzy/opt/gz_rendering_vendor:/opt/ros/jazzy/opt/gz_plugin_vendor:/opt/ros/jazzy/opt/gz_fuel_tools_vendor:/opt/ros/jazzy/opt/gz_msgs_vendor:/opt/ros/jazzy/opt/gz_common_vendor:/opt/ros/jazzy/opt/gz_math_vendor:/opt/ros/jazzy/opt/gz_utils_vendor:/opt/ros/jazzy/opt/gz_tools_vendor:/opt/ros/jazzy/opt/gz_ogre_next_vendor:/opt/ros/jazzy/opt/gz_dartsim_vendor:/opt/ros/jazzy/opt/gz_cmake_vendor:/home/zwier/agv_ws/install/swerve_controller:/opt/ros/jazzy DEBUGINFOD_URLS=https://debuginfod.ubuntu.com /usr/bin/cmake --build /home/zwier/agv_ws/build/ros2_control_demo_example_11 -- -j32 -l32
[1.087s] DEBUG:colcon.colcon_core.event_handler.log_command:Invoking command in '/home/zwier/agv_ws/build/ros2_control_demo_example_11': AMENT_PREFIX_PATH=/home/zwier/agv_ws/install/ros2_control_demo_description:${AMENT_PREFIX_PATH} CMAKE_PREFIX_PATH=/home/zwier/agv_ws/install/ros2_control_demo_description:/home/zwier/agv_ws/install/ros2_control_demo_example_11:/home/zwier/agv_ws/install/agv_pkg:/opt/ros/jazzy/opt/gz_sim_vendor:/opt/ros/jazzy/opt/gz_sensors_vendor:/opt/ros/jazzy/opt/gz_physics_vendor:/opt/ros/jazzy/opt/sdformat_vendor:/opt/ros/jazzy/opt/gz_gui_vendor:/opt/ros/jazzy/opt/gz_transport_vendor:/opt/ros/jazzy/opt/gz_rendering_vendor:/opt/ros/jazzy/opt/gz_plugin_vendor:/opt/ros/jazzy/opt/gz_fuel_tools_vendor:/opt/ros/jazzy/opt/gz_msgs_vendor:/opt/ros/jazzy/opt/gz_common_vendor:/opt/ros/jazzy/opt/gz_math_vendor:/opt/ros/jazzy/opt/gz_utils_vendor:/opt/ros/jazzy/opt/gz_tools_vendor:/opt/ros/jazzy/opt/gz_ogre_next_vendor:/opt/ros/jazzy/opt/gz_dartsim_vendor:/opt/ros/jazzy/opt/gz_cmake_vendor:/home/zwier/agv_ws/install/swerve_controller:/opt/ros/jazzy DEBUGINFOD_URLS=https://debuginfod.ubuntu.com /usr/bin/cmake --install /home/zwier/agv_ws/build/ros2_control_demo_example_11
[1.116s] Level 1:colcon.colcon_core.environment:create_environment_scripts_only(ros2_control_demo_example_11)
[1.116s] Level 1:colcon.colcon_core.environment:checking '/home/zwier/agv_ws/install/ros2_control_demo_example_11' for CMake module files
[1.117s] DEBUG:colcon.colcon_core.event_handler.log_command:Invoked command in '/home/zwier/agv_ws/build/ros2_control_demo_example_11' returned '0': AMENT_PREFIX_PATH=/home/zwier/agv_ws/install/ros2_control_demo_description:${AMENT_PREFIX_PATH} CMAKE_PREFIX_PATH=/home/zwier/agv_ws/install/ros2_control_demo_description:/home/zwier/agv_ws/install/ros2_control_demo_example_11:/home/zwier/agv_ws/install/agv_pkg:/opt/ros/jazzy/opt/gz_sim_vendor:/opt/ros/jazzy/opt/gz_sensors_vendor:/opt/ros/jazzy/opt/gz_physics_vendor:/opt/ros/jazzy/opt/sdformat_vendor:/opt/ros/jazzy/opt/gz_gui_vendor:/opt/ros/jazzy/opt/gz_transport_vendor:/opt/ros/jazzy/opt/gz_rendering_vendor:/opt/ros/jazzy/opt/gz_plugin_vendor:/opt/ros/jazzy/opt/gz_fuel_tools_vendor:/opt/ros/jazzy/opt/gz_msgs_vendor:/opt/ros/jazzy/opt/gz_common_vendor:/opt/ros/jazzy/opt/gz_math_vendor:/opt/ros/jazzy/opt/gz_utils_vendor:/opt/ros/jazzy/opt/gz_tools_vendor:/opt/ros/jazzy/opt/gz_ogre_next_vendor:/opt/ros/jazzy/opt/gz_dartsim_vendor:/opt/ros/jazzy/opt/gz_cmake_vendor:/home/zwier/agv_ws/install/swerve_controller:/opt/ros/jazzy DEBUGINFOD_URLS=https://debuginfod.ubuntu.com /usr/bin/cmake --install /home/zwier/agv_ws/build/ros2_control_demo_example_11
[1.117s] Level 1:colcon.colcon_core.environment:checking '/home/zwier/agv_ws/install/ros2_control_demo_example_11' for CMake config files
[1.117s] Level 1:colcon.colcon_core.shell:create_environment_hook('ros2_control_demo_example_11', 'cmake_prefix_path')
[1.118s] INFO:colcon.colcon_core.shell:Creating environment hook '/home/zwier/agv_ws/install/ros2_control_demo_example_11/share/ros2_control_demo_example_11/hook/cmake_prefix_path.ps1'
[1.118s] INFO:colcon.colcon_core.shell:Creating environment descriptor '/home/zwier/agv_ws/install/ros2_control_demo_example_11/share/ros2_control_demo_example_11/hook/cmake_prefix_path.dsv'
[1.118s] INFO:colcon.colcon_core.shell:Creating environment hook '/home/zwier/agv_ws/install/ros2_control_demo_example_11/share/ros2_control_demo_example_11/hook/cmake_prefix_path.sh'
[1.119s] Level 1:colcon.colcon_core.environment:checking '/home/zwier/agv_ws/install/ros2_control_demo_example_11/lib'
[1.119s] Level 1:colcon.colcon_core.shell:create_environment_hook('ros2_control_demo_example_11', 'ld_library_path_lib')
[1.119s] INFO:colcon.colcon_core.shell:Creating environment hook '/home/zwier/agv_ws/install/ros2_control_demo_example_11/share/ros2_control_demo_example_11/hook/ld_library_path_lib.ps1'
[1.120s] INFO:colcon.colcon_core.shell:Creating environment descriptor '/home/zwier/agv_ws/install/ros2_control_demo_example_11/share/ros2_control_demo_example_11/hook/ld_library_path_lib.dsv'
[1.120s] INFO:colcon.colcon_core.shell:Creating environment hook '/home/zwier/agv_ws/install/ros2_control_demo_example_11/share/ros2_control_demo_example_11/hook/ld_library_path_lib.sh'
[1.120s] Level 1:colcon.colcon_core.environment:checking '/home/zwier/agv_ws/install/ros2_control_demo_example_11/bin'
[1.120s] Level 1:colcon.colcon_core.environment:checking '/home/zwier/agv_ws/install/ros2_control_demo_example_11/lib/pkgconfig/ros2_control_demo_example_11.pc'
[1.120s] Level 1:colcon.colcon_core.environment:checking '/home/zwier/agv_ws/install/ros2_control_demo_example_11/lib/python3.12/site-packages'
[1.121s] Level 1:colcon.colcon_core.environment:checking '/home/zwier/agv_ws/install/ros2_control_demo_example_11/bin'
[1.121s] INFO:colcon.colcon_core.shell:Creating package script '/home/zwier/agv_ws/install/ros2_control_demo_example_11/share/ros2_control_demo_example_11/package.ps1'
[1.121s] INFO:colcon.colcon_core.shell:Creating package descriptor '/home/zwier/agv_ws/install/ros2_control_demo_example_11/share/ros2_control_demo_example_11/package.dsv'
[1.121s] INFO:colcon.colcon_core.shell:Creating package script '/home/zwier/agv_ws/install/ros2_control_demo_example_11/share/ros2_control_demo_example_11/package.sh'
[1.122s] INFO:colcon.colcon_core.shell:Creating package script '/home/zwier/agv_ws/install/ros2_control_demo_example_11/share/ros2_control_demo_example_11/package.bash'
[1.122s] INFO:colcon.colcon_core.shell:Creating package script '/home/zwier/agv_ws/install/ros2_control_demo_example_11/share/ros2_control_demo_example_11/package.zsh'
[1.122s] Level 1:colcon.colcon_core.environment:create_file_with_runtime_dependencies(/home/zwier/agv_ws/install/ros2_control_demo_example_11/share/colcon-core/packages/ros2_control_demo_example_11)
[1.122s] Level 1:colcon.colcon_core.environment:create_environment_scripts_only(ros2_control_demo_example_11)
[1.123s] Level 1:colcon.colcon_core.environment:checking '/home/zwier/agv_ws/install/ros2_control_demo_example_11' for CMake module files
[1.123s] Level 1:colcon.colcon_core.environment:checking '/home/zwier/agv_ws/install/ros2_control_demo_example_11' for CMake config files
[1.123s] Level 1:colcon.colcon_core.shell:create_environment_hook('ros2_control_demo_example_11', 'cmake_prefix_path')
[1.123s] INFO:colcon.colcon_core.shell:Creating environment hook '/home/zwier/agv_ws/install/ros2_control_demo_example_11/share/ros2_control_demo_example_11/hook/cmake_prefix_path.ps1'
[1.123s] INFO:colcon.colcon_core.shell:Creating environment descriptor '/home/zwier/agv_ws/install/ros2_control_demo_example_11/share/ros2_control_demo_example_11/hook/cmake_prefix_path.dsv'
[1.124s] INFO:colcon.colcon_core.shell:Creating environment hook '/home/zwier/agv_ws/install/ros2_control_demo_example_11/share/ros2_control_demo_example_11/hook/cmake_prefix_path.sh'
[1.124s] Level 1:colcon.colcon_core.environment:checking '/home/zwier/agv_ws/install/ros2_control_demo_example_11/lib'
[1.124s] Level 1:colcon.colcon_core.shell:create_environment_hook('ros2_control_demo_example_11', 'ld_library_path_lib')
[1.124s] INFO:colcon.colcon_core.shell:Creating environment hook '/home/zwier/agv_ws/install/ros2_control_demo_example_11/share/ros2_control_demo_example_11/hook/ld_library_path_lib.ps1'
[1.124s] INFO:colcon.colcon_core.shell:Creating environment descriptor '/home/zwier/agv_ws/install/ros2_control_demo_example_11/share/ros2_control_demo_example_11/hook/ld_library_path_lib.dsv'
[1.124s] INFO:colcon.colcon_core.shell:Creating environment hook '/home/zwier/agv_ws/install/ros2_control_demo_example_11/share/ros2_control_demo_example_11/hook/ld_library_path_lib.sh'
[1.125s] Level 1:colcon.colcon_core.environment:checking '/home/zwier/agv_ws/install/ros2_control_demo_example_11/bin'
[1.125s] Level 1:colcon.colcon_core.environment:checking '/home/zwier/agv_ws/install/ros2_control_demo_example_11/lib/pkgconfig/ros2_control_demo_example_11.pc'
[1.125s] Level 1:colcon.colcon_core.environment:checking '/home/zwier/agv_ws/install/ros2_control_demo_example_11/lib/python3.12/site-packages'
[1.125s] Level 1:colcon.colcon_core.environment:checking '/home/zwier/agv_ws/install/ros2_control_demo_example_11/bin'
[1.125s] INFO:colcon.colcon_core.shell:Creating package script '/home/zwier/agv_ws/install/ros2_control_demo_example_11/share/ros2_control_demo_example_11/package.ps1'
[1.126s] INFO:colcon.colcon_core.shell:Creating package descriptor '/home/zwier/agv_ws/install/ros2_control_demo_example_11/share/ros2_control_demo_example_11/package.dsv'
[1.126s] INFO:colcon.colcon_core.shell:Creating package script '/home/zwier/agv_ws/install/ros2_control_demo_example_11/share/ros2_control_demo_example_11/package.sh'
[1.126s] INFO:colcon.colcon_core.shell:Creating package script '/home/zwier/agv_ws/install/ros2_control_demo_example_11/share/ros2_control_demo_example_11/package.bash'
[1.126s] INFO:colcon.colcon_core.shell:Creating package script '/home/zwier/agv_ws/install/ros2_control_demo_example_11/share/ros2_control_demo_example_11/package.zsh'
[1.126s] Level 1:colcon.colcon_core.environment:create_file_with_runtime_dependencies(/home/zwier/agv_ws/install/ros2_control_demo_example_11/share/colcon-core/packages/ros2_control_demo_example_11)
[1.126s] DEBUG:colcon.colcon_parallel_executor.executor.parallel:closing loop
[1.127s] DEBUG:colcon.colcon_parallel_executor.executor.parallel:loop closed
[1.127s] DEBUG:colcon.colcon_parallel_executor.executor.parallel:run_until_complete finished with '0'
[1.127s] DEBUG:colcon.colcon_core.event_reactor:joining thread
[1.130s] INFO:colcon.colcon_core.plugin_system:Skipping extension 'colcon_notification.desktop_notification.terminal_notifier': Not used on non-Darwin systems
[1.130s] INFO:colcon.colcon_core.plugin_system:Skipping extension 'colcon_notification.desktop_notification.win32': Not used on non-Windows systems
[1.130s] INFO:colcon.colcon_notification.desktop_notification:Sending desktop notification using 'notify2'
[1.158s] DEBUG:colcon.colcon_core.event_reactor:joined thread
[1.158s] INFO:colcon.colcon_core.shell:Creating prefix script '/home/zwier/agv_ws/install/local_setup.ps1'
[1.159s] INFO:colcon.colcon_core.shell:Creating prefix util module '/home/zwier/agv_ws/install/_local_setup_util_ps1.py'
[1.160s] INFO:colcon.colcon_core.shell:Creating prefix chain script '/home/zwier/agv_ws/install/setup.ps1'
[1.161s] INFO:colcon.colcon_core.shell:Creating prefix script '/home/zwier/agv_ws/install/local_setup.sh'
[1.162s] INFO:colcon.colcon_core.shell:Creating prefix util module '/home/zwier/agv_ws/install/_local_setup_util_sh.py'
[1.162s] INFO:colcon.colcon_core.shell:Creating prefix chain script '/home/zwier/agv_ws/install/setup.sh'
[1.163s] INFO:colcon.colcon_core.shell:Creating prefix script '/home/zwier/agv_ws/install/local_setup.bash'
[1.164s] INFO:colcon.colcon_core.shell:Creating prefix chain script '/home/zwier/agv_ws/install/setup.bash'
[1.165s] INFO:colcon.colcon_core.shell:Creating prefix script '/home/zwier/agv_ws/install/local_setup.zsh'
[1.165s] INFO:colcon.colcon_core.shell:Creating prefix chain script '/home/zwier/agv_ws/install/setup.zsh'
