running develop
running egg_info
creating swerve_controller.egg-info
writing swerve_controller.egg-info/PKG-INFO
writing dependency_links to swerve_controller.egg-info/dependency_links.txt
writing entry points to swerve_controller.egg-info/entry_points.txt
writing requirements to swerve_controller.egg-info/requires.txt
writing top-level names to swerve_controller.egg-info/top_level.txt
writing manifest file 'swerve_controller.egg-info/SOURCES.txt'
reading manifest file 'swerve_controller.egg-info/SOURCES.txt'
writing manifest file 'swerve_controller.egg-info/SOURCES.txt'
running build_ext
Creating /home/zwier/agv_ws/install/swerve_controller/lib/python3.12/site-packages/swerve-controller.egg-link (link to .)
Installing swerve_controller script to /home/zwier/agv_ws/install/swerve_controller/lib/swerve_controller

Installed /home/zwier/agv_ws/build/swerve_controller
running symlink_data
creating /home/zwier/agv_ws/install/swerve_controller/share/ament_index
creating /home/zwier/agv_ws/install/swerve_controller/share/ament_index/resource_index
creating /home/zwier/agv_ws/install/swerve_controller/share/ament_index/resource_index/packages
symbolically linking /home/zwier/agv_ws/build/swerve_controller/resource/swerve_controller -> /home/zwier/agv_ws/install/swerve_controller/share/ament_index/resource_index/packages
symbolically linking /home/zwier/agv_ws/build/swerve_controller/package.xml -> /home/zwier/agv_ws/install/swerve_controller/share/swerve_controller
creating /home/zwier/agv_ws/install/swerve_controller/share/swerve_controller/launch
symbolically linking /home/zwier/agv_ws/build/swerve_controller/launch/swerve_controller.launch.py -> /home/zwier/agv_ws/install/swerve_controller/share/swerve_controller/launch
creating /home/zwier/agv_ws/install/swerve_controller/share/swerve_controller/config
symbolically linking /home/zwier/agv_ws/build/swerve_controller/config/swerve.yaml -> /home/zwier/agv_ws/install/swerve_controller/share/swerve_controller/config
