[0.414s] Invoking command in '/home/zwier/agv_ws/build/swerve_controller': DEBUGINFOD_URLS=https://debuginfod.ubuntu.com PYTHONPATH=/home/zwier/agv_ws/build/swerve_controller/prefix_override:/usr/lib/python3/dist-packages/colcon_core/task/python/colcon_distutils_commands:/home/zwier/agv_ws/install/swerve_controller/lib/python3.12/site-packages:${PYTHONPATH} /usr/bin/python3 -W ignore:setup.py install is deprecated -W ignore:easy_install command is deprecated setup.py develop --editable --build-directory /home/zwier/agv_ws/build/swerve_controller/build --no-deps symlink_data
[0.572s] running develop
[0.665s] running egg_info
[0.665s] creating swerve_controller.egg-info
[0.674s] writing swerve_controller.egg-info/PKG-INFO
[0.675s] writing dependency_links to swerve_controller.egg-info/dependency_links.txt
[0.675s] writing entry points to swerve_controller.egg-info/entry_points.txt
[0.675s] writing requirements to swerve_controller.egg-info/requires.txt
[0.675s] writing top-level names to swerve_controller.egg-info/top_level.txt
[0.675s] writing manifest file 'swerve_controller.egg-info/SOURCES.txt'
[0.693s] reading manifest file 'swerve_controller.egg-info/SOURCES.txt'
[0.694s] writing manifest file 'swerve_controller.egg-info/SOURCES.txt'
[0.704s] running build_ext
[0.704s] Creating /home/zwier/agv_ws/install/swerve_controller/lib/python3.12/site-packages/swerve-controller.egg-link (link to .)
[0.704s] Installing swerve_controller script to /home/zwier/agv_ws/install/swerve_controller/lib/swerve_controller
[0.704s] 
[0.704s] Installed /home/zwier/agv_ws/build/swerve_controller
[0.704s] running symlink_data
[0.704s] creating /home/zwier/agv_ws/install/swerve_controller/share/ament_index
[0.704s] creating /home/zwier/agv_ws/install/swerve_controller/share/ament_index/resource_index
[0.704s] creating /home/zwier/agv_ws/install/swerve_controller/share/ament_index/resource_index/packages
[0.704s] symbolically linking /home/zwier/agv_ws/build/swerve_controller/resource/swerve_controller -> /home/zwier/agv_ws/install/swerve_controller/share/ament_index/resource_index/packages
[0.704s] symbolically linking /home/zwier/agv_ws/build/swerve_controller/package.xml -> /home/zwier/agv_ws/install/swerve_controller/share/swerve_controller
[0.704s] creating /home/zwier/agv_ws/install/swerve_controller/share/swerve_controller/launch
[0.705s] symbolically linking /home/zwier/agv_ws/build/swerve_controller/launch/swerve_controller.launch.py -> /home/zwier/agv_ws/install/swerve_controller/share/swerve_controller/launch
[0.705s] creating /home/zwier/agv_ws/install/swerve_controller/share/swerve_controller/config
[0.705s] symbolically linking /home/zwier/agv_ws/build/swerve_controller/config/swerve.yaml -> /home/zwier/agv_ws/install/swerve_controller/share/swerve_controller/config
[0.719s] Invoked command in '/home/zwier/agv_ws/build/swerve_controller' returned '0': DEBUGINFOD_URLS=https://debuginfod.ubuntu.com PYTHONPATH=/home/zwier/agv_ws/build/swerve_controller/prefix_override:/usr/lib/python3/dist-packages/colcon_core/task/python/colcon_distutils_commands:/home/zwier/agv_ws/install/swerve_controller/lib/python3.12/site-packages:${PYTHONPATH} /usr/bin/python3 -W ignore:setup.py install is deprecated -W ignore:easy_install command is deprecated setup.py develop --editable --build-directory /home/zwier/agv_ws/build/swerve_controller/build --no-deps symlink_data
