[0.020s] Invoking command in '/home/zwier/agv_ws/build/agv_pkg': CMAKE_PREFIX_PATH=${CMAKE_PREFIX_PATH}:/home/zwier/agv_ws/install/swerve_controller:/opt/ros/jazzy DEBUGINFOD_URLS=https://debuginfod.ubuntu.com /usr/bin/cmake /home/zwier/agv_ws/src/agv_pkg -DAMENT_CMAKE_SYMLINK_INSTALL=1 -DCMAKE_INSTALL_PREFIX=/home/zwier/agv_ws/install/agv_pkg
[0.062s] -- Found ament_cmake: 2.5.3 (/opt/ros/jazzy/share/ament_cmake/cmake)
[0.237s] -- Override CMake install command with custom implementation using symlinks instead of copying resources
[0.245s] -- Found ament_lint_auto: 0.17.2 (/opt/ros/jazzy/share/ament_lint_auto/cmake)
[0.328s] -- Added test 'cppcheck' to perform static code analysis on C / C++ code
[0.328s] -- Configured cppcheck include dirs: 
[0.328s] -- Configured cppcheck exclude dirs and/or files: 
[0.330s] -- Added test 'flake8' to check Python code syntax and style conventions
[0.330s] -- Configured 'flake8' exclude dirs and/or files: 
[0.332s] -- Added test 'lint_cmake' to check CMake code style
[0.334s] -- Added test 'pep257' to check Python code against some of the docstring style conventions in PEP 257
[0.343s] -- Added test 'uncrustify' to check C / C++ code style
[0.343s] -- Configured uncrustify additional arguments: 
[0.344s] -- Added test 'xmllint' to check XML markup files
[0.346s] -- Configuring done (0.3s)
[0.348s] -- Generating done (0.0s)
[0.349s] -- Build files have been written to: /home/zwier/agv_ws/build/agv_pkg
[0.357s] Invoked command in '/home/zwier/agv_ws/build/agv_pkg' returned '0': CMAKE_PREFIX_PATH=${CMAKE_PREFIX_PATH}:/home/zwier/agv_ws/install/swerve_controller:/opt/ros/jazzy DEBUGINFOD_URLS=https://debuginfod.ubuntu.com /usr/bin/cmake /home/zwier/agv_ws/src/agv_pkg -DAMENT_CMAKE_SYMLINK_INSTALL=1 -DCMAKE_INSTALL_PREFIX=/home/zwier/agv_ws/install/agv_pkg
[0.357s] Invoking command in '/home/zwier/agv_ws/build/agv_pkg': CMAKE_PREFIX_PATH=${CMAKE_PREFIX_PATH}:/home/zwier/agv_ws/install/swerve_controller:/opt/ros/jazzy DEBUGINFOD_URLS=https://debuginfod.ubuntu.com /usr/bin/cmake --build /home/zwier/agv_ws/build/agv_pkg -- -j32 -l32
[0.400s] Invoked command in '/home/zwier/agv_ws/build/agv_pkg' returned '0': CMAKE_PREFIX_PATH=${CMAKE_PREFIX_PATH}:/home/zwier/agv_ws/install/swerve_controller:/opt/ros/jazzy DEBUGINFOD_URLS=https://debuginfod.ubuntu.com /usr/bin/cmake --build /home/zwier/agv_ws/build/agv_pkg -- -j32 -l32
[0.401s] Invoking command in '/home/zwier/agv_ws/build/agv_pkg': CMAKE_PREFIX_PATH=${CMAKE_PREFIX_PATH}:/home/zwier/agv_ws/install/swerve_controller:/opt/ros/jazzy DEBUGINFOD_URLS=https://debuginfod.ubuntu.com /usr/bin/cmake --install /home/zwier/agv_ws/build/agv_pkg
[0.411s] -- Install configuration: ""
[0.411s] -- Execute custom install script
[0.412s] -- Up-to-date symlink: /home/zwier/agv_ws/install/agv_pkg/share/agv_pkg/config/gaz_ros2_ctl_use_sim.yaml
[0.412s] -- Up-to-date symlink: /home/zwier/agv_ws/install/agv_pkg/share/agv_pkg/config/gz_bridge.yaml
[0.413s] -- Up-to-date symlink: /home/zwier/agv_ws/install/agv_pkg/share/agv_pkg/config/home_map.pgm
[0.413s] -- Up-to-date symlink: /home/zwier/agv_ws/install/agv_pkg/share/agv_pkg/config/home_map.yaml
[0.413s] -- Up-to-date symlink: /home/zwier/agv_ws/install/agv_pkg/share/agv_pkg/config/joystick.yaml
[0.413s] -- Up-to-date symlink: /home/zwier/agv_ws/install/agv_pkg/share/agv_pkg/config/localisation_amcl.yaml
[0.413s] -- Up-to-date symlink: /home/zwier/agv_ws/install/agv_pkg/share/agv_pkg/config/locallisation_params_online_async.yaml
[0.413s] -- Up-to-date symlink: /home/zwier/agv_ws/install/agv_pkg/share/agv_pkg/config/map_save.pgm
[0.413s] -- Up-to-date symlink: /home/zwier/agv_ws/install/agv_pkg/share/agv_pkg/config/map_save.yaml
[0.413s] -- Up-to-date symlink: /home/zwier/agv_ws/install/agv_pkg/share/agv_pkg/config/map_serialize.data
[0.413s] -- Up-to-date symlink: /home/zwier/agv_ws/install/agv_pkg/share/agv_pkg/config/map_serialize.posegraph
[0.414s] -- Up-to-date symlink: /home/zwier/agv_ws/install/agv_pkg/share/agv_pkg/config/mapper_params_online_async.yaml
[0.414s] -- Up-to-date symlink: /home/zwier/agv_ws/install/agv_pkg/share/agv_pkg/config/my_controllers.yaml
[0.414s] -- Up-to-date symlink: /home/zwier/agv_ws/install/agv_pkg/share/agv_pkg/config/nav2.yaml
[0.414s] -- Symlinking: /home/zwier/agv_ws/install/agv_pkg/share/agv_pkg/config/nav2_own.yaml
[0.427s] -- Up-to-date symlink: /home/zwier/agv_ws/install/agv_pkg/share/agv_pkg/config/twist_mux.yaml
[0.427s] -- Up-to-date symlink: /home/zwier/agv_ws/install/agv_pkg/share/agv_pkg/config/view_bot.rviz
[0.428s] -- Up-to-date symlink: /home/zwier/agv_ws/install/agv_pkg/share/agv_pkg/config/view_bot_in_map.rviz
[0.428s] -- Up-to-date symlink: /home/zwier/agv_ws/install/agv_pkg/share/agv_pkg/config/view_bot_planning.rviz
[0.428s] -- Up-to-date symlink: /home/zwier/agv_ws/install/agv_pkg/share/agv_pkg/config/zinger.yaml
[0.428s] -- Up-to-date symlink: /home/zwier/agv_ws/install/agv_pkg/share/agv_pkg/description/cameras.xacro
[0.428s] -- Up-to-date symlink: /home/zwier/agv_ws/install/agv_pkg/share/agv_pkg/description/gazebo_control.xacro
[0.428s] -- Up-to-date symlink: /home/zwier/agv_ws/install/agv_pkg/share/agv_pkg/description/lidar.xacro
[0.429s] -- Up-to-date symlink: /home/zwier/agv_ws/install/agv_pkg/share/agv_pkg/description/robot.urdf
[0.429s] -- Up-to-date symlink: /home/zwier/agv_ws/install/agv_pkg/share/agv_pkg/description/robot.urdf.xacro
[0.429s] -- Up-to-date symlink: /home/zwier/agv_ws/install/agv_pkg/share/agv_pkg/description/ros2_control.xacro
[0.429s] -- Up-to-date symlink: /home/zwier/agv_ws/install/agv_pkg/share/agv_pkg/launch/joystick.launch.py
[0.429s] -- Up-to-date symlink: /home/zwier/agv_ws/install/agv_pkg/share/agv_pkg/launch/navigation.launch.py
[0.429s] -- Up-to-date symlink: /home/zwier/agv_ws/install/agv_pkg/share/agv_pkg/launch/rsp.launch.py
[0.430s] -- Up-to-date symlink: /home/zwier/agv_ws/install/agv_pkg/share/agv_pkg/launch/sim.launch.py
[0.430s] -- Up-to-date symlink: /home/zwier/agv_ws/install/agv_pkg/share/agv_pkg/launch/slam.launch.py
[0.430s] -- Up-to-date symlink: /home/zwier/agv_ws/install/agv_pkg/share/agv_pkg/launch/zinger_loc.launch.py
[0.430s] -- Up-to-date symlink: /home/zwier/agv_ws/install/agv_pkg/share/agv_pkg/launch/zinger_nav.launch.py
[0.430s] -- Up-to-date symlink: /home/zwier/agv_ws/install/agv_pkg/share/agv_pkg/launch/zinger_rsp.launch.py
[0.430s] -- Up-to-date symlink: /home/zwier/agv_ws/install/agv_pkg/share/agv_pkg/launch/zinger_sim.launch.py
[0.430s] -- Up-to-date symlink: /home/zwier/agv_ws/install/agv_pkg/share/agv_pkg/meshes/LBW_Link.STL
[0.430s] -- Up-to-date symlink: /home/zwier/agv_ws/install/agv_pkg/share/agv_pkg/meshes/LB_Link.STL
[0.430s] -- Up-to-date symlink: /home/zwier/agv_ws/install/agv_pkg/share/agv_pkg/meshes/LFW_Link.STL
[0.431s] -- Up-to-date symlink: /home/zwier/agv_ws/install/agv_pkg/share/agv_pkg/meshes/LF_Link.STL
[0.431s] -- Up-to-date symlink: /home/zwier/agv_ws/install/agv_pkg/share/agv_pkg/meshes/RBW_Link.STL
[0.431s] -- Up-to-date symlink: /home/zwier/agv_ws/install/agv_pkg/share/agv_pkg/meshes/RB_Link.STL
[0.431s] -- Up-to-date symlink: /home/zwier/agv_ws/install/agv_pkg/share/agv_pkg/meshes/RFW_Link.STL
[0.431s] -- Up-to-date symlink: /home/zwier/agv_ws/install/agv_pkg/share/agv_pkg/meshes/RF_Link.STL
[0.431s] -- Up-to-date symlink: /home/zwier/agv_ws/install/agv_pkg/share/agv_pkg/meshes/chassis_link.STL
[0.435s] -- Up-to-date symlink: /home/zwier/agv_ws/install/agv_pkg/share/agv_pkg/worlds/empty.world
[0.435s] -- Up-to-date symlink: /home/zwier/agv_ws/install/agv_pkg/share/agv_pkg/worlds/gazebo_models/LitterBin/meshes/Litter.mtl
[0.435s] -- Up-to-date symlink: /home/zwier/agv_ws/install/agv_pkg/share/agv_pkg/worlds/gazebo_models/LitterBin/meshes/Litter.obj
[0.436s] -- Up-to-date symlink: /home/zwier/agv_ws/install/agv_pkg/share/agv_pkg/worlds/gazebo_models/LitterBin/meshes/LitterBin_Diffuse.png
[0.436s] -- Up-to-date symlink: /home/zwier/agv_ws/install/agv_pkg/share/agv_pkg/worlds/gazebo_models/LitterBin/model.config
[0.436s] -- Up-to-date symlink: /home/zwier/agv_ws/install/agv_pkg/share/agv_pkg/worlds/gazebo_models/LitterBin/model.sdf
[0.436s] -- Up-to-date symlink: /home/zwier/agv_ws/install/agv_pkg/share/agv_pkg/worlds/gazebo_models/LitterBin/thumbnails/1.png
[0.437s] -- Up-to-date symlink: /home/zwier/agv_ws/install/agv_pkg/share/agv_pkg/worlds/gazebo_models/LitterBin/thumbnails/2.png
[0.437s] -- Up-to-date symlink: /home/zwier/agv_ws/install/agv_pkg/share/agv_pkg/worlds/gazebo_models/LitterBin/thumbnails/3.png
[0.437s] -- Up-to-date symlink: /home/zwier/agv_ws/install/agv_pkg/share/agv_pkg/worlds/gazebo_models/LitterBin/thumbnails/4.png
[0.438s] -- Up-to-date symlink: /home/zwier/agv_ws/install/agv_pkg/share/agv_pkg/worlds/gazebo_models/LitterBin/thumbnails/5.png
[0.438s] -- Up-to-date symlink: /home/zwier/agv_ws/install/agv_pkg/share/agv_pkg/worlds/gazebo_models/MARBLE_HUSKY_SENSOR_CONFIG_2/materials/textures/realsense_diffuse.jpg
[0.438s] -- Up-to-date symlink: /home/zwier/agv_ws/install/agv_pkg/share/agv_pkg/worlds/gazebo_models/MARBLE_HUSKY_SENSOR_CONFIG_2/materials/textures/spotlight.jpg
[0.438s] -- Up-to-date symlink: /home/zwier/agv_ws/install/agv_pkg/share/agv_pkg/worlds/gazebo_models/MARBLE_HUSKY_SENSOR_CONFIG_2/meshes/VLP16_base_1.dae
[0.439s] -- Up-to-date symlink: /home/zwier/agv_ws/install/agv_pkg/share/agv_pkg/worlds/gazebo_models/MARBLE_HUSKY_SENSOR_CONFIG_2/meshes/VLP16_base_2.dae
[0.439s] -- Up-to-date symlink: /home/zwier/agv_ws/install/agv_pkg/share/agv_pkg/worlds/gazebo_models/MARBLE_HUSKY_SENSOR_CONFIG_2/meshes/VLP16_scan.dae
[0.439s] -- Up-to-date symlink: /home/zwier/agv_ws/install/agv_pkg/share/agv_pkg/worlds/gazebo_models/MARBLE_HUSKY_SENSOR_CONFIG_2/meshes/base_link.dae
[0.440s] -- Up-to-date symlink: /home/zwier/agv_ws/install/agv_pkg/share/agv_pkg/worlds/gazebo_models/MARBLE_HUSKY_SENSOR_CONFIG_2/meshes/bumper.dae
[0.440s] -- Up-to-date symlink: /home/zwier/agv_ws/install/agv_pkg/share/agv_pkg/worlds/gazebo_models/MARBLE_HUSKY_SENSOR_CONFIG_2/meshes/jpl04_arch_nosensor.stl
[0.440s] -- Up-to-date symlink: /home/zwier/agv_ws/install/agv_pkg/share/agv_pkg/worlds/gazebo_models/MARBLE_HUSKY_SENSOR_CONFIG_2/meshes/realsense.dae
[0.440s] -- Up-to-date symlink: /home/zwier/agv_ws/install/agv_pkg/share/agv_pkg/worlds/gazebo_models/MARBLE_HUSKY_SENSOR_CONFIG_2/meshes/spotlight.dae
[0.441s] -- Up-to-date symlink: /home/zwier/agv_ws/install/agv_pkg/share/agv_pkg/worlds/gazebo_models/MARBLE_HUSKY_SENSOR_CONFIG_2/meshes/top_chassis.dae
[0.441s] -- Up-to-date symlink: /home/zwier/agv_ws/install/agv_pkg/share/agv_pkg/worlds/gazebo_models/MARBLE_HUSKY_SENSOR_CONFIG_2/meshes/top_plate.dae
[0.441s] -- Up-to-date symlink: /home/zwier/agv_ws/install/agv_pkg/share/agv_pkg/worlds/gazebo_models/MARBLE_HUSKY_SENSOR_CONFIG_2/meshes/user_rail.dae
[0.441s] -- Up-to-date symlink: /home/zwier/agv_ws/install/agv_pkg/share/agv_pkg/worlds/gazebo_models/MARBLE_HUSKY_SENSOR_CONFIG_2/meshes/wheel.dae
[0.441s] -- Up-to-date symlink: /home/zwier/agv_ws/install/agv_pkg/share/agv_pkg/worlds/gazebo_models/MARBLE_HUSKY_SENSOR_CONFIG_2/model.config
[0.442s] -- Up-to-date symlink: /home/zwier/agv_ws/install/agv_pkg/share/agv_pkg/worlds/gazebo_models/MARBLE_HUSKY_SENSOR_CONFIG_2/model.sdf
[0.442s] -- Up-to-date symlink: /home/zwier/agv_ws/install/agv_pkg/share/agv_pkg/worlds/gazebo_models/MARBLE_HUSKY_SENSOR_CONFIG_2/thumbnails/1.jpg
[0.443s] -- Up-to-date symlink: /home/zwier/agv_ws/install/agv_pkg/share/agv_pkg/worlds/gazebo_models/MARBLE_HUSKY_SENSOR_CONFIG_2/thumbnails/2.jpg
[0.444s] -- Up-to-date symlink: /home/zwier/agv_ws/install/agv_pkg/share/agv_pkg/worlds/gazebo_models/MARBLE_HUSKY_SENSOR_CONFIG_2/thumbnails/3.jpg
[0.444s] -- Up-to-date symlink: /home/zwier/agv_ws/install/agv_pkg/share/agv_pkg/worlds/gazebo_models/MARBLE_HUSKY_SENSOR_CONFIG_2/thumbnails/4.jpg
[0.444s] -- Up-to-date symlink: /home/zwier/agv_ws/install/agv_pkg/share/agv_pkg/worlds/gazebo_models/Mine Cart/materials/scripts/model.material
[0.444s] -- Up-to-date symlink: /home/zwier/agv_ws/install/agv_pkg/share/agv_pkg/worlds/gazebo_models/Mine Cart/materials/textures/MineCart_Albedo.png
[0.445s] -- Up-to-date symlink: /home/zwier/agv_ws/install/agv_pkg/share/agv_pkg/worlds/gazebo_models/Mine Cart/materials/textures/MineCart_Metalness.png
[0.445s] -- Up-to-date symlink: /home/zwier/agv_ws/install/agv_pkg/share/agv_pkg/worlds/gazebo_models/Mine Cart/materials/textures/MineCart_Roughness.png
[0.445s] -- Up-to-date symlink: /home/zwier/agv_ws/install/agv_pkg/share/agv_pkg/worlds/gazebo_models/Mine Cart/meshes/minecart.dae
[0.446s] -- Up-to-date symlink: /home/zwier/agv_ws/install/agv_pkg/share/agv_pkg/worlds/gazebo_models/Mine Cart/metadata.pbtxt
[0.446s] -- Up-to-date symlink: /home/zwier/agv_ws/install/agv_pkg/share/agv_pkg/worlds/gazebo_models/Mine Cart/model.config
[0.446s] -- Up-to-date symlink: /home/zwier/agv_ws/install/agv_pkg/share/agv_pkg/worlds/gazebo_models/Mine Cart/model.sdf
[0.446s] -- Up-to-date symlink: /home/zwier/agv_ws/install/agv_pkg/share/agv_pkg/worlds/gazebo_models/Mine Cart/thumbnails/1.png
[0.446s] -- Up-to-date symlink: /home/zwier/agv_ws/install/agv_pkg/share/agv_pkg/worlds/gazebo_models/Mine Cart/thumbnails/2.png
[0.446s] -- Up-to-date symlink: /home/zwier/agv_ws/install/agv_pkg/share/agv_pkg/worlds/gazebo_models/Mine Cart/thumbnails/3.png
[0.447s] -- Up-to-date symlink: /home/zwier/agv_ws/install/agv_pkg/share/agv_pkg/worlds/gazebo_models/Mine Cart/thumbnails/4.png
[0.447s] -- Up-to-date symlink: /home/zwier/agv_ws/install/agv_pkg/share/agv_pkg/worlds/gazebo_models/Nurse/meshes/Clipboard.png
[0.447s] -- Up-to-date symlink: /home/zwier/agv_ws/install/agv_pkg/share/agv_pkg/worlds/gazebo_models/Nurse/meshes/Nurse.mtl
[0.447s] -- Up-to-date symlink: /home/zwier/agv_ws/install/agv_pkg/share/agv_pkg/worlds/gazebo_models/Nurse/meshes/Nurse.obj
[0.447s] -- Up-to-date symlink: /home/zwier/agv_ws/install/agv_pkg/share/agv_pkg/worlds/gazebo_models/Nurse/meshes/NurseFemaleDiffuse.png
[0.447s] -- Up-to-date symlink: /home/zwier/agv_ws/install/agv_pkg/share/agv_pkg/worlds/gazebo_models/Nurse/meshes/Nurse_Col.mtl
[0.448s] -- Up-to-date symlink: /home/zwier/agv_ws/install/agv_pkg/share/agv_pkg/worlds/gazebo_models/Nurse/meshes/Nurse_Col.obj
[0.448s] -- Up-to-date symlink: /home/zwier/agv_ws/install/agv_pkg/share/agv_pkg/worlds/gazebo_models/Nurse/model.config
[0.449s] -- Up-to-date symlink: /home/zwier/agv_ws/install/agv_pkg/share/agv_pkg/worlds/gazebo_models/Nurse/model.sdf
[0.449s] -- Up-to-date symlink: /home/zwier/agv_ws/install/agv_pkg/share/agv_pkg/worlds/gazebo_models/Nurse/thumbnails/1.png
[0.449s] -- Up-to-date symlink: /home/zwier/agv_ws/install/agv_pkg/share/agv_pkg/worlds/gazebo_models/Nurse/thumbnails/2.png
[0.449s] -- Up-to-date symlink: /home/zwier/agv_ws/install/agv_pkg/share/agv_pkg/worlds/gazebo_models/Nurse/thumbnails/3.png
[0.449s] -- Up-to-date symlink: /home/zwier/agv_ws/install/agv_pkg/share/agv_pkg/worlds/gazebo_models/Nurse/thumbnails/4.png
[0.449s] -- Up-to-date symlink: /home/zwier/agv_ws/install/agv_pkg/share/agv_pkg/worlds/gazebo_models/Nurse/thumbnails/5.png
[0.450s] -- Up-to-date symlink: /home/zwier/agv_ws/install/agv_pkg/share/agv_pkg/worlds/gazebo_models/Office Chair/materials/textures/OfficeChair_Albedo.png
[0.450s] -- Up-to-date symlink: /home/zwier/agv_ws/install/agv_pkg/share/agv_pkg/worlds/gazebo_models/Office Chair/materials/textures/OfficeChair_Metalness.png
[0.450s] -- Up-to-date symlink: /home/zwier/agv_ws/install/agv_pkg/share/agv_pkg/worlds/gazebo_models/Office Chair/materials/textures/OfficeChair_Normal.png
[0.450s] -- Up-to-date symlink: /home/zwier/agv_ws/install/agv_pkg/share/agv_pkg/worlds/gazebo_models/Office Chair/materials/textures/OfficeChair_Roughness.png
[0.450s] -- Up-to-date symlink: /home/zwier/agv_ws/install/agv_pkg/share/agv_pkg/worlds/gazebo_models/Office Chair/meshes/officechair.dae
[0.451s] -- Up-to-date symlink: /home/zwier/agv_ws/install/agv_pkg/share/agv_pkg/worlds/gazebo_models/Office Chair/model.config
[0.451s] -- Up-to-date symlink: /home/zwier/agv_ws/install/agv_pkg/share/agv_pkg/worlds/gazebo_models/Office Chair/model.sdf
[0.451s] -- Up-to-date symlink: /home/zwier/agv_ws/install/agv_pkg/share/agv_pkg/worlds/gazebo_models/Office Chair/thumbnails/OfficeChair.png
[0.451s] -- Up-to-date symlink: /home/zwier/agv_ws/install/agv_pkg/share/agv_pkg/worlds/gazebo_models/RoboCup SPL Ball/model.config
[0.451s] -- Up-to-date symlink: /home/zwier/agv_ws/install/agv_pkg/share/agv_pkg/worlds/gazebo_models/RoboCup SPL Ball/model.sdf
[0.451s] -- Up-to-date symlink: /home/zwier/agv_ws/install/agv_pkg/share/agv_pkg/worlds/gazebo_models/RoboCup SPL Ball/thumbnails/1.png
[0.452s] -- Up-to-date symlink: /home/zwier/agv_ws/install/agv_pkg/share/agv_pkg/worlds/gazebo_models/RoboCup SPL Ball/thumbnails/2.png
[0.452s] -- Up-to-date symlink: /home/zwier/agv_ws/install/agv_pkg/share/agv_pkg/worlds/gazebo_models/RoboCup SPL Ball/thumbnails/3.png
[0.452s] -- Up-to-date symlink: /home/zwier/agv_ws/install/agv_pkg/share/agv_pkg/worlds/gazebo_models/RoboCup SPL Ball/thumbnails/4.png
[0.452s] -- Up-to-date symlink: /home/zwier/agv_ws/install/agv_pkg/share/agv_pkg/worlds/gazebo_models/RoboCup SPL Ball/thumbnails/5.png
[0.453s] -- Up-to-date symlink: /home/zwier/agv_ws/install/agv_pkg/share/agv_pkg/worlds/gazebo_models/Sofa/meshes/Sofa.mtl
[0.453s] -- Up-to-date symlink: /home/zwier/agv_ws/install/agv_pkg/share/agv_pkg/worlds/gazebo_models/Sofa/meshes/Sofa.obj
[0.453s] -- Up-to-date symlink: /home/zwier/agv_ws/install/agv_pkg/share/agv_pkg/worlds/gazebo_models/Sofa/meshes/SofaDiffuse.png
[0.453s] -- Up-to-date symlink: /home/zwier/agv_ws/install/agv_pkg/share/agv_pkg/worlds/gazebo_models/Sofa/model.config
[0.453s] -- Up-to-date symlink: /home/zwier/agv_ws/install/agv_pkg/share/agv_pkg/worlds/gazebo_models/Sofa/model.sdf
[0.453s] -- Up-to-date symlink: /home/zwier/agv_ws/install/agv_pkg/share/agv_pkg/worlds/gazebo_models/Sofa/thumbnails/1.png
[0.453s] -- Up-to-date symlink: /home/zwier/agv_ws/install/agv_pkg/share/agv_pkg/worlds/gazebo_models/Sofa/thumbnails/2.png
[0.454s] -- Up-to-date symlink: /home/zwier/agv_ws/install/agv_pkg/share/agv_pkg/worlds/gazebo_models/Sofa/thumbnails/3.png
[0.454s] -- Up-to-date symlink: /home/zwier/agv_ws/install/agv_pkg/share/agv_pkg/worlds/gazebo_models/Sofa/thumbnails/4.png
[0.454s] -- Up-to-date symlink: /home/zwier/agv_ws/install/agv_pkg/share/agv_pkg/worlds/gazebo_models/Sofa/thumbnails/5.png
[0.454s] -- Up-to-date symlink: /home/zwier/agv_ws/install/agv_pkg/share/agv_pkg/worlds/gazebo_models/Suitcase1H/meshes/Suitcase1H.mtl
[0.454s] -- Up-to-date symlink: /home/zwier/agv_ws/install/agv_pkg/share/agv_pkg/worlds/gazebo_models/Suitcase1H/meshes/Suitcase1H.obj
[0.454s] -- Up-to-date symlink: /home/zwier/agv_ws/install/agv_pkg/share/agv_pkg/worlds/gazebo_models/Suitcase1H/meshes/Suitcase1H_Col.mtl
[0.455s] -- Up-to-date symlink: /home/zwier/agv_ws/install/agv_pkg/share/agv_pkg/worlds/gazebo_models/Suitcase1H/meshes/Suitcase1H_Col.obj
[0.455s] -- Up-to-date symlink: /home/zwier/agv_ws/install/agv_pkg/share/agv_pkg/worlds/gazebo_models/Suitcase1H/meshes/Suitcase1H_Diffuse.png
[0.455s] -- Up-to-date symlink: /home/zwier/agv_ws/install/agv_pkg/share/agv_pkg/worlds/gazebo_models/Suitcase1H/meshes/Suitcase1H_Metal.png
[0.455s] -- Up-to-date symlink: /home/zwier/agv_ws/install/agv_pkg/share/agv_pkg/worlds/gazebo_models/Suitcase1H/meshes/Suitcase1H_Normal.png
[0.455s] -- Up-to-date symlink: /home/zwier/agv_ws/install/agv_pkg/share/agv_pkg/worlds/gazebo_models/Suitcase1H/meshes/Suitcase1H_Rough.png
[0.455s] -- Up-to-date symlink: /home/zwier/agv_ws/install/agv_pkg/share/agv_pkg/worlds/gazebo_models/Suitcase1H/model.config
[0.456s] -- Up-to-date symlink: /home/zwier/agv_ws/install/agv_pkg/share/agv_pkg/worlds/gazebo_models/Suitcase1H/model.sdf
[0.456s] -- Up-to-date symlink: /home/zwier/agv_ws/install/agv_pkg/share/agv_pkg/worlds/gazebo_models/Suitcase1H/thumbnails/1.png
[0.456s] -- Up-to-date symlink: /home/zwier/agv_ws/install/agv_pkg/share/agv_pkg/worlds/gazebo_models/Suitcase1H/thumbnails/2.png
[0.456s] -- Up-to-date symlink: /home/zwier/agv_ws/install/agv_pkg/share/agv_pkg/worlds/gazebo_models/Suitcase1H/thumbnails/3.png
[0.456s] -- Up-to-date symlink: /home/zwier/agv_ws/install/agv_pkg/share/agv_pkg/worlds/gazebo_models/Suitcase1H/thumbnails/4.png
[0.457s] -- Up-to-date symlink: /home/zwier/agv_ws/install/agv_pkg/share/agv_pkg/worlds/gazebo_models/Suitcase1H/thumbnails/5.png
[0.457s] -- Up-to-date symlink: /home/zwier/agv_ws/install/agv_pkg/share/agv_pkg/worlds/gazebo_models/Table/Table_Diffuse.jpg
[0.457s] -- Up-to-date symlink: /home/zwier/agv_ws/install/agv_pkg/share/agv_pkg/worlds/gazebo_models/Table/model-1_2.sdf
[0.457s] -- Up-to-date symlink: /home/zwier/agv_ws/install/agv_pkg/share/agv_pkg/worlds/gazebo_models/Table/model-1_3.sdf
[0.457s] -- Up-to-date symlink: /home/zwier/agv_ws/install/agv_pkg/share/agv_pkg/worlds/gazebo_models/Table/model-1_4.sdf
[0.457s] -- Up-to-date symlink: /home/zwier/agv_ws/install/agv_pkg/share/agv_pkg/worlds/gazebo_models/Table/model.config
[0.458s] -- Up-to-date symlink: /home/zwier/agv_ws/install/agv_pkg/share/agv_pkg/worlds/gazebo_models/Table/model.sdf
[0.458s] -- Up-to-date symlink: /home/zwier/agv_ws/install/agv_pkg/share/agv_pkg/worlds/gazebo_models/Table/thumbnails/1.png
[0.458s] -- Up-to-date symlink: /home/zwier/agv_ws/install/agv_pkg/share/agv_pkg/worlds/gazebo_models/Table/thumbnails/2.png
[0.458s] -- Up-to-date symlink: /home/zwier/agv_ws/install/agv_pkg/share/agv_pkg/worlds/gazebo_models/Table/thumbnails/3.png
[0.458s] -- Up-to-date symlink: /home/zwier/agv_ws/install/agv_pkg/share/agv_pkg/worlds/gazebo_models/Table/thumbnails/4.png
[0.459s] -- Up-to-date symlink: /home/zwier/agv_ws/install/agv_pkg/share/agv_pkg/worlds/gazebo_models/Table/thumbnails/5.png
[0.459s] -- Up-to-date symlink: /home/zwier/agv_ws/install/agv_pkg/share/agv_pkg/worlds/gazebo_models/aws_robomaker_warehouse_ClutteringC_01/materials/textures/aws_robomaker_warehouse_ClutteringC_01.png
[0.459s] -- Up-to-date symlink: /home/zwier/agv_ws/install/agv_pkg/share/agv_pkg/worlds/gazebo_models/aws_robomaker_warehouse_ClutteringC_01/materials/textures/aws_robomaker_warehouse_ClutteringC_02.png
[0.459s] -- Up-to-date symlink: /home/zwier/agv_ws/install/agv_pkg/share/agv_pkg/worlds/gazebo_models/aws_robomaker_warehouse_ClutteringC_01/meshes/aws_robomaker_warehouse_ClutteringC_01_collision.DAE
[0.459s] -- Up-to-date symlink: /home/zwier/agv_ws/install/agv_pkg/share/agv_pkg/worlds/gazebo_models/aws_robomaker_warehouse_ClutteringC_01/meshes/aws_robomaker_warehouse_ClutteringC_01_visual.DAE
[0.459s] -- Up-to-date symlink: /home/zwier/agv_ws/install/agv_pkg/share/agv_pkg/worlds/gazebo_models/aws_robomaker_warehouse_ClutteringC_01/metadata.pbtxt
[0.460s] -- Up-to-date symlink: /home/zwier/agv_ws/install/agv_pkg/share/agv_pkg/worlds/gazebo_models/aws_robomaker_warehouse_ClutteringC_01/model.config
[0.460s] -- Up-to-date symlink: /home/zwier/agv_ws/install/agv_pkg/share/agv_pkg/worlds/gazebo_models/aws_robomaker_warehouse_ClutteringC_01/model.sdf
[0.460s] -- Up-to-date symlink: /home/zwier/agv_ws/install/agv_pkg/share/agv_pkg/worlds/gazebo_models/aws_robomaker_warehouse_ClutteringC_01/thumbnails/1.png
[0.460s] -- Up-to-date symlink: /home/zwier/agv_ws/install/agv_pkg/share/agv_pkg/worlds/gazebo_models/aws_robomaker_warehouse_ClutteringC_01/thumbnails/2.png
[0.460s] -- Up-to-date symlink: /home/zwier/agv_ws/install/agv_pkg/share/agv_pkg/worlds/gazebo_models/aws_robomaker_warehouse_ClutteringC_01/thumbnails/3.png
[0.461s] -- Up-to-date symlink: /home/zwier/agv_ws/install/agv_pkg/share/agv_pkg/worlds/gazebo_models/aws_robomaker_warehouse_ClutteringC_01/thumbnails/4.png
[0.461s] -- Up-to-date symlink: /home/zwier/agv_ws/install/agv_pkg/share/agv_pkg/worlds/gazebo_models/aws_robomaker_warehouse_ClutteringC_01/thumbnails/5.png
[0.461s] -- Up-to-date symlink: /home/zwier/agv_ws/install/agv_pkg/share/agv_pkg/worlds/gazebo_models/beer/materials/scripts/beer.material
[0.461s] -- Up-to-date symlink: /home/zwier/agv_ws/install/agv_pkg/share/agv_pkg/worlds/gazebo_models/beer/materials/textures/beer.png
[0.461s] -- Up-to-date symlink: /home/zwier/agv_ws/install/agv_pkg/share/agv_pkg/worlds/gazebo_models/beer/model-1_4.sdf
[0.461s] -- Up-to-date symlink: /home/zwier/agv_ws/install/agv_pkg/share/agv_pkg/worlds/gazebo_models/beer/model.config
[0.462s] -- Up-to-date symlink: /home/zwier/agv_ws/install/agv_pkg/share/agv_pkg/worlds/gazebo_models/beer/model.sdf
[0.462s] -- Up-to-date symlink: /home/zwier/agv_ws/install/agv_pkg/share/agv_pkg/worlds/gazebo_models/beer/thumbnails/1.png
[0.462s] -- Up-to-date symlink: /home/zwier/agv_ws/install/agv_pkg/share/agv_pkg/worlds/gazebo_models/beer/thumbnails/2.png
[0.462s] -- Up-to-date symlink: /home/zwier/agv_ws/install/agv_pkg/share/agv_pkg/worlds/gazebo_models/beer/thumbnails/3.png
[0.462s] -- Up-to-date symlink: /home/zwier/agv_ws/install/agv_pkg/share/agv_pkg/worlds/gazebo_models/beer/thumbnails/4.png
[0.462s] -- Up-to-date symlink: /home/zwier/agv_ws/install/agv_pkg/share/agv_pkg/worlds/gazebo_models/beer/thumbnails/5.png
[0.463s] -- Up-to-date symlink: /home/zwier/agv_ws/install/agv_pkg/share/agv_pkg/worlds/gazebo_models/brick_box_3x1x3/materials/scripts/brick_box.material
[0.463s] -- Up-to-date symlink: /home/zwier/agv_ws/install/agv_pkg/share/agv_pkg/worlds/gazebo_models/brick_box_3x1x3/materials/textures/simple_box.png
[0.463s] -- Up-to-date symlink: /home/zwier/agv_ws/install/agv_pkg/share/agv_pkg/worlds/gazebo_models/brick_box_3x1x3/meshes/simple_box.dae
[0.463s] -- Up-to-date symlink: /home/zwier/agv_ws/install/agv_pkg/share/agv_pkg/worlds/gazebo_models/brick_box_3x1x3/model-1_3.sdf
[0.463s] -- Up-to-date symlink: /home/zwier/agv_ws/install/agv_pkg/share/agv_pkg/worlds/gazebo_models/brick_box_3x1x3/model-1_4.sdf
[0.463s] -- Up-to-date symlink: /home/zwier/agv_ws/install/agv_pkg/share/agv_pkg/worlds/gazebo_models/brick_box_3x1x3/model.config
[0.464s] -- Up-to-date symlink: /home/zwier/agv_ws/install/agv_pkg/share/agv_pkg/worlds/gazebo_models/brick_box_3x1x3/model.sdf
[0.464s] -- Up-to-date symlink: /home/zwier/agv_ws/install/agv_pkg/share/agv_pkg/worlds/gazebo_models/brick_box_3x1x3/thumbnails/1.png
[0.464s] -- Up-to-date symlink: /home/zwier/agv_ws/install/agv_pkg/share/agv_pkg/worlds/gazebo_models/brick_box_3x1x3/thumbnails/2.png
[0.464s] -- Up-to-date symlink: /home/zwier/agv_ws/install/agv_pkg/share/agv_pkg/worlds/gazebo_models/brick_box_3x1x3/thumbnails/3.png
[0.465s] -- Up-to-date symlink: /home/zwier/agv_ws/install/agv_pkg/share/agv_pkg/worlds/gazebo_models/brick_box_3x1x3/thumbnails/4.png
[0.465s] -- Up-to-date symlink: /home/zwier/agv_ws/install/agv_pkg/share/agv_pkg/worlds/gazebo_models/brick_box_3x1x3/thumbnails/5.png
[0.465s] -- Up-to-date symlink: /home/zwier/agv_ws/install/agv_pkg/share/agv_pkg/worlds/gazebo_models/cafe_table/materials/textures/Maple.jpg
[0.466s] -- Up-to-date symlink: /home/zwier/agv_ws/install/agv_pkg/share/agv_pkg/worlds/gazebo_models/cafe_table/materials/textures/Wood_Floor_Dark.jpg
[0.466s] -- Up-to-date symlink: /home/zwier/agv_ws/install/agv_pkg/share/agv_pkg/worlds/gazebo_models/cafe_table/meshes/Maple.jpg
[0.466s] -- Up-to-date symlink: /home/zwier/agv_ws/install/agv_pkg/share/agv_pkg/worlds/gazebo_models/cafe_table/meshes/Wood_Floor_Dark.jpg
[0.466s] -- Up-to-date symlink: /home/zwier/agv_ws/install/agv_pkg/share/agv_pkg/worlds/gazebo_models/cafe_table/meshes/cafe_table.dae
[0.466s] -- Up-to-date symlink: /home/zwier/agv_ws/install/agv_pkg/share/agv_pkg/worlds/gazebo_models/cafe_table/model-1_4.sdf
[0.467s] -- Up-to-date symlink: /home/zwier/agv_ws/install/agv_pkg/share/agv_pkg/worlds/gazebo_models/cafe_table/model.config
[0.467s] -- Up-to-date symlink: /home/zwier/agv_ws/install/agv_pkg/share/agv_pkg/worlds/gazebo_models/cafe_table/model.sdf
[0.467s] -- Up-to-date symlink: /home/zwier/agv_ws/install/agv_pkg/share/agv_pkg/worlds/gazebo_models/cafe_table/thumbnails/1.png
[0.467s] -- Up-to-date symlink: /home/zwier/agv_ws/install/agv_pkg/share/agv_pkg/worlds/gazebo_models/cafe_table/thumbnails/2.png
[0.468s] -- Up-to-date symlink: /home/zwier/agv_ws/install/agv_pkg/share/agv_pkg/worlds/gazebo_models/cafe_table/thumbnails/3.png
[0.468s] -- Up-to-date symlink: /home/zwier/agv_ws/install/agv_pkg/share/agv_pkg/worlds/gazebo_models/cafe_table/thumbnails/4.png
[0.468s] -- Up-to-date symlink: /home/zwier/agv_ws/install/agv_pkg/share/agv_pkg/worlds/gazebo_models/cafe_table/thumbnails/5.png
[0.468s] -- Up-to-date symlink: /home/zwier/agv_ws/install/agv_pkg/share/agv_pkg/worlds/gazebo_models/cardboard_box/materials/textures/cardboard_box.png
[0.469s] -- Up-to-date symlink: /home/zwier/agv_ws/install/agv_pkg/share/agv_pkg/worlds/gazebo_models/cardboard_box/meshes/cardboard_box.dae
[0.469s] -- Up-to-date symlink: /home/zwier/agv_ws/install/agv_pkg/share/agv_pkg/worlds/gazebo_models/cardboard_box/meshes/cardboard_box.png
[0.469s] -- Up-to-date symlink: /home/zwier/agv_ws/install/agv_pkg/share/agv_pkg/worlds/gazebo_models/cardboard_box/model.config
[0.469s] -- Up-to-date symlink: /home/zwier/agv_ws/install/agv_pkg/share/agv_pkg/worlds/gazebo_models/cardboard_box/model.sdf
[0.470s] -- Up-to-date symlink: /home/zwier/agv_ws/install/agv_pkg/share/agv_pkg/worlds/gazebo_models/cardboard_box/thumbnails/1.png
[0.471s] -- Up-to-date symlink: /home/zwier/agv_ws/install/agv_pkg/share/agv_pkg/worlds/gazebo_models/cardboard_box/thumbnails/2.png
[0.471s] -- Up-to-date symlink: /home/zwier/agv_ws/install/agv_pkg/share/agv_pkg/worlds/gazebo_models/cardboard_box/thumbnails/3.png
[0.471s] -- Up-to-date symlink: /home/zwier/agv_ws/install/agv_pkg/share/agv_pkg/worlds/gazebo_models/cardboard_box/thumbnails/4.png
[0.471s] -- Up-to-date symlink: /home/zwier/agv_ws/install/agv_pkg/share/agv_pkg/worlds/gazebo_models/cardboard_box/thumbnails/5.png
[0.472s] -- Up-to-date symlink: /home/zwier/agv_ws/install/agv_pkg/share/agv_pkg/worlds/gazebo_models/coke_can/materials/textures/coke_can.png
[0.472s] -- Up-to-date symlink: /home/zwier/agv_ws/install/agv_pkg/share/agv_pkg/worlds/gazebo_models/coke_can/meshes/coke_can.dae
[0.472s] -- Up-to-date symlink: /home/zwier/agv_ws/install/agv_pkg/share/agv_pkg/worlds/gazebo_models/coke_can/model-1_2.sdf
[0.472s] -- Up-to-date symlink: /home/zwier/agv_ws/install/agv_pkg/share/agv_pkg/worlds/gazebo_models/coke_can/model-1_3.sdf
[0.473s] -- Up-to-date symlink: /home/zwier/agv_ws/install/agv_pkg/share/agv_pkg/worlds/gazebo_models/coke_can/model-1_4.sdf
[0.473s] -- Up-to-date symlink: /home/zwier/agv_ws/install/agv_pkg/share/agv_pkg/worlds/gazebo_models/coke_can/model.config
[0.473s] -- Up-to-date symlink: /home/zwier/agv_ws/install/agv_pkg/share/agv_pkg/worlds/gazebo_models/coke_can/model.sdf
[0.473s] -- Up-to-date symlink: /home/zwier/agv_ws/install/agv_pkg/share/agv_pkg/worlds/gazebo_models/coke_can/thumbnails/1.png
[0.473s] -- Up-to-date symlink: /home/zwier/agv_ws/install/agv_pkg/share/agv_pkg/worlds/gazebo_models/coke_can/thumbnails/2.png
[0.474s] -- Up-to-date symlink: /home/zwier/agv_ws/install/agv_pkg/share/agv_pkg/worlds/gazebo_models/coke_can/thumbnails/3.png
[0.474s] -- Up-to-date symlink: /home/zwier/agv_ws/install/agv_pkg/share/agv_pkg/worlds/gazebo_models/coke_can/thumbnails/4.png
[0.475s] -- Up-to-date symlink: /home/zwier/agv_ws/install/agv_pkg/share/agv_pkg/worlds/gazebo_models/coke_can/thumbnails/5.png
[0.475s] -- Up-to-date symlink: /home/zwier/agv_ws/install/agv_pkg/share/agv_pkg/worlds/gazebo_models/coke_can_steel/meshes/coke_can.mtl
[0.476s] -- Up-to-date symlink: /home/zwier/agv_ws/install/agv_pkg/share/agv_pkg/worlds/gazebo_models/coke_can_steel/meshes/coke_can.obj
[0.476s] -- Up-to-date symlink: /home/zwier/agv_ws/install/agv_pkg/share/agv_pkg/worlds/gazebo_models/coke_can_steel/meshes/coke_can.png
[0.477s] -- Up-to-date symlink: /home/zwier/agv_ws/install/agv_pkg/share/agv_pkg/worlds/gazebo_models/coke_can_steel/model.config
[0.477s] -- Up-to-date symlink: /home/zwier/agv_ws/install/agv_pkg/share/agv_pkg/worlds/gazebo_models/coke_can_steel/model.sdf
[0.477s] -- Up-to-date symlink: /home/zwier/agv_ws/install/agv_pkg/share/agv_pkg/worlds/gazebo_models/coke_can_steel/thumbnails/1.png
[0.477s] -- Up-to-date symlink: /home/zwier/agv_ws/install/agv_pkg/share/agv_pkg/worlds/gazebo_models/coke_can_steel/thumbnails/2.png
[0.478s] -- Up-to-date symlink: /home/zwier/agv_ws/install/agv_pkg/share/agv_pkg/worlds/gazebo_models/dumpster/materials/scripts/dumpster.material
[0.479s] -- Up-to-date symlink: /home/zwier/agv_ws/install/agv_pkg/share/agv_pkg/worlds/gazebo_models/dumpster/materials/textures/Dumpster_Diffuse.png
[0.479s] -- Up-to-date symlink: /home/zwier/agv_ws/install/agv_pkg/share/agv_pkg/worlds/gazebo_models/dumpster/materials/textures/Dumpster_Spec.png
[0.479s] -- Up-to-date symlink: /home/zwier/agv_ws/install/agv_pkg/share/agv_pkg/worlds/gazebo_models/dumpster/meshes/dumpster.dae
[0.480s] -- Up-to-date symlink: /home/zwier/agv_ws/install/agv_pkg/share/agv_pkg/worlds/gazebo_models/dumpster/model-1_3.sdf
[0.480s] -- Up-to-date symlink: /home/zwier/agv_ws/install/agv_pkg/share/agv_pkg/worlds/gazebo_models/dumpster/model-1_4.sdf
[0.481s] -- Up-to-date symlink: /home/zwier/agv_ws/install/agv_pkg/share/agv_pkg/worlds/gazebo_models/dumpster/model.config
[0.481s] -- Up-to-date symlink: /home/zwier/agv_ws/install/agv_pkg/share/agv_pkg/worlds/gazebo_models/dumpster/model.sdf
[0.481s] -- Up-to-date symlink: /home/zwier/agv_ws/install/agv_pkg/share/agv_pkg/worlds/gazebo_models/dumpster/thumbnails/1.png
[0.482s] -- Up-to-date symlink: /home/zwier/agv_ws/install/agv_pkg/share/agv_pkg/worlds/gazebo_models/dumpster/thumbnails/2.png
[0.482s] -- Up-to-date symlink: /home/zwier/agv_ws/install/agv_pkg/share/agv_pkg/worlds/gazebo_models/dumpster/thumbnails/3.png
[0.483s] -- Up-to-date symlink: /home/zwier/agv_ws/install/agv_pkg/share/agv_pkg/worlds/gazebo_models/dumpster/thumbnails/4.png
[0.483s] -- Up-to-date symlink: /home/zwier/agv_ws/install/agv_pkg/share/agv_pkg/worlds/gazebo_models/dumpster/thumbnails/5.png
[0.483s] -- Up-to-date symlink: /home/zwier/agv_ws/install/agv_pkg/share/agv_pkg/worlds/gazebo_models/fire_hydrant/materials/textures/fire_hydrant_diffuse.png
[0.484s] -- Up-to-date symlink: /home/zwier/agv_ws/install/agv_pkg/share/agv_pkg/worlds/gazebo_models/fire_hydrant/materials/textures/fire_hydrant_spec.png
[0.484s] -- Up-to-date symlink: /home/zwier/agv_ws/install/agv_pkg/share/agv_pkg/worlds/gazebo_models/fire_hydrant/meshes/fire_hydrant.dae
[0.484s] -- Up-to-date symlink: /home/zwier/agv_ws/install/agv_pkg/share/agv_pkg/worlds/gazebo_models/fire_hydrant/meshes/fire_hydrant_diffuse.png
[0.484s] -- Up-to-date symlink: /home/zwier/agv_ws/install/agv_pkg/share/agv_pkg/worlds/gazebo_models/fire_hydrant/meshes/fire_hydrant_spec.png
[0.485s] -- Up-to-date symlink: /home/zwier/agv_ws/install/agv_pkg/share/agv_pkg/worlds/gazebo_models/fire_hydrant/model-1_4.sdf
[0.485s] -- Up-to-date symlink: /home/zwier/agv_ws/install/agv_pkg/share/agv_pkg/worlds/gazebo_models/fire_hydrant/model.config
[0.486s] -- Up-to-date symlink: /home/zwier/agv_ws/install/agv_pkg/share/agv_pkg/worlds/gazebo_models/fire_hydrant/model.sdf
[0.486s] -- Up-to-date symlink: /home/zwier/agv_ws/install/agv_pkg/share/agv_pkg/worlds/gazebo_models/fire_hydrant/thumbnails/1.png
[0.486s] -- Up-to-date symlink: /home/zwier/agv_ws/install/agv_pkg/share/agv_pkg/worlds/gazebo_models/fire_hydrant/thumbnails/2.png
[0.486s] -- Up-to-date symlink: /home/zwier/agv_ws/install/agv_pkg/share/agv_pkg/worlds/gazebo_models/fire_hydrant/thumbnails/3.png
[0.486s] -- Up-to-date symlink: /home/zwier/agv_ws/install/agv_pkg/share/agv_pkg/worlds/gazebo_models/fire_hydrant/thumbnails/4.png
[0.487s] -- Up-to-date symlink: /home/zwier/agv_ws/install/agv_pkg/share/agv_pkg/worlds/gazebo_models/fire_hydrant/thumbnails/5.png
[0.487s] -- Up-to-date symlink: /home/zwier/agv_ws/install/agv_pkg/share/agv_pkg/worlds/gazebo_models/first_2015_trash_can/meshes/trash_can.dae
[0.487s] -- Up-to-date symlink: /home/zwier/agv_ws/install/agv_pkg/share/agv_pkg/worlds/gazebo_models/first_2015_trash_can/model.config
[0.487s] -- Up-to-date symlink: /home/zwier/agv_ws/install/agv_pkg/share/agv_pkg/worlds/gazebo_models/first_2015_trash_can/model.sdf
[0.487s] -- Up-to-date symlink: /home/zwier/agv_ws/install/agv_pkg/share/agv_pkg/worlds/gazebo_models/first_2015_trash_can/thumbnails/1.png
[0.487s] -- Up-to-date symlink: /home/zwier/agv_ws/install/agv_pkg/share/agv_pkg/worlds/gazebo_models/first_2015_trash_can/thumbnails/2.png
[0.488s] -- Up-to-date symlink: /home/zwier/agv_ws/install/agv_pkg/share/agv_pkg/worlds/gazebo_models/first_2015_trash_can/thumbnails/3.png
[0.488s] -- Up-to-date symlink: /home/zwier/agv_ws/install/agv_pkg/share/agv_pkg/worlds/gazebo_models/first_2015_trash_can/thumbnails/4.png
[0.488s] -- Up-to-date symlink: /home/zwier/agv_ws/install/agv_pkg/share/agv_pkg/worlds/gazebo_models/first_2015_trash_can/thumbnails/5.png
[0.488s] -- Up-to-date symlink: /home/zwier/agv_ws/install/agv_pkg/share/agv_pkg/worlds/gazebo_models/mailbox/materials/scripts/mailbox.material
[0.488s] -- Up-to-date symlink: /home/zwier/agv_ws/install/agv_pkg/share/agv_pkg/worlds/gazebo_models/mailbox/materials/textures/Mailbox_Diffuse.png
[0.489s] -- Up-to-date symlink: /home/zwier/agv_ws/install/agv_pkg/share/agv_pkg/worlds/gazebo_models/mailbox/materials/textures/Mailbox_Diffuse.tga.orig
[0.489s] -- Up-to-date symlink: /home/zwier/agv_ws/install/agv_pkg/share/agv_pkg/worlds/gazebo_models/mailbox/materials/textures/Mailbox_Spec.png
[0.489s] -- Up-to-date symlink: /home/zwier/agv_ws/install/agv_pkg/share/agv_pkg/worlds/gazebo_models/mailbox/meshes/Mailbox_Diffuse.png
[0.489s] -- Up-to-date symlink: /home/zwier/agv_ws/install/agv_pkg/share/agv_pkg/worlds/gazebo_models/mailbox/meshes/Mailbox_Spec.png
[0.490s] -- Up-to-date symlink: /home/zwier/agv_ws/install/agv_pkg/share/agv_pkg/worlds/gazebo_models/mailbox/meshes/mailbox.dae
[0.490s] -- Up-to-date symlink: /home/zwier/agv_ws/install/agv_pkg/share/agv_pkg/worlds/gazebo_models/mailbox/model-1_3.sdf
[0.490s] -- Up-to-date symlink: /home/zwier/agv_ws/install/agv_pkg/share/agv_pkg/worlds/gazebo_models/mailbox/model-1_4.sdf
[0.490s] -- Up-to-date symlink: /home/zwier/agv_ws/install/agv_pkg/share/agv_pkg/worlds/gazebo_models/mailbox/model.config
[0.491s] -- Up-to-date symlink: /home/zwier/agv_ws/install/agv_pkg/share/agv_pkg/worlds/gazebo_models/mailbox/model.sdf
[0.491s] -- Up-to-date symlink: /home/zwier/agv_ws/install/agv_pkg/share/agv_pkg/worlds/gazebo_models/mailbox/thumbnails/1.png
[0.491s] -- Up-to-date symlink: /home/zwier/agv_ws/install/agv_pkg/share/agv_pkg/worlds/gazebo_models/mailbox/thumbnails/2.png
[0.492s] -- Up-to-date symlink: /home/zwier/agv_ws/install/agv_pkg/share/agv_pkg/worlds/gazebo_models/mailbox/thumbnails/3.png
[0.492s] -- Up-to-date symlink: /home/zwier/agv_ws/install/agv_pkg/share/agv_pkg/worlds/gazebo_models/mailbox/thumbnails/4.png
[0.492s] -- Up-to-date symlink: /home/zwier/agv_ws/install/agv_pkg/share/agv_pkg/worlds/gazebo_models/mailbox/thumbnails/5.png
[0.493s] -- Up-to-date symlink: /home/zwier/agv_ws/install/agv_pkg/share/agv_pkg/worlds/gazebo_models/nist_maze_wall_120/materials/textures/plywood256x256.png
[0.493s] -- Up-to-date symlink: /home/zwier/agv_ws/install/agv_pkg/share/agv_pkg/worlds/gazebo_models/nist_maze_wall_120/meshes/nist_maze_wall_120.dae
[0.493s] -- Up-to-date symlink: /home/zwier/agv_ws/install/agv_pkg/share/agv_pkg/worlds/gazebo_models/nist_maze_wall_120/model-1_2.sdf
[0.494s] -- Up-to-date symlink: /home/zwier/agv_ws/install/agv_pkg/share/agv_pkg/worlds/gazebo_models/nist_maze_wall_120/model-1_3.sdf
[0.494s] -- Up-to-date symlink: /home/zwier/agv_ws/install/agv_pkg/share/agv_pkg/worlds/gazebo_models/nist_maze_wall_120/model-1_4.sdf
[0.494s] -- Up-to-date symlink: /home/zwier/agv_ws/install/agv_pkg/share/agv_pkg/worlds/gazebo_models/nist_maze_wall_120/model.config
[0.495s] -- Up-to-date symlink: /home/zwier/agv_ws/install/agv_pkg/share/agv_pkg/worlds/gazebo_models/nist_maze_wall_120/model.sdf
[0.495s] -- Up-to-date symlink: /home/zwier/agv_ws/install/agv_pkg/share/agv_pkg/worlds/gazebo_models/nist_maze_wall_120/thumbnails/1.png
[0.496s] -- Up-to-date symlink: /home/zwier/agv_ws/install/agv_pkg/share/agv_pkg/worlds/gazebo_models/nist_maze_wall_120/thumbnails/2.png
[0.496s] -- Up-to-date symlink: /home/zwier/agv_ws/install/agv_pkg/share/agv_pkg/worlds/gazebo_models/nist_maze_wall_120/thumbnails/3.png
[0.496s] -- Up-to-date symlink: /home/zwier/agv_ws/install/agv_pkg/share/agv_pkg/worlds/gazebo_models/nist_maze_wall_120/thumbnails/4.png
[0.497s] -- Up-to-date symlink: /home/zwier/agv_ws/install/agv_pkg/share/agv_pkg/worlds/gazebo_models/nist_maze_wall_120/thumbnails/5.png
[0.497s] -- Up-to-date symlink: /home/zwier/agv_ws/install/agv_pkg/share/agv_pkg/worlds/gazebo_models/person_standing/materials/textures/eyebrow001-unmodified.png
[0.497s] -- Up-to-date symlink: /home/zwier/agv_ws/install/agv_pkg/share/agv_pkg/worlds/gazebo_models/person_standing/materials/textures/eyebrow001.png
[0.498s] -- Up-to-date symlink: /home/zwier/agv_ws/install/agv_pkg/share/agv_pkg/worlds/gazebo_models/person_standing/materials/textures/green_eye.png
[0.498s] -- Up-to-date symlink: /home/zwier/agv_ws/install/agv_pkg/share/agv_pkg/worlds/gazebo_models/person_standing/materials/textures/jeans01_normals.png
[0.498s] -- Up-to-date symlink: /home/zwier/agv_ws/install/agv_pkg/share/agv_pkg/worlds/gazebo_models/person_standing/materials/textures/jeans_basic_diffuse.png
[0.499s] -- Up-to-date symlink: /home/zwier/agv_ws/install/agv_pkg/share/agv_pkg/worlds/gazebo_models/person_standing/materials/textures/male02_diffuse_black-unmodified.png
[0.499s] -- Up-to-date symlink: /home/zwier/agv_ws/install/agv_pkg/share/agv_pkg/worlds/gazebo_models/person_standing/materials/textures/male02_diffuse_black.png
[0.500s] -- Up-to-date symlink: /home/zwier/agv_ws/install/agv_pkg/share/agv_pkg/worlds/gazebo_models/person_standing/materials/textures/teeth.png
[0.500s] -- Up-to-date symlink: /home/zwier/agv_ws/install/agv_pkg/share/agv_pkg/worlds/gazebo_models/person_standing/materials/textures/tshirt02_normals.png
[0.501s] -- Up-to-date symlink: /home/zwier/agv_ws/install/agv_pkg/share/agv_pkg/worlds/gazebo_models/person_standing/materials/textures/tshirt02_texture.png
[0.501s] -- Up-to-date symlink: /home/zwier/agv_ws/install/agv_pkg/share/agv_pkg/worlds/gazebo_models/person_standing/materials/textures/young_lightskinned_male_diffuse.png
[0.501s] -- Up-to-date symlink: /home/zwier/agv_ws/install/agv_pkg/share/agv_pkg/worlds/gazebo_models/person_standing/meshes/standing.dae
[0.502s] -- Up-to-date symlink: /home/zwier/agv_ws/install/agv_pkg/share/agv_pkg/worlds/gazebo_models/person_standing/model.config
[0.502s] -- Up-to-date symlink: /home/zwier/agv_ws/install/agv_pkg/share/agv_pkg/worlds/gazebo_models/person_standing/model.sdf
[0.502s] -- Up-to-date symlink: /home/zwier/agv_ws/install/agv_pkg/share/agv_pkg/worlds/gazebo_models/person_standing/thumbnails/1.png
[0.503s] -- Up-to-date symlink: /home/zwier/agv_ws/install/agv_pkg/share/agv_pkg/worlds/gazebo_models/person_standing/thumbnails/2.png
[0.503s] -- Up-to-date symlink: /home/zwier/agv_ws/install/agv_pkg/share/agv_pkg/worlds/gazebo_models/person_standing/thumbnails/3.png
[0.503s] -- Up-to-date symlink: /home/zwier/agv_ws/install/agv_pkg/share/agv_pkg/worlds/gazebo_models/person_standing/thumbnails/4.png
[0.504s] -- Up-to-date symlink: /home/zwier/agv_ws/install/agv_pkg/share/agv_pkg/worlds/gazebo_models/person_standing/thumbnails/5.png
[0.504s] -- Up-to-date symlink: /home/zwier/agv_ws/install/agv_pkg/share/agv_pkg/worlds/gazebo_models/red_ball_10in/model.config
[0.504s] -- Up-to-date symlink: /home/zwier/agv_ws/install/agv_pkg/share/agv_pkg/worlds/gazebo_models/red_ball_10in/model.sdf
[0.504s] -- Up-to-date symlink: /home/zwier/agv_ws/install/agv_pkg/share/agv_pkg/worlds/gazebo_models/red_ball_10in/thumbnails/1.png
[0.505s] -- Up-to-date symlink: /home/zwier/agv_ws/install/agv_pkg/share/agv_pkg/worlds/gazebo_models/rescue_randy/materials/scripts/rescue_randy.material
[0.505s] -- Up-to-date symlink: /home/zwier/agv_ws/install/agv_pkg/share/agv_pkg/worlds/gazebo_models/rescue_randy/materials/textures/RescueRandy_Thermal.png
[0.505s] -- Up-to-date symlink: /home/zwier/agv_ws/install/agv_pkg/share/agv_pkg/worlds/gazebo_models/rescue_randy/materials/textures/rescue_randy_albedo.png
[0.505s] -- Up-to-date symlink: /home/zwier/agv_ws/install/agv_pkg/share/agv_pkg/worlds/gazebo_models/rescue_randy/materials/textures/rescue_randy_metalness.png
[0.506s] -- Up-to-date symlink: /home/zwier/agv_ws/install/agv_pkg/share/agv_pkg/worlds/gazebo_models/rescue_randy/materials/textures/rescue_randy_normal.png
[0.507s] -- Up-to-date symlink: /home/zwier/agv_ws/install/agv_pkg/share/agv_pkg/worlds/gazebo_models/rescue_randy/materials/textures/rescue_randy_roughness.png
[0.507s] -- Up-to-date symlink: /home/zwier/agv_ws/install/agv_pkg/share/agv_pkg/worlds/gazebo_models/rescue_randy/meshes/rescue_randy.dae
[0.507s] -- Up-to-date symlink: /home/zwier/agv_ws/install/agv_pkg/share/agv_pkg/worlds/gazebo_models/rescue_randy/model.config
[0.508s] -- Up-to-date symlink: /home/zwier/agv_ws/install/agv_pkg/share/agv_pkg/worlds/gazebo_models/rescue_randy/model.sdf
[0.508s] -- Up-to-date symlink: /home/zwier/agv_ws/install/agv_pkg/share/agv_pkg/worlds/gazebo_models/rescue_randy/thumbnails/1.png
[0.509s] -- Up-to-date symlink: /home/zwier/agv_ws/install/agv_pkg/share/agv_pkg/worlds/gazebo_models/rescue_randy/thumbnails/2.png
[0.509s] -- Up-to-date symlink: /home/zwier/agv_ws/install/agv_pkg/share/agv_pkg/worlds/gazebo_models/rescue_randy/thumbnails/3.png
[0.509s] -- Up-to-date symlink: /home/zwier/agv_ws/install/agv_pkg/share/agv_pkg/worlds/gazebo_models/rescue_randy/thumbnails/4.png
[0.509s] -- Up-to-date symlink: /home/zwier/agv_ws/install/agv_pkg/share/agv_pkg/worlds/gazebo_models/rescue_randy/thumbnails/5.png
[0.510s] -- Up-to-date symlink: /home/zwier/agv_ws/install/agv_pkg/share/agv_pkg/worlds/gazebo_models/table_marble/materials/scripts/table_lightmap.material
[0.510s] -- Up-to-date symlink: /home/zwier/agv_ws/install/agv_pkg/share/agv_pkg/worlds/gazebo_models/table_marble/materials/textures/marble.png
[0.510s] -- Up-to-date symlink: /home/zwier/agv_ws/install/agv_pkg/share/agv_pkg/worlds/gazebo_models/table_marble/materials/textures/table_lightmap.png
[0.511s] -- Up-to-date symlink: /home/zwier/agv_ws/install/agv_pkg/share/agv_pkg/worlds/gazebo_models/table_marble/meshes/marble.png
[0.512s] -- Up-to-date symlink: /home/zwier/agv_ws/install/agv_pkg/share/agv_pkg/worlds/gazebo_models/table_marble/meshes/table_lightmap.dae
[0.512s] -- Up-to-date symlink: /home/zwier/agv_ws/install/agv_pkg/share/agv_pkg/worlds/gazebo_models/table_marble/meshes/table_lightmap.png
[0.512s] -- Up-to-date symlink: /home/zwier/agv_ws/install/agv_pkg/share/agv_pkg/worlds/gazebo_models/table_marble/model-1_4.sdf
[0.513s] -- Up-to-date symlink: /home/zwier/agv_ws/install/agv_pkg/share/agv_pkg/worlds/gazebo_models/table_marble/model.config
[0.513s] -- Up-to-date symlink: /home/zwier/agv_ws/install/agv_pkg/share/agv_pkg/worlds/gazebo_models/table_marble/model.sdf
[0.514s] -- Up-to-date symlink: /home/zwier/agv_ws/install/agv_pkg/share/agv_pkg/worlds/gazebo_models/table_marble/thumbnails/1.png
[0.514s] -- Up-to-date symlink: /home/zwier/agv_ws/install/agv_pkg/share/agv_pkg/worlds/gazebo_models/table_marble/thumbnails/2.png
[0.515s] -- Up-to-date symlink: /home/zwier/agv_ws/install/agv_pkg/share/agv_pkg/worlds/gazebo_models/table_marble/thumbnails/3.png
[0.515s] -- Up-to-date symlink: /home/zwier/agv_ws/install/agv_pkg/share/agv_pkg/worlds/gazebo_models/table_marble/thumbnails/4.png
[0.515s] -- Up-to-date symlink: /home/zwier/agv_ws/install/agv_pkg/share/agv_pkg/worlds/gazebo_models/table_marble/thumbnails/5.png
[0.516s] -- Up-to-date symlink: /home/zwier/agv_ws/install/agv_pkg/share/agv_pkg/worlds/home.sdf
[0.516s] -- Up-to-date symlink: /home/zwier/agv_ws/install/agv_pkg/share/agv_pkg/worlds/obstacles.world
[0.516s] -- Up-to-date symlink: /home/zwier/agv_ws/install/agv_pkg/share/agv_pkg/urdf/base.xacro
[0.516s] -- Up-to-date symlink: /home/zwier/agv_ws/install/agv_pkg/share/agv_pkg/urdf/cameras.xacro
[0.517s] -- Up-to-date symlink: /home/zwier/agv_ws/install/agv_pkg/share/agv_pkg/urdf/gazebo.xacro
[0.517s] -- Up-to-date symlink: /home/zwier/agv_ws/install/agv_pkg/share/agv_pkg/urdf/lidar.xacro
[0.517s] -- Up-to-date symlink: /home/zwier/agv_ws/install/agv_pkg/share/agv_pkg/urdf/macros.xacro
[0.517s] -- Up-to-date symlink: /home/zwier/agv_ws/install/agv_pkg/share/agv_pkg/urdf/map_save.pgm
[0.517s] -- Up-to-date symlink: /home/zwier/agv_ws/install/agv_pkg/share/agv_pkg/urdf/map_save.yaml
[0.517s] -- Up-to-date symlink: /home/zwier/agv_ws/install/agv_pkg/share/agv_pkg/urdf/map_serialize.data
[0.517s] -- Up-to-date symlink: /home/zwier/agv_ws/install/agv_pkg/share/agv_pkg/urdf/map_serialize.posegraph
[0.518s] -- Up-to-date symlink: /home/zwier/agv_ws/install/agv_pkg/share/agv_pkg/urdf/materials.xacro
[0.518s] -- Up-to-date symlink: /home/zwier/agv_ws/install/agv_pkg/share/ament_index/resource_index/package_run_dependencies/agv_pkg
[0.518s] -- Up-to-date symlink: /home/zwier/agv_ws/install/agv_pkg/share/ament_index/resource_index/parent_prefix_path/agv_pkg
[0.518s] -- Up-to-date symlink: /home/zwier/agv_ws/install/agv_pkg/share/agv_pkg/environment/ament_prefix_path.sh
[0.519s] -- Up-to-date symlink: /home/zwier/agv_ws/install/agv_pkg/share/agv_pkg/environment/ament_prefix_path.dsv
[0.519s] -- Up-to-date symlink: /home/zwier/agv_ws/install/agv_pkg/share/agv_pkg/environment/path.sh
[0.519s] -- Up-to-date symlink: /home/zwier/agv_ws/install/agv_pkg/share/agv_pkg/environment/path.dsv
[0.519s] -- Up-to-date symlink: /home/zwier/agv_ws/install/agv_pkg/share/agv_pkg/local_setup.bash
[0.520s] -- Up-to-date symlink: /home/zwier/agv_ws/install/agv_pkg/share/agv_pkg/local_setup.sh
[0.520s] -- Up-to-date symlink: /home/zwier/agv_ws/install/agv_pkg/share/agv_pkg/local_setup.zsh
[0.520s] -- Up-to-date symlink: /home/zwier/agv_ws/install/agv_pkg/share/agv_pkg/local_setup.dsv
[0.520s] -- Symlinking: /home/zwier/agv_ws/install/agv_pkg/share/agv_pkg/package.dsv
[0.533s] -- Up-to-date symlink: /home/zwier/agv_ws/install/agv_pkg/share/ament_index/resource_index/packages/agv_pkg
[0.533s] -- Up-to-date symlink: /home/zwier/agv_ws/install/agv_pkg/share/agv_pkg/cmake/agv_pkgConfig.cmake
[0.533s] -- Up-to-date symlink: /home/zwier/agv_ws/install/agv_pkg/share/agv_pkg/cmake/agv_pkgConfig-version.cmake
[0.533s] -- Up-to-date symlink: /home/zwier/agv_ws/install/agv_pkg/share/agv_pkg/package.xml
[0.535s] Invoked command in '/home/zwier/agv_ws/build/agv_pkg' returned '0': CMAKE_PREFIX_PATH=${CMAKE_PREFIX_PATH}:/home/zwier/agv_ws/install/swerve_controller:/opt/ros/jazzy DEBUGINFOD_URLS=https://debuginfod.ubuntu.com /usr/bin/cmake --install /home/zwier/agv_ws/build/agv_pkg
