[0.247s] DEBUG:colcon:Command line arguments: ['/usr/bin/colcon', 'build', '--symlink-install']
[0.247s] DEBUG:colcon:Parsed command line arguments: Namespace(log_base=None, log_level=None, verb_name='build', build_base='build', install_base='install', merge_install=False, symlink_install=True, test_result_base=None, continue_on_error=False, executor='parallel', parallel_workers=32, event_handlers=None, ignore_user_meta=False, metas=['./colcon.meta'], base_paths=['.'], packages_ignore=None, packages_ignore_regex=None, paths=None, packages_up_to=None, packages_up_to_regex=None, packages_above=None, packages_above_and_dependencies=None, packages_above_depth=None, packages_select_by_dep=None, packages_skip_by_dep=None, packages_skip_up_to=None, packages_select_build_failed=False, packages_skip_build_finished=False, packages_select_test_failures=False, packages_skip_test_passed=False, packages_select=None, packages_skip=None, packages_select_regex=None, packages_skip_regex=None, packages_start=None, packages_end=None, allow_overriding=[], cmake_args=None, cmake_target=None, cmake_target_skip_unavailable=False, cmake_clean_cache=False, cmake_clean_first=False, cmake_force_configure=False, ament_cmake_args=None, catkin_cmake_args=None, catkin_skip_building_tests=False, mixin_files=None, mixin=None, verb_parser=<colcon_mixin.mixin.mixin_argument.MixinArgumentDecorator object at 0x75ba558b88c0>, verb_extension=<colcon_core.verb.build.BuildVerb object at 0x75ba559cce30>, main=<bound method BuildVerb.main of <colcon_core.verb.build.BuildVerb object at 0x75ba559cce30>>, mixin_verb=('build',))
[0.294s] Level 1:colcon.colcon_core.package_discovery:discover_packages(colcon_meta) check parameters
[0.294s] Level 1:colcon.colcon_core.package_discovery:discover_packages(recursive) check parameters
[0.294s] Level 1:colcon.colcon_core.package_discovery:discover_packages(ignore) check parameters
[0.294s] Level 1:colcon.colcon_core.package_discovery:discover_packages(path) check parameters
[0.294s] Level 1:colcon.colcon_core.package_discovery:discover_packages(colcon_meta) discover
[0.294s] Level 1:colcon.colcon_core.package_discovery:discover_packages(recursive) discover
[0.294s] INFO:colcon.colcon_core.package_discovery:Crawling recursively for packages in '/home/zwier/agv_ws'
[0.294s] Level 1:colcon.colcon_core.package_identification:_identify(.) by extensions ['ignore', 'ignore_ament_install']
[0.295s] Level 1:colcon.colcon_core.package_identification:_identify(.) by extension 'ignore'
[0.295s] Level 1:colcon.colcon_core.package_identification:_identify(.) by extension 'ignore_ament_install'
[0.295s] Level 1:colcon.colcon_core.package_identification:_identify(.) by extensions ['colcon_pkg']
[0.295s] Level 1:colcon.colcon_core.package_identification:_identify(.) by extension 'colcon_pkg'
[0.295s] Level 1:colcon.colcon_core.package_identification:_identify(.) by extensions ['colcon_meta']
[0.295s] Level 1:colcon.colcon_core.package_identification:_identify(.) by extension 'colcon_meta'
[0.295s] Level 1:colcon.colcon_core.package_identification:_identify(.) by extensions ['ros']
[0.295s] Level 1:colcon.colcon_core.package_identification:_identify(.) by extension 'ros'
[0.313s] Level 1:colcon.colcon_core.package_identification:_identify(.) by extensions ['cmake', 'python']
[0.313s] Level 1:colcon.colcon_core.package_identification:_identify(.) by extension 'cmake'
[0.313s] Level 1:colcon.colcon_core.package_identification:_identify(.) by extension 'python'
[0.313s] Level 1:colcon.colcon_core.package_identification:_identify(.) by extensions ['python_setup_py']
[0.313s] Level 1:colcon.colcon_core.package_identification:_identify(.) by extension 'python_setup_py'
[0.313s] Level 1:colcon.colcon_core.package_identification:_identify(build) by extensions ['ignore', 'ignore_ament_install']
[0.313s] Level 1:colcon.colcon_core.package_identification:_identify(build) by extension 'ignore'
[0.313s] Level 1:colcon.colcon_core.package_identification:_identify(build) ignored
[0.313s] Level 1:colcon.colcon_core.package_identification:_identify(install) by extensions ['ignore', 'ignore_ament_install']
[0.313s] Level 1:colcon.colcon_core.package_identification:_identify(install) by extension 'ignore'
[0.313s] Level 1:colcon.colcon_core.package_identification:_identify(install) ignored
[0.313s] Level 1:colcon.colcon_core.package_identification:_identify(log) by extensions ['ignore', 'ignore_ament_install']
[0.313s] Level 1:colcon.colcon_core.package_identification:_identify(log) by extension 'ignore'
[0.313s] Level 1:colcon.colcon_core.package_identification:_identify(log) ignored
[0.313s] Level 1:colcon.colcon_core.package_identification:_identify(src) by extensions ['ignore', 'ignore_ament_install']
[0.313s] Level 1:colcon.colcon_core.package_identification:_identify(src) by extension 'ignore'
[0.314s] Level 1:colcon.colcon_core.package_identification:_identify(src) by extension 'ignore_ament_install'
[0.314s] Level 1:colcon.colcon_core.package_identification:_identify(src) by extensions ['colcon_pkg']
[0.314s] Level 1:colcon.colcon_core.package_identification:_identify(src) by extension 'colcon_pkg'
[0.314s] Level 1:colcon.colcon_core.package_identification:_identify(src) by extensions ['colcon_meta']
[0.314s] Level 1:colcon.colcon_core.package_identification:_identify(src) by extension 'colcon_meta'
[0.314s] Level 1:colcon.colcon_core.package_identification:_identify(src) by extensions ['ros']
[0.314s] Level 1:colcon.colcon_core.package_identification:_identify(src) by extension 'ros'
[0.314s] Level 1:colcon.colcon_core.package_identification:_identify(src) by extensions ['cmake', 'python']
[0.314s] Level 1:colcon.colcon_core.package_identification:_identify(src) by extension 'cmake'
[0.314s] Level 1:colcon.colcon_core.package_identification:_identify(src) by extension 'python'
[0.314s] Level 1:colcon.colcon_core.package_identification:_identify(src) by extensions ['python_setup_py']
[0.314s] Level 1:colcon.colcon_core.package_identification:_identify(src) by extension 'python_setup_py'
[0.314s] Level 1:colcon.colcon_core.package_identification:_identify(src/agv_pkg) by extensions ['ignore', 'ignore_ament_install']
[0.314s] Level 1:colcon.colcon_core.package_identification:_identify(src/agv_pkg) by extension 'ignore'
[0.314s] Level 1:colcon.colcon_core.package_identification:_identify(src/agv_pkg) by extension 'ignore_ament_install'
[0.314s] Level 1:colcon.colcon_core.package_identification:_identify(src/agv_pkg) by extensions ['colcon_pkg']
[0.314s] Level 1:colcon.colcon_core.package_identification:_identify(src/agv_pkg) by extension 'colcon_pkg'
[0.314s] Level 1:colcon.colcon_core.package_identification:_identify(src/agv_pkg) by extensions ['colcon_meta']
[0.314s] Level 1:colcon.colcon_core.package_identification:_identify(src/agv_pkg) by extension 'colcon_meta'
[0.314s] Level 1:colcon.colcon_core.package_identification:_identify(src/agv_pkg) by extensions ['ros']
[0.314s] Level 1:colcon.colcon_core.package_identification:_identify(src/agv_pkg) by extension 'ros'
[0.316s] DEBUG:colcon.colcon_core.package_identification:Package 'src/agv_pkg' with type 'ros.ament_cmake' and name 'agv_pkg'
[0.316s] Level 1:colcon.colcon_core.package_identification:_identify(src/example_11) by extensions ['ignore', 'ignore_ament_install']
[0.316s] Level 1:colcon.colcon_core.package_identification:_identify(src/example_11) by extension 'ignore'
[0.316s] Level 1:colcon.colcon_core.package_identification:_identify(src/example_11) by extension 'ignore_ament_install'
[0.316s] Level 1:colcon.colcon_core.package_identification:_identify(src/example_11) by extensions ['colcon_pkg']
[0.316s] Level 1:colcon.colcon_core.package_identification:_identify(src/example_11) by extension 'colcon_pkg'
[0.316s] Level 1:colcon.colcon_core.package_identification:_identify(src/example_11) by extensions ['colcon_meta']
[0.316s] Level 1:colcon.colcon_core.package_identification:_identify(src/example_11) by extension 'colcon_meta'
[0.316s] Level 1:colcon.colcon_core.package_identification:_identify(src/example_11) by extensions ['ros']
[0.316s] Level 1:colcon.colcon_core.package_identification:_identify(src/example_11) by extension 'ros'
[0.317s] DEBUG:colcon.colcon_core.package_identification:Package 'src/example_11' with type 'ros.ament_cmake' and name 'ros2_control_demo_example_11'
[0.317s] Level 1:colcon.colcon_core.package_identification:_identify(src/ros2_control_demo_description) by extensions ['ignore', 'ignore_ament_install']
[0.317s] Level 1:colcon.colcon_core.package_identification:_identify(src/ros2_control_demo_description) by extension 'ignore'
[0.317s] Level 1:colcon.colcon_core.package_identification:_identify(src/ros2_control_demo_description) by extension 'ignore_ament_install'
[0.317s] Level 1:colcon.colcon_core.package_identification:_identify(src/ros2_control_demo_description) by extensions ['colcon_pkg']
[0.317s] Level 1:colcon.colcon_core.package_identification:_identify(src/ros2_control_demo_description) by extension 'colcon_pkg'
[0.317s] Level 1:colcon.colcon_core.package_identification:_identify(src/ros2_control_demo_description) by extensions ['colcon_meta']
[0.317s] Level 1:colcon.colcon_core.package_identification:_identify(src/ros2_control_demo_description) by extension 'colcon_meta'
[0.317s] Level 1:colcon.colcon_core.package_identification:_identify(src/ros2_control_demo_description) by extensions ['ros']
[0.317s] Level 1:colcon.colcon_core.package_identification:_identify(src/ros2_control_demo_description) by extension 'ros'
[0.317s] DEBUG:colcon.colcon_core.package_identification:Package 'src/ros2_control_demo_description' with type 'ros.ament_cmake' and name 'ros2_control_demo_description'
[0.318s] Level 1:colcon.colcon_core.package_identification:_identify(src/swerve_controller) by extensions ['ignore', 'ignore_ament_install']
[0.318s] Level 1:colcon.colcon_core.package_identification:_identify(src/swerve_controller) by extension 'ignore'
[0.318s] Level 1:colcon.colcon_core.package_identification:_identify(src/swerve_controller) by extension 'ignore_ament_install'
[0.318s] Level 1:colcon.colcon_core.package_identification:_identify(src/swerve_controller) by extensions ['colcon_pkg']
[0.318s] Level 1:colcon.colcon_core.package_identification:_identify(src/swerve_controller) by extension 'colcon_pkg'
[0.318s] Level 1:colcon.colcon_core.package_identification:_identify(src/swerve_controller) by extensions ['colcon_meta']
[0.318s] Level 1:colcon.colcon_core.package_identification:_identify(src/swerve_controller) by extension 'colcon_meta'
[0.318s] Level 1:colcon.colcon_core.package_identification:_identify(src/swerve_controller) by extensions ['ros']
[0.318s] Level 1:colcon.colcon_core.package_identification:_identify(src/swerve_controller) by extension 'ros'
[0.319s] DEBUG:colcon.colcon_core.package_identification:Package 'src/swerve_controller' with type 'ros.ament_python' and name 'swerve_controller'
[0.319s] Level 1:colcon.colcon_core.package_discovery:discover_packages(recursive) using defaults
[0.319s] Level 1:colcon.colcon_core.package_discovery:discover_packages(ignore) discover
[0.319s] Level 1:colcon.colcon_core.package_discovery:discover_packages(ignore) using defaults
[0.319s] Level 1:colcon.colcon_core.package_discovery:discover_packages(path) discover
[0.319s] Level 1:colcon.colcon_core.package_discovery:discover_packages(path) using defaults
[0.351s] Level 1:colcon.colcon_core.package_discovery:discover_packages(prefix_path) check parameters
[0.351s] Level 1:colcon.colcon_core.package_discovery:discover_packages(prefix_path) discover
[0.355s] DEBUG:colcon.colcon_installed_package_information.package_discovery:Found 4 installed packages in /home/zwier/agv_ws/install
[0.357s] DEBUG:colcon.colcon_installed_package_information.package_discovery:Found 462 installed packages in /opt/ros/jazzy
[0.360s] Level 1:colcon.colcon_core.package_discovery:discover_packages(prefix_path) using defaults
[0.415s] Level 5:colcon.colcon_core.verb:set package 'agv_pkg' build argument 'cmake_args' from command line to 'None'
[0.415s] Level 5:colcon.colcon_core.verb:set package 'agv_pkg' build argument 'cmake_target' from command line to 'None'
[0.415s] Level 5:colcon.colcon_core.verb:set package 'agv_pkg' build argument 'cmake_target_skip_unavailable' from command line to 'False'
[0.415s] Level 5:colcon.colcon_core.verb:set package 'agv_pkg' build argument 'cmake_clean_cache' from command line to 'False'
[0.415s] Level 5:colcon.colcon_core.verb:set package 'agv_pkg' build argument 'cmake_clean_first' from command line to 'False'
[0.415s] Level 5:colcon.colcon_core.verb:set package 'agv_pkg' build argument 'cmake_force_configure' from command line to 'False'
[0.415s] Level 5:colcon.colcon_core.verb:set package 'agv_pkg' build argument 'ament_cmake_args' from command line to 'None'
[0.415s] Level 5:colcon.colcon_core.verb:set package 'agv_pkg' build argument 'catkin_cmake_args' from command line to 'None'
[0.415s] Level 5:colcon.colcon_core.verb:set package 'agv_pkg' build argument 'catkin_skip_building_tests' from command line to 'False'
[0.415s] DEBUG:colcon.colcon_core.verb:Building package 'agv_pkg' with the following arguments: {'ament_cmake_args': None, 'build_base': '/home/zwier/agv_ws/build/agv_pkg', 'catkin_cmake_args': None, 'catkin_skip_building_tests': False, 'cmake_args': None, 'cmake_clean_cache': False, 'cmake_clean_first': False, 'cmake_force_configure': False, 'cmake_target': None, 'cmake_target_skip_unavailable': False, 'install_base': '/home/zwier/agv_ws/install/agv_pkg', 'merge_install': False, 'path': '/home/zwier/agv_ws/src/agv_pkg', 'symlink_install': True, 'test_result_base': None}
[0.416s] Level 5:colcon.colcon_core.verb:set package 'ros2_control_demo_description' build argument 'cmake_args' from command line to 'None'
[0.416s] Level 5:colcon.colcon_core.verb:set package 'ros2_control_demo_description' build argument 'cmake_target' from command line to 'None'
[0.416s] Level 5:colcon.colcon_core.verb:set package 'ros2_control_demo_description' build argument 'cmake_target_skip_unavailable' from command line to 'False'
[0.416s] Level 5:colcon.colcon_core.verb:set package 'ros2_control_demo_description' build argument 'cmake_clean_cache' from command line to 'False'
[0.416s] Level 5:colcon.colcon_core.verb:set package 'ros2_control_demo_description' build argument 'cmake_clean_first' from command line to 'False'
[0.416s] Level 5:colcon.colcon_core.verb:set package 'ros2_control_demo_description' build argument 'cmake_force_configure' from command line to 'False'
[0.416s] Level 5:colcon.colcon_core.verb:set package 'ros2_control_demo_description' build argument 'ament_cmake_args' from command line to 'None'
[0.416s] Level 5:colcon.colcon_core.verb:set package 'ros2_control_demo_description' build argument 'catkin_cmake_args' from command line to 'None'
[0.416s] Level 5:colcon.colcon_core.verb:set package 'ros2_control_demo_description' build argument 'catkin_skip_building_tests' from command line to 'False'
[0.416s] DEBUG:colcon.colcon_core.verb:Building package 'ros2_control_demo_description' with the following arguments: {'ament_cmake_args': None, 'build_base': '/home/zwier/agv_ws/build/ros2_control_demo_description', 'catkin_cmake_args': None, 'catkin_skip_building_tests': False, 'cmake_args': None, 'cmake_clean_cache': False, 'cmake_clean_first': False, 'cmake_force_configure': False, 'cmake_target': None, 'cmake_target_skip_unavailable': False, 'install_base': '/home/zwier/agv_ws/install/ros2_control_demo_description', 'merge_install': False, 'path': '/home/zwier/agv_ws/src/ros2_control_demo_description', 'symlink_install': True, 'test_result_base': None}
[0.416s] Level 5:colcon.colcon_core.verb:set package 'swerve_controller' build argument 'cmake_args' from command line to 'None'
[0.416s] Level 5:colcon.colcon_core.verb:set package 'swerve_controller' build argument 'cmake_target' from command line to 'None'
[0.416s] Level 5:colcon.colcon_core.verb:set package 'swerve_controller' build argument 'cmake_target_skip_unavailable' from command line to 'False'
[0.416s] Level 5:colcon.colcon_core.verb:set package 'swerve_controller' build argument 'cmake_clean_cache' from command line to 'False'
[0.416s] Level 5:colcon.colcon_core.verb:set package 'swerve_controller' build argument 'cmake_clean_first' from command line to 'False'
[0.416s] Level 5:colcon.colcon_core.verb:set package 'swerve_controller' build argument 'cmake_force_configure' from command line to 'False'
[0.416s] Level 5:colcon.colcon_core.verb:set package 'swerve_controller' build argument 'ament_cmake_args' from command line to 'None'
[0.416s] Level 5:colcon.colcon_core.verb:set package 'swerve_controller' build argument 'catkin_cmake_args' from command line to 'None'
[0.416s] Level 5:colcon.colcon_core.verb:set package 'swerve_controller' build argument 'catkin_skip_building_tests' from command line to 'False'
[0.416s] DEBUG:colcon.colcon_core.verb:Building package 'swerve_controller' with the following arguments: {'ament_cmake_args': None, 'build_base': '/home/zwier/agv_ws/build/swerve_controller', 'catkin_cmake_args': None, 'catkin_skip_building_tests': False, 'cmake_args': None, 'cmake_clean_cache': False, 'cmake_clean_first': False, 'cmake_force_configure': False, 'cmake_target': None, 'cmake_target_skip_unavailable': False, 'install_base': '/home/zwier/agv_ws/install/swerve_controller', 'merge_install': False, 'path': '/home/zwier/agv_ws/src/swerve_controller', 'symlink_install': True, 'test_result_base': None}
[0.416s] Level 5:colcon.colcon_core.verb:set package 'ros2_control_demo_example_11' build argument 'cmake_args' from command line to 'None'
[0.417s] Level 5:colcon.colcon_core.verb:set package 'ros2_control_demo_example_11' build argument 'cmake_target' from command line to 'None'
[0.417s] Level 5:colcon.colcon_core.verb:set package 'ros2_control_demo_example_11' build argument 'cmake_target_skip_unavailable' from command line to 'False'
[0.417s] Level 5:colcon.colcon_core.verb:set package 'ros2_control_demo_example_11' build argument 'cmake_clean_cache' from command line to 'False'
[0.417s] Level 5:colcon.colcon_core.verb:set package 'ros2_control_demo_example_11' build argument 'cmake_clean_first' from command line to 'False'
[0.417s] Level 5:colcon.colcon_core.verb:set package 'ros2_control_demo_example_11' build argument 'cmake_force_configure' from command line to 'False'
[0.417s] Level 5:colcon.colcon_core.verb:set package 'ros2_control_demo_example_11' build argument 'ament_cmake_args' from command line to 'None'
[0.417s] Level 5:colcon.colcon_core.verb:set package 'ros2_control_demo_example_11' build argument 'catkin_cmake_args' from command line to 'None'
[0.417s] Level 5:colcon.colcon_core.verb:set package 'ros2_control_demo_example_11' build argument 'catkin_skip_building_tests' from command line to 'False'
[0.417s] DEBUG:colcon.colcon_core.verb:Building package 'ros2_control_demo_example_11' with the following arguments: {'ament_cmake_args': None, 'build_base': '/home/zwier/agv_ws/build/ros2_control_demo_example_11', 'catkin_cmake_args': None, 'catkin_skip_building_tests': False, 'cmake_args': None, 'cmake_clean_cache': False, 'cmake_clean_first': False, 'cmake_force_configure': False, 'cmake_target': None, 'cmake_target_skip_unavailable': False, 'install_base': '/home/zwier/agv_ws/install/ros2_control_demo_example_11', 'merge_install': False, 'path': '/home/zwier/agv_ws/src/example_11', 'symlink_install': True, 'test_result_base': None}
[0.417s] INFO:colcon.colcon_core.executor:Executing jobs using 'parallel' executor
[0.418s] DEBUG:colcon.colcon_parallel_executor.executor.parallel:run_until_complete
[0.418s] INFO:colcon.colcon_ros.task.ament_cmake.build:Building ROS package in '/home/zwier/agv_ws/src/ros2_control_demo_description' with build type 'ament_cmake'
[0.418s] INFO:colcon.colcon_cmake.task.cmake.build:Building CMake package in '/home/zwier/agv_ws/src/ros2_control_demo_description'
[0.422s] INFO:colcon.colcon_core.plugin_system:Skipping extension 'colcon_core.shell.bat': Not used on non-Windows systems
[0.422s] INFO:colcon.colcon_core.shell:Skip shell extension 'powershell' for command environment: Not usable outside of PowerShell
[0.422s] DEBUG:colcon.colcon_core.shell:Skip shell extension 'dsv' for command environment
[0.427s] INFO:colcon.colcon_ros.task.ament_cmake.build:Building ROS package in '/home/zwier/agv_ws/src/agv_pkg' with build type 'ament_cmake'
[0.427s] INFO:colcon.colcon_cmake.task.cmake.build:Building CMake package in '/home/zwier/agv_ws/src/agv_pkg'
[0.427s] INFO:colcon.colcon_core.shell:Skip shell extension 'powershell' for command environment: Not usable outside of PowerShell
[0.427s] DEBUG:colcon.colcon_core.shell:Skip shell extension 'dsv' for command environment
[0.432s] INFO:colcon.colcon_ros.task.ament_python.build:Building ROS package in '/home/zwier/agv_ws/src/swerve_controller' with build type 'ament_python'
[0.432s] Level 1:colcon.colcon_core.shell:create_environment_hook('swerve_controller', 'ament_prefix_path')
[0.432s] INFO:colcon.colcon_core.shell:Creating environment hook '/home/zwier/agv_ws/install/swerve_controller/share/swerve_controller/hook/ament_prefix_path.ps1'
[0.433s] INFO:colcon.colcon_core.shell:Creating environment descriptor '/home/zwier/agv_ws/install/swerve_controller/share/swerve_controller/hook/ament_prefix_path.dsv'
[0.434s] INFO:colcon.colcon_core.shell:Creating environment hook '/home/zwier/agv_ws/install/swerve_controller/share/swerve_controller/hook/ament_prefix_path.sh'
[0.435s] INFO:colcon.colcon_core.shell:Skip shell extension 'powershell' for command environment: Not usable outside of PowerShell
[0.435s] DEBUG:colcon.colcon_core.shell:Skip shell extension 'dsv' for command environment
[0.444s] DEBUG:colcon.colcon_core.event_handler.log_command:Invoking command in '/home/zwier/agv_ws/build/ros2_control_demo_description': CMAKE_PREFIX_PATH=${CMAKE_PREFIX_PATH}:/home/zwier/agv_ws/install/swerve_controller:/opt/ros/jazzy DEBUGINFOD_URLS=https://debuginfod.ubuntu.com /usr/bin/cmake /home/zwier/agv_ws/src/ros2_control_demo_description -DAMENT_CMAKE_SYMLINK_INSTALL=1 -DCMAKE_INSTALL_PREFIX=/home/zwier/agv_ws/install/ros2_control_demo_description
[0.448s] DEBUG:colcon.colcon_core.event_handler.log_command:Invoking command in '/home/zwier/agv_ws/build/agv_pkg': CMAKE_PREFIX_PATH=${CMAKE_PREFIX_PATH}:/home/zwier/agv_ws/install/swerve_controller:/opt/ros/jazzy DEBUGINFOD_URLS=https://debuginfod.ubuntu.com /usr/bin/cmake /home/zwier/agv_ws/src/agv_pkg -DAMENT_CMAKE_SYMLINK_INSTALL=1 -DCMAKE_INSTALL_PREFIX=/home/zwier/agv_ws/install/agv_pkg
[0.626s] INFO:colcon.colcon_core.task.python.build:Building Python package in '/home/zwier/agv_ws/src/swerve_controller'
[0.626s] INFO:colcon.colcon_core.shell:Skip shell extension 'powershell' for command environment: Not usable outside of PowerShell
[0.626s] DEBUG:colcon.colcon_core.shell:Skip shell extension 'dsv' for command environment
[0.740s] DEBUG:colcon.colcon_core.event_handler.log_command:Invoked command in '/home/zwier/agv_ws/build/ros2_control_demo_description' returned '0': CMAKE_PREFIX_PATH=${CMAKE_PREFIX_PATH}:/home/zwier/agv_ws/install/swerve_controller:/opt/ros/jazzy DEBUGINFOD_URLS=https://debuginfod.ubuntu.com /usr/bin/cmake /home/zwier/agv_ws/src/ros2_control_demo_description -DAMENT_CMAKE_SYMLINK_INSTALL=1 -DCMAKE_INSTALL_PREFIX=/home/zwier/agv_ws/install/ros2_control_demo_description
[0.740s] DEBUG:colcon.colcon_core.event_handler.log_command:Invoking command in '/home/zwier/agv_ws/build/ros2_control_demo_description': CMAKE_PREFIX_PATH=${CMAKE_PREFIX_PATH}:/home/zwier/agv_ws/install/swerve_controller:/opt/ros/jazzy DEBUGINFOD_URLS=https://debuginfod.ubuntu.com /usr/bin/cmake --build /home/zwier/agv_ws/build/ros2_control_demo_description -- -j32 -l32
[0.775s] DEBUG:colcon.colcon_core.event_handler.log_command:Invoked command in '/home/zwier/agv_ws/build/ros2_control_demo_description' returned '0': CMAKE_PREFIX_PATH=${CMAKE_PREFIX_PATH}:/home/zwier/agv_ws/install/swerve_controller:/opt/ros/jazzy DEBUGINFOD_URLS=https://debuginfod.ubuntu.com /usr/bin/cmake --build /home/zwier/agv_ws/build/ros2_control_demo_description -- -j32 -l32
[0.783s] DEBUG:colcon.colcon_core.event_handler.log_command:Invoking command in '/home/zwier/agv_ws/build/ros2_control_demo_description': CMAKE_PREFIX_PATH=${CMAKE_PREFIX_PATH}:/home/zwier/agv_ws/install/swerve_controller:/opt/ros/jazzy DEBUGINFOD_URLS=https://debuginfod.ubuntu.com /usr/bin/cmake --install /home/zwier/agv_ws/build/ros2_control_demo_description
[0.784s] DEBUG:colcon.colcon_core.event_handler.log_command:Invoked command in '/home/zwier/agv_ws/build/agv_pkg' returned '0': CMAKE_PREFIX_PATH=${CMAKE_PREFIX_PATH}:/home/zwier/agv_ws/install/swerve_controller:/opt/ros/jazzy DEBUGINFOD_URLS=https://debuginfod.ubuntu.com /usr/bin/cmake /home/zwier/agv_ws/src/agv_pkg -DAMENT_CMAKE_SYMLINK_INSTALL=1 -DCMAKE_INSTALL_PREFIX=/home/zwier/agv_ws/install/agv_pkg
[0.785s] DEBUG:colcon.colcon_core.event_handler.log_command:Invoking command in '/home/zwier/agv_ws/build/agv_pkg': CMAKE_PREFIX_PATH=${CMAKE_PREFIX_PATH}:/home/zwier/agv_ws/install/swerve_controller:/opt/ros/jazzy DEBUGINFOD_URLS=https://debuginfod.ubuntu.com /usr/bin/cmake --build /home/zwier/agv_ws/build/agv_pkg -- -j32 -l32
[0.806s] Level 1:colcon.colcon_core.environment:create_environment_scripts_only(ros2_control_demo_description)
[0.807s] DEBUG:colcon.colcon_core.event_handler.log_command:Invoked command in '/home/zwier/agv_ws/build/ros2_control_demo_description' returned '0': CMAKE_PREFIX_PATH=${CMAKE_PREFIX_PATH}:/home/zwier/agv_ws/install/swerve_controller:/opt/ros/jazzy DEBUGINFOD_URLS=https://debuginfod.ubuntu.com /usr/bin/cmake --install /home/zwier/agv_ws/build/ros2_control_demo_description
[0.810s] Level 1:colcon.colcon_core.environment:checking '/home/zwier/agv_ws/install/ros2_control_demo_description' for CMake module files
[0.810s] Level 1:colcon.colcon_core.environment:checking '/home/zwier/agv_ws/install/ros2_control_demo_description' for CMake config files
[0.811s] Level 1:colcon.colcon_core.shell:create_environment_hook('ros2_control_demo_description', 'cmake_prefix_path')
[0.811s] INFO:colcon.colcon_core.shell:Creating environment hook '/home/zwier/agv_ws/install/ros2_control_demo_description/share/ros2_control_demo_description/hook/cmake_prefix_path.ps1'
[0.811s] INFO:colcon.colcon_core.shell:Creating environment descriptor '/home/zwier/agv_ws/install/ros2_control_demo_description/share/ros2_control_demo_description/hook/cmake_prefix_path.dsv'
[0.812s] INFO:colcon.colcon_core.shell:Creating environment hook '/home/zwier/agv_ws/install/ros2_control_demo_description/share/ros2_control_demo_description/hook/cmake_prefix_path.sh'
[0.812s] Level 1:colcon.colcon_core.environment:checking '/home/zwier/agv_ws/install/ros2_control_demo_description/bin'
[0.812s] Level 1:colcon.colcon_core.environment:checking '/home/zwier/agv_ws/install/ros2_control_demo_description/lib/pkgconfig/ros2_control_demo_description.pc'
[0.812s] Level 1:colcon.colcon_core.environment:checking '/home/zwier/agv_ws/install/ros2_control_demo_description/lib/python3.12/site-packages'
[0.813s] Level 1:colcon.colcon_core.environment:checking '/home/zwier/agv_ws/install/ros2_control_demo_description/bin'
[0.813s] INFO:colcon.colcon_core.shell:Creating package script '/home/zwier/agv_ws/install/ros2_control_demo_description/share/ros2_control_demo_description/package.ps1'
[0.814s] INFO:colcon.colcon_core.shell:Creating package descriptor '/home/zwier/agv_ws/install/ros2_control_demo_description/share/ros2_control_demo_description/package.dsv'
[0.814s] INFO:colcon.colcon_core.shell:Creating package script '/home/zwier/agv_ws/install/ros2_control_demo_description/share/ros2_control_demo_description/package.sh'
[0.815s] INFO:colcon.colcon_core.shell:Creating package script '/home/zwier/agv_ws/install/ros2_control_demo_description/share/ros2_control_demo_description/package.bash'
[0.816s] INFO:colcon.colcon_core.shell:Creating package script '/home/zwier/agv_ws/install/ros2_control_demo_description/share/ros2_control_demo_description/package.zsh'
[0.816s] Level 1:colcon.colcon_core.environment:create_file_with_runtime_dependencies(/home/zwier/agv_ws/install/ros2_control_demo_description/share/colcon-core/packages/ros2_control_demo_description)
[0.817s] Level 1:colcon.colcon_core.environment:create_environment_scripts_only(ros2_control_demo_description)
[0.817s] Level 1:colcon.colcon_core.environment:checking '/home/zwier/agv_ws/install/ros2_control_demo_description' for CMake module files
[0.817s] Level 1:colcon.colcon_core.environment:checking '/home/zwier/agv_ws/install/ros2_control_demo_description' for CMake config files
[0.818s] Level 1:colcon.colcon_core.shell:create_environment_hook('ros2_control_demo_description', 'cmake_prefix_path')
[0.818s] INFO:colcon.colcon_core.shell:Creating environment hook '/home/zwier/agv_ws/install/ros2_control_demo_description/share/ros2_control_demo_description/hook/cmake_prefix_path.ps1'
[0.818s] INFO:colcon.colcon_core.shell:Creating environment descriptor '/home/zwier/agv_ws/install/ros2_control_demo_description/share/ros2_control_demo_description/hook/cmake_prefix_path.dsv'
[0.819s] INFO:colcon.colcon_core.shell:Creating environment hook '/home/zwier/agv_ws/install/ros2_control_demo_description/share/ros2_control_demo_description/hook/cmake_prefix_path.sh'
[0.819s] Level 1:colcon.colcon_core.environment:checking '/home/zwier/agv_ws/install/ros2_control_demo_description/bin'
[0.819s] Level 1:colcon.colcon_core.environment:checking '/home/zwier/agv_ws/install/ros2_control_demo_description/lib/pkgconfig/ros2_control_demo_description.pc'
[0.819s] Level 1:colcon.colcon_core.environment:checking '/home/zwier/agv_ws/install/ros2_control_demo_description/lib/python3.12/site-packages'
[0.819s] Level 1:colcon.colcon_core.environment:checking '/home/zwier/agv_ws/install/ros2_control_demo_description/bin'
[0.820s] INFO:colcon.colcon_core.shell:Creating package script '/home/zwier/agv_ws/install/ros2_control_demo_description/share/ros2_control_demo_description/package.ps1'
[0.820s] INFO:colcon.colcon_core.shell:Creating package descriptor '/home/zwier/agv_ws/install/ros2_control_demo_description/share/ros2_control_demo_description/package.dsv'
[0.820s] INFO:colcon.colcon_core.shell:Creating package script '/home/zwier/agv_ws/install/ros2_control_demo_description/share/ros2_control_demo_description/package.sh'
[0.821s] INFO:colcon.colcon_core.shell:Creating package script '/home/zwier/agv_ws/install/ros2_control_demo_description/share/ros2_control_demo_description/package.bash'
[0.821s] INFO:colcon.colcon_core.shell:Creating package script '/home/zwier/agv_ws/install/ros2_control_demo_description/share/ros2_control_demo_description/package.zsh'
[0.822s] Level 1:colcon.colcon_core.environment:create_file_with_runtime_dependencies(/home/zwier/agv_ws/install/ros2_control_demo_description/share/colcon-core/packages/ros2_control_demo_description)
[0.822s] INFO:colcon.colcon_ros.task.ament_cmake.build:Building ROS package in '/home/zwier/agv_ws/src/example_11' with build type 'ament_cmake'
[0.822s] INFO:colcon.colcon_cmake.task.cmake.build:Building CMake package in '/home/zwier/agv_ws/src/example_11'
[0.822s] INFO:colcon.colcon_core.shell:Skip shell extension 'powershell' for command environment: Not usable outside of PowerShell
[0.822s] DEBUG:colcon.colcon_core.shell:Skip shell extension 'dsv' for command environment
[0.827s] DEBUG:colcon.colcon_core.event_handler.log_command:Invoked command in '/home/zwier/agv_ws/build/agv_pkg' returned '0': CMAKE_PREFIX_PATH=${CMAKE_PREFIX_PATH}:/home/zwier/agv_ws/install/swerve_controller:/opt/ros/jazzy DEBUGINFOD_URLS=https://debuginfod.ubuntu.com /usr/bin/cmake --build /home/zwier/agv_ws/build/agv_pkg -- -j32 -l32
[0.828s] DEBUG:colcon.colcon_core.event_handler.log_command:Invoking command in '/home/zwier/agv_ws/build/agv_pkg': CMAKE_PREFIX_PATH=${CMAKE_PREFIX_PATH}:/home/zwier/agv_ws/install/swerve_controller:/opt/ros/jazzy DEBUGINFOD_URLS=https://debuginfod.ubuntu.com /usr/bin/cmake --install /home/zwier/agv_ws/build/agv_pkg
[0.831s] DEBUG:colcon.colcon_core.event_handler.log_command:Invoking command in '/home/zwier/agv_ws/build/ros2_control_demo_example_11': CMAKE_PREFIX_PATH=/home/zwier/agv_ws/install/ros2_control_demo_description:/home/zwier/agv_ws/install/ros2_control_demo_example_11:/home/zwier/agv_ws/install/agv_pkg:/opt/ros/jazzy/opt/gz_sim_vendor:/opt/ros/jazzy/opt/gz_sensors_vendor:/opt/ros/jazzy/opt/gz_physics_vendor:/opt/ros/jazzy/opt/sdformat_vendor:/opt/ros/jazzy/opt/gz_gui_vendor:/opt/ros/jazzy/opt/gz_transport_vendor:/opt/ros/jazzy/opt/gz_rendering_vendor:/opt/ros/jazzy/opt/gz_plugin_vendor:/opt/ros/jazzy/opt/gz_fuel_tools_vendor:/opt/ros/jazzy/opt/gz_msgs_vendor:/opt/ros/jazzy/opt/gz_common_vendor:/opt/ros/jazzy/opt/gz_math_vendor:/opt/ros/jazzy/opt/gz_utils_vendor:/opt/ros/jazzy/opt/gz_tools_vendor:/opt/ros/jazzy/opt/gz_ogre_next_vendor:/opt/ros/jazzy/opt/gz_dartsim_vendor:/opt/ros/jazzy/opt/gz_cmake_vendor:/home/zwier/agv_ws/install/swerve_controller:/opt/ros/jazzy DEBUGINFOD_URLS=https://debuginfod.ubuntu.com /usr/bin/cmake /home/zwier/agv_ws/src/example_11 -DAMENT_CMAKE_SYMLINK_INSTALL=1 -DCMAKE_INSTALL_PREFIX=/home/zwier/agv_ws/install/ros2_control_demo_example_11
[0.962s] Level 1:colcon.colcon_core.environment:create_environment_scripts_only(agv_pkg)
[0.962s] Level 1:colcon.colcon_core.environment:checking '/home/zwier/agv_ws/install/agv_pkg' for CMake module files
[0.962s] DEBUG:colcon.colcon_core.event_handler.log_command:Invoked command in '/home/zwier/agv_ws/build/agv_pkg' returned '0': CMAKE_PREFIX_PATH=${CMAKE_PREFIX_PATH}:/home/zwier/agv_ws/install/swerve_controller:/opt/ros/jazzy DEBUGINFOD_URLS=https://debuginfod.ubuntu.com /usr/bin/cmake --install /home/zwier/agv_ws/build/agv_pkg
[0.963s] Level 1:colcon.colcon_core.environment:checking '/home/zwier/agv_ws/install/agv_pkg' for CMake config files
[0.963s] Level 1:colcon.colcon_core.shell:create_environment_hook('agv_pkg', 'cmake_prefix_path')
[0.963s] INFO:colcon.colcon_core.shell:Creating environment hook '/home/zwier/agv_ws/install/agv_pkg/share/agv_pkg/hook/cmake_prefix_path.ps1'
[0.963s] INFO:colcon.colcon_core.shell:Creating environment descriptor '/home/zwier/agv_ws/install/agv_pkg/share/agv_pkg/hook/cmake_prefix_path.dsv'
[0.963s] INFO:colcon.colcon_core.shell:Creating environment hook '/home/zwier/agv_ws/install/agv_pkg/share/agv_pkg/hook/cmake_prefix_path.sh'
[0.964s] Level 1:colcon.colcon_core.environment:checking '/home/zwier/agv_ws/install/agv_pkg/bin'
[0.964s] Level 1:colcon.colcon_core.environment:checking '/home/zwier/agv_ws/install/agv_pkg/lib/pkgconfig/agv_pkg.pc'
[0.964s] Level 1:colcon.colcon_core.environment:checking '/home/zwier/agv_ws/install/agv_pkg/lib/python3.12/site-packages'
[0.964s] Level 1:colcon.colcon_core.environment:checking '/home/zwier/agv_ws/install/agv_pkg/bin'
[0.964s] INFO:colcon.colcon_core.shell:Creating package script '/home/zwier/agv_ws/install/agv_pkg/share/agv_pkg/package.ps1'
[0.964s] INFO:colcon.colcon_core.shell:Creating package descriptor '/home/zwier/agv_ws/install/agv_pkg/share/agv_pkg/package.dsv'
[0.965s] INFO:colcon.colcon_core.shell:Creating package script '/home/zwier/agv_ws/install/agv_pkg/share/agv_pkg/package.sh'
[0.965s] INFO:colcon.colcon_core.shell:Creating package script '/home/zwier/agv_ws/install/agv_pkg/share/agv_pkg/package.bash'
[0.965s] INFO:colcon.colcon_core.shell:Creating package script '/home/zwier/agv_ws/install/agv_pkg/share/agv_pkg/package.zsh'
[0.965s] Level 1:colcon.colcon_core.environment:create_file_with_runtime_dependencies(/home/zwier/agv_ws/install/agv_pkg/share/colcon-core/packages/agv_pkg)
[0.965s] Level 1:colcon.colcon_core.environment:create_environment_scripts_only(agv_pkg)
[0.965s] Level 1:colcon.colcon_core.environment:checking '/home/zwier/agv_ws/install/agv_pkg' for CMake module files
[0.966s] Level 1:colcon.colcon_core.environment:checking '/home/zwier/agv_ws/install/agv_pkg' for CMake config files
[0.966s] Level 1:colcon.colcon_core.shell:create_environment_hook('agv_pkg', 'cmake_prefix_path')
[0.966s] INFO:colcon.colcon_core.shell:Creating environment hook '/home/zwier/agv_ws/install/agv_pkg/share/agv_pkg/hook/cmake_prefix_path.ps1'
[0.966s] INFO:colcon.colcon_core.shell:Creating environment descriptor '/home/zwier/agv_ws/install/agv_pkg/share/agv_pkg/hook/cmake_prefix_path.dsv'
[0.966s] INFO:colcon.colcon_core.shell:Creating environment hook '/home/zwier/agv_ws/install/agv_pkg/share/agv_pkg/hook/cmake_prefix_path.sh'
[0.966s] Level 1:colcon.colcon_core.environment:checking '/home/zwier/agv_ws/install/agv_pkg/bin'
[0.966s] Level 1:colcon.colcon_core.environment:checking '/home/zwier/agv_ws/install/agv_pkg/lib/pkgconfig/agv_pkg.pc'
[0.967s] Level 1:colcon.colcon_core.environment:checking '/home/zwier/agv_ws/install/agv_pkg/lib/python3.12/site-packages'
[0.967s] Level 1:colcon.colcon_core.environment:checking '/home/zwier/agv_ws/install/agv_pkg/bin'
[0.967s] INFO:colcon.colcon_core.shell:Creating package script '/home/zwier/agv_ws/install/agv_pkg/share/agv_pkg/package.ps1'
[0.967s] INFO:colcon.colcon_core.shell:Creating package descriptor '/home/zwier/agv_ws/install/agv_pkg/share/agv_pkg/package.dsv'
[0.967s] INFO:colcon.colcon_core.shell:Creating package script '/home/zwier/agv_ws/install/agv_pkg/share/agv_pkg/package.sh'
[0.967s] INFO:colcon.colcon_core.shell:Creating package script '/home/zwier/agv_ws/install/agv_pkg/share/agv_pkg/package.bash'
[0.968s] INFO:colcon.colcon_core.shell:Creating package script '/home/zwier/agv_ws/install/agv_pkg/share/agv_pkg/package.zsh'
[0.968s] Level 1:colcon.colcon_core.environment:create_file_with_runtime_dependencies(/home/zwier/agv_ws/install/agv_pkg/share/colcon-core/packages/agv_pkg)
[1.155s] DEBUG:colcon.colcon_core.task.python.build:While undoing a previous installation files outside the Python library path are being ignored: /home/zwier/agv_ws/install/swerve_controller/share/ament_index/resource_index/packages/swerve_controller
[1.155s] DEBUG:colcon.colcon_core.task.python.build:While undoing a previous installation files outside the Python library path are being ignored: /home/zwier/agv_ws/install/swerve_controller/share/swerve_controller/package.xml
[1.155s] DEBUG:colcon.colcon_core.task.python.build:While undoing a previous installation files outside the Python library path are being ignored: /home/zwier/agv_ws/install/swerve_controller/share/swerve_controller/launch/swerve_controller.launch.py
[1.155s] DEBUG:colcon.colcon_core.task.python.build:While undoing a previous installation files outside the Python library path are being ignored: /home/zwier/agv_ws/install/swerve_controller/share/swerve_controller/config/swerve.yaml
[1.155s] DEBUG:colcon.colcon_core.task.python.build:While undoing a previous installation files outside the Python library path are being ignored: /home/zwier/agv_ws/install/swerve_controller/lib/swerve_controller/swerve_controller
[1.157s] DEBUG:colcon.colcon_core.event_handler.log_command:Invoking command in '/home/zwier/agv_ws/build/swerve_controller': DEBUGINFOD_URLS=https://debuginfod.ubuntu.com PYTHONPATH=/home/zwier/agv_ws/build/swerve_controller/prefix_override:/usr/lib/python3/dist-packages/colcon_core/task/python/colcon_distutils_commands:/home/zwier/agv_ws/install/swerve_controller/lib/python3.12/site-packages:${PYTHONPATH} /usr/bin/python3 -W ignore:setup.py install is deprecated -W ignore:easy_install command is deprecated setup.py develop --editable --build-directory /home/zwier/agv_ws/build/swerve_controller/build --no-deps symlink_data --force
[1.478s] Level 1:colcon.colcon_core.shell:create_environment_hook('swerve_controller', 'pythonpath_develop')
[1.478s] INFO:colcon.colcon_core.shell:Creating environment hook '/home/zwier/agv_ws/build/swerve_controller/share/swerve_controller/hook/pythonpath_develop.ps1'
[1.479s] DEBUG:colcon.colcon_core.event_handler.log_command:Invoked command in '/home/zwier/agv_ws/build/swerve_controller' returned '0': DEBUGINFOD_URLS=https://debuginfod.ubuntu.com PYTHONPATH=/home/zwier/agv_ws/build/swerve_controller/prefix_override:/usr/lib/python3/dist-packages/colcon_core/task/python/colcon_distutils_commands:/home/zwier/agv_ws/install/swerve_controller/lib/python3.12/site-packages:${PYTHONPATH} /usr/bin/python3 -W ignore:setup.py install is deprecated -W ignore:easy_install command is deprecated setup.py develop --editable --build-directory /home/zwier/agv_ws/build/swerve_controller/build --no-deps symlink_data --force
[1.479s] INFO:colcon.colcon_core.shell:Creating environment descriptor '/home/zwier/agv_ws/build/swerve_controller/share/swerve_controller/hook/pythonpath_develop.dsv'
[1.479s] INFO:colcon.colcon_core.shell:Creating environment hook '/home/zwier/agv_ws/build/swerve_controller/share/swerve_controller/hook/pythonpath_develop.sh'
[1.479s] Level 1:colcon.colcon_core.environment:checking '/home/zwier/agv_ws/install/swerve_controller' for CMake module files
[1.480s] Level 1:colcon.colcon_core.environment:checking '/home/zwier/agv_ws/install/swerve_controller' for CMake config files
[1.480s] Level 1:colcon.colcon_core.environment:checking '/home/zwier/agv_ws/install/swerve_controller/lib'
[1.481s] Level 1:colcon.colcon_core.environment:checking '/home/zwier/agv_ws/install/swerve_controller/bin'
[1.481s] Level 1:colcon.colcon_core.environment:checking '/home/zwier/agv_ws/install/swerve_controller/lib/pkgconfig/swerve_controller.pc'
[1.481s] Level 1:colcon.colcon_core.environment:checking '/home/zwier/agv_ws/install/swerve_controller/lib/python3.12/site-packages'
[1.481s] Level 1:colcon.colcon_core.shell:create_environment_hook('swerve_controller', 'pythonpath')
[1.481s] INFO:colcon.colcon_core.shell:Creating environment hook '/home/zwier/agv_ws/install/swerve_controller/share/swerve_controller/hook/pythonpath.ps1'
[1.482s] INFO:colcon.colcon_core.shell:Creating environment descriptor '/home/zwier/agv_ws/install/swerve_controller/share/swerve_controller/hook/pythonpath.dsv'
[1.482s] INFO:colcon.colcon_core.shell:Creating environment hook '/home/zwier/agv_ws/install/swerve_controller/share/swerve_controller/hook/pythonpath.sh'
[1.482s] Level 1:colcon.colcon_core.environment:checking '/home/zwier/agv_ws/install/swerve_controller/bin'
[1.482s] Level 1:colcon.colcon_core.environment:create_environment_scripts_only(swerve_controller)
[1.482s] INFO:colcon.colcon_core.shell:Creating package script '/home/zwier/agv_ws/install/swerve_controller/share/swerve_controller/package.ps1'
[1.482s] INFO:colcon.colcon_core.shell:Creating package descriptor '/home/zwier/agv_ws/install/swerve_controller/share/swerve_controller/package.dsv'
[1.483s] INFO:colcon.colcon_core.shell:Creating package script '/home/zwier/agv_ws/install/swerve_controller/share/swerve_controller/package.sh'
[1.483s] INFO:colcon.colcon_core.shell:Creating package script '/home/zwier/agv_ws/install/swerve_controller/share/swerve_controller/package.bash'
[1.483s] INFO:colcon.colcon_core.shell:Creating package script '/home/zwier/agv_ws/install/swerve_controller/share/swerve_controller/package.zsh'
[1.483s] Level 1:colcon.colcon_core.environment:create_file_with_runtime_dependencies(/home/zwier/agv_ws/install/swerve_controller/share/colcon-core/packages/swerve_controller)
[2.686s] DEBUG:colcon.colcon_core.event_handler.log_command:Invoked command in '/home/zwier/agv_ws/build/ros2_control_demo_example_11' returned '0': CMAKE_PREFIX_PATH=/home/zwier/agv_ws/install/ros2_control_demo_description:/home/zwier/agv_ws/install/ros2_control_demo_example_11:/home/zwier/agv_ws/install/agv_pkg:/opt/ros/jazzy/opt/gz_sim_vendor:/opt/ros/jazzy/opt/gz_sensors_vendor:/opt/ros/jazzy/opt/gz_physics_vendor:/opt/ros/jazzy/opt/sdformat_vendor:/opt/ros/jazzy/opt/gz_gui_vendor:/opt/ros/jazzy/opt/gz_transport_vendor:/opt/ros/jazzy/opt/gz_rendering_vendor:/opt/ros/jazzy/opt/gz_plugin_vendor:/opt/ros/jazzy/opt/gz_fuel_tools_vendor:/opt/ros/jazzy/opt/gz_msgs_vendor:/opt/ros/jazzy/opt/gz_common_vendor:/opt/ros/jazzy/opt/gz_math_vendor:/opt/ros/jazzy/opt/gz_utils_vendor:/opt/ros/jazzy/opt/gz_tools_vendor:/opt/ros/jazzy/opt/gz_ogre_next_vendor:/opt/ros/jazzy/opt/gz_dartsim_vendor:/opt/ros/jazzy/opt/gz_cmake_vendor:/home/zwier/agv_ws/install/swerve_controller:/opt/ros/jazzy DEBUGINFOD_URLS=https://debuginfod.ubuntu.com /usr/bin/cmake /home/zwier/agv_ws/src/example_11 -DAMENT_CMAKE_SYMLINK_INSTALL=1 -DCMAKE_INSTALL_PREFIX=/home/zwier/agv_ws/install/ros2_control_demo_example_11
[2.687s] DEBUG:colcon.colcon_core.event_handler.log_command:Invoking command in '/home/zwier/agv_ws/build/ros2_control_demo_example_11': CMAKE_PREFIX_PATH=/home/zwier/agv_ws/install/ros2_control_demo_description:/home/zwier/agv_ws/install/ros2_control_demo_example_11:/home/zwier/agv_ws/install/agv_pkg:/opt/ros/jazzy/opt/gz_sim_vendor:/opt/ros/jazzy/opt/gz_sensors_vendor:/opt/ros/jazzy/opt/gz_physics_vendor:/opt/ros/jazzy/opt/sdformat_vendor:/opt/ros/jazzy/opt/gz_gui_vendor:/opt/ros/jazzy/opt/gz_transport_vendor:/opt/ros/jazzy/opt/gz_rendering_vendor:/opt/ros/jazzy/opt/gz_plugin_vendor:/opt/ros/jazzy/opt/gz_fuel_tools_vendor:/opt/ros/jazzy/opt/gz_msgs_vendor:/opt/ros/jazzy/opt/gz_common_vendor:/opt/ros/jazzy/opt/gz_math_vendor:/opt/ros/jazzy/opt/gz_utils_vendor:/opt/ros/jazzy/opt/gz_tools_vendor:/opt/ros/jazzy/opt/gz_ogre_next_vendor:/opt/ros/jazzy/opt/gz_dartsim_vendor:/opt/ros/jazzy/opt/gz_cmake_vendor:/home/zwier/agv_ws/install/swerve_controller:/opt/ros/jazzy DEBUGINFOD_URLS=https://debuginfod.ubuntu.com /usr/bin/cmake --build /home/zwier/agv_ws/build/ros2_control_demo_example_11 -- -j32 -l32
[2.809s] DEBUG:colcon.colcon_core.event_handler.log_command:Invoked command in '/home/zwier/agv_ws/build/ros2_control_demo_example_11' returned '0': CMAKE_PREFIX_PATH=/home/zwier/agv_ws/install/ros2_control_demo_description:/home/zwier/agv_ws/install/ros2_control_demo_example_11:/home/zwier/agv_ws/install/agv_pkg:/opt/ros/jazzy/opt/gz_sim_vendor:/opt/ros/jazzy/opt/gz_sensors_vendor:/opt/ros/jazzy/opt/gz_physics_vendor:/opt/ros/jazzy/opt/sdformat_vendor:/opt/ros/jazzy/opt/gz_gui_vendor:/opt/ros/jazzy/opt/gz_transport_vendor:/opt/ros/jazzy/opt/gz_rendering_vendor:/opt/ros/jazzy/opt/gz_plugin_vendor:/opt/ros/jazzy/opt/gz_fuel_tools_vendor:/opt/ros/jazzy/opt/gz_msgs_vendor:/opt/ros/jazzy/opt/gz_common_vendor:/opt/ros/jazzy/opt/gz_math_vendor:/opt/ros/jazzy/opt/gz_utils_vendor:/opt/ros/jazzy/opt/gz_tools_vendor:/opt/ros/jazzy/opt/gz_ogre_next_vendor:/opt/ros/jazzy/opt/gz_dartsim_vendor:/opt/ros/jazzy/opt/gz_cmake_vendor:/home/zwier/agv_ws/install/swerve_controller:/opt/ros/jazzy DEBUGINFOD_URLS=https://debuginfod.ubuntu.com /usr/bin/cmake --build /home/zwier/agv_ws/build/ros2_control_demo_example_11 -- -j32 -l32
[2.811s] DEBUG:colcon.colcon_core.event_handler.log_command:Invoking command in '/home/zwier/agv_ws/build/ros2_control_demo_example_11': CMAKE_PREFIX_PATH=/home/zwier/agv_ws/install/ros2_control_demo_description:/home/zwier/agv_ws/install/ros2_control_demo_example_11:/home/zwier/agv_ws/install/agv_pkg:/opt/ros/jazzy/opt/gz_sim_vendor:/opt/ros/jazzy/opt/gz_sensors_vendor:/opt/ros/jazzy/opt/gz_physics_vendor:/opt/ros/jazzy/opt/sdformat_vendor:/opt/ros/jazzy/opt/gz_gui_vendor:/opt/ros/jazzy/opt/gz_transport_vendor:/opt/ros/jazzy/opt/gz_rendering_vendor:/opt/ros/jazzy/opt/gz_plugin_vendor:/opt/ros/jazzy/opt/gz_fuel_tools_vendor:/opt/ros/jazzy/opt/gz_msgs_vendor:/opt/ros/jazzy/opt/gz_common_vendor:/opt/ros/jazzy/opt/gz_math_vendor:/opt/ros/jazzy/opt/gz_utils_vendor:/opt/ros/jazzy/opt/gz_tools_vendor:/opt/ros/jazzy/opt/gz_ogre_next_vendor:/opt/ros/jazzy/opt/gz_dartsim_vendor:/opt/ros/jazzy/opt/gz_cmake_vendor:/home/zwier/agv_ws/install/swerve_controller:/opt/ros/jazzy DEBUGINFOD_URLS=https://debuginfod.ubuntu.com /usr/bin/cmake --install /home/zwier/agv_ws/build/ros2_control_demo_example_11
[2.842s] Level 1:colcon.colcon_core.environment:create_environment_scripts_only(ros2_control_demo_example_11)
[2.843s] Level 1:colcon.colcon_core.environment:checking '/home/zwier/agv_ws/install/ros2_control_demo_example_11' for CMake module files
[2.844s] DEBUG:colcon.colcon_core.event_handler.log_command:Invoked command in '/home/zwier/agv_ws/build/ros2_control_demo_example_11' returned '0': CMAKE_PREFIX_PATH=/home/zwier/agv_ws/install/ros2_control_demo_description:/home/zwier/agv_ws/install/ros2_control_demo_example_11:/home/zwier/agv_ws/install/agv_pkg:/opt/ros/jazzy/opt/gz_sim_vendor:/opt/ros/jazzy/opt/gz_sensors_vendor:/opt/ros/jazzy/opt/gz_physics_vendor:/opt/ros/jazzy/opt/sdformat_vendor:/opt/ros/jazzy/opt/gz_gui_vendor:/opt/ros/jazzy/opt/gz_transport_vendor:/opt/ros/jazzy/opt/gz_rendering_vendor:/opt/ros/jazzy/opt/gz_plugin_vendor:/opt/ros/jazzy/opt/gz_fuel_tools_vendor:/opt/ros/jazzy/opt/gz_msgs_vendor:/opt/ros/jazzy/opt/gz_common_vendor:/opt/ros/jazzy/opt/gz_math_vendor:/opt/ros/jazzy/opt/gz_utils_vendor:/opt/ros/jazzy/opt/gz_tools_vendor:/opt/ros/jazzy/opt/gz_ogre_next_vendor:/opt/ros/jazzy/opt/gz_dartsim_vendor:/opt/ros/jazzy/opt/gz_cmake_vendor:/home/zwier/agv_ws/install/swerve_controller:/opt/ros/jazzy DEBUGINFOD_URLS=https://debuginfod.ubuntu.com /usr/bin/cmake --install /home/zwier/agv_ws/build/ros2_control_demo_example_11
[2.845s] Level 1:colcon.colcon_core.environment:checking '/home/zwier/agv_ws/install/ros2_control_demo_example_11' for CMake config files
[2.845s] Level 1:colcon.colcon_core.shell:create_environment_hook('ros2_control_demo_example_11', 'cmake_prefix_path')
[2.845s] INFO:colcon.colcon_core.shell:Creating environment hook '/home/zwier/agv_ws/install/ros2_control_demo_example_11/share/ros2_control_demo_example_11/hook/cmake_prefix_path.ps1'
[2.846s] INFO:colcon.colcon_core.shell:Creating environment descriptor '/home/zwier/agv_ws/install/ros2_control_demo_example_11/share/ros2_control_demo_example_11/hook/cmake_prefix_path.dsv'
[2.846s] INFO:colcon.colcon_core.shell:Creating environment hook '/home/zwier/agv_ws/install/ros2_control_demo_example_11/share/ros2_control_demo_example_11/hook/cmake_prefix_path.sh'
[2.847s] Level 1:colcon.colcon_core.environment:checking '/home/zwier/agv_ws/install/ros2_control_demo_example_11/lib'
[2.847s] Level 1:colcon.colcon_core.shell:create_environment_hook('ros2_control_demo_example_11', 'ld_library_path_lib')
[2.847s] INFO:colcon.colcon_core.shell:Creating environment hook '/home/zwier/agv_ws/install/ros2_control_demo_example_11/share/ros2_control_demo_example_11/hook/ld_library_path_lib.ps1'
[2.848s] INFO:colcon.colcon_core.shell:Creating environment descriptor '/home/zwier/agv_ws/install/ros2_control_demo_example_11/share/ros2_control_demo_example_11/hook/ld_library_path_lib.dsv'
[2.848s] INFO:colcon.colcon_core.shell:Creating environment hook '/home/zwier/agv_ws/install/ros2_control_demo_example_11/share/ros2_control_demo_example_11/hook/ld_library_path_lib.sh'
[2.848s] Level 1:colcon.colcon_core.environment:checking '/home/zwier/agv_ws/install/ros2_control_demo_example_11/bin'
[2.848s] Level 1:colcon.colcon_core.environment:checking '/home/zwier/agv_ws/install/ros2_control_demo_example_11/lib/pkgconfig/ros2_control_demo_example_11.pc'
[2.849s] Level 1:colcon.colcon_core.environment:checking '/home/zwier/agv_ws/install/ros2_control_demo_example_11/lib/python3.12/site-packages'
[2.849s] Level 1:colcon.colcon_core.environment:checking '/home/zwier/agv_ws/install/ros2_control_demo_example_11/bin'
[2.849s] INFO:colcon.colcon_core.shell:Creating package script '/home/zwier/agv_ws/install/ros2_control_demo_example_11/share/ros2_control_demo_example_11/package.ps1'
[2.850s] INFO:colcon.colcon_core.shell:Creating package descriptor '/home/zwier/agv_ws/install/ros2_control_demo_example_11/share/ros2_control_demo_example_11/package.dsv'
[2.850s] INFO:colcon.colcon_core.shell:Creating package script '/home/zwier/agv_ws/install/ros2_control_demo_example_11/share/ros2_control_demo_example_11/package.sh'
[2.850s] INFO:colcon.colcon_core.shell:Creating package script '/home/zwier/agv_ws/install/ros2_control_demo_example_11/share/ros2_control_demo_example_11/package.bash'
[2.851s] INFO:colcon.colcon_core.shell:Creating package script '/home/zwier/agv_ws/install/ros2_control_demo_example_11/share/ros2_control_demo_example_11/package.zsh'
[2.851s] Level 1:colcon.colcon_core.environment:create_file_with_runtime_dependencies(/home/zwier/agv_ws/install/ros2_control_demo_example_11/share/colcon-core/packages/ros2_control_demo_example_11)
[2.852s] Level 1:colcon.colcon_core.environment:create_environment_scripts_only(ros2_control_demo_example_11)
[2.852s] Level 1:colcon.colcon_core.environment:checking '/home/zwier/agv_ws/install/ros2_control_demo_example_11' for CMake module files
[2.852s] Level 1:colcon.colcon_core.environment:checking '/home/zwier/agv_ws/install/ros2_control_demo_example_11' for CMake config files
[2.853s] Level 1:colcon.colcon_core.shell:create_environment_hook('ros2_control_demo_example_11', 'cmake_prefix_path')
[2.853s] INFO:colcon.colcon_core.shell:Creating environment hook '/home/zwier/agv_ws/install/ros2_control_demo_example_11/share/ros2_control_demo_example_11/hook/cmake_prefix_path.ps1'
[2.853s] INFO:colcon.colcon_core.shell:Creating environment descriptor '/home/zwier/agv_ws/install/ros2_control_demo_example_11/share/ros2_control_demo_example_11/hook/cmake_prefix_path.dsv'
[2.854s] INFO:colcon.colcon_core.shell:Creating environment hook '/home/zwier/agv_ws/install/ros2_control_demo_example_11/share/ros2_control_demo_example_11/hook/cmake_prefix_path.sh'
[2.854s] Level 1:colcon.colcon_core.environment:checking '/home/zwier/agv_ws/install/ros2_control_demo_example_11/lib'
[2.854s] Level 1:colcon.colcon_core.shell:create_environment_hook('ros2_control_demo_example_11', 'ld_library_path_lib')
[2.854s] INFO:colcon.colcon_core.shell:Creating environment hook '/home/zwier/agv_ws/install/ros2_control_demo_example_11/share/ros2_control_demo_example_11/hook/ld_library_path_lib.ps1'
[2.855s] INFO:colcon.colcon_core.shell:Creating environment descriptor '/home/zwier/agv_ws/install/ros2_control_demo_example_11/share/ros2_control_demo_example_11/hook/ld_library_path_lib.dsv'
[2.855s] INFO:colcon.colcon_core.shell:Creating environment hook '/home/zwier/agv_ws/install/ros2_control_demo_example_11/share/ros2_control_demo_example_11/hook/ld_library_path_lib.sh'
[2.856s] Level 1:colcon.colcon_core.environment:checking '/home/zwier/agv_ws/install/ros2_control_demo_example_11/bin'
[2.856s] Level 1:colcon.colcon_core.environment:checking '/home/zwier/agv_ws/install/ros2_control_demo_example_11/lib/pkgconfig/ros2_control_demo_example_11.pc'
[2.856s] Level 1:colcon.colcon_core.environment:checking '/home/zwier/agv_ws/install/ros2_control_demo_example_11/lib/python3.12/site-packages'
[2.856s] Level 1:colcon.colcon_core.environment:checking '/home/zwier/agv_ws/install/ros2_control_demo_example_11/bin'
[2.856s] INFO:colcon.colcon_core.shell:Creating package script '/home/zwier/agv_ws/install/ros2_control_demo_example_11/share/ros2_control_demo_example_11/package.ps1'
[2.857s] INFO:colcon.colcon_core.shell:Creating package descriptor '/home/zwier/agv_ws/install/ros2_control_demo_example_11/share/ros2_control_demo_example_11/package.dsv'
[2.858s] INFO:colcon.colcon_core.shell:Creating package script '/home/zwier/agv_ws/install/ros2_control_demo_example_11/share/ros2_control_demo_example_11/package.sh'
[2.858s] INFO:colcon.colcon_core.shell:Creating package script '/home/zwier/agv_ws/install/ros2_control_demo_example_11/share/ros2_control_demo_example_11/package.bash'
[2.858s] INFO:colcon.colcon_core.shell:Creating package script '/home/zwier/agv_ws/install/ros2_control_demo_example_11/share/ros2_control_demo_example_11/package.zsh'
[2.859s] Level 1:colcon.colcon_core.environment:create_file_with_runtime_dependencies(/home/zwier/agv_ws/install/ros2_control_demo_example_11/share/colcon-core/packages/ros2_control_demo_example_11)
[2.859s] DEBUG:colcon.colcon_parallel_executor.executor.parallel:closing loop
[2.859s] DEBUG:colcon.colcon_parallel_executor.executor.parallel:loop closed
[2.859s] DEBUG:colcon.colcon_parallel_executor.executor.parallel:run_until_complete finished with '0'
[2.859s] DEBUG:colcon.colcon_core.event_reactor:joining thread
[2.869s] INFO:colcon.colcon_core.plugin_system:Skipping extension 'colcon_notification.desktop_notification.terminal_notifier': Not used on non-Darwin systems
[2.870s] INFO:colcon.colcon_core.plugin_system:Skipping extension 'colcon_notification.desktop_notification.win32': Not used on non-Windows systems
[2.870s] INFO:colcon.colcon_notification.desktop_notification:Sending desktop notification using 'notify2'
[2.891s] DEBUG:colcon.colcon_core.event_reactor:joined thread
[2.892s] INFO:colcon.colcon_core.shell:Creating prefix script '/home/zwier/agv_ws/install/local_setup.ps1'
[2.893s] INFO:colcon.colcon_core.shell:Creating prefix util module '/home/zwier/agv_ws/install/_local_setup_util_ps1.py'
[2.894s] INFO:colcon.colcon_core.shell:Creating prefix chain script '/home/zwier/agv_ws/install/setup.ps1'
[2.895s] INFO:colcon.colcon_core.shell:Creating prefix script '/home/zwier/agv_ws/install/local_setup.sh'
[2.896s] INFO:colcon.colcon_core.shell:Creating prefix util module '/home/zwier/agv_ws/install/_local_setup_util_sh.py'
[2.897s] INFO:colcon.colcon_core.shell:Creating prefix chain script '/home/zwier/agv_ws/install/setup.sh'
[2.898s] INFO:colcon.colcon_core.shell:Creating prefix script '/home/zwier/agv_ws/install/local_setup.bash'
[2.899s] INFO:colcon.colcon_core.shell:Creating prefix chain script '/home/zwier/agv_ws/install/setup.bash'
[2.900s] INFO:colcon.colcon_core.shell:Creating prefix script '/home/zwier/agv_ws/install/local_setup.zsh'
[2.900s] INFO:colcon.colcon_core.shell:Creating prefix chain script '/home/zwier/agv_ws/install/setup.zsh'
