running develop
Removing /home/zwier/agv_ws/install/swerve_controller/lib/python3.12/site-packages/swerve-controller.egg-link (link to .)
running egg_info
writing ../../build/swerve_controller/swerve_controller.egg-info/PKG-INFO
writing dependency_links to ../../build/swerve_controller/swerve_controller.egg-info/dependency_links.txt
writing entry points to ../../build/swerve_controller/swerve_controller.egg-info/entry_points.txt
writing requirements to ../../build/swerve_controller/swerve_controller.egg-info/requires.txt
writing top-level names to ../../build/swerve_controller/swerve_controller.egg-info/top_level.txt
reading manifest file '../../build/swerve_controller/swerve_controller.egg-info/SOURCES.txt'
adding license file 'LICENSE'
writing manifest file '../../build/swerve_controller/swerve_controller.egg-info/SOURCES.txt'
running build
running build_py
creating /home/zwier/agv_ws/build/swerve_controller/build
creating /home/zwier/agv_ws/build/swerve_controller/build/lib
creating /home/zwier/agv_ws/build/swerve_controller/build/lib/swerve_controller
copying swerve_controller/geometry.py -> /home/zwier/agv_ws/build/swerve_controller/build/lib/swerve_controller
copying swerve_controller/drive_module.py -> /home/zwier/agv_ws/build/swerve_controller/build/lib/swerve_controller
copying swerve_controller/control_model.py -> /home/zwier/agv_ws/build/swerve_controller/build/lib/swerve_controller
copying swerve_controller/swerve_controller.py -> /home/zwier/agv_ws/build/swerve_controller/build/lib/swerve_controller
copying swerve_controller/errors.py -> /home/zwier/agv_ws/build/swerve_controller/build/lib/swerve_controller
copying swerve_controller/control.py -> /home/zwier/agv_ws/build/swerve_controller/build/lib/swerve_controller
copying swerve_controller/profile.py -> /home/zwier/agv_ws/build/swerve_controller/build/lib/swerve_controller
copying swerve_controller/states.py -> /home/zwier/agv_ws/build/swerve_controller/build/lib/swerve_controller
copying swerve_controller/steering_controller.py -> /home/zwier/agv_ws/build/swerve_controller/build/lib/swerve_controller
copying swerve_controller/control_profile.py -> /home/zwier/agv_ws/build/swerve_controller/build/lib/swerve_controller
copying swerve_controller/__init__.py -> /home/zwier/agv_ws/build/swerve_controller/build/lib/swerve_controller
running install
running install_lib
creating /home/zwier/agv_ws/install/swerve_controller/lib/python3.12/site-packages/swerve_controller
copying /home/zwier/agv_ws/build/swerve_controller/build/lib/swerve_controller/geometry.py -> /home/zwier/agv_ws/install/swerve_controller/lib/python3.12/site-packages/swerve_controller
copying /home/zwier/agv_ws/build/swerve_controller/build/lib/swerve_controller/drive_module.py -> /home/zwier/agv_ws/install/swerve_controller/lib/python3.12/site-packages/swerve_controller
copying /home/zwier/agv_ws/build/swerve_controller/build/lib/swerve_controller/control_model.py -> /home/zwier/agv_ws/install/swerve_controller/lib/python3.12/site-packages/swerve_controller
copying /home/zwier/agv_ws/build/swerve_controller/build/lib/swerve_controller/swerve_controller.py -> /home/zwier/agv_ws/install/swerve_controller/lib/python3.12/site-packages/swerve_controller
copying /home/zwier/agv_ws/build/swerve_controller/build/lib/swerve_controller/errors.py -> /home/zwier/agv_ws/install/swerve_controller/lib/python3.12/site-packages/swerve_controller
copying /home/zwier/agv_ws/build/swerve_controller/build/lib/swerve_controller/control.py -> /home/zwier/agv_ws/install/swerve_controller/lib/python3.12/site-packages/swerve_controller
copying /home/zwier/agv_ws/build/swerve_controller/build/lib/swerve_controller/profile.py -> /home/zwier/agv_ws/install/swerve_controller/lib/python3.12/site-packages/swerve_controller
copying /home/zwier/agv_ws/build/swerve_controller/build/lib/swerve_controller/states.py -> /home/zwier/agv_ws/install/swerve_controller/lib/python3.12/site-packages/swerve_controller
copying /home/zwier/agv_ws/build/swerve_controller/build/lib/swerve_controller/steering_controller.py -> /home/zwier/agv_ws/install/swerve_controller/lib/python3.12/site-packages/swerve_controller
copying /home/zwier/agv_ws/build/swerve_controller/build/lib/swerve_controller/control_profile.py -> /home/zwier/agv_ws/install/swerve_controller/lib/python3.12/site-packages/swerve_controller
copying /home/zwier/agv_ws/build/swerve_controller/build/lib/swerve_controller/__init__.py -> /home/zwier/agv_ws/install/swerve_controller/lib/python3.12/site-packages/swerve_controller
byte-compiling /home/zwier/agv_ws/install/swerve_controller/lib/python3.12/site-packages/swerve_controller/geometry.py to geometry.cpython-312.pyc
byte-compiling /home/zwier/agv_ws/install/swerve_controller/lib/python3.12/site-packages/swerve_controller/drive_module.py to drive_module.cpython-312.pyc
byte-compiling /home/zwier/agv_ws/install/swerve_controller/lib/python3.12/site-packages/swerve_controller/control_model.py to control_model.cpython-312.pyc
byte-compiling /home/zwier/agv_ws/install/swerve_controller/lib/python3.12/site-packages/swerve_controller/swerve_controller.py to swerve_controller.cpython-312.pyc
byte-compiling /home/zwier/agv_ws/install/swerve_controller/lib/python3.12/site-packages/swerve_controller/errors.py to errors.cpython-312.pyc
byte-compiling /home/zwier/agv_ws/install/swerve_controller/lib/python3.12/site-packages/swerve_controller/control.py to control.cpython-312.pyc
byte-compiling /home/zwier/agv_ws/install/swerve_controller/lib/python3.12/site-packages/swerve_controller/profile.py to profile.cpython-312.pyc
byte-compiling /home/zwier/agv_ws/install/swerve_controller/lib/python3.12/site-packages/swerve_controller/states.py to states.cpython-312.pyc
byte-compiling /home/zwier/agv_ws/install/swerve_controller/lib/python3.12/site-packages/swerve_controller/steering_controller.py to steering_controller.cpython-312.pyc
byte-compiling /home/zwier/agv_ws/install/swerve_controller/lib/python3.12/site-packages/swerve_controller/control_profile.py to control_profile.cpython-312.pyc
byte-compiling /home/zwier/agv_ws/install/swerve_controller/lib/python3.12/site-packages/swerve_controller/__init__.py to __init__.cpython-312.pyc
running install_data
copying resource/swerve_controller -> /home/zwier/agv_ws/install/swerve_controller/share/ament_index/resource_index/packages
copying package.xml -> /home/zwier/agv_ws/install/swerve_controller/share/swerve_controller
copying launch/swerve_controller.launch.py -> /home/zwier/agv_ws/install/swerve_controller/share/swerve_controller/launch
copying config/swerve.yaml -> /home/zwier/agv_ws/install/swerve_controller/share/swerve_controller/config
running install_egg_info
Copying ../../build/swerve_controller/swerve_controller.egg-info to /home/zwier/agv_ws/install/swerve_controller/lib/python3.12/site-packages/swerve_controller-0.1.0-py3.12.egg-info
running install_scripts
Installing swerve_controller script to /home/zwier/agv_ws/install/swerve_controller/lib/swerve_controller
writing list of installed files to '/home/zwier/agv_ws/build/swerve_controller/install.log'
