-- The C compiler identification is GNU 13.3.0
-- The CXX compiler identification is GNU 13.3.0
-- Detecting C compiler ABI info
-- Detecting C compiler ABI info - done
-- Check for working C compiler: /usr/bin/cc - skipped
-- Detecting C compile features
-- Detecting C compile features - done
-- Detecting CXX compiler ABI info
-- Detecting CXX compiler ABI info - done
-- Check for working CXX compiler: /usr/bin/c++ - skipped
-- Detecting CXX compile features
-- Detecting CXX compile features - done
-- Found ament_cmake: 2.5.3 (/opt/ros/jazzy/share/ament_cmake/cmake)
-- Found Python3: /usr/bin/python3 (found version "3.12.3") found components: Interpreter 
-- Override CMake install command with custom implementation using symlinks instead of copying resources
-- Found ament_lint_auto: 0.17.1 (/opt/ros/jazzy/share/ament_lint_auto/cmake)
-- Added test 'flake8' to check Python code syntax and style conventions
-- Configured 'flake8' exclude dirs and/or files: 
-- Added test 'lint_cmake' to check CMake code style
-- Added test 'pep257' to check Python code against some of the docstring style conventions in PEP 257
-- Added test 'xmllint' to check XML markup files
-- Configuring done (0.6s)
-- Generating done (0.0s)
-- Build files have been written to: /home/zwier/agv_ws/build/agv_pkg
-- Install configuration: ""
-- Execute custom install script
-- Symlinking: /home/zwier/agv_ws/install/agv_pkg/share/agv_pkg/config/gaz_ros2_ctl_use_sim.yaml
-- Symlinking: /home/zwier/agv_ws/install/agv_pkg/share/agv_pkg/config/gz_bridge.yaml
-- Symlinking: /home/zwier/agv_ws/install/agv_pkg/share/agv_pkg/config/home_map.pgm
-- Symlinking: /home/zwier/agv_ws/install/agv_pkg/share/agv_pkg/config/home_map.yaml
-- Symlinking: /home/zwier/agv_ws/install/agv_pkg/share/agv_pkg/config/joystick.yaml
-- Symlinking: /home/zwier/agv_ws/install/agv_pkg/share/agv_pkg/config/localisation_amcl.yaml
-- Symlinking: /home/zwier/agv_ws/install/agv_pkg/share/agv_pkg/config/locallisation_params_online_async.yaml
-- Symlinking: /home/zwier/agv_ws/install/agv_pkg/share/agv_pkg/config/map_save.pgm
-- Symlinking: /home/zwier/agv_ws/install/agv_pkg/share/agv_pkg/config/map_save.yaml
-- Symlinking: /home/zwier/agv_ws/install/agv_pkg/share/agv_pkg/config/map_serialize.data
-- Symlinking: /home/zwier/agv_ws/install/agv_pkg/share/agv_pkg/config/map_serialize.posegraph
-- Symlinking: /home/zwier/agv_ws/install/agv_pkg/share/agv_pkg/config/mapper_params_online_async.yaml
-- Symlinking: /home/zwier/agv_ws/install/agv_pkg/share/agv_pkg/config/my_controllers.yaml
-- Symlinking: /home/zwier/agv_ws/install/agv_pkg/share/agv_pkg/config/nav2.yaml
-- Symlinking: /home/zwier/agv_ws/install/agv_pkg/share/agv_pkg/config/twist_mux.yaml
-- Symlinking: /home/zwier/agv_ws/install/agv_pkg/share/agv_pkg/config/view_bot.rviz
-- Symlinking: /home/zwier/agv_ws/install/agv_pkg/share/agv_pkg/config/view_bot_in_map.rviz
-- Symlinking: /home/zwier/agv_ws/install/agv_pkg/share/agv_pkg/config/view_bot_planning.rviz
-- Symlinking: /home/zwier/agv_ws/install/agv_pkg/share/agv_pkg/config/zinger.yaml
-- Symlinking: /home/zwier/agv_ws/install/agv_pkg/share/agv_pkg/description/cameras.xacro
-- Symlinking: /home/zwier/agv_ws/install/agv_pkg/share/agv_pkg/description/gazebo_control.xacro
-- Symlinking: /home/zwier/agv_ws/install/agv_pkg/share/agv_pkg/description/lidar.xacro
-- Symlinking: /home/zwier/agv_ws/install/agv_pkg/share/agv_pkg/description/robot.urdf
-- Symlinking: /home/zwier/agv_ws/install/agv_pkg/share/agv_pkg/description/robot.urdf.xacro
-- Symlinking: /home/zwier/agv_ws/install/agv_pkg/share/agv_pkg/description/ros2_control.xacro
-- Symlinking: /home/zwier/agv_ws/install/agv_pkg/share/agv_pkg/launch/joystick.launch.py
-- Symlinking: /home/zwier/agv_ws/install/agv_pkg/share/agv_pkg/launch/navigation.launch.py
-- Symlinking: /home/zwier/agv_ws/install/agv_pkg/share/agv_pkg/launch/rsp.launch.py
-- Symlinking: /home/zwier/agv_ws/install/agv_pkg/share/agv_pkg/launch/sim.launch.py
-- Symlinking: /home/zwier/agv_ws/install/agv_pkg/share/agv_pkg/launch/slam.launch.py
-- Symlinking: /home/zwier/agv_ws/install/agv_pkg/share/agv_pkg/launch/zinger_loc.launch.py
-- Symlinking: /home/zwier/agv_ws/install/agv_pkg/share/agv_pkg/launch/zinger_nav.launch.py
-- Symlinking: /home/zwier/agv_ws/install/agv_pkg/share/agv_pkg/launch/zinger_rsp.launch.py
-- Symlinking: /home/zwier/agv_ws/install/agv_pkg/share/agv_pkg/launch/zinger_sim.launch.py
-- Symlinking: /home/zwier/agv_ws/install/agv_pkg/share/agv_pkg/meshes/LBW_Link.STL
-- Symlinking: /home/zwier/agv_ws/install/agv_pkg/share/agv_pkg/meshes/LB_Link.STL
-- Symlinking: /home/zwier/agv_ws/install/agv_pkg/share/agv_pkg/meshes/LFW_Link.STL
-- Symlinking: /home/zwier/agv_ws/install/agv_pkg/share/agv_pkg/meshes/LF_Link.STL
-- Symlinking: /home/zwier/agv_ws/install/agv_pkg/share/agv_pkg/meshes/RBW_Link.STL
-- Symlinking: /home/zwier/agv_ws/install/agv_pkg/share/agv_pkg/meshes/RB_Link.STL
-- Symlinking: /home/zwier/agv_ws/install/agv_pkg/share/agv_pkg/meshes/RFW_Link.STL
-- Symlinking: /home/zwier/agv_ws/install/agv_pkg/share/agv_pkg/meshes/RF_Link.STL
-- Symlinking: /home/zwier/agv_ws/install/agv_pkg/share/agv_pkg/meshes/chassis_link.STL
-- Symlinking: /home/zwier/agv_ws/install/agv_pkg/share/agv_pkg/worlds/empty.world
-- Symlinking: /home/zwier/agv_ws/install/agv_pkg/share/agv_pkg/worlds/gazebo_models/LitterBin/meshes/Litter.mtl
-- Symlinking: /home/zwier/agv_ws/install/agv_pkg/share/agv_pkg/worlds/gazebo_models/LitterBin/meshes/Litter.obj
-- Symlinking: /home/zwier/agv_ws/install/agv_pkg/share/agv_pkg/worlds/gazebo_models/LitterBin/meshes/LitterBin_Diffuse.png
-- Symlinking: /home/zwier/agv_ws/install/agv_pkg/share/agv_pkg/worlds/gazebo_models/LitterBin/model.config
-- Symlinking: /home/zwier/agv_ws/install/agv_pkg/share/agv_pkg/worlds/gazebo_models/LitterBin/model.sdf
-- Symlinking: /home/zwier/agv_ws/install/agv_pkg/share/agv_pkg/worlds/gazebo_models/LitterBin/thumbnails/1.png
-- Symlinking: /home/zwier/agv_ws/install/agv_pkg/share/agv_pkg/worlds/gazebo_models/LitterBin/thumbnails/2.png
-- Symlinking: /home/zwier/agv_ws/install/agv_pkg/share/agv_pkg/worlds/gazebo_models/LitterBin/thumbnails/3.png
-- Symlinking: /home/zwier/agv_ws/install/agv_pkg/share/agv_pkg/worlds/gazebo_models/LitterBin/thumbnails/4.png
-- Symlinking: /home/zwier/agv_ws/install/agv_pkg/share/agv_pkg/worlds/gazebo_models/LitterBin/thumbnails/5.png
-- Symlinking: /home/zwier/agv_ws/install/agv_pkg/share/agv_pkg/worlds/gazebo_models/MARBLE_HUSKY_SENSOR_CONFIG_2/materials/textures/realsense_diffuse.jpg
-- Symlinking: /home/zwier/agv_ws/install/agv_pkg/share/agv_pkg/worlds/gazebo_models/MARBLE_HUSKY_SENSOR_CONFIG_2/materials/textures/spotlight.jpg
-- Symlinking: /home/zwier/agv_ws/install/agv_pkg/share/agv_pkg/worlds/gazebo_models/MARBLE_HUSKY_SENSOR_CONFIG_2/meshes/VLP16_base_1.dae
-- Symlinking: /home/zwier/agv_ws/install/agv_pkg/share/agv_pkg/worlds/gazebo_models/MARBLE_HUSKY_SENSOR_CONFIG_2/meshes/VLP16_base_2.dae
-- Symlinking: /home/zwier/agv_ws/install/agv_pkg/share/agv_pkg/worlds/gazebo_models/MARBLE_HUSKY_SENSOR_CONFIG_2/meshes/VLP16_scan.dae
-- Symlinking: /home/zwier/agv_ws/install/agv_pkg/share/agv_pkg/worlds/gazebo_models/MARBLE_HUSKY_SENSOR_CONFIG_2/meshes/base_link.dae
-- Symlinking: /home/zwier/agv_ws/install/agv_pkg/share/agv_pkg/worlds/gazebo_models/MARBLE_HUSKY_SENSOR_CONFIG_2/meshes/bumper.dae
-- Symlinking: /home/zwier/agv_ws/install/agv_pkg/share/agv_pkg/worlds/gazebo_models/MARBLE_HUSKY_SENSOR_CONFIG_2/meshes/jpl04_arch_nosensor.stl
-- Symlinking: /home/zwier/agv_ws/install/agv_pkg/share/agv_pkg/worlds/gazebo_models/MARBLE_HUSKY_SENSOR_CONFIG_2/meshes/realsense.dae
-- Symlinking: /home/zwier/agv_ws/install/agv_pkg/share/agv_pkg/worlds/gazebo_models/MARBLE_HUSKY_SENSOR_CONFIG_2/meshes/spotlight.dae
-- Symlinking: /home/zwier/agv_ws/install/agv_pkg/share/agv_pkg/worlds/gazebo_models/MARBLE_HUSKY_SENSOR_CONFIG_2/meshes/top_chassis.dae
-- Symlinking: /home/zwier/agv_ws/install/agv_pkg/share/agv_pkg/worlds/gazebo_models/MARBLE_HUSKY_SENSOR_CONFIG_2/meshes/top_plate.dae
-- Symlinking: /home/zwier/agv_ws/install/agv_pkg/share/agv_pkg/worlds/gazebo_models/MARBLE_HUSKY_SENSOR_CONFIG_2/meshes/user_rail.dae
-- Symlinking: /home/zwier/agv_ws/install/agv_pkg/share/agv_pkg/worlds/gazebo_models/MARBLE_HUSKY_SENSOR_CONFIG_2/meshes/wheel.dae
-- Symlinking: /home/zwier/agv_ws/install/agv_pkg/share/agv_pkg/worlds/gazebo_models/MARBLE_HUSKY_SENSOR_CONFIG_2/model.config
-- Symlinking: /home/zwier/agv_ws/install/agv_pkg/share/agv_pkg/worlds/gazebo_models/MARBLE_HUSKY_SENSOR_CONFIG_2/model.sdf
-- Symlinking: /home/zwier/agv_ws/install/agv_pkg/share/agv_pkg/worlds/gazebo_models/MARBLE_HUSKY_SENSOR_CONFIG_2/thumbnails/1.jpg
-- Symlinking: /home/zwier/agv_ws/install/agv_pkg/share/agv_pkg/worlds/gazebo_models/MARBLE_HUSKY_SENSOR_CONFIG_2/thumbnails/2.jpg
-- Symlinking: /home/zwier/agv_ws/install/agv_pkg/share/agv_pkg/worlds/gazebo_models/MARBLE_HUSKY_SENSOR_CONFIG_2/thumbnails/3.jpg
-- Symlinking: /home/zwier/agv_ws/install/agv_pkg/share/agv_pkg/worlds/gazebo_models/MARBLE_HUSKY_SENSOR_CONFIG_2/thumbnails/4.jpg
-- Symlinking: /home/zwier/agv_ws/install/agv_pkg/share/agv_pkg/worlds/gazebo_models/Mine Cart/materials/scripts/model.material
-- Symlinking: /home/zwier/agv_ws/install/agv_pkg/share/agv_pkg/worlds/gazebo_models/Mine Cart/materials/textures/MineCart_Albedo.png
-- Symlinking: /home/zwier/agv_ws/install/agv_pkg/share/agv_pkg/worlds/gazebo_models/Mine Cart/materials/textures/MineCart_Metalness.png
-- Symlinking: /home/zwier/agv_ws/install/agv_pkg/share/agv_pkg/worlds/gazebo_models/Mine Cart/materials/textures/MineCart_Roughness.png
-- Symlinking: /home/zwier/agv_ws/install/agv_pkg/share/agv_pkg/worlds/gazebo_models/Mine Cart/meshes/minecart.dae
-- Symlinking: /home/zwier/agv_ws/install/agv_pkg/share/agv_pkg/worlds/gazebo_models/Mine Cart/metadata.pbtxt
-- Symlinking: /home/zwier/agv_ws/install/agv_pkg/share/agv_pkg/worlds/gazebo_models/Mine Cart/model.config
-- Symlinking: /home/zwier/agv_ws/install/agv_pkg/share/agv_pkg/worlds/gazebo_models/Mine Cart/model.sdf
-- Symlinking: /home/zwier/agv_ws/install/agv_pkg/share/agv_pkg/worlds/gazebo_models/Mine Cart/thumbnails/1.png
-- Symlinking: /home/zwier/agv_ws/install/agv_pkg/share/agv_pkg/worlds/gazebo_models/Mine Cart/thumbnails/2.png
-- Symlinking: /home/zwier/agv_ws/install/agv_pkg/share/agv_pkg/worlds/gazebo_models/Mine Cart/thumbnails/3.png
-- Symlinking: /home/zwier/agv_ws/install/agv_pkg/share/agv_pkg/worlds/gazebo_models/Mine Cart/thumbnails/4.png
-- Symlinking: /home/zwier/agv_ws/install/agv_pkg/share/agv_pkg/worlds/gazebo_models/Nurse/meshes/Clipboard.png
-- Symlinking: /home/zwier/agv_ws/install/agv_pkg/share/agv_pkg/worlds/gazebo_models/Nurse/meshes/Nurse.mtl
-- Symlinking: /home/zwier/agv_ws/install/agv_pkg/share/agv_pkg/worlds/gazebo_models/Nurse/meshes/Nurse.obj
-- Symlinking: /home/zwier/agv_ws/install/agv_pkg/share/agv_pkg/worlds/gazebo_models/Nurse/meshes/NurseFemaleDiffuse.png
-- Symlinking: /home/zwier/agv_ws/install/agv_pkg/share/agv_pkg/worlds/gazebo_models/Nurse/meshes/Nurse_Col.mtl
-- Symlinking: /home/zwier/agv_ws/install/agv_pkg/share/agv_pkg/worlds/gazebo_models/Nurse/meshes/Nurse_Col.obj
-- Symlinking: /home/zwier/agv_ws/install/agv_pkg/share/agv_pkg/worlds/gazebo_models/Nurse/model.config
-- Symlinking: /home/zwier/agv_ws/install/agv_pkg/share/agv_pkg/worlds/gazebo_models/Nurse/model.sdf
-- Symlinking: /home/zwier/agv_ws/install/agv_pkg/share/agv_pkg/worlds/gazebo_models/Nurse/thumbnails/1.png
-- Symlinking: /home/zwier/agv_ws/install/agv_pkg/share/agv_pkg/worlds/gazebo_models/Nurse/thumbnails/2.png
-- Symlinking: /home/zwier/agv_ws/install/agv_pkg/share/agv_pkg/worlds/gazebo_models/Nurse/thumbnails/3.png
-- Symlinking: /home/zwier/agv_ws/install/agv_pkg/share/agv_pkg/worlds/gazebo_models/Nurse/thumbnails/4.png
-- Symlinking: /home/zwier/agv_ws/install/agv_pkg/share/agv_pkg/worlds/gazebo_models/Nurse/thumbnails/5.png
-- Symlinking: /home/zwier/agv_ws/install/agv_pkg/share/agv_pkg/worlds/gazebo_models/Office Chair/materials/textures/OfficeChair_Albedo.png
-- Symlinking: /home/zwier/agv_ws/install/agv_pkg/share/agv_pkg/worlds/gazebo_models/Office Chair/materials/textures/OfficeChair_Metalness.png
-- Symlinking: /home/zwier/agv_ws/install/agv_pkg/share/agv_pkg/worlds/gazebo_models/Office Chair/materials/textures/OfficeChair_Normal.png
-- Symlinking: /home/zwier/agv_ws/install/agv_pkg/share/agv_pkg/worlds/gazebo_models/Office Chair/materials/textures/OfficeChair_Roughness.png
-- Symlinking: /home/zwier/agv_ws/install/agv_pkg/share/agv_pkg/worlds/gazebo_models/Office Chair/meshes/officechair.dae
-- Symlinking: /home/zwier/agv_ws/install/agv_pkg/share/agv_pkg/worlds/gazebo_models/Office Chair/model.config
-- Symlinking: /home/zwier/agv_ws/install/agv_pkg/share/agv_pkg/worlds/gazebo_models/Office Chair/model.sdf
-- Symlinking: /home/zwier/agv_ws/install/agv_pkg/share/agv_pkg/worlds/gazebo_models/Office Chair/thumbnails/OfficeChair.png
-- Symlinking: /home/zwier/agv_ws/install/agv_pkg/share/agv_pkg/worlds/gazebo_models/RoboCup SPL Ball/model.config
-- Symlinking: /home/zwier/agv_ws/install/agv_pkg/share/agv_pkg/worlds/gazebo_models/RoboCup SPL Ball/model.sdf
-- Symlinking: /home/zwier/agv_ws/install/agv_pkg/share/agv_pkg/worlds/gazebo_models/RoboCup SPL Ball/thumbnails/1.png
-- Symlinking: /home/zwier/agv_ws/install/agv_pkg/share/agv_pkg/worlds/gazebo_models/RoboCup SPL Ball/thumbnails/2.png
-- Symlinking: /home/zwier/agv_ws/install/agv_pkg/share/agv_pkg/worlds/gazebo_models/RoboCup SPL Ball/thumbnails/3.png
-- Symlinking: /home/zwier/agv_ws/install/agv_pkg/share/agv_pkg/worlds/gazebo_models/RoboCup SPL Ball/thumbnails/4.png
-- Symlinking: /home/zwier/agv_ws/install/agv_pkg/share/agv_pkg/worlds/gazebo_models/RoboCup SPL Ball/thumbnails/5.png
-- Symlinking: /home/zwier/agv_ws/install/agv_pkg/share/agv_pkg/worlds/gazebo_models/Sofa/meshes/Sofa.mtl
-- Symlinking: /home/zwier/agv_ws/install/agv_pkg/share/agv_pkg/worlds/gazebo_models/Sofa/meshes/Sofa.obj
-- Symlinking: /home/zwier/agv_ws/install/agv_pkg/share/agv_pkg/worlds/gazebo_models/Sofa/meshes/SofaDiffuse.png
-- Symlinking: /home/zwier/agv_ws/install/agv_pkg/share/agv_pkg/worlds/gazebo_models/Sofa/model.config
-- Symlinking: /home/zwier/agv_ws/install/agv_pkg/share/agv_pkg/worlds/gazebo_models/Sofa/model.sdf
-- Symlinking: /home/zwier/agv_ws/install/agv_pkg/share/agv_pkg/worlds/gazebo_models/Sofa/thumbnails/1.png
-- Symlinking: /home/zwier/agv_ws/install/agv_pkg/share/agv_pkg/worlds/gazebo_models/Sofa/thumbnails/2.png
-- Symlinking: /home/zwier/agv_ws/install/agv_pkg/share/agv_pkg/worlds/gazebo_models/Sofa/thumbnails/3.png
-- Symlinking: /home/zwier/agv_ws/install/agv_pkg/share/agv_pkg/worlds/gazebo_models/Sofa/thumbnails/4.png
-- Symlinking: /home/zwier/agv_ws/install/agv_pkg/share/agv_pkg/worlds/gazebo_models/Sofa/thumbnails/5.png
-- Symlinking: /home/zwier/agv_ws/install/agv_pkg/share/agv_pkg/worlds/gazebo_models/Suitcase1H/meshes/Suitcase1H.mtl
-- Symlinking: /home/zwier/agv_ws/install/agv_pkg/share/agv_pkg/worlds/gazebo_models/Suitcase1H/meshes/Suitcase1H.obj
-- Symlinking: /home/zwier/agv_ws/install/agv_pkg/share/agv_pkg/worlds/gazebo_models/Suitcase1H/meshes/Suitcase1H_Col.mtl
-- Symlinking: /home/zwier/agv_ws/install/agv_pkg/share/agv_pkg/worlds/gazebo_models/Suitcase1H/meshes/Suitcase1H_Col.obj
-- Symlinking: /home/zwier/agv_ws/install/agv_pkg/share/agv_pkg/worlds/gazebo_models/Suitcase1H/meshes/Suitcase1H_Diffuse.png
-- Symlinking: /home/zwier/agv_ws/install/agv_pkg/share/agv_pkg/worlds/gazebo_models/Suitcase1H/meshes/Suitcase1H_Metal.png
-- Symlinking: /home/zwier/agv_ws/install/agv_pkg/share/agv_pkg/worlds/gazebo_models/Suitcase1H/meshes/Suitcase1H_Normal.png
-- Symlinking: /home/zwier/agv_ws/install/agv_pkg/share/agv_pkg/worlds/gazebo_models/Suitcase1H/meshes/Suitcase1H_Rough.png
-- Symlinking: /home/zwier/agv_ws/install/agv_pkg/share/agv_pkg/worlds/gazebo_models/Suitcase1H/model.config
-- Symlinking: /home/zwier/agv_ws/install/agv_pkg/share/agv_pkg/worlds/gazebo_models/Suitcase1H/model.sdf
-- Symlinking: /home/zwier/agv_ws/install/agv_pkg/share/agv_pkg/worlds/gazebo_models/Suitcase1H/thumbnails/1.png
-- Symlinking: /home/zwier/agv_ws/install/agv_pkg/share/agv_pkg/worlds/gazebo_models/Suitcase1H/thumbnails/2.png
-- Symlinking: /home/zwier/agv_ws/install/agv_pkg/share/agv_pkg/worlds/gazebo_models/Suitcase1H/thumbnails/3.png
-- Symlinking: /home/zwier/agv_ws/install/agv_pkg/share/agv_pkg/worlds/gazebo_models/Suitcase1H/thumbnails/4.png
-- Symlinking: /home/zwier/agv_ws/install/agv_pkg/share/agv_pkg/worlds/gazebo_models/Suitcase1H/thumbnails/5.png
-- Symlinking: /home/zwier/agv_ws/install/agv_pkg/share/agv_pkg/worlds/gazebo_models/Table/Table_Diffuse.jpg
-- Symlinking: /home/zwier/agv_ws/install/agv_pkg/share/agv_pkg/worlds/gazebo_models/Table/model-1_2.sdf
-- Symlinking: /home/zwier/agv_ws/install/agv_pkg/share/agv_pkg/worlds/gazebo_models/Table/model-1_3.sdf
-- Symlinking: /home/zwier/agv_ws/install/agv_pkg/share/agv_pkg/worlds/gazebo_models/Table/model-1_4.sdf
-- Symlinking: /home/zwier/agv_ws/install/agv_pkg/share/agv_pkg/worlds/gazebo_models/Table/model.config
-- Symlinking: /home/zwier/agv_ws/install/agv_pkg/share/agv_pkg/worlds/gazebo_models/Table/model.sdf
-- Symlinking: /home/zwier/agv_ws/install/agv_pkg/share/agv_pkg/worlds/gazebo_models/Table/thumbnails/1.png
-- Symlinking: /home/zwier/agv_ws/install/agv_pkg/share/agv_pkg/worlds/gazebo_models/Table/thumbnails/2.png
-- Symlinking: /home/zwier/agv_ws/install/agv_pkg/share/agv_pkg/worlds/gazebo_models/Table/thumbnails/3.png
-- Symlinking: /home/zwier/agv_ws/install/agv_pkg/share/agv_pkg/worlds/gazebo_models/Table/thumbnails/4.png
-- Symlinking: /home/zwier/agv_ws/install/agv_pkg/share/agv_pkg/worlds/gazebo_models/Table/thumbnails/5.png
-- Symlinking: /home/zwier/agv_ws/install/agv_pkg/share/agv_pkg/worlds/gazebo_models/aws_robomaker_warehouse_ClutteringC_01/materials/textures/aws_robomaker_warehouse_ClutteringC_01.png
-- Symlinking: /home/zwier/agv_ws/install/agv_pkg/share/agv_pkg/worlds/gazebo_models/aws_robomaker_warehouse_ClutteringC_01/materials/textures/aws_robomaker_warehouse_ClutteringC_02.png
-- Symlinking: /home/zwier/agv_ws/install/agv_pkg/share/agv_pkg/worlds/gazebo_models/aws_robomaker_warehouse_ClutteringC_01/meshes/aws_robomaker_warehouse_ClutteringC_01_collision.DAE
-- Symlinking: /home/zwier/agv_ws/install/agv_pkg/share/agv_pkg/worlds/gazebo_models/aws_robomaker_warehouse_ClutteringC_01/meshes/aws_robomaker_warehouse_ClutteringC_01_visual.DAE
-- Symlinking: /home/zwier/agv_ws/install/agv_pkg/share/agv_pkg/worlds/gazebo_models/aws_robomaker_warehouse_ClutteringC_01/metadata.pbtxt
-- Symlinking: /home/zwier/agv_ws/install/agv_pkg/share/agv_pkg/worlds/gazebo_models/aws_robomaker_warehouse_ClutteringC_01/model.config
-- Symlinking: /home/zwier/agv_ws/install/agv_pkg/share/agv_pkg/worlds/gazebo_models/aws_robomaker_warehouse_ClutteringC_01/model.sdf
-- Symlinking: /home/zwier/agv_ws/install/agv_pkg/share/agv_pkg/worlds/gazebo_models/aws_robomaker_warehouse_ClutteringC_01/thumbnails/1.png
-- Symlinking: /home/zwier/agv_ws/install/agv_pkg/share/agv_pkg/worlds/gazebo_models/aws_robomaker_warehouse_ClutteringC_01/thumbnails/2.png
-- Symlinking: /home/zwier/agv_ws/install/agv_pkg/share/agv_pkg/worlds/gazebo_models/aws_robomaker_warehouse_ClutteringC_01/thumbnails/3.png
-- Symlinking: /home/zwier/agv_ws/install/agv_pkg/share/agv_pkg/worlds/gazebo_models/aws_robomaker_warehouse_ClutteringC_01/thumbnails/4.png
-- Symlinking: /home/zwier/agv_ws/install/agv_pkg/share/agv_pkg/worlds/gazebo_models/aws_robomaker_warehouse_ClutteringC_01/thumbnails/5.png
-- Symlinking: /home/zwier/agv_ws/install/agv_pkg/share/agv_pkg/worlds/gazebo_models/beer/materials/scripts/beer.material
-- Symlinking: /home/zwier/agv_ws/install/agv_pkg/share/agv_pkg/worlds/gazebo_models/beer/materials/textures/beer.png
-- Symlinking: /home/zwier/agv_ws/install/agv_pkg/share/agv_pkg/worlds/gazebo_models/beer/model-1_4.sdf
-- Symlinking: /home/zwier/agv_ws/install/agv_pkg/share/agv_pkg/worlds/gazebo_models/beer/model.config
-- Symlinking: /home/zwier/agv_ws/install/agv_pkg/share/agv_pkg/worlds/gazebo_models/beer/model.sdf
-- Symlinking: /home/zwier/agv_ws/install/agv_pkg/share/agv_pkg/worlds/gazebo_models/beer/thumbnails/1.png
-- Symlinking: /home/zwier/agv_ws/install/agv_pkg/share/agv_pkg/worlds/gazebo_models/beer/thumbnails/2.png
-- Symlinking: /home/zwier/agv_ws/install/agv_pkg/share/agv_pkg/worlds/gazebo_models/beer/thumbnails/3.png
-- Symlinking: /home/zwier/agv_ws/install/agv_pkg/share/agv_pkg/worlds/gazebo_models/beer/thumbnails/4.png
-- Symlinking: /home/zwier/agv_ws/install/agv_pkg/share/agv_pkg/worlds/gazebo_models/beer/thumbnails/5.png
-- Symlinking: /home/zwier/agv_ws/install/agv_pkg/share/agv_pkg/worlds/gazebo_models/brick_box_3x1x3/materials/scripts/brick_box.material
-- Symlinking: /home/zwier/agv_ws/install/agv_pkg/share/agv_pkg/worlds/gazebo_models/brick_box_3x1x3/materials/textures/simple_box.png
-- Symlinking: /home/zwier/agv_ws/install/agv_pkg/share/agv_pkg/worlds/gazebo_models/brick_box_3x1x3/meshes/simple_box.dae
-- Symlinking: /home/zwier/agv_ws/install/agv_pkg/share/agv_pkg/worlds/gazebo_models/brick_box_3x1x3/model-1_3.sdf
-- Symlinking: /home/zwier/agv_ws/install/agv_pkg/share/agv_pkg/worlds/gazebo_models/brick_box_3x1x3/model-1_4.sdf
-- Symlinking: /home/zwier/agv_ws/install/agv_pkg/share/agv_pkg/worlds/gazebo_models/brick_box_3x1x3/model.config
-- Symlinking: /home/zwier/agv_ws/install/agv_pkg/share/agv_pkg/worlds/gazebo_models/brick_box_3x1x3/model.sdf
-- Symlinking: /home/zwier/agv_ws/install/agv_pkg/share/agv_pkg/worlds/gazebo_models/brick_box_3x1x3/thumbnails/1.png
-- Symlinking: /home/zwier/agv_ws/install/agv_pkg/share/agv_pkg/worlds/gazebo_models/brick_box_3x1x3/thumbnails/2.png
-- Symlinking: /home/zwier/agv_ws/install/agv_pkg/share/agv_pkg/worlds/gazebo_models/brick_box_3x1x3/thumbnails/3.png
-- Symlinking: /home/zwier/agv_ws/install/agv_pkg/share/agv_pkg/worlds/gazebo_models/brick_box_3x1x3/thumbnails/4.png
-- Symlinking: /home/zwier/agv_ws/install/agv_pkg/share/agv_pkg/worlds/gazebo_models/brick_box_3x1x3/thumbnails/5.png
-- Symlinking: /home/zwier/agv_ws/install/agv_pkg/share/agv_pkg/worlds/gazebo_models/cafe_table/materials/textures/Maple.jpg
-- Symlinking: /home/zwier/agv_ws/install/agv_pkg/share/agv_pkg/worlds/gazebo_models/cafe_table/materials/textures/Wood_Floor_Dark.jpg
-- Symlinking: /home/zwier/agv_ws/install/agv_pkg/share/agv_pkg/worlds/gazebo_models/cafe_table/meshes/Maple.jpg
-- Symlinking: /home/zwier/agv_ws/install/agv_pkg/share/agv_pkg/worlds/gazebo_models/cafe_table/meshes/Wood_Floor_Dark.jpg
-- Symlinking: /home/zwier/agv_ws/install/agv_pkg/share/agv_pkg/worlds/gazebo_models/cafe_table/meshes/cafe_table.dae
-- Symlinking: /home/zwier/agv_ws/install/agv_pkg/share/agv_pkg/worlds/gazebo_models/cafe_table/model-1_4.sdf
-- Symlinking: /home/zwier/agv_ws/install/agv_pkg/share/agv_pkg/worlds/gazebo_models/cafe_table/model.config
-- Symlinking: /home/zwier/agv_ws/install/agv_pkg/share/agv_pkg/worlds/gazebo_models/cafe_table/model.sdf
-- Symlinking: /home/zwier/agv_ws/install/agv_pkg/share/agv_pkg/worlds/gazebo_models/cafe_table/thumbnails/1.png
-- Symlinking: /home/zwier/agv_ws/install/agv_pkg/share/agv_pkg/worlds/gazebo_models/cafe_table/thumbnails/2.png
-- Symlinking: /home/zwier/agv_ws/install/agv_pkg/share/agv_pkg/worlds/gazebo_models/cafe_table/thumbnails/3.png
-- Symlinking: /home/zwier/agv_ws/install/agv_pkg/share/agv_pkg/worlds/gazebo_models/cafe_table/thumbnails/4.png
-- Symlinking: /home/zwier/agv_ws/install/agv_pkg/share/agv_pkg/worlds/gazebo_models/cafe_table/thumbnails/5.png
-- Symlinking: /home/zwier/agv_ws/install/agv_pkg/share/agv_pkg/worlds/gazebo_models/cardboard_box/materials/textures/cardboard_box.png
-- Symlinking: /home/zwier/agv_ws/install/agv_pkg/share/agv_pkg/worlds/gazebo_models/cardboard_box/meshes/cardboard_box.dae
-- Symlinking: /home/zwier/agv_ws/install/agv_pkg/share/agv_pkg/worlds/gazebo_models/cardboard_box/meshes/cardboard_box.png
-- Symlinking: /home/zwier/agv_ws/install/agv_pkg/share/agv_pkg/worlds/gazebo_models/cardboard_box/model.config
-- Symlinking: /home/zwier/agv_ws/install/agv_pkg/share/agv_pkg/worlds/gazebo_models/cardboard_box/model.sdf
-- Symlinking: /home/zwier/agv_ws/install/agv_pkg/share/agv_pkg/worlds/gazebo_models/cardboard_box/thumbnails/1.png
-- Symlinking: /home/zwier/agv_ws/install/agv_pkg/share/agv_pkg/worlds/gazebo_models/cardboard_box/thumbnails/2.png
-- Symlinking: /home/zwier/agv_ws/install/agv_pkg/share/agv_pkg/worlds/gazebo_models/cardboard_box/thumbnails/3.png
-- Symlinking: /home/zwier/agv_ws/install/agv_pkg/share/agv_pkg/worlds/gazebo_models/cardboard_box/thumbnails/4.png
-- Symlinking: /home/zwier/agv_ws/install/agv_pkg/share/agv_pkg/worlds/gazebo_models/cardboard_box/thumbnails/5.png
-- Symlinking: /home/zwier/agv_ws/install/agv_pkg/share/agv_pkg/worlds/gazebo_models/coke_can/materials/textures/coke_can.png
-- Symlinking: /home/zwier/agv_ws/install/agv_pkg/share/agv_pkg/worlds/gazebo_models/coke_can/meshes/coke_can.dae
-- Symlinking: /home/zwier/agv_ws/install/agv_pkg/share/agv_pkg/worlds/gazebo_models/coke_can/model-1_2.sdf
-- Symlinking: /home/zwier/agv_ws/install/agv_pkg/share/agv_pkg/worlds/gazebo_models/coke_can/model-1_3.sdf
-- Symlinking: /home/zwier/agv_ws/install/agv_pkg/share/agv_pkg/worlds/gazebo_models/coke_can/model-1_4.sdf
-- Symlinking: /home/zwier/agv_ws/install/agv_pkg/share/agv_pkg/worlds/gazebo_models/coke_can/model.config
-- Symlinking: /home/zwier/agv_ws/install/agv_pkg/share/agv_pkg/worlds/gazebo_models/coke_can/model.sdf
-- Symlinking: /home/zwier/agv_ws/install/agv_pkg/share/agv_pkg/worlds/gazebo_models/coke_can/thumbnails/1.png
-- Symlinking: /home/zwier/agv_ws/install/agv_pkg/share/agv_pkg/worlds/gazebo_models/coke_can/thumbnails/2.png
-- Symlinking: /home/zwier/agv_ws/install/agv_pkg/share/agv_pkg/worlds/gazebo_models/coke_can/thumbnails/3.png
-- Symlinking: /home/zwier/agv_ws/install/agv_pkg/share/agv_pkg/worlds/gazebo_models/coke_can/thumbnails/4.png
-- Symlinking: /home/zwier/agv_ws/install/agv_pkg/share/agv_pkg/worlds/gazebo_models/coke_can/thumbnails/5.png
-- Symlinking: /home/zwier/agv_ws/install/agv_pkg/share/agv_pkg/worlds/gazebo_models/coke_can_steel/meshes/coke_can.mtl
-- Symlinking: /home/zwier/agv_ws/install/agv_pkg/share/agv_pkg/worlds/gazebo_models/coke_can_steel/meshes/coke_can.obj
-- Symlinking: /home/zwier/agv_ws/install/agv_pkg/share/agv_pkg/worlds/gazebo_models/coke_can_steel/meshes/coke_can.png
-- Symlinking: /home/zwier/agv_ws/install/agv_pkg/share/agv_pkg/worlds/gazebo_models/coke_can_steel/model.config
-- Symlinking: /home/zwier/agv_ws/install/agv_pkg/share/agv_pkg/worlds/gazebo_models/coke_can_steel/model.sdf
-- Symlinking: /home/zwier/agv_ws/install/agv_pkg/share/agv_pkg/worlds/gazebo_models/coke_can_steel/thumbnails/1.png
-- Symlinking: /home/zwier/agv_ws/install/agv_pkg/share/agv_pkg/worlds/gazebo_models/coke_can_steel/thumbnails/2.png
-- Symlinking: /home/zwier/agv_ws/install/agv_pkg/share/agv_pkg/worlds/gazebo_models/dumpster/materials/scripts/dumpster.material
-- Symlinking: /home/zwier/agv_ws/install/agv_pkg/share/agv_pkg/worlds/gazebo_models/dumpster/materials/textures/Dumpster_Diffuse.png
-- Symlinking: /home/zwier/agv_ws/install/agv_pkg/share/agv_pkg/worlds/gazebo_models/dumpster/materials/textures/Dumpster_Spec.png
-- Symlinking: /home/zwier/agv_ws/install/agv_pkg/share/agv_pkg/worlds/gazebo_models/dumpster/meshes/dumpster.dae
-- Symlinking: /home/zwier/agv_ws/install/agv_pkg/share/agv_pkg/worlds/gazebo_models/dumpster/model-1_3.sdf
-- Symlinking: /home/zwier/agv_ws/install/agv_pkg/share/agv_pkg/worlds/gazebo_models/dumpster/model-1_4.sdf
-- Symlinking: /home/zwier/agv_ws/install/agv_pkg/share/agv_pkg/worlds/gazebo_models/dumpster/model.config
-- Symlinking: /home/zwier/agv_ws/install/agv_pkg/share/agv_pkg/worlds/gazebo_models/dumpster/model.sdf
-- Symlinking: /home/zwier/agv_ws/install/agv_pkg/share/agv_pkg/worlds/gazebo_models/dumpster/thumbnails/1.png
-- Symlinking: /home/zwier/agv_ws/install/agv_pkg/share/agv_pkg/worlds/gazebo_models/dumpster/thumbnails/2.png
-- Symlinking: /home/zwier/agv_ws/install/agv_pkg/share/agv_pkg/worlds/gazebo_models/dumpster/thumbnails/3.png
-- Symlinking: /home/zwier/agv_ws/install/agv_pkg/share/agv_pkg/worlds/gazebo_models/dumpster/thumbnails/4.png
-- Symlinking: /home/zwier/agv_ws/install/agv_pkg/share/agv_pkg/worlds/gazebo_models/dumpster/thumbnails/5.png
-- Symlinking: /home/zwier/agv_ws/install/agv_pkg/share/agv_pkg/worlds/gazebo_models/fire_hydrant/materials/textures/fire_hydrant_diffuse.png
-- Symlinking: /home/zwier/agv_ws/install/agv_pkg/share/agv_pkg/worlds/gazebo_models/fire_hydrant/materials/textures/fire_hydrant_spec.png
-- Symlinking: /home/zwier/agv_ws/install/agv_pkg/share/agv_pkg/worlds/gazebo_models/fire_hydrant/meshes/fire_hydrant.dae
-- Symlinking: /home/zwier/agv_ws/install/agv_pkg/share/agv_pkg/worlds/gazebo_models/fire_hydrant/meshes/fire_hydrant_diffuse.png
-- Symlinking: /home/zwier/agv_ws/install/agv_pkg/share/agv_pkg/worlds/gazebo_models/fire_hydrant/meshes/fire_hydrant_spec.png
-- Symlinking: /home/zwier/agv_ws/install/agv_pkg/share/agv_pkg/worlds/gazebo_models/fire_hydrant/model-1_4.sdf
-- Symlinking: /home/zwier/agv_ws/install/agv_pkg/share/agv_pkg/worlds/gazebo_models/fire_hydrant/model.config
-- Symlinking: /home/zwier/agv_ws/install/agv_pkg/share/agv_pkg/worlds/gazebo_models/fire_hydrant/model.sdf
-- Symlinking: /home/zwier/agv_ws/install/agv_pkg/share/agv_pkg/worlds/gazebo_models/fire_hydrant/thumbnails/1.png
-- Symlinking: /home/zwier/agv_ws/install/agv_pkg/share/agv_pkg/worlds/gazebo_models/fire_hydrant/thumbnails/2.png
-- Symlinking: /home/zwier/agv_ws/install/agv_pkg/share/agv_pkg/worlds/gazebo_models/fire_hydrant/thumbnails/3.png
-- Symlinking: /home/zwier/agv_ws/install/agv_pkg/share/agv_pkg/worlds/gazebo_models/fire_hydrant/thumbnails/4.png
-- Symlinking: /home/zwier/agv_ws/install/agv_pkg/share/agv_pkg/worlds/gazebo_models/fire_hydrant/thumbnails/5.png
-- Symlinking: /home/zwier/agv_ws/install/agv_pkg/share/agv_pkg/worlds/gazebo_models/first_2015_trash_can/meshes/trash_can.dae
-- Symlinking: /home/zwier/agv_ws/install/agv_pkg/share/agv_pkg/worlds/gazebo_models/first_2015_trash_can/model.config
-- Symlinking: /home/zwier/agv_ws/install/agv_pkg/share/agv_pkg/worlds/gazebo_models/first_2015_trash_can/model.sdf
-- Symlinking: /home/zwier/agv_ws/install/agv_pkg/share/agv_pkg/worlds/gazebo_models/first_2015_trash_can/thumbnails/1.png
-- Symlinking: /home/zwier/agv_ws/install/agv_pkg/share/agv_pkg/worlds/gazebo_models/first_2015_trash_can/thumbnails/2.png
-- Symlinking: /home/zwier/agv_ws/install/agv_pkg/share/agv_pkg/worlds/gazebo_models/first_2015_trash_can/thumbnails/3.png
-- Symlinking: /home/zwier/agv_ws/install/agv_pkg/share/agv_pkg/worlds/gazebo_models/first_2015_trash_can/thumbnails/4.png
-- Symlinking: /home/zwier/agv_ws/install/agv_pkg/share/agv_pkg/worlds/gazebo_models/first_2015_trash_can/thumbnails/5.png
-- Symlinking: /home/zwier/agv_ws/install/agv_pkg/share/agv_pkg/worlds/gazebo_models/mailbox/materials/scripts/mailbox.material
-- Symlinking: /home/zwier/agv_ws/install/agv_pkg/share/agv_pkg/worlds/gazebo_models/mailbox/materials/textures/Mailbox_Diffuse.png
-- Symlinking: /home/zwier/agv_ws/install/agv_pkg/share/agv_pkg/worlds/gazebo_models/mailbox/materials/textures/Mailbox_Diffuse.tga.orig
-- Symlinking: /home/zwier/agv_ws/install/agv_pkg/share/agv_pkg/worlds/gazebo_models/mailbox/materials/textures/Mailbox_Spec.png
-- Symlinking: /home/zwier/agv_ws/install/agv_pkg/share/agv_pkg/worlds/gazebo_models/mailbox/meshes/Mailbox_Diffuse.png
-- Symlinking: /home/zwier/agv_ws/install/agv_pkg/share/agv_pkg/worlds/gazebo_models/mailbox/meshes/Mailbox_Spec.png
-- Symlinking: /home/zwier/agv_ws/install/agv_pkg/share/agv_pkg/worlds/gazebo_models/mailbox/meshes/mailbox.dae
-- Symlinking: /home/zwier/agv_ws/install/agv_pkg/share/agv_pkg/worlds/gazebo_models/mailbox/model-1_3.sdf
-- Symlinking: /home/zwier/agv_ws/install/agv_pkg/share/agv_pkg/worlds/gazebo_models/mailbox/model-1_4.sdf
-- Symlinking: /home/zwier/agv_ws/install/agv_pkg/share/agv_pkg/worlds/gazebo_models/mailbox/model.config
-- Symlinking: /home/zwier/agv_ws/install/agv_pkg/share/agv_pkg/worlds/gazebo_models/mailbox/model.sdf
-- Symlinking: /home/zwier/agv_ws/install/agv_pkg/share/agv_pkg/worlds/gazebo_models/mailbox/thumbnails/1.png
-- Symlinking: /home/zwier/agv_ws/install/agv_pkg/share/agv_pkg/worlds/gazebo_models/mailbox/thumbnails/2.png
-- Symlinking: /home/zwier/agv_ws/install/agv_pkg/share/agv_pkg/worlds/gazebo_models/mailbox/thumbnails/3.png
-- Symlinking: /home/zwier/agv_ws/install/agv_pkg/share/agv_pkg/worlds/gazebo_models/mailbox/thumbnails/4.png
-- Symlinking: /home/zwier/agv_ws/install/agv_pkg/share/agv_pkg/worlds/gazebo_models/mailbox/thumbnails/5.png
-- Symlinking: /home/zwier/agv_ws/install/agv_pkg/share/agv_pkg/worlds/gazebo_models/nist_maze_wall_120/materials/textures/plywood256x256.png
-- Symlinking: /home/zwier/agv_ws/install/agv_pkg/share/agv_pkg/worlds/gazebo_models/nist_maze_wall_120/meshes/nist_maze_wall_120.dae
-- Symlinking: /home/zwier/agv_ws/install/agv_pkg/share/agv_pkg/worlds/gazebo_models/nist_maze_wall_120/model-1_2.sdf
-- Symlinking: /home/zwier/agv_ws/install/agv_pkg/share/agv_pkg/worlds/gazebo_models/nist_maze_wall_120/model-1_3.sdf
-- Symlinking: /home/zwier/agv_ws/install/agv_pkg/share/agv_pkg/worlds/gazebo_models/nist_maze_wall_120/model-1_4.sdf
-- Symlinking: /home/zwier/agv_ws/install/agv_pkg/share/agv_pkg/worlds/gazebo_models/nist_maze_wall_120/model.config
-- Symlinking: /home/zwier/agv_ws/install/agv_pkg/share/agv_pkg/worlds/gazebo_models/nist_maze_wall_120/model.sdf
-- Symlinking: /home/zwier/agv_ws/install/agv_pkg/share/agv_pkg/worlds/gazebo_models/nist_maze_wall_120/thumbnails/1.png
-- Symlinking: /home/zwier/agv_ws/install/agv_pkg/share/agv_pkg/worlds/gazebo_models/nist_maze_wall_120/thumbnails/2.png
-- Symlinking: /home/zwier/agv_ws/install/agv_pkg/share/agv_pkg/worlds/gazebo_models/nist_maze_wall_120/thumbnails/3.png
-- Symlinking: /home/zwier/agv_ws/install/agv_pkg/share/agv_pkg/worlds/gazebo_models/nist_maze_wall_120/thumbnails/4.png
-- Symlinking: /home/zwier/agv_ws/install/agv_pkg/share/agv_pkg/worlds/gazebo_models/nist_maze_wall_120/thumbnails/5.png
-- Symlinking: /home/zwier/agv_ws/install/agv_pkg/share/agv_pkg/worlds/gazebo_models/person_standing/materials/textures/eyebrow001-unmodified.png
-- Symlinking: /home/zwier/agv_ws/install/agv_pkg/share/agv_pkg/worlds/gazebo_models/person_standing/materials/textures/eyebrow001.png
-- Symlinking: /home/zwier/agv_ws/install/agv_pkg/share/agv_pkg/worlds/gazebo_models/person_standing/materials/textures/green_eye.png
-- Symlinking: /home/zwier/agv_ws/install/agv_pkg/share/agv_pkg/worlds/gazebo_models/person_standing/materials/textures/jeans01_normals.png
-- Symlinking: /home/zwier/agv_ws/install/agv_pkg/share/agv_pkg/worlds/gazebo_models/person_standing/materials/textures/jeans_basic_diffuse.png
-- Symlinking: /home/zwier/agv_ws/install/agv_pkg/share/agv_pkg/worlds/gazebo_models/person_standing/materials/textures/male02_diffuse_black-unmodified.png
-- Symlinking: /home/zwier/agv_ws/install/agv_pkg/share/agv_pkg/worlds/gazebo_models/person_standing/materials/textures/male02_diffuse_black.png
-- Symlinking: /home/zwier/agv_ws/install/agv_pkg/share/agv_pkg/worlds/gazebo_models/person_standing/materials/textures/teeth.png
-- Symlinking: /home/zwier/agv_ws/install/agv_pkg/share/agv_pkg/worlds/gazebo_models/person_standing/materials/textures/tshirt02_normals.png
-- Symlinking: /home/zwier/agv_ws/install/agv_pkg/share/agv_pkg/worlds/gazebo_models/person_standing/materials/textures/tshirt02_texture.png
-- Symlinking: /home/zwier/agv_ws/install/agv_pkg/share/agv_pkg/worlds/gazebo_models/person_standing/materials/textures/young_lightskinned_male_diffuse.png
-- Symlinking: /home/zwier/agv_ws/install/agv_pkg/share/agv_pkg/worlds/gazebo_models/person_standing/meshes/standing.dae
-- Symlinking: /home/zwier/agv_ws/install/agv_pkg/share/agv_pkg/worlds/gazebo_models/person_standing/model.config
-- Symlinking: /home/zwier/agv_ws/install/agv_pkg/share/agv_pkg/worlds/gazebo_models/person_standing/model.sdf
-- Symlinking: /home/zwier/agv_ws/install/agv_pkg/share/agv_pkg/worlds/gazebo_models/person_standing/thumbnails/1.png
-- Symlinking: /home/zwier/agv_ws/install/agv_pkg/share/agv_pkg/worlds/gazebo_models/person_standing/thumbnails/2.png
-- Symlinking: /home/zwier/agv_ws/install/agv_pkg/share/agv_pkg/worlds/gazebo_models/person_standing/thumbnails/3.png
-- Symlinking: /home/zwier/agv_ws/install/agv_pkg/share/agv_pkg/worlds/gazebo_models/person_standing/thumbnails/4.png
-- Symlinking: /home/zwier/agv_ws/install/agv_pkg/share/agv_pkg/worlds/gazebo_models/person_standing/thumbnails/5.png
-- Symlinking: /home/zwier/agv_ws/install/agv_pkg/share/agv_pkg/worlds/gazebo_models/red_ball_10in/model.config
-- Symlinking: /home/zwier/agv_ws/install/agv_pkg/share/agv_pkg/worlds/gazebo_models/red_ball_10in/model.sdf
-- Symlinking: /home/zwier/agv_ws/install/agv_pkg/share/agv_pkg/worlds/gazebo_models/red_ball_10in/thumbnails/1.png
-- Symlinking: /home/zwier/agv_ws/install/agv_pkg/share/agv_pkg/worlds/gazebo_models/rescue_randy/materials/scripts/rescue_randy.material
-- Symlinking: /home/zwier/agv_ws/install/agv_pkg/share/agv_pkg/worlds/gazebo_models/rescue_randy/materials/textures/RescueRandy_Thermal.png
-- Symlinking: /home/zwier/agv_ws/install/agv_pkg/share/agv_pkg/worlds/gazebo_models/rescue_randy/materials/textures/rescue_randy_albedo.png
-- Symlinking: /home/zwier/agv_ws/install/agv_pkg/share/agv_pkg/worlds/gazebo_models/rescue_randy/materials/textures/rescue_randy_metalness.png
-- Symlinking: /home/zwier/agv_ws/install/agv_pkg/share/agv_pkg/worlds/gazebo_models/rescue_randy/materials/textures/rescue_randy_normal.png
-- Symlinking: /home/zwier/agv_ws/install/agv_pkg/share/agv_pkg/worlds/gazebo_models/rescue_randy/materials/textures/rescue_randy_roughness.png
-- Symlinking: /home/zwier/agv_ws/install/agv_pkg/share/agv_pkg/worlds/gazebo_models/rescue_randy/meshes/rescue_randy.dae
-- Symlinking: /home/zwier/agv_ws/install/agv_pkg/share/agv_pkg/worlds/gazebo_models/rescue_randy/model.config
-- Symlinking: /home/zwier/agv_ws/install/agv_pkg/share/agv_pkg/worlds/gazebo_models/rescue_randy/model.sdf
-- Symlinking: /home/zwier/agv_ws/install/agv_pkg/share/agv_pkg/worlds/gazebo_models/rescue_randy/thumbnails/1.png
-- Symlinking: /home/zwier/agv_ws/install/agv_pkg/share/agv_pkg/worlds/gazebo_models/rescue_randy/thumbnails/2.png
-- Symlinking: /home/zwier/agv_ws/install/agv_pkg/share/agv_pkg/worlds/gazebo_models/rescue_randy/thumbnails/3.png
-- Symlinking: /home/zwier/agv_ws/install/agv_pkg/share/agv_pkg/worlds/gazebo_models/rescue_randy/thumbnails/4.png
-- Symlinking: /home/zwier/agv_ws/install/agv_pkg/share/agv_pkg/worlds/gazebo_models/rescue_randy/thumbnails/5.png
-- Symlinking: /home/zwier/agv_ws/install/agv_pkg/share/agv_pkg/worlds/gazebo_models/table_marble/materials/scripts/table_lightmap.material
-- Symlinking: /home/zwier/agv_ws/install/agv_pkg/share/agv_pkg/worlds/gazebo_models/table_marble/materials/textures/marble.png
-- Symlinking: /home/zwier/agv_ws/install/agv_pkg/share/agv_pkg/worlds/gazebo_models/table_marble/materials/textures/table_lightmap.png
-- Symlinking: /home/zwier/agv_ws/install/agv_pkg/share/agv_pkg/worlds/gazebo_models/table_marble/meshes/marble.png
-- Symlinking: /home/zwier/agv_ws/install/agv_pkg/share/agv_pkg/worlds/gazebo_models/table_marble/meshes/table_lightmap.dae
-- Symlinking: /home/zwier/agv_ws/install/agv_pkg/share/agv_pkg/worlds/gazebo_models/table_marble/meshes/table_lightmap.png
-- Symlinking: /home/zwier/agv_ws/install/agv_pkg/share/agv_pkg/worlds/gazebo_models/table_marble/model-1_4.sdf
-- Symlinking: /home/zwier/agv_ws/install/agv_pkg/share/agv_pkg/worlds/gazebo_models/table_marble/model.config
-- Symlinking: /home/zwier/agv_ws/install/agv_pkg/share/agv_pkg/worlds/gazebo_models/table_marble/model.sdf
-- Symlinking: /home/zwier/agv_ws/install/agv_pkg/share/agv_pkg/worlds/gazebo_models/table_marble/thumbnails/1.png
-- Symlinking: /home/zwier/agv_ws/install/agv_pkg/share/agv_pkg/worlds/gazebo_models/table_marble/thumbnails/2.png
-- Symlinking: /home/zwier/agv_ws/install/agv_pkg/share/agv_pkg/worlds/gazebo_models/table_marble/thumbnails/3.png
-- Symlinking: /home/zwier/agv_ws/install/agv_pkg/share/agv_pkg/worlds/gazebo_models/table_marble/thumbnails/4.png
-- Symlinking: /home/zwier/agv_ws/install/agv_pkg/share/agv_pkg/worlds/gazebo_models/table_marble/thumbnails/5.png
-- Symlinking: /home/zwier/agv_ws/install/agv_pkg/share/agv_pkg/worlds/home.sdf
-- Symlinking: /home/zwier/agv_ws/install/agv_pkg/share/agv_pkg/worlds/obstacles.world
-- Symlinking: /home/zwier/agv_ws/install/agv_pkg/share/agv_pkg/urdf/base.xacro
-- Symlinking: /home/zwier/agv_ws/install/agv_pkg/share/agv_pkg/urdf/cameras.xacro
-- Symlinking: /home/zwier/agv_ws/install/agv_pkg/share/agv_pkg/urdf/gazebo.xacro
-- Symlinking: /home/zwier/agv_ws/install/agv_pkg/share/agv_pkg/urdf/lidar.xacro
-- Symlinking: /home/zwier/agv_ws/install/agv_pkg/share/agv_pkg/urdf/macros.xacro
-- Symlinking: /home/zwier/agv_ws/install/agv_pkg/share/agv_pkg/urdf/map_save.pgm
-- Symlinking: /home/zwier/agv_ws/install/agv_pkg/share/agv_pkg/urdf/map_save.yaml
-- Symlinking: /home/zwier/agv_ws/install/agv_pkg/share/agv_pkg/urdf/map_serialize.data
-- Symlinking: /home/zwier/agv_ws/install/agv_pkg/share/agv_pkg/urdf/map_serialize.posegraph
-- Symlinking: /home/zwier/agv_ws/install/agv_pkg/share/agv_pkg/urdf/materials.xacro
-- Symlinking: /home/zwier/agv_ws/install/agv_pkg/share/ament_index/resource_index/package_run_dependencies/agv_pkg
-- Symlinking: /home/zwier/agv_ws/install/agv_pkg/share/ament_index/resource_index/parent_prefix_path/agv_pkg
-- Symlinking: /home/zwier/agv_ws/install/agv_pkg/share/agv_pkg/environment/ament_prefix_path.sh
-- Symlinking: /home/zwier/agv_ws/install/agv_pkg/share/agv_pkg/environment/ament_prefix_path.dsv
-- Symlinking: /home/zwier/agv_ws/install/agv_pkg/share/agv_pkg/environment/path.sh
-- Symlinking: /home/zwier/agv_ws/install/agv_pkg/share/agv_pkg/environment/path.dsv
-- Symlinking: /home/zwier/agv_ws/install/agv_pkg/share/agv_pkg/local_setup.bash
-- Symlinking: /home/zwier/agv_ws/install/agv_pkg/share/agv_pkg/local_setup.sh
-- Symlinking: /home/zwier/agv_ws/install/agv_pkg/share/agv_pkg/local_setup.zsh
-- Symlinking: /home/zwier/agv_ws/install/agv_pkg/share/agv_pkg/local_setup.dsv
-- Symlinking: /home/zwier/agv_ws/install/agv_pkg/share/agv_pkg/package.dsv
-- Symlinking: /home/zwier/agv_ws/install/agv_pkg/share/ament_index/resource_index/packages/agv_pkg
-- Symlinking: /home/zwier/agv_ws/install/agv_pkg/share/agv_pkg/cmake/agv_pkgConfig.cmake
-- Symlinking: /home/zwier/agv_ws/install/agv_pkg/share/agv_pkg/cmake/agv_pkgConfig-version.cmake
-- Symlinking: /home/zwier/agv_ws/install/agv_pkg/share/agv_pkg/package.xml
