[0.009s] Invoking command in '/home/zwier/agv_ws/build/agv_pkg': CMAKE_PREFIX_PATH=${CMAKE_PREFIX_PATH}:/home/zwier/agv_ws/install/swerve_controller:/opt/ros/jazzy DEBUGINFOD_URLS=https://debuginfod.ubuntu.com /usr/bin/cmake /home/zwier/agv_ws/src/agv_pkg -DAMENT_CMAKE_SYMLINK_INSTALL=1 -DCMAKE_INSTALL_PREFIX=/home/zwier/agv_ws/install/agv_pkg
[0.092s] -- The C compiler identification is GNU 13.3.0
[0.158s] -- The CXX compiler identification is GNU 13.3.0
[0.172s] -- Detecting C compiler ABI info
[0.240s] -- Detecting C compiler ABI info - done
[0.249s] -- Check for working C compiler: /usr/bin/cc - skipped
[0.250s] -- Detecting C compile features
[0.250s] -- Detecting C compile features - done
[0.258s] -- Detecting CXX compiler ABI info
[0.330s] -- Detecting CXX compiler ABI info - done
[0.335s] -- Check for working CXX compiler: /usr/bin/c++ - skipped
[0.335s] -- Detecting CXX compile features
[0.335s] -- Detecting CXX compile features - done
[0.342s] -- Found ament_cmake: 2.5.3 (/opt/ros/jazzy/share/ament_cmake/cmake)
[0.440s] -- Found Python3: /usr/bin/python3 (found version "3.12.3") found components: Interpreter 
[0.487s] -- Override CMake install command with custom implementation using symlinks instead of copying resources
[0.524s] -- Found ament_lint_auto: 0.17.1 (/opt/ros/jazzy/share/ament_lint_auto/cmake)
[0.607s] -- Added test 'flake8' to check Python code syntax and style conventions
[0.607s] -- Configured 'flake8' exclude dirs and/or files: 
[0.609s] -- Added test 'lint_cmake' to check CMake code style
[0.610s] -- Added test 'pep257' to check Python code against some of the docstring style conventions in PEP 257
[0.618s] -- Added test 'xmllint' to check XML markup files
[0.620s] -- Configuring done (0.6s)
[0.621s] -- Generating done (0.0s)
[0.622s] -- Build files have been written to: /home/zwier/agv_ws/build/agv_pkg
[0.624s] Invoked command in '/home/zwier/agv_ws/build/agv_pkg' returned '0': CMAKE_PREFIX_PATH=${CMAKE_PREFIX_PATH}:/home/zwier/agv_ws/install/swerve_controller:/opt/ros/jazzy DEBUGINFOD_URLS=https://debuginfod.ubuntu.com /usr/bin/cmake /home/zwier/agv_ws/src/agv_pkg -DAMENT_CMAKE_SYMLINK_INSTALL=1 -DCMAKE_INSTALL_PREFIX=/home/zwier/agv_ws/install/agv_pkg
[0.625s] Invoking command in '/home/zwier/agv_ws/build/agv_pkg': CMAKE_PREFIX_PATH=${CMAKE_PREFIX_PATH}:/home/zwier/agv_ws/install/swerve_controller:/opt/ros/jazzy DEBUGINFOD_URLS=https://debuginfod.ubuntu.com /usr/bin/cmake --build /home/zwier/agv_ws/build/agv_pkg -- -j32 -l32
[0.657s] Invoked command in '/home/zwier/agv_ws/build/agv_pkg' returned '0': CMAKE_PREFIX_PATH=${CMAKE_PREFIX_PATH}:/home/zwier/agv_ws/install/swerve_controller:/opt/ros/jazzy DEBUGINFOD_URLS=https://debuginfod.ubuntu.com /usr/bin/cmake --build /home/zwier/agv_ws/build/agv_pkg -- -j32 -l32
[0.664s] Invoking command in '/home/zwier/agv_ws/build/agv_pkg': CMAKE_PREFIX_PATH=${CMAKE_PREFIX_PATH}:/home/zwier/agv_ws/install/swerve_controller:/opt/ros/jazzy DEBUGINFOD_URLS=https://debuginfod.ubuntu.com /usr/bin/cmake --install /home/zwier/agv_ws/build/agv_pkg
[0.669s] -- Install configuration: ""
[0.670s] -- Execute custom install script
[0.670s] -- Symlinking: /home/zwier/agv_ws/install/agv_pkg/share/agv_pkg/config/gaz_ros2_ctl_use_sim.yaml
[0.677s] -- Symlinking: /home/zwier/agv_ws/install/agv_pkg/share/agv_pkg/config/gz_bridge.yaml
[0.682s] -- Symlinking: /home/zwier/agv_ws/install/agv_pkg/share/agv_pkg/config/home_map.pgm
[0.687s] -- Symlinking: /home/zwier/agv_ws/install/agv_pkg/share/agv_pkg/config/home_map.yaml
[0.694s] -- Symlinking: /home/zwier/agv_ws/install/agv_pkg/share/agv_pkg/config/joystick.yaml
[0.700s] -- Symlinking: /home/zwier/agv_ws/install/agv_pkg/share/agv_pkg/config/localisation_amcl.yaml
[0.707s] -- Symlinking: /home/zwier/agv_ws/install/agv_pkg/share/agv_pkg/config/locallisation_params_online_async.yaml
[0.712s] -- Symlinking: /home/zwier/agv_ws/install/agv_pkg/share/agv_pkg/config/map_save.pgm
[0.717s] -- Symlinking: /home/zwier/agv_ws/install/agv_pkg/share/agv_pkg/config/map_save.yaml
[0.723s] -- Symlinking: /home/zwier/agv_ws/install/agv_pkg/share/agv_pkg/config/map_serialize.data
[0.730s] -- Symlinking: /home/zwier/agv_ws/install/agv_pkg/share/agv_pkg/config/map_serialize.posegraph
[0.736s] -- Symlinking: /home/zwier/agv_ws/install/agv_pkg/share/agv_pkg/config/mapper_params_online_async.yaml
[0.743s] -- Symlinking: /home/zwier/agv_ws/install/agv_pkg/share/agv_pkg/config/my_controllers.yaml
[0.750s] -- Symlinking: /home/zwier/agv_ws/install/agv_pkg/share/agv_pkg/config/nav2.yaml
[0.757s] -- Symlinking: /home/zwier/agv_ws/install/agv_pkg/share/agv_pkg/config/twist_mux.yaml
[0.766s] -- Symlinking: /home/zwier/agv_ws/install/agv_pkg/share/agv_pkg/config/view_bot.rviz
[0.776s] -- Symlinking: /home/zwier/agv_ws/install/agv_pkg/share/agv_pkg/config/view_bot_in_map.rviz
[0.786s] -- Symlinking: /home/zwier/agv_ws/install/agv_pkg/share/agv_pkg/config/view_bot_planning.rviz
[0.795s] -- Symlinking: /home/zwier/agv_ws/install/agv_pkg/share/agv_pkg/config/zinger.yaml
[0.801s] -- Symlinking: /home/zwier/agv_ws/install/agv_pkg/share/agv_pkg/description/cameras.xacro
[0.810s] -- Symlinking: /home/zwier/agv_ws/install/agv_pkg/share/agv_pkg/description/gazebo_control.xacro
[0.820s] -- Symlinking: /home/zwier/agv_ws/install/agv_pkg/share/agv_pkg/description/lidar.xacro
[0.830s] -- Symlinking: /home/zwier/agv_ws/install/agv_pkg/share/agv_pkg/description/robot.urdf
[0.841s] -- Symlinking: /home/zwier/agv_ws/install/agv_pkg/share/agv_pkg/description/robot.urdf.xacro
[0.850s] -- Symlinking: /home/zwier/agv_ws/install/agv_pkg/share/agv_pkg/description/ros2_control.xacro
[0.860s] -- Symlinking: /home/zwier/agv_ws/install/agv_pkg/share/agv_pkg/launch/joystick.launch.py
[0.868s] -- Symlinking: /home/zwier/agv_ws/install/agv_pkg/share/agv_pkg/launch/navigation.launch.py
[0.878s] -- Symlinking: /home/zwier/agv_ws/install/agv_pkg/share/agv_pkg/launch/rsp.launch.py
[0.887s] -- Symlinking: /home/zwier/agv_ws/install/agv_pkg/share/agv_pkg/launch/sim.launch.py
[0.897s] -- Symlinking: /home/zwier/agv_ws/install/agv_pkg/share/agv_pkg/launch/slam.launch.py
[0.907s] -- Symlinking: /home/zwier/agv_ws/install/agv_pkg/share/agv_pkg/launch/zinger_loc.launch.py
[0.914s] -- Symlinking: /home/zwier/agv_ws/install/agv_pkg/share/agv_pkg/launch/zinger_nav.launch.py
[0.926s] -- Symlinking: /home/zwier/agv_ws/install/agv_pkg/share/agv_pkg/launch/zinger_rsp.launch.py
[0.935s] -- Symlinking: /home/zwier/agv_ws/install/agv_pkg/share/agv_pkg/launch/zinger_sim.launch.py
[0.945s] -- Symlinking: /home/zwier/agv_ws/install/agv_pkg/share/agv_pkg/meshes/LBW_Link.STL
[0.954s] -- Symlinking: /home/zwier/agv_ws/install/agv_pkg/share/agv_pkg/meshes/LB_Link.STL
[0.963s] -- Symlinking: /home/zwier/agv_ws/install/agv_pkg/share/agv_pkg/meshes/LFW_Link.STL
[0.973s] -- Symlinking: /home/zwier/agv_ws/install/agv_pkg/share/agv_pkg/meshes/LF_Link.STL
[0.981s] -- Symlinking: /home/zwier/agv_ws/install/agv_pkg/share/agv_pkg/meshes/RBW_Link.STL
[0.991s] -- Symlinking: /home/zwier/agv_ws/install/agv_pkg/share/agv_pkg/meshes/RB_Link.STL
[1.001s] -- Symlinking: /home/zwier/agv_ws/install/agv_pkg/share/agv_pkg/meshes/RFW_Link.STL
[1.011s] -- Symlinking: /home/zwier/agv_ws/install/agv_pkg/share/agv_pkg/meshes/RF_Link.STL
[1.019s] -- Symlinking: /home/zwier/agv_ws/install/agv_pkg/share/agv_pkg/meshes/chassis_link.STL
[1.032s] -- Symlinking: /home/zwier/agv_ws/install/agv_pkg/share/agv_pkg/worlds/empty.world
[1.043s] -- Symlinking: /home/zwier/agv_ws/install/agv_pkg/share/agv_pkg/worlds/gazebo_models/LitterBin/meshes/Litter.mtl
[1.054s] -- Symlinking: /home/zwier/agv_ws/install/agv_pkg/share/agv_pkg/worlds/gazebo_models/LitterBin/meshes/Litter.obj
[1.063s] -- Symlinking: /home/zwier/agv_ws/install/agv_pkg/share/agv_pkg/worlds/gazebo_models/LitterBin/meshes/LitterBin_Diffuse.png
[1.071s] -- Symlinking: /home/zwier/agv_ws/install/agv_pkg/share/agv_pkg/worlds/gazebo_models/LitterBin/model.config
[1.080s] -- Symlinking: /home/zwier/agv_ws/install/agv_pkg/share/agv_pkg/worlds/gazebo_models/LitterBin/model.sdf
[1.089s] -- Symlinking: /home/zwier/agv_ws/install/agv_pkg/share/agv_pkg/worlds/gazebo_models/LitterBin/thumbnails/1.png
[1.099s] -- Symlinking: /home/zwier/agv_ws/install/agv_pkg/share/agv_pkg/worlds/gazebo_models/LitterBin/thumbnails/2.png
[1.108s] -- Symlinking: /home/zwier/agv_ws/install/agv_pkg/share/agv_pkg/worlds/gazebo_models/LitterBin/thumbnails/3.png
[1.117s] -- Symlinking: /home/zwier/agv_ws/install/agv_pkg/share/agv_pkg/worlds/gazebo_models/LitterBin/thumbnails/4.png
[1.126s] -- Symlinking: /home/zwier/agv_ws/install/agv_pkg/share/agv_pkg/worlds/gazebo_models/LitterBin/thumbnails/5.png
[1.137s] -- Symlinking: /home/zwier/agv_ws/install/agv_pkg/share/agv_pkg/worlds/gazebo_models/MARBLE_HUSKY_SENSOR_CONFIG_2/materials/textures/realsense_diffuse.jpg
[1.145s] -- Symlinking: /home/zwier/agv_ws/install/agv_pkg/share/agv_pkg/worlds/gazebo_models/MARBLE_HUSKY_SENSOR_CONFIG_2/materials/textures/spotlight.jpg
[1.156s] -- Symlinking: /home/zwier/agv_ws/install/agv_pkg/share/agv_pkg/worlds/gazebo_models/MARBLE_HUSKY_SENSOR_CONFIG_2/meshes/VLP16_base_1.dae
[1.166s] -- Symlinking: /home/zwier/agv_ws/install/agv_pkg/share/agv_pkg/worlds/gazebo_models/MARBLE_HUSKY_SENSOR_CONFIG_2/meshes/VLP16_base_2.dae
[1.174s] -- Symlinking: /home/zwier/agv_ws/install/agv_pkg/share/agv_pkg/worlds/gazebo_models/MARBLE_HUSKY_SENSOR_CONFIG_2/meshes/VLP16_scan.dae
[1.184s] -- Symlinking: /home/zwier/agv_ws/install/agv_pkg/share/agv_pkg/worlds/gazebo_models/MARBLE_HUSKY_SENSOR_CONFIG_2/meshes/base_link.dae
[1.195s] -- Symlinking: /home/zwier/agv_ws/install/agv_pkg/share/agv_pkg/worlds/gazebo_models/MARBLE_HUSKY_SENSOR_CONFIG_2/meshes/bumper.dae
[1.207s] -- Symlinking: /home/zwier/agv_ws/install/agv_pkg/share/agv_pkg/worlds/gazebo_models/MARBLE_HUSKY_SENSOR_CONFIG_2/meshes/jpl04_arch_nosensor.stl
[1.217s] -- Symlinking: /home/zwier/agv_ws/install/agv_pkg/share/agv_pkg/worlds/gazebo_models/MARBLE_HUSKY_SENSOR_CONFIG_2/meshes/realsense.dae
[1.227s] -- Symlinking: /home/zwier/agv_ws/install/agv_pkg/share/agv_pkg/worlds/gazebo_models/MARBLE_HUSKY_SENSOR_CONFIG_2/meshes/spotlight.dae
[1.237s] -- Symlinking: /home/zwier/agv_ws/install/agv_pkg/share/agv_pkg/worlds/gazebo_models/MARBLE_HUSKY_SENSOR_CONFIG_2/meshes/top_chassis.dae
[1.247s] -- Symlinking: /home/zwier/agv_ws/install/agv_pkg/share/agv_pkg/worlds/gazebo_models/MARBLE_HUSKY_SENSOR_CONFIG_2/meshes/top_plate.dae
[1.258s] -- Symlinking: /home/zwier/agv_ws/install/agv_pkg/share/agv_pkg/worlds/gazebo_models/MARBLE_HUSKY_SENSOR_CONFIG_2/meshes/user_rail.dae
[1.267s] -- Symlinking: /home/zwier/agv_ws/install/agv_pkg/share/agv_pkg/worlds/gazebo_models/MARBLE_HUSKY_SENSOR_CONFIG_2/meshes/wheel.dae
[1.278s] -- Symlinking: /home/zwier/agv_ws/install/agv_pkg/share/agv_pkg/worlds/gazebo_models/MARBLE_HUSKY_SENSOR_CONFIG_2/model.config
[1.286s] -- Symlinking: /home/zwier/agv_ws/install/agv_pkg/share/agv_pkg/worlds/gazebo_models/MARBLE_HUSKY_SENSOR_CONFIG_2/model.sdf
[1.295s] -- Symlinking: /home/zwier/agv_ws/install/agv_pkg/share/agv_pkg/worlds/gazebo_models/MARBLE_HUSKY_SENSOR_CONFIG_2/thumbnails/1.jpg
[1.302s] -- Symlinking: /home/zwier/agv_ws/install/agv_pkg/share/agv_pkg/worlds/gazebo_models/MARBLE_HUSKY_SENSOR_CONFIG_2/thumbnails/2.jpg
[1.312s] -- Symlinking: /home/zwier/agv_ws/install/agv_pkg/share/agv_pkg/worlds/gazebo_models/MARBLE_HUSKY_SENSOR_CONFIG_2/thumbnails/3.jpg
[1.324s] -- Symlinking: /home/zwier/agv_ws/install/agv_pkg/share/agv_pkg/worlds/gazebo_models/MARBLE_HUSKY_SENSOR_CONFIG_2/thumbnails/4.jpg
[1.332s] -- Symlinking: /home/zwier/agv_ws/install/agv_pkg/share/agv_pkg/worlds/gazebo_models/Mine Cart/materials/scripts/model.material
[1.344s] -- Symlinking: /home/zwier/agv_ws/install/agv_pkg/share/agv_pkg/worlds/gazebo_models/Mine Cart/materials/textures/MineCart_Albedo.png
[1.355s] -- Symlinking: /home/zwier/agv_ws/install/agv_pkg/share/agv_pkg/worlds/gazebo_models/Mine Cart/materials/textures/MineCart_Metalness.png
[1.365s] -- Symlinking: /home/zwier/agv_ws/install/agv_pkg/share/agv_pkg/worlds/gazebo_models/Mine Cart/materials/textures/MineCart_Roughness.png
[1.375s] -- Symlinking: /home/zwier/agv_ws/install/agv_pkg/share/agv_pkg/worlds/gazebo_models/Mine Cart/meshes/minecart.dae
[1.386s] -- Symlinking: /home/zwier/agv_ws/install/agv_pkg/share/agv_pkg/worlds/gazebo_models/Mine Cart/metadata.pbtxt
[1.396s] -- Symlinking: /home/zwier/agv_ws/install/agv_pkg/share/agv_pkg/worlds/gazebo_models/Mine Cart/model.config
[1.402s] -- Symlinking: /home/zwier/agv_ws/install/agv_pkg/share/agv_pkg/worlds/gazebo_models/Mine Cart/model.sdf
[1.412s] -- Symlinking: /home/zwier/agv_ws/install/agv_pkg/share/agv_pkg/worlds/gazebo_models/Mine Cart/thumbnails/1.png
[1.422s] -- Symlinking: /home/zwier/agv_ws/install/agv_pkg/share/agv_pkg/worlds/gazebo_models/Mine Cart/thumbnails/2.png
[1.429s] -- Symlinking: /home/zwier/agv_ws/install/agv_pkg/share/agv_pkg/worlds/gazebo_models/Mine Cart/thumbnails/3.png
[1.436s] -- Symlinking: /home/zwier/agv_ws/install/agv_pkg/share/agv_pkg/worlds/gazebo_models/Mine Cart/thumbnails/4.png
[1.445s] -- Symlinking: /home/zwier/agv_ws/install/agv_pkg/share/agv_pkg/worlds/gazebo_models/Nurse/meshes/Clipboard.png
[1.454s] -- Symlinking: /home/zwier/agv_ws/install/agv_pkg/share/agv_pkg/worlds/gazebo_models/Nurse/meshes/Nurse.mtl
[1.465s] -- Symlinking: /home/zwier/agv_ws/install/agv_pkg/share/agv_pkg/worlds/gazebo_models/Nurse/meshes/Nurse.obj
[1.474s] -- Symlinking: /home/zwier/agv_ws/install/agv_pkg/share/agv_pkg/worlds/gazebo_models/Nurse/meshes/NurseFemaleDiffuse.png
[1.484s] -- Symlinking: /home/zwier/agv_ws/install/agv_pkg/share/agv_pkg/worlds/gazebo_models/Nurse/meshes/Nurse_Col.mtl
[1.495s] -- Symlinking: /home/zwier/agv_ws/install/agv_pkg/share/agv_pkg/worlds/gazebo_models/Nurse/meshes/Nurse_Col.obj
[1.504s] -- Symlinking: /home/zwier/agv_ws/install/agv_pkg/share/agv_pkg/worlds/gazebo_models/Nurse/model.config
[1.514s] -- Symlinking: /home/zwier/agv_ws/install/agv_pkg/share/agv_pkg/worlds/gazebo_models/Nurse/model.sdf
[1.523s] -- Symlinking: /home/zwier/agv_ws/install/agv_pkg/share/agv_pkg/worlds/gazebo_models/Nurse/thumbnails/1.png
[1.529s] -- Symlinking: /home/zwier/agv_ws/install/agv_pkg/share/agv_pkg/worlds/gazebo_models/Nurse/thumbnails/2.png
[1.538s] -- Symlinking: /home/zwier/agv_ws/install/agv_pkg/share/agv_pkg/worlds/gazebo_models/Nurse/thumbnails/3.png
[1.548s] -- Symlinking: /home/zwier/agv_ws/install/agv_pkg/share/agv_pkg/worlds/gazebo_models/Nurse/thumbnails/4.png
[1.559s] -- Symlinking: /home/zwier/agv_ws/install/agv_pkg/share/agv_pkg/worlds/gazebo_models/Nurse/thumbnails/5.png
[1.566s] -- Symlinking: /home/zwier/agv_ws/install/agv_pkg/share/agv_pkg/worlds/gazebo_models/Office Chair/materials/textures/OfficeChair_Albedo.png
[1.577s] -- Symlinking: /home/zwier/agv_ws/install/agv_pkg/share/agv_pkg/worlds/gazebo_models/Office Chair/materials/textures/OfficeChair_Metalness.png
[1.586s] -- Symlinking: /home/zwier/agv_ws/install/agv_pkg/share/agv_pkg/worlds/gazebo_models/Office Chair/materials/textures/OfficeChair_Normal.png
[1.595s] -- Symlinking: /home/zwier/agv_ws/install/agv_pkg/share/agv_pkg/worlds/gazebo_models/Office Chair/materials/textures/OfficeChair_Roughness.png
[1.604s] -- Symlinking: /home/zwier/agv_ws/install/agv_pkg/share/agv_pkg/worlds/gazebo_models/Office Chair/meshes/officechair.dae
[1.612s] -- Symlinking: /home/zwier/agv_ws/install/agv_pkg/share/agv_pkg/worlds/gazebo_models/Office Chair/model.config
[1.620s] -- Symlinking: /home/zwier/agv_ws/install/agv_pkg/share/agv_pkg/worlds/gazebo_models/Office Chair/model.sdf
[1.628s] -- Symlinking: /home/zwier/agv_ws/install/agv_pkg/share/agv_pkg/worlds/gazebo_models/Office Chair/thumbnails/OfficeChair.png
[1.634s] -- Symlinking: /home/zwier/agv_ws/install/agv_pkg/share/agv_pkg/worlds/gazebo_models/RoboCup SPL Ball/model.config
[1.639s] -- Symlinking: /home/zwier/agv_ws/install/agv_pkg/share/agv_pkg/worlds/gazebo_models/RoboCup SPL Ball/model.sdf
[1.645s] -- Symlinking: /home/zwier/agv_ws/install/agv_pkg/share/agv_pkg/worlds/gazebo_models/RoboCup SPL Ball/thumbnails/1.png
[1.656s] -- Symlinking: /home/zwier/agv_ws/install/agv_pkg/share/agv_pkg/worlds/gazebo_models/RoboCup SPL Ball/thumbnails/2.png
[1.664s] -- Symlinking: /home/zwier/agv_ws/install/agv_pkg/share/agv_pkg/worlds/gazebo_models/RoboCup SPL Ball/thumbnails/3.png
[1.671s] -- Symlinking: /home/zwier/agv_ws/install/agv_pkg/share/agv_pkg/worlds/gazebo_models/RoboCup SPL Ball/thumbnails/4.png
[1.679s] -- Symlinking: /home/zwier/agv_ws/install/agv_pkg/share/agv_pkg/worlds/gazebo_models/RoboCup SPL Ball/thumbnails/5.png
[1.685s] -- Symlinking: /home/zwier/agv_ws/install/agv_pkg/share/agv_pkg/worlds/gazebo_models/Sofa/meshes/Sofa.mtl
[1.692s] -- Symlinking: /home/zwier/agv_ws/install/agv_pkg/share/agv_pkg/worlds/gazebo_models/Sofa/meshes/Sofa.obj
[1.699s] -- Symlinking: /home/zwier/agv_ws/install/agv_pkg/share/agv_pkg/worlds/gazebo_models/Sofa/meshes/SofaDiffuse.png
[1.704s] -- Symlinking: /home/zwier/agv_ws/install/agv_pkg/share/agv_pkg/worlds/gazebo_models/Sofa/model.config
[1.710s] -- Symlinking: /home/zwier/agv_ws/install/agv_pkg/share/agv_pkg/worlds/gazebo_models/Sofa/model.sdf
[1.716s] -- Symlinking: /home/zwier/agv_ws/install/agv_pkg/share/agv_pkg/worlds/gazebo_models/Sofa/thumbnails/1.png
[1.723s] -- Symlinking: /home/zwier/agv_ws/install/agv_pkg/share/agv_pkg/worlds/gazebo_models/Sofa/thumbnails/2.png
[1.730s] -- Symlinking: /home/zwier/agv_ws/install/agv_pkg/share/agv_pkg/worlds/gazebo_models/Sofa/thumbnails/3.png
[1.735s] -- Symlinking: /home/zwier/agv_ws/install/agv_pkg/share/agv_pkg/worlds/gazebo_models/Sofa/thumbnails/4.png
[1.742s] -- Symlinking: /home/zwier/agv_ws/install/agv_pkg/share/agv_pkg/worlds/gazebo_models/Sofa/thumbnails/5.png
[1.748s] -- Symlinking: /home/zwier/agv_ws/install/agv_pkg/share/agv_pkg/worlds/gazebo_models/Suitcase1H/meshes/Suitcase1H.mtl
[1.755s] -- Symlinking: /home/zwier/agv_ws/install/agv_pkg/share/agv_pkg/worlds/gazebo_models/Suitcase1H/meshes/Suitcase1H.obj
[1.759s] -- Symlinking: /home/zwier/agv_ws/install/agv_pkg/share/agv_pkg/worlds/gazebo_models/Suitcase1H/meshes/Suitcase1H_Col.mtl
[1.766s] -- Symlinking: /home/zwier/agv_ws/install/agv_pkg/share/agv_pkg/worlds/gazebo_models/Suitcase1H/meshes/Suitcase1H_Col.obj
[1.773s] -- Symlinking: /home/zwier/agv_ws/install/agv_pkg/share/agv_pkg/worlds/gazebo_models/Suitcase1H/meshes/Suitcase1H_Diffuse.png
[1.779s] -- Symlinking: /home/zwier/agv_ws/install/agv_pkg/share/agv_pkg/worlds/gazebo_models/Suitcase1H/meshes/Suitcase1H_Metal.png
[1.784s] -- Symlinking: /home/zwier/agv_ws/install/agv_pkg/share/agv_pkg/worlds/gazebo_models/Suitcase1H/meshes/Suitcase1H_Normal.png
[1.790s] -- Symlinking: /home/zwier/agv_ws/install/agv_pkg/share/agv_pkg/worlds/gazebo_models/Suitcase1H/meshes/Suitcase1H_Rough.png
[1.794s] -- Symlinking: /home/zwier/agv_ws/install/agv_pkg/share/agv_pkg/worlds/gazebo_models/Suitcase1H/model.config
[1.800s] -- Symlinking: /home/zwier/agv_ws/install/agv_pkg/share/agv_pkg/worlds/gazebo_models/Suitcase1H/model.sdf
[1.807s] -- Symlinking: /home/zwier/agv_ws/install/agv_pkg/share/agv_pkg/worlds/gazebo_models/Suitcase1H/thumbnails/1.png
[1.812s] -- Symlinking: /home/zwier/agv_ws/install/agv_pkg/share/agv_pkg/worlds/gazebo_models/Suitcase1H/thumbnails/2.png
[1.818s] -- Symlinking: /home/zwier/agv_ws/install/agv_pkg/share/agv_pkg/worlds/gazebo_models/Suitcase1H/thumbnails/3.png
[1.823s] -- Symlinking: /home/zwier/agv_ws/install/agv_pkg/share/agv_pkg/worlds/gazebo_models/Suitcase1H/thumbnails/4.png
[1.829s] -- Symlinking: /home/zwier/agv_ws/install/agv_pkg/share/agv_pkg/worlds/gazebo_models/Suitcase1H/thumbnails/5.png
[1.836s] -- Symlinking: /home/zwier/agv_ws/install/agv_pkg/share/agv_pkg/worlds/gazebo_models/Table/Table_Diffuse.jpg
[1.841s] -- Symlinking: /home/zwier/agv_ws/install/agv_pkg/share/agv_pkg/worlds/gazebo_models/Table/model-1_2.sdf
[1.847s] -- Symlinking: /home/zwier/agv_ws/install/agv_pkg/share/agv_pkg/worlds/gazebo_models/Table/model-1_3.sdf
[1.853s] -- Symlinking: /home/zwier/agv_ws/install/agv_pkg/share/agv_pkg/worlds/gazebo_models/Table/model-1_4.sdf
[1.860s] -- Symlinking: /home/zwier/agv_ws/install/agv_pkg/share/agv_pkg/worlds/gazebo_models/Table/model.config
[1.865s] -- Symlinking: /home/zwier/agv_ws/install/agv_pkg/share/agv_pkg/worlds/gazebo_models/Table/model.sdf
[1.870s] -- Symlinking: /home/zwier/agv_ws/install/agv_pkg/share/agv_pkg/worlds/gazebo_models/Table/thumbnails/1.png
[1.876s] -- Symlinking: /home/zwier/agv_ws/install/agv_pkg/share/agv_pkg/worlds/gazebo_models/Table/thumbnails/2.png
[1.881s] -- Symlinking: /home/zwier/agv_ws/install/agv_pkg/share/agv_pkg/worlds/gazebo_models/Table/thumbnails/3.png
[1.887s] -- Symlinking: /home/zwier/agv_ws/install/agv_pkg/share/agv_pkg/worlds/gazebo_models/Table/thumbnails/4.png
[1.894s] -- Symlinking: /home/zwier/agv_ws/install/agv_pkg/share/agv_pkg/worlds/gazebo_models/Table/thumbnails/5.png
[1.899s] -- Symlinking: /home/zwier/agv_ws/install/agv_pkg/share/agv_pkg/worlds/gazebo_models/aws_robomaker_warehouse_ClutteringC_01/materials/textures/aws_robomaker_warehouse_ClutteringC_01.png
[1.905s] -- Symlinking: /home/zwier/agv_ws/install/agv_pkg/share/agv_pkg/worlds/gazebo_models/aws_robomaker_warehouse_ClutteringC_01/materials/textures/aws_robomaker_warehouse_ClutteringC_02.png
[1.910s] -- Symlinking: /home/zwier/agv_ws/install/agv_pkg/share/agv_pkg/worlds/gazebo_models/aws_robomaker_warehouse_ClutteringC_01/meshes/aws_robomaker_warehouse_ClutteringC_01_collision.DAE
[1.915s] -- Symlinking: /home/zwier/agv_ws/install/agv_pkg/share/agv_pkg/worlds/gazebo_models/aws_robomaker_warehouse_ClutteringC_01/meshes/aws_robomaker_warehouse_ClutteringC_01_visual.DAE
[1.920s] -- Symlinking: /home/zwier/agv_ws/install/agv_pkg/share/agv_pkg/worlds/gazebo_models/aws_robomaker_warehouse_ClutteringC_01/metadata.pbtxt
[1.928s] -- Symlinking: /home/zwier/agv_ws/install/agv_pkg/share/agv_pkg/worlds/gazebo_models/aws_robomaker_warehouse_ClutteringC_01/model.config
[1.933s] -- Symlinking: /home/zwier/agv_ws/install/agv_pkg/share/agv_pkg/worlds/gazebo_models/aws_robomaker_warehouse_ClutteringC_01/model.sdf
[1.941s] -- Symlinking: /home/zwier/agv_ws/install/agv_pkg/share/agv_pkg/worlds/gazebo_models/aws_robomaker_warehouse_ClutteringC_01/thumbnails/1.png
[1.947s] -- Symlinking: /home/zwier/agv_ws/install/agv_pkg/share/agv_pkg/worlds/gazebo_models/aws_robomaker_warehouse_ClutteringC_01/thumbnails/2.png
[1.952s] -- Symlinking: /home/zwier/agv_ws/install/agv_pkg/share/agv_pkg/worlds/gazebo_models/aws_robomaker_warehouse_ClutteringC_01/thumbnails/3.png
[1.957s] -- Symlinking: /home/zwier/agv_ws/install/agv_pkg/share/agv_pkg/worlds/gazebo_models/aws_robomaker_warehouse_ClutteringC_01/thumbnails/4.png
[1.962s] -- Symlinking: /home/zwier/agv_ws/install/agv_pkg/share/agv_pkg/worlds/gazebo_models/aws_robomaker_warehouse_ClutteringC_01/thumbnails/5.png
[1.970s] -- Symlinking: /home/zwier/agv_ws/install/agv_pkg/share/agv_pkg/worlds/gazebo_models/beer/materials/scripts/beer.material
[1.980s] -- Symlinking: /home/zwier/agv_ws/install/agv_pkg/share/agv_pkg/worlds/gazebo_models/beer/materials/textures/beer.png
[1.987s] -- Symlinking: /home/zwier/agv_ws/install/agv_pkg/share/agv_pkg/worlds/gazebo_models/beer/model-1_4.sdf
[1.993s] -- Symlinking: /home/zwier/agv_ws/install/agv_pkg/share/agv_pkg/worlds/gazebo_models/beer/model.config
[1.998s] -- Symlinking: /home/zwier/agv_ws/install/agv_pkg/share/agv_pkg/worlds/gazebo_models/beer/model.sdf
[2.008s] -- Symlinking: /home/zwier/agv_ws/install/agv_pkg/share/agv_pkg/worlds/gazebo_models/beer/thumbnails/1.png
[2.017s] -- Symlinking: /home/zwier/agv_ws/install/agv_pkg/share/agv_pkg/worlds/gazebo_models/beer/thumbnails/2.png
[2.025s] -- Symlinking: /home/zwier/agv_ws/install/agv_pkg/share/agv_pkg/worlds/gazebo_models/beer/thumbnails/3.png
[2.034s] -- Symlinking: /home/zwier/agv_ws/install/agv_pkg/share/agv_pkg/worlds/gazebo_models/beer/thumbnails/4.png
[2.044s] -- Symlinking: /home/zwier/agv_ws/install/agv_pkg/share/agv_pkg/worlds/gazebo_models/beer/thumbnails/5.png
[2.054s] -- Symlinking: /home/zwier/agv_ws/install/agv_pkg/share/agv_pkg/worlds/gazebo_models/brick_box_3x1x3/materials/scripts/brick_box.material
[2.064s] -- Symlinking: /home/zwier/agv_ws/install/agv_pkg/share/agv_pkg/worlds/gazebo_models/brick_box_3x1x3/materials/textures/simple_box.png
[2.072s] -- Symlinking: /home/zwier/agv_ws/install/agv_pkg/share/agv_pkg/worlds/gazebo_models/brick_box_3x1x3/meshes/simple_box.dae
[2.080s] -- Symlinking: /home/zwier/agv_ws/install/agv_pkg/share/agv_pkg/worlds/gazebo_models/brick_box_3x1x3/model-1_3.sdf
[2.089s] -- Symlinking: /home/zwier/agv_ws/install/agv_pkg/share/agv_pkg/worlds/gazebo_models/brick_box_3x1x3/model-1_4.sdf
[2.098s] -- Symlinking: /home/zwier/agv_ws/install/agv_pkg/share/agv_pkg/worlds/gazebo_models/brick_box_3x1x3/model.config
[2.110s] -- Symlinking: /home/zwier/agv_ws/install/agv_pkg/share/agv_pkg/worlds/gazebo_models/brick_box_3x1x3/model.sdf
[2.121s] -- Symlinking: /home/zwier/agv_ws/install/agv_pkg/share/agv_pkg/worlds/gazebo_models/brick_box_3x1x3/thumbnails/1.png
[2.130s] -- Symlinking: /home/zwier/agv_ws/install/agv_pkg/share/agv_pkg/worlds/gazebo_models/brick_box_3x1x3/thumbnails/2.png
[2.139s] -- Symlinking: /home/zwier/agv_ws/install/agv_pkg/share/agv_pkg/worlds/gazebo_models/brick_box_3x1x3/thumbnails/3.png
[2.149s] -- Symlinking: /home/zwier/agv_ws/install/agv_pkg/share/agv_pkg/worlds/gazebo_models/brick_box_3x1x3/thumbnails/4.png
[2.157s] -- Symlinking: /home/zwier/agv_ws/install/agv_pkg/share/agv_pkg/worlds/gazebo_models/brick_box_3x1x3/thumbnails/5.png
[2.167s] -- Symlinking: /home/zwier/agv_ws/install/agv_pkg/share/agv_pkg/worlds/gazebo_models/cafe_table/materials/textures/Maple.jpg
[2.177s] -- Symlinking: /home/zwier/agv_ws/install/agv_pkg/share/agv_pkg/worlds/gazebo_models/cafe_table/materials/textures/Wood_Floor_Dark.jpg
[2.187s] -- Symlinking: /home/zwier/agv_ws/install/agv_pkg/share/agv_pkg/worlds/gazebo_models/cafe_table/meshes/Maple.jpg
[2.197s] -- Symlinking: /home/zwier/agv_ws/install/agv_pkg/share/agv_pkg/worlds/gazebo_models/cafe_table/meshes/Wood_Floor_Dark.jpg
[2.207s] -- Symlinking: /home/zwier/agv_ws/install/agv_pkg/share/agv_pkg/worlds/gazebo_models/cafe_table/meshes/cafe_table.dae
[2.216s] -- Symlinking: /home/zwier/agv_ws/install/agv_pkg/share/agv_pkg/worlds/gazebo_models/cafe_table/model-1_4.sdf
[2.227s] -- Symlinking: /home/zwier/agv_ws/install/agv_pkg/share/agv_pkg/worlds/gazebo_models/cafe_table/model.config
[2.237s] -- Symlinking: /home/zwier/agv_ws/install/agv_pkg/share/agv_pkg/worlds/gazebo_models/cafe_table/model.sdf
[2.246s] -- Symlinking: /home/zwier/agv_ws/install/agv_pkg/share/agv_pkg/worlds/gazebo_models/cafe_table/thumbnails/1.png
[2.256s] -- Symlinking: /home/zwier/agv_ws/install/agv_pkg/share/agv_pkg/worlds/gazebo_models/cafe_table/thumbnails/2.png
[2.266s] -- Symlinking: /home/zwier/agv_ws/install/agv_pkg/share/agv_pkg/worlds/gazebo_models/cafe_table/thumbnails/3.png
[2.276s] -- Symlinking: /home/zwier/agv_ws/install/agv_pkg/share/agv_pkg/worlds/gazebo_models/cafe_table/thumbnails/4.png
[2.286s] -- Symlinking: /home/zwier/agv_ws/install/agv_pkg/share/agv_pkg/worlds/gazebo_models/cafe_table/thumbnails/5.png
[2.296s] -- Symlinking: /home/zwier/agv_ws/install/agv_pkg/share/agv_pkg/worlds/gazebo_models/cardboard_box/materials/textures/cardboard_box.png
[2.305s] -- Symlinking: /home/zwier/agv_ws/install/agv_pkg/share/agv_pkg/worlds/gazebo_models/cardboard_box/meshes/cardboard_box.dae
[2.314s] -- Symlinking: /home/zwier/agv_ws/install/agv_pkg/share/agv_pkg/worlds/gazebo_models/cardboard_box/meshes/cardboard_box.png
[2.325s] -- Symlinking: /home/zwier/agv_ws/install/agv_pkg/share/agv_pkg/worlds/gazebo_models/cardboard_box/model.config
[2.334s] -- Symlinking: /home/zwier/agv_ws/install/agv_pkg/share/agv_pkg/worlds/gazebo_models/cardboard_box/model.sdf
[2.342s] -- Symlinking: /home/zwier/agv_ws/install/agv_pkg/share/agv_pkg/worlds/gazebo_models/cardboard_box/thumbnails/1.png
[2.349s] -- Symlinking: /home/zwier/agv_ws/install/agv_pkg/share/agv_pkg/worlds/gazebo_models/cardboard_box/thumbnails/2.png
[2.358s] -- Symlinking: /home/zwier/agv_ws/install/agv_pkg/share/agv_pkg/worlds/gazebo_models/cardboard_box/thumbnails/3.png
[2.367s] -- Symlinking: /home/zwier/agv_ws/install/agv_pkg/share/agv_pkg/worlds/gazebo_models/cardboard_box/thumbnails/4.png
[2.376s] -- Symlinking: /home/zwier/agv_ws/install/agv_pkg/share/agv_pkg/worlds/gazebo_models/cardboard_box/thumbnails/5.png
[2.387s] -- Symlinking: /home/zwier/agv_ws/install/agv_pkg/share/agv_pkg/worlds/gazebo_models/coke_can/materials/textures/coke_can.png
[2.396s] -- Symlinking: /home/zwier/agv_ws/install/agv_pkg/share/agv_pkg/worlds/gazebo_models/coke_can/meshes/coke_can.dae
[2.405s] -- Symlinking: /home/zwier/agv_ws/install/agv_pkg/share/agv_pkg/worlds/gazebo_models/coke_can/model-1_2.sdf
[2.416s] -- Symlinking: /home/zwier/agv_ws/install/agv_pkg/share/agv_pkg/worlds/gazebo_models/coke_can/model-1_3.sdf
[2.426s] -- Symlinking: /home/zwier/agv_ws/install/agv_pkg/share/agv_pkg/worlds/gazebo_models/coke_can/model-1_4.sdf
[2.432s] -- Symlinking: /home/zwier/agv_ws/install/agv_pkg/share/agv_pkg/worlds/gazebo_models/coke_can/model.config
[2.442s] -- Symlinking: /home/zwier/agv_ws/install/agv_pkg/share/agv_pkg/worlds/gazebo_models/coke_can/model.sdf
[2.456s] -- Symlinking: /home/zwier/agv_ws/install/agv_pkg/share/agv_pkg/worlds/gazebo_models/coke_can/thumbnails/1.png
[2.465s] -- Symlinking: /home/zwier/agv_ws/install/agv_pkg/share/agv_pkg/worlds/gazebo_models/coke_can/thumbnails/2.png
[2.474s] -- Symlinking: /home/zwier/agv_ws/install/agv_pkg/share/agv_pkg/worlds/gazebo_models/coke_can/thumbnails/3.png
[2.485s] -- Symlinking: /home/zwier/agv_ws/install/agv_pkg/share/agv_pkg/worlds/gazebo_models/coke_can/thumbnails/4.png
[2.494s] -- Symlinking: /home/zwier/agv_ws/install/agv_pkg/share/agv_pkg/worlds/gazebo_models/coke_can/thumbnails/5.png
[2.503s] -- Symlinking: /home/zwier/agv_ws/install/agv_pkg/share/agv_pkg/worlds/gazebo_models/coke_can_steel/meshes/coke_can.mtl
[2.513s] -- Symlinking: /home/zwier/agv_ws/install/agv_pkg/share/agv_pkg/worlds/gazebo_models/coke_can_steel/meshes/coke_can.obj
[2.521s] -- Symlinking: /home/zwier/agv_ws/install/agv_pkg/share/agv_pkg/worlds/gazebo_models/coke_can_steel/meshes/coke_can.png
[2.532s] -- Symlinking: /home/zwier/agv_ws/install/agv_pkg/share/agv_pkg/worlds/gazebo_models/coke_can_steel/model.config
[2.543s] -- Symlinking: /home/zwier/agv_ws/install/agv_pkg/share/agv_pkg/worlds/gazebo_models/coke_can_steel/model.sdf
[2.551s] -- Symlinking: /home/zwier/agv_ws/install/agv_pkg/share/agv_pkg/worlds/gazebo_models/coke_can_steel/thumbnails/1.png
[2.559s] -- Symlinking: /home/zwier/agv_ws/install/agv_pkg/share/agv_pkg/worlds/gazebo_models/coke_can_steel/thumbnails/2.png
[2.568s] -- Symlinking: /home/zwier/agv_ws/install/agv_pkg/share/agv_pkg/worlds/gazebo_models/dumpster/materials/scripts/dumpster.material
[2.576s] -- Symlinking: /home/zwier/agv_ws/install/agv_pkg/share/agv_pkg/worlds/gazebo_models/dumpster/materials/textures/Dumpster_Diffuse.png
[2.586s] -- Symlinking: /home/zwier/agv_ws/install/agv_pkg/share/agv_pkg/worlds/gazebo_models/dumpster/materials/textures/Dumpster_Spec.png
[2.597s] -- Symlinking: /home/zwier/agv_ws/install/agv_pkg/share/agv_pkg/worlds/gazebo_models/dumpster/meshes/dumpster.dae
[2.605s] -- Symlinking: /home/zwier/agv_ws/install/agv_pkg/share/agv_pkg/worlds/gazebo_models/dumpster/model-1_3.sdf
[2.616s] -- Symlinking: /home/zwier/agv_ws/install/agv_pkg/share/agv_pkg/worlds/gazebo_models/dumpster/model-1_4.sdf
[2.625s] -- Symlinking: /home/zwier/agv_ws/install/agv_pkg/share/agv_pkg/worlds/gazebo_models/dumpster/model.config
[2.636s] -- Symlinking: /home/zwier/agv_ws/install/agv_pkg/share/agv_pkg/worlds/gazebo_models/dumpster/model.sdf
[2.646s] -- Symlinking: /home/zwier/agv_ws/install/agv_pkg/share/agv_pkg/worlds/gazebo_models/dumpster/thumbnails/1.png
[2.655s] -- Symlinking: /home/zwier/agv_ws/install/agv_pkg/share/agv_pkg/worlds/gazebo_models/dumpster/thumbnails/2.png
[2.665s] -- Symlinking: /home/zwier/agv_ws/install/agv_pkg/share/agv_pkg/worlds/gazebo_models/dumpster/thumbnails/3.png
[2.674s] -- Symlinking: /home/zwier/agv_ws/install/agv_pkg/share/agv_pkg/worlds/gazebo_models/dumpster/thumbnails/4.png
[2.684s] -- Symlinking: /home/zwier/agv_ws/install/agv_pkg/share/agv_pkg/worlds/gazebo_models/dumpster/thumbnails/5.png
[2.695s] -- Symlinking: /home/zwier/agv_ws/install/agv_pkg/share/agv_pkg/worlds/gazebo_models/fire_hydrant/materials/textures/fire_hydrant_diffuse.png
[2.704s] -- Symlinking: /home/zwier/agv_ws/install/agv_pkg/share/agv_pkg/worlds/gazebo_models/fire_hydrant/materials/textures/fire_hydrant_spec.png
[2.713s] -- Symlinking: /home/zwier/agv_ws/install/agv_pkg/share/agv_pkg/worlds/gazebo_models/fire_hydrant/meshes/fire_hydrant.dae
[2.724s] -- Symlinking: /home/zwier/agv_ws/install/agv_pkg/share/agv_pkg/worlds/gazebo_models/fire_hydrant/meshes/fire_hydrant_diffuse.png
[2.733s] -- Symlinking: /home/zwier/agv_ws/install/agv_pkg/share/agv_pkg/worlds/gazebo_models/fire_hydrant/meshes/fire_hydrant_spec.png
[2.743s] -- Symlinking: /home/zwier/agv_ws/install/agv_pkg/share/agv_pkg/worlds/gazebo_models/fire_hydrant/model-1_4.sdf
[2.751s] -- Symlinking: /home/zwier/agv_ws/install/agv_pkg/share/agv_pkg/worlds/gazebo_models/fire_hydrant/model.config
[2.761s] -- Symlinking: /home/zwier/agv_ws/install/agv_pkg/share/agv_pkg/worlds/gazebo_models/fire_hydrant/model.sdf
[2.770s] -- Symlinking: /home/zwier/agv_ws/install/agv_pkg/share/agv_pkg/worlds/gazebo_models/fire_hydrant/thumbnails/1.png
[2.782s] -- Symlinking: /home/zwier/agv_ws/install/agv_pkg/share/agv_pkg/worlds/gazebo_models/fire_hydrant/thumbnails/2.png
[2.791s] -- Symlinking: /home/zwier/agv_ws/install/agv_pkg/share/agv_pkg/worlds/gazebo_models/fire_hydrant/thumbnails/3.png
[2.801s] -- Symlinking: /home/zwier/agv_ws/install/agv_pkg/share/agv_pkg/worlds/gazebo_models/fire_hydrant/thumbnails/4.png
[2.812s] -- Symlinking: /home/zwier/agv_ws/install/agv_pkg/share/agv_pkg/worlds/gazebo_models/fire_hydrant/thumbnails/5.png
[2.821s] -- Symlinking: /home/zwier/agv_ws/install/agv_pkg/share/agv_pkg/worlds/gazebo_models/first_2015_trash_can/meshes/trash_can.dae
[2.831s] -- Symlinking: /home/zwier/agv_ws/install/agv_pkg/share/agv_pkg/worlds/gazebo_models/first_2015_trash_can/model.config
[2.839s] -- Symlinking: /home/zwier/agv_ws/install/agv_pkg/share/agv_pkg/worlds/gazebo_models/first_2015_trash_can/model.sdf
[2.849s] -- Symlinking: /home/zwier/agv_ws/install/agv_pkg/share/agv_pkg/worlds/gazebo_models/first_2015_trash_can/thumbnails/1.png
[2.860s] -- Symlinking: /home/zwier/agv_ws/install/agv_pkg/share/agv_pkg/worlds/gazebo_models/first_2015_trash_can/thumbnails/2.png
[2.870s] -- Symlinking: /home/zwier/agv_ws/install/agv_pkg/share/agv_pkg/worlds/gazebo_models/first_2015_trash_can/thumbnails/3.png
[2.880s] -- Symlinking: /home/zwier/agv_ws/install/agv_pkg/share/agv_pkg/worlds/gazebo_models/first_2015_trash_can/thumbnails/4.png
[2.891s] -- Symlinking: /home/zwier/agv_ws/install/agv_pkg/share/agv_pkg/worlds/gazebo_models/first_2015_trash_can/thumbnails/5.png
[2.900s] -- Symlinking: /home/zwier/agv_ws/install/agv_pkg/share/agv_pkg/worlds/gazebo_models/mailbox/materials/scripts/mailbox.material
[2.909s] -- Symlinking: /home/zwier/agv_ws/install/agv_pkg/share/agv_pkg/worlds/gazebo_models/mailbox/materials/textures/Mailbox_Diffuse.png
[2.920s] -- Symlinking: /home/zwier/agv_ws/install/agv_pkg/share/agv_pkg/worlds/gazebo_models/mailbox/materials/textures/Mailbox_Diffuse.tga.orig
[2.929s] -- Symlinking: /home/zwier/agv_ws/install/agv_pkg/share/agv_pkg/worlds/gazebo_models/mailbox/materials/textures/Mailbox_Spec.png
[2.936s] -- Symlinking: /home/zwier/agv_ws/install/agv_pkg/share/agv_pkg/worlds/gazebo_models/mailbox/meshes/Mailbox_Diffuse.png
[2.945s] -- Symlinking: /home/zwier/agv_ws/install/agv_pkg/share/agv_pkg/worlds/gazebo_models/mailbox/meshes/Mailbox_Spec.png
[2.954s] -- Symlinking: /home/zwier/agv_ws/install/agv_pkg/share/agv_pkg/worlds/gazebo_models/mailbox/meshes/mailbox.dae
[2.963s] -- Symlinking: /home/zwier/agv_ws/install/agv_pkg/share/agv_pkg/worlds/gazebo_models/mailbox/model-1_3.sdf
[2.972s] -- Symlinking: /home/zwier/agv_ws/install/agv_pkg/share/agv_pkg/worlds/gazebo_models/mailbox/model-1_4.sdf
[2.981s] -- Symlinking: /home/zwier/agv_ws/install/agv_pkg/share/agv_pkg/worlds/gazebo_models/mailbox/model.config
[2.991s] -- Symlinking: /home/zwier/agv_ws/install/agv_pkg/share/agv_pkg/worlds/gazebo_models/mailbox/model.sdf
[3.000s] -- Symlinking: /home/zwier/agv_ws/install/agv_pkg/share/agv_pkg/worlds/gazebo_models/mailbox/thumbnails/1.png
[3.009s] -- Symlinking: /home/zwier/agv_ws/install/agv_pkg/share/agv_pkg/worlds/gazebo_models/mailbox/thumbnails/2.png
[3.020s] -- Symlinking: /home/zwier/agv_ws/install/agv_pkg/share/agv_pkg/worlds/gazebo_models/mailbox/thumbnails/3.png
[3.027s] -- Symlinking: /home/zwier/agv_ws/install/agv_pkg/share/agv_pkg/worlds/gazebo_models/mailbox/thumbnails/4.png
[3.035s] -- Symlinking: /home/zwier/agv_ws/install/agv_pkg/share/agv_pkg/worlds/gazebo_models/mailbox/thumbnails/5.png
[3.045s] -- Symlinking: /home/zwier/agv_ws/install/agv_pkg/share/agv_pkg/worlds/gazebo_models/nist_maze_wall_120/materials/textures/plywood256x256.png
[3.052s] -- Symlinking: /home/zwier/agv_ws/install/agv_pkg/share/agv_pkg/worlds/gazebo_models/nist_maze_wall_120/meshes/nist_maze_wall_120.dae
[3.057s] -- Symlinking: /home/zwier/agv_ws/install/agv_pkg/share/agv_pkg/worlds/gazebo_models/nist_maze_wall_120/model-1_2.sdf
[3.064s] -- Symlinking: /home/zwier/agv_ws/install/agv_pkg/share/agv_pkg/worlds/gazebo_models/nist_maze_wall_120/model-1_3.sdf
[3.071s] -- Symlinking: /home/zwier/agv_ws/install/agv_pkg/share/agv_pkg/worlds/gazebo_models/nist_maze_wall_120/model-1_4.sdf
[3.081s] -- Symlinking: /home/zwier/agv_ws/install/agv_pkg/share/agv_pkg/worlds/gazebo_models/nist_maze_wall_120/model.config
[3.088s] -- Symlinking: /home/zwier/agv_ws/install/agv_pkg/share/agv_pkg/worlds/gazebo_models/nist_maze_wall_120/model.sdf
[3.099s] -- Symlinking: /home/zwier/agv_ws/install/agv_pkg/share/agv_pkg/worlds/gazebo_models/nist_maze_wall_120/thumbnails/1.png
[3.107s] -- Symlinking: /home/zwier/agv_ws/install/agv_pkg/share/agv_pkg/worlds/gazebo_models/nist_maze_wall_120/thumbnails/2.png
[3.116s] -- Symlinking: /home/zwier/agv_ws/install/agv_pkg/share/agv_pkg/worlds/gazebo_models/nist_maze_wall_120/thumbnails/3.png
[3.121s] -- Symlinking: /home/zwier/agv_ws/install/agv_pkg/share/agv_pkg/worlds/gazebo_models/nist_maze_wall_120/thumbnails/4.png
[3.130s] -- Symlinking: /home/zwier/agv_ws/install/agv_pkg/share/agv_pkg/worlds/gazebo_models/nist_maze_wall_120/thumbnails/5.png
[3.139s] -- Symlinking: /home/zwier/agv_ws/install/agv_pkg/share/agv_pkg/worlds/gazebo_models/person_standing/materials/textures/eyebrow001-unmodified.png
[3.149s] -- Symlinking: /home/zwier/agv_ws/install/agv_pkg/share/agv_pkg/worlds/gazebo_models/person_standing/materials/textures/eyebrow001.png
[3.160s] -- Symlinking: /home/zwier/agv_ws/install/agv_pkg/share/agv_pkg/worlds/gazebo_models/person_standing/materials/textures/green_eye.png
[3.170s] -- Symlinking: /home/zwier/agv_ws/install/agv_pkg/share/agv_pkg/worlds/gazebo_models/person_standing/materials/textures/jeans01_normals.png
[3.179s] -- Symlinking: /home/zwier/agv_ws/install/agv_pkg/share/agv_pkg/worlds/gazebo_models/person_standing/materials/textures/jeans_basic_diffuse.png
[3.186s] -- Symlinking: /home/zwier/agv_ws/install/agv_pkg/share/agv_pkg/worlds/gazebo_models/person_standing/materials/textures/male02_diffuse_black-unmodified.png
[3.193s] -- Symlinking: /home/zwier/agv_ws/install/agv_pkg/share/agv_pkg/worlds/gazebo_models/person_standing/materials/textures/male02_diffuse_black.png
[3.197s] -- Symlinking: /home/zwier/agv_ws/install/agv_pkg/share/agv_pkg/worlds/gazebo_models/person_standing/materials/textures/teeth.png
[3.206s] -- Symlinking: /home/zwier/agv_ws/install/agv_pkg/share/agv_pkg/worlds/gazebo_models/person_standing/materials/textures/tshirt02_normals.png
[3.214s] -- Symlinking: /home/zwier/agv_ws/install/agv_pkg/share/agv_pkg/worlds/gazebo_models/person_standing/materials/textures/tshirt02_texture.png
[3.220s] -- Symlinking: /home/zwier/agv_ws/install/agv_pkg/share/agv_pkg/worlds/gazebo_models/person_standing/materials/textures/young_lightskinned_male_diffuse.png
[3.228s] -- Symlinking: /home/zwier/agv_ws/install/agv_pkg/share/agv_pkg/worlds/gazebo_models/person_standing/meshes/standing.dae
[3.234s] -- Symlinking: /home/zwier/agv_ws/install/agv_pkg/share/agv_pkg/worlds/gazebo_models/person_standing/model.config
[3.242s] -- Symlinking: /home/zwier/agv_ws/install/agv_pkg/share/agv_pkg/worlds/gazebo_models/person_standing/model.sdf
[3.248s] -- Symlinking: /home/zwier/agv_ws/install/agv_pkg/share/agv_pkg/worlds/gazebo_models/person_standing/thumbnails/1.png
[3.255s] -- Symlinking: /home/zwier/agv_ws/install/agv_pkg/share/agv_pkg/worlds/gazebo_models/person_standing/thumbnails/2.png
[3.262s] -- Symlinking: /home/zwier/agv_ws/install/agv_pkg/share/agv_pkg/worlds/gazebo_models/person_standing/thumbnails/3.png
[3.271s] -- Symlinking: /home/zwier/agv_ws/install/agv_pkg/share/agv_pkg/worlds/gazebo_models/person_standing/thumbnails/4.png
[3.281s] -- Symlinking: /home/zwier/agv_ws/install/agv_pkg/share/agv_pkg/worlds/gazebo_models/person_standing/thumbnails/5.png
[3.292s] -- Symlinking: /home/zwier/agv_ws/install/agv_pkg/share/agv_pkg/worlds/gazebo_models/red_ball_10in/model.config
[3.301s] -- Symlinking: /home/zwier/agv_ws/install/agv_pkg/share/agv_pkg/worlds/gazebo_models/red_ball_10in/model.sdf
[3.312s] -- Symlinking: /home/zwier/agv_ws/install/agv_pkg/share/agv_pkg/worlds/gazebo_models/red_ball_10in/thumbnails/1.png
[3.321s] -- Symlinking: /home/zwier/agv_ws/install/agv_pkg/share/agv_pkg/worlds/gazebo_models/rescue_randy/materials/scripts/rescue_randy.material
[3.330s] -- Symlinking: /home/zwier/agv_ws/install/agv_pkg/share/agv_pkg/worlds/gazebo_models/rescue_randy/materials/textures/RescueRandy_Thermal.png
[3.340s] -- Symlinking: /home/zwier/agv_ws/install/agv_pkg/share/agv_pkg/worlds/gazebo_models/rescue_randy/materials/textures/rescue_randy_albedo.png
[3.348s] -- Symlinking: /home/zwier/agv_ws/install/agv_pkg/share/agv_pkg/worlds/gazebo_models/rescue_randy/materials/textures/rescue_randy_metalness.png
[3.358s] -- Symlinking: /home/zwier/agv_ws/install/agv_pkg/share/agv_pkg/worlds/gazebo_models/rescue_randy/materials/textures/rescue_randy_normal.png
[3.366s] -- Symlinking: /home/zwier/agv_ws/install/agv_pkg/share/agv_pkg/worlds/gazebo_models/rescue_randy/materials/textures/rescue_randy_roughness.png
[3.376s] -- Symlinking: /home/zwier/agv_ws/install/agv_pkg/share/agv_pkg/worlds/gazebo_models/rescue_randy/meshes/rescue_randy.dae
[3.386s] -- Symlinking: /home/zwier/agv_ws/install/agv_pkg/share/agv_pkg/worlds/gazebo_models/rescue_randy/model.config
[3.395s] -- Symlinking: /home/zwier/agv_ws/install/agv_pkg/share/agv_pkg/worlds/gazebo_models/rescue_randy/model.sdf
[3.403s] -- Symlinking: /home/zwier/agv_ws/install/agv_pkg/share/agv_pkg/worlds/gazebo_models/rescue_randy/thumbnails/1.png
[3.413s] -- Symlinking: /home/zwier/agv_ws/install/agv_pkg/share/agv_pkg/worlds/gazebo_models/rescue_randy/thumbnails/2.png
[3.422s] -- Symlinking: /home/zwier/agv_ws/install/agv_pkg/share/agv_pkg/worlds/gazebo_models/rescue_randy/thumbnails/3.png
[3.431s] -- Symlinking: /home/zwier/agv_ws/install/agv_pkg/share/agv_pkg/worlds/gazebo_models/rescue_randy/thumbnails/4.png
[3.443s] -- Symlinking: /home/zwier/agv_ws/install/agv_pkg/share/agv_pkg/worlds/gazebo_models/rescue_randy/thumbnails/5.png
[3.454s] -- Symlinking: /home/zwier/agv_ws/install/agv_pkg/share/agv_pkg/worlds/gazebo_models/table_marble/materials/scripts/table_lightmap.material
[3.463s] -- Symlinking: /home/zwier/agv_ws/install/agv_pkg/share/agv_pkg/worlds/gazebo_models/table_marble/materials/textures/marble.png
[3.473s] -- Symlinking: /home/zwier/agv_ws/install/agv_pkg/share/agv_pkg/worlds/gazebo_models/table_marble/materials/textures/table_lightmap.png
[3.482s] -- Symlinking: /home/zwier/agv_ws/install/agv_pkg/share/agv_pkg/worlds/gazebo_models/table_marble/meshes/marble.png
[3.492s] -- Symlinking: /home/zwier/agv_ws/install/agv_pkg/share/agv_pkg/worlds/gazebo_models/table_marble/meshes/table_lightmap.dae
[3.500s] -- Symlinking: /home/zwier/agv_ws/install/agv_pkg/share/agv_pkg/worlds/gazebo_models/table_marble/meshes/table_lightmap.png
[3.511s] -- Symlinking: /home/zwier/agv_ws/install/agv_pkg/share/agv_pkg/worlds/gazebo_models/table_marble/model-1_4.sdf
[3.520s] -- Symlinking: /home/zwier/agv_ws/install/agv_pkg/share/agv_pkg/worlds/gazebo_models/table_marble/model.config
[3.529s] -- Symlinking: /home/zwier/agv_ws/install/agv_pkg/share/agv_pkg/worlds/gazebo_models/table_marble/model.sdf
[3.538s] -- Symlinking: /home/zwier/agv_ws/install/agv_pkg/share/agv_pkg/worlds/gazebo_models/table_marble/thumbnails/1.png
[3.547s] -- Symlinking: /home/zwier/agv_ws/install/agv_pkg/share/agv_pkg/worlds/gazebo_models/table_marble/thumbnails/2.png
[3.558s] -- Symlinking: /home/zwier/agv_ws/install/agv_pkg/share/agv_pkg/worlds/gazebo_models/table_marble/thumbnails/3.png
[3.567s] -- Symlinking: /home/zwier/agv_ws/install/agv_pkg/share/agv_pkg/worlds/gazebo_models/table_marble/thumbnails/4.png
[3.578s] -- Symlinking: /home/zwier/agv_ws/install/agv_pkg/share/agv_pkg/worlds/gazebo_models/table_marble/thumbnails/5.png
[3.586s] -- Symlinking: /home/zwier/agv_ws/install/agv_pkg/share/agv_pkg/worlds/home.sdf
[3.595s] -- Symlinking: /home/zwier/agv_ws/install/agv_pkg/share/agv_pkg/worlds/obstacles.world
[3.605s] -- Symlinking: /home/zwier/agv_ws/install/agv_pkg/share/agv_pkg/urdf/base.xacro
[3.617s] -- Symlinking: /home/zwier/agv_ws/install/agv_pkg/share/agv_pkg/urdf/cameras.xacro
[3.626s] -- Symlinking: /home/zwier/agv_ws/install/agv_pkg/share/agv_pkg/urdf/gazebo.xacro
[3.636s] -- Symlinking: /home/zwier/agv_ws/install/agv_pkg/share/agv_pkg/urdf/lidar.xacro
[3.646s] -- Symlinking: /home/zwier/agv_ws/install/agv_pkg/share/agv_pkg/urdf/macros.xacro
[3.655s] -- Symlinking: /home/zwier/agv_ws/install/agv_pkg/share/agv_pkg/urdf/map_save.pgm
[3.664s] -- Symlinking: /home/zwier/agv_ws/install/agv_pkg/share/agv_pkg/urdf/map_save.yaml
[3.674s] -- Symlinking: /home/zwier/agv_ws/install/agv_pkg/share/agv_pkg/urdf/map_serialize.data
[3.685s] -- Symlinking: /home/zwier/agv_ws/install/agv_pkg/share/agv_pkg/urdf/map_serialize.posegraph
[3.695s] -- Symlinking: /home/zwier/agv_ws/install/agv_pkg/share/agv_pkg/urdf/materials.xacro
[3.704s] -- Symlinking: /home/zwier/agv_ws/install/agv_pkg/share/ament_index/resource_index/package_run_dependencies/agv_pkg
[3.712s] -- Symlinking: /home/zwier/agv_ws/install/agv_pkg/share/ament_index/resource_index/parent_prefix_path/agv_pkg
[3.722s] -- Symlinking: /home/zwier/agv_ws/install/agv_pkg/share/agv_pkg/environment/ament_prefix_path.sh
[3.731s] -- Symlinking: /home/zwier/agv_ws/install/agv_pkg/share/agv_pkg/environment/ament_prefix_path.dsv
[3.741s] -- Symlinking: /home/zwier/agv_ws/install/agv_pkg/share/agv_pkg/environment/path.sh
[3.751s] -- Symlinking: /home/zwier/agv_ws/install/agv_pkg/share/agv_pkg/environment/path.dsv
[3.758s] -- Symlinking: /home/zwier/agv_ws/install/agv_pkg/share/agv_pkg/local_setup.bash
[3.767s] -- Symlinking: /home/zwier/agv_ws/install/agv_pkg/share/agv_pkg/local_setup.sh
[3.778s] -- Symlinking: /home/zwier/agv_ws/install/agv_pkg/share/agv_pkg/local_setup.zsh
[3.789s] -- Symlinking: /home/zwier/agv_ws/install/agv_pkg/share/agv_pkg/local_setup.dsv
[3.799s] -- Symlinking: /home/zwier/agv_ws/install/agv_pkg/share/agv_pkg/package.dsv
[3.807s] -- Symlinking: /home/zwier/agv_ws/install/agv_pkg/share/ament_index/resource_index/packages/agv_pkg
[3.818s] -- Symlinking: /home/zwier/agv_ws/install/agv_pkg/share/agv_pkg/cmake/agv_pkgConfig.cmake
[3.828s] -- Symlinking: /home/zwier/agv_ws/install/agv_pkg/share/agv_pkg/cmake/agv_pkgConfig-version.cmake
[3.833s] -- Symlinking: /home/zwier/agv_ws/install/agv_pkg/share/agv_pkg/package.xml
[3.845s] Invoked command in '/home/zwier/agv_ws/build/agv_pkg' returned '0': CMAKE_PREFIX_PATH=${CMAKE_PREFIX_PATH}:/home/zwier/agv_ws/install/swerve_controller:/opt/ros/jazzy DEBUGINFOD_URLS=https://debuginfod.ubuntu.com /usr/bin/cmake --install /home/zwier/agv_ws/build/agv_pkg
