[0.062s] DEBUG:colcon:Command line arguments: ['/usr/bin/colcon', 'build', '--symlink-install']
[0.062s] DEBUG:colcon:Parsed command line arguments: Namespace(log_base=None, log_level=None, verb_name='build', build_base='build', install_base='install', merge_install=False, symlink_install=True, test_result_base=None, continue_on_error=False, executor='parallel', parallel_workers=32, event_handlers=None, ignore_user_meta=False, metas=['./colcon.meta'], base_paths=['.'], packages_ignore=None, packages_ignore_regex=None, paths=None, packages_up_to=None, packages_up_to_regex=None, packages_above=None, packages_above_and_dependencies=None, packages_above_depth=None, packages_select_by_dep=None, packages_skip_by_dep=None, packages_skip_up_to=None, packages_select_build_failed=False, packages_skip_build_finished=False, packages_select_test_failures=False, packages_skip_test_passed=False, packages_select=None, packages_skip=None, packages_select_regex=None, packages_skip_regex=None, packages_start=None, packages_end=None, allow_overriding=[], cmake_args=None, cmake_target=None, cmake_target_skip_unavailable=False, cmake_clean_cache=False, cmake_clean_first=False, cmake_force_configure=False, ament_cmake_args=None, catkin_cmake_args=None, catkin_skip_building_tests=False, mixin_files=None, mixin=None, verb_parser=<colcon_mixin.mixin.mixin_argument.MixinArgumentDecorator object at 0x79fb5939c710>, verb_extension=<colcon_core.verb.build.BuildVerb object at 0x79fb594b4e30>, main=<bound method BuildVerb.main of <colcon_core.verb.build.BuildVerb object at 0x79fb594b4e30>>, mixin_verb=('build',))
[0.083s] Level 1:colcon.colcon_core.package_discovery:discover_packages(colcon_meta) check parameters
[0.083s] Level 1:colcon.colcon_core.package_discovery:discover_packages(recursive) check parameters
[0.083s] Level 1:colcon.colcon_core.package_discovery:discover_packages(ignore) check parameters
[0.083s] Level 1:colcon.colcon_core.package_discovery:discover_packages(path) check parameters
[0.083s] Level 1:colcon.colcon_core.package_discovery:discover_packages(colcon_meta) discover
[0.083s] Level 1:colcon.colcon_core.package_discovery:discover_packages(recursive) discover
[0.083s] INFO:colcon.colcon_core.package_discovery:Crawling recursively for packages in '/home/zwier/agv_ws'
[0.083s] Level 1:colcon.colcon_core.package_identification:_identify(.) by extensions ['ignore', 'ignore_ament_install']
[0.083s] Level 1:colcon.colcon_core.package_identification:_identify(.) by extension 'ignore'
[0.083s] Level 1:colcon.colcon_core.package_identification:_identify(.) by extension 'ignore_ament_install'
[0.083s] Level 1:colcon.colcon_core.package_identification:_identify(.) by extensions ['colcon_pkg']
[0.083s] Level 1:colcon.colcon_core.package_identification:_identify(.) by extension 'colcon_pkg'
[0.083s] Level 1:colcon.colcon_core.package_identification:_identify(.) by extensions ['colcon_meta']
[0.083s] Level 1:colcon.colcon_core.package_identification:_identify(.) by extension 'colcon_meta'
[0.083s] Level 1:colcon.colcon_core.package_identification:_identify(.) by extensions ['ros']
[0.083s] Level 1:colcon.colcon_core.package_identification:_identify(.) by extension 'ros'
[0.099s] Level 1:colcon.colcon_core.package_identification:_identify(.) by extensions ['cmake', 'python']
[0.099s] Level 1:colcon.colcon_core.package_identification:_identify(.) by extension 'cmake'
[0.099s] Level 1:colcon.colcon_core.package_identification:_identify(.) by extension 'python'
[0.099s] Level 1:colcon.colcon_core.package_identification:_identify(.) by extensions ['python_setup_py']
[0.099s] Level 1:colcon.colcon_core.package_identification:_identify(.) by extension 'python_setup_py'
[0.099s] Level 1:colcon.colcon_core.package_identification:_identify(build) by extensions ['ignore', 'ignore_ament_install']
[0.099s] Level 1:colcon.colcon_core.package_identification:_identify(build) by extension 'ignore'
[0.099s] Level 1:colcon.colcon_core.package_identification:_identify(build) ignored
[0.099s] Level 1:colcon.colcon_core.package_identification:_identify(install) by extensions ['ignore', 'ignore_ament_install']
[0.099s] Level 1:colcon.colcon_core.package_identification:_identify(install) by extension 'ignore'
[0.099s] Level 1:colcon.colcon_core.package_identification:_identify(install) ignored
[0.099s] Level 1:colcon.colcon_core.package_identification:_identify(log) by extensions ['ignore', 'ignore_ament_install']
[0.099s] Level 1:colcon.colcon_core.package_identification:_identify(log) by extension 'ignore'
[0.099s] Level 1:colcon.colcon_core.package_identification:_identify(log) ignored
[0.099s] Level 1:colcon.colcon_core.package_identification:_identify(src) by extensions ['ignore', 'ignore_ament_install']
[0.099s] Level 1:colcon.colcon_core.package_identification:_identify(src) by extension 'ignore'
[0.099s] Level 1:colcon.colcon_core.package_identification:_identify(src) by extension 'ignore_ament_install'
[0.099s] Level 1:colcon.colcon_core.package_identification:_identify(src) by extensions ['colcon_pkg']
[0.099s] Level 1:colcon.colcon_core.package_identification:_identify(src) by extension 'colcon_pkg'
[0.099s] Level 1:colcon.colcon_core.package_identification:_identify(src) by extensions ['colcon_meta']
[0.099s] Level 1:colcon.colcon_core.package_identification:_identify(src) by extension 'colcon_meta'
[0.099s] Level 1:colcon.colcon_core.package_identification:_identify(src) by extensions ['ros']
[0.099s] Level 1:colcon.colcon_core.package_identification:_identify(src) by extension 'ros'
[0.099s] Level 1:colcon.colcon_core.package_identification:_identify(src) by extensions ['cmake', 'python']
[0.099s] Level 1:colcon.colcon_core.package_identification:_identify(src) by extension 'cmake'
[0.099s] Level 1:colcon.colcon_core.package_identification:_identify(src) by extension 'python'
[0.099s] Level 1:colcon.colcon_core.package_identification:_identify(src) by extensions ['python_setup_py']
[0.099s] Level 1:colcon.colcon_core.package_identification:_identify(src) by extension 'python_setup_py'
[0.099s] Level 1:colcon.colcon_core.package_identification:_identify(src/agv_pkg) by extensions ['ignore', 'ignore_ament_install']
[0.099s] Level 1:colcon.colcon_core.package_identification:_identify(src/agv_pkg) by extension 'ignore'
[0.099s] Level 1:colcon.colcon_core.package_identification:_identify(src/agv_pkg) by extension 'ignore_ament_install'
[0.100s] Level 1:colcon.colcon_core.package_identification:_identify(src/agv_pkg) by extensions ['colcon_pkg']
[0.100s] Level 1:colcon.colcon_core.package_identification:_identify(src/agv_pkg) by extension 'colcon_pkg'
[0.100s] Level 1:colcon.colcon_core.package_identification:_identify(src/agv_pkg) by extensions ['colcon_meta']
[0.100s] Level 1:colcon.colcon_core.package_identification:_identify(src/agv_pkg) by extension 'colcon_meta'
[0.100s] Level 1:colcon.colcon_core.package_identification:_identify(src/agv_pkg) by extensions ['ros']
[0.100s] Level 1:colcon.colcon_core.package_identification:_identify(src/agv_pkg) by extension 'ros'
[0.101s] DEBUG:colcon.colcon_core.package_identification:Package 'src/agv_pkg' with type 'ros.ament_cmake' and name 'agv_pkg'
[0.101s] Level 1:colcon.colcon_core.package_identification:_identify(src/swerve_controller) by extensions ['ignore', 'ignore_ament_install']
[0.101s] Level 1:colcon.colcon_core.package_identification:_identify(src/swerve_controller) by extension 'ignore'
[0.101s] Level 1:colcon.colcon_core.package_identification:_identify(src/swerve_controller) by extension 'ignore_ament_install'
[0.101s] Level 1:colcon.colcon_core.package_identification:_identify(src/swerve_controller) by extensions ['colcon_pkg']
[0.101s] Level 1:colcon.colcon_core.package_identification:_identify(src/swerve_controller) by extension 'colcon_pkg'
[0.101s] Level 1:colcon.colcon_core.package_identification:_identify(src/swerve_controller) by extensions ['colcon_meta']
[0.101s] Level 1:colcon.colcon_core.package_identification:_identify(src/swerve_controller) by extension 'colcon_meta'
[0.101s] Level 1:colcon.colcon_core.package_identification:_identify(src/swerve_controller) by extensions ['ros']
[0.101s] Level 1:colcon.colcon_core.package_identification:_identify(src/swerve_controller) by extension 'ros'
[0.102s] DEBUG:colcon.colcon_core.package_identification:Package 'src/swerve_controller' with type 'ros.ament_python' and name 'swerve_controller'
[0.102s] Level 1:colcon.colcon_core.package_discovery:discover_packages(recursive) using defaults
[0.102s] Level 1:colcon.colcon_core.package_discovery:discover_packages(ignore) discover
[0.102s] Level 1:colcon.colcon_core.package_discovery:discover_packages(ignore) using defaults
[0.102s] Level 1:colcon.colcon_core.package_discovery:discover_packages(path) discover
[0.102s] Level 1:colcon.colcon_core.package_discovery:discover_packages(path) using defaults
[0.112s] Level 1:colcon.colcon_core.package_discovery:discover_packages(prefix_path) check parameters
[0.112s] Level 1:colcon.colcon_core.package_discovery:discover_packages(prefix_path) discover
[0.112s] WARNING:colcon.colcon_ros.prefix_path.ament:The path '/home/zwier/agv_ws/install/swerve_controller' in the environment variable AMENT_PREFIX_PATH doesn't exist
[0.112s] WARNING:colcon.colcon_ros.prefix_path.ament:The path '/home/zwier/agv_ws/install/agv_pkg' in the environment variable AMENT_PREFIX_PATH doesn't exist
[0.112s] WARNING:colcon.colcon_ros.prefix_path.catkin:The path '/home/zwier/agv_ws/install/agv_pkg' in the environment variable CMAKE_PREFIX_PATH doesn't exist
[0.113s] DEBUG:colcon.colcon_installed_package_information.package_discovery:Found 0 installed packages in /home/zwier/agv_ws/install
[0.114s] DEBUG:colcon.colcon_installed_package_information.package_discovery:Found 459 installed packages in /opt/ros/jazzy
[0.115s] Level 1:colcon.colcon_core.package_discovery:discover_packages(prefix_path) using defaults
[0.144s] Level 5:colcon.colcon_core.verb:set package 'agv_pkg' build argument 'cmake_args' from command line to 'None'
[0.144s] Level 5:colcon.colcon_core.verb:set package 'agv_pkg' build argument 'cmake_target' from command line to 'None'
[0.144s] Level 5:colcon.colcon_core.verb:set package 'agv_pkg' build argument 'cmake_target_skip_unavailable' from command line to 'False'
[0.144s] Level 5:colcon.colcon_core.verb:set package 'agv_pkg' build argument 'cmake_clean_cache' from command line to 'False'
[0.144s] Level 5:colcon.colcon_core.verb:set package 'agv_pkg' build argument 'cmake_clean_first' from command line to 'False'
[0.144s] Level 5:colcon.colcon_core.verb:set package 'agv_pkg' build argument 'cmake_force_configure' from command line to 'False'
[0.144s] Level 5:colcon.colcon_core.verb:set package 'agv_pkg' build argument 'ament_cmake_args' from command line to 'None'
[0.144s] Level 5:colcon.colcon_core.verb:set package 'agv_pkg' build argument 'catkin_cmake_args' from command line to 'None'
[0.144s] Level 5:colcon.colcon_core.verb:set package 'agv_pkg' build argument 'catkin_skip_building_tests' from command line to 'False'
[0.144s] DEBUG:colcon.colcon_core.verb:Building package 'agv_pkg' with the following arguments: {'ament_cmake_args': None, 'build_base': '/home/zwier/agv_ws/build/agv_pkg', 'catkin_cmake_args': None, 'catkin_skip_building_tests': False, 'cmake_args': None, 'cmake_clean_cache': False, 'cmake_clean_first': False, 'cmake_force_configure': False, 'cmake_target': None, 'cmake_target_skip_unavailable': False, 'install_base': '/home/zwier/agv_ws/install/agv_pkg', 'merge_install': False, 'path': '/home/zwier/agv_ws/src/agv_pkg', 'symlink_install': True, 'test_result_base': None}
[0.144s] Level 5:colcon.colcon_core.verb:set package 'swerve_controller' build argument 'cmake_args' from command line to 'None'
[0.144s] Level 5:colcon.colcon_core.verb:set package 'swerve_controller' build argument 'cmake_target' from command line to 'None'
[0.144s] Level 5:colcon.colcon_core.verb:set package 'swerve_controller' build argument 'cmake_target_skip_unavailable' from command line to 'False'
[0.144s] Level 5:colcon.colcon_core.verb:set package 'swerve_controller' build argument 'cmake_clean_cache' from command line to 'False'
[0.144s] Level 5:colcon.colcon_core.verb:set package 'swerve_controller' build argument 'cmake_clean_first' from command line to 'False'
[0.144s] Level 5:colcon.colcon_core.verb:set package 'swerve_controller' build argument 'cmake_force_configure' from command line to 'False'
[0.144s] Level 5:colcon.colcon_core.verb:set package 'swerve_controller' build argument 'ament_cmake_args' from command line to 'None'
[0.144s] Level 5:colcon.colcon_core.verb:set package 'swerve_controller' build argument 'catkin_cmake_args' from command line to 'None'
[0.144s] Level 5:colcon.colcon_core.verb:set package 'swerve_controller' build argument 'catkin_skip_building_tests' from command line to 'False'
[0.144s] DEBUG:colcon.colcon_core.verb:Building package 'swerve_controller' with the following arguments: {'ament_cmake_args': None, 'build_base': '/home/zwier/agv_ws/build/swerve_controller', 'catkin_cmake_args': None, 'catkin_skip_building_tests': False, 'cmake_args': None, 'cmake_clean_cache': False, 'cmake_clean_first': False, 'cmake_force_configure': False, 'cmake_target': None, 'cmake_target_skip_unavailable': False, 'install_base': '/home/zwier/agv_ws/install/swerve_controller', 'merge_install': False, 'path': '/home/zwier/agv_ws/src/swerve_controller', 'symlink_install': True, 'test_result_base': None}
[0.144s] INFO:colcon.colcon_core.executor:Executing jobs using 'parallel' executor
[0.145s] DEBUG:colcon.colcon_parallel_executor.executor.parallel:run_until_complete
[0.145s] INFO:colcon.colcon_ros.task.ament_cmake.build:Building ROS package in '/home/zwier/agv_ws/src/agv_pkg' with build type 'ament_cmake'
[0.145s] INFO:colcon.colcon_cmake.task.cmake.build:Building CMake package in '/home/zwier/agv_ws/src/agv_pkg'
[0.146s] INFO:colcon.colcon_core.plugin_system:Skipping extension 'colcon_core.shell.bat': Not used on non-Windows systems
[0.146s] INFO:colcon.colcon_core.shell:Skip shell extension 'powershell' for command environment: Not usable outside of PowerShell
[0.146s] DEBUG:colcon.colcon_core.shell:Skip shell extension 'dsv' for command environment
[0.148s] INFO:colcon.colcon_ros.task.ament_python.build:Building ROS package in '/home/zwier/agv_ws/src/swerve_controller' with build type 'ament_python'
[0.148s] Level 1:colcon.colcon_core.shell:create_environment_hook('swerve_controller', 'ament_prefix_path')
[0.149s] INFO:colcon.colcon_core.shell:Creating environment hook '/home/zwier/agv_ws/install/swerve_controller/share/swerve_controller/hook/ament_prefix_path.ps1'
[0.149s] INFO:colcon.colcon_core.shell:Creating environment descriptor '/home/zwier/agv_ws/install/swerve_controller/share/swerve_controller/hook/ament_prefix_path.dsv'
[0.149s] INFO:colcon.colcon_core.shell:Creating environment hook '/home/zwier/agv_ws/install/swerve_controller/share/swerve_controller/hook/ament_prefix_path.sh'
[0.149s] INFO:colcon.colcon_core.shell:Skip shell extension 'powershell' for command environment: Not usable outside of PowerShell
[0.149s] DEBUG:colcon.colcon_core.shell:Skip shell extension 'dsv' for command environment
[0.154s] DEBUG:colcon.colcon_core.event_handler.log_command:Invoking command in '/home/zwier/agv_ws/build/agv_pkg': CMAKE_PREFIX_PATH=${CMAKE_PREFIX_PATH}:/home/zwier/agv_ws/install/swerve_controller:/opt/ros/jazzy DEBUGINFOD_URLS=https://debuginfod.ubuntu.com /usr/bin/cmake /home/zwier/agv_ws/src/agv_pkg -DAMENT_CMAKE_SYMLINK_INSTALL=1 -DCMAKE_INSTALL_PREFIX=/home/zwier/agv_ws/install/agv_pkg
[0.255s] INFO:colcon.colcon_core.task.python.build:Building Python package in '/home/zwier/agv_ws/src/swerve_controller'
[0.255s] INFO:colcon.colcon_core.shell:Skip shell extension 'powershell' for command environment: Not usable outside of PowerShell
[0.256s] DEBUG:colcon.colcon_core.shell:Skip shell extension 'dsv' for command environment
[0.563s] DEBUG:colcon.colcon_core.event_handler.log_command:Invoking command in '/home/zwier/agv_ws/build/swerve_controller': DEBUGINFOD_URLS=https://debuginfod.ubuntu.com PYTHONPATH=/home/zwier/agv_ws/build/swerve_controller/prefix_override:/usr/lib/python3/dist-packages/colcon_core/task/python/colcon_distutils_commands:/home/zwier/agv_ws/install/swerve_controller/lib/python3.12/site-packages:${PYTHONPATH} /usr/bin/python3 -W ignore:setup.py install is deprecated -W ignore:easy_install command is deprecated setup.py develop --editable --build-directory /home/zwier/agv_ws/build/swerve_controller/build --no-deps symlink_data
[0.770s] DEBUG:colcon.colcon_core.event_handler.log_command:Invoked command in '/home/zwier/agv_ws/build/agv_pkg' returned '0': CMAKE_PREFIX_PATH=${CMAKE_PREFIX_PATH}:/home/zwier/agv_ws/install/swerve_controller:/opt/ros/jazzy DEBUGINFOD_URLS=https://debuginfod.ubuntu.com /usr/bin/cmake /home/zwier/agv_ws/src/agv_pkg -DAMENT_CMAKE_SYMLINK_INSTALL=1 -DCMAKE_INSTALL_PREFIX=/home/zwier/agv_ws/install/agv_pkg
[0.771s] DEBUG:colcon.colcon_core.event_handler.log_command:Invoking command in '/home/zwier/agv_ws/build/agv_pkg': CMAKE_PREFIX_PATH=${CMAKE_PREFIX_PATH}:/home/zwier/agv_ws/install/swerve_controller:/opt/ros/jazzy DEBUGINFOD_URLS=https://debuginfod.ubuntu.com /usr/bin/cmake --build /home/zwier/agv_ws/build/agv_pkg -- -j32 -l32
[0.802s] DEBUG:colcon.colcon_core.event_handler.log_command:Invoked command in '/home/zwier/agv_ws/build/agv_pkg' returned '0': CMAKE_PREFIX_PATH=${CMAKE_PREFIX_PATH}:/home/zwier/agv_ws/install/swerve_controller:/opt/ros/jazzy DEBUGINFOD_URLS=https://debuginfod.ubuntu.com /usr/bin/cmake --build /home/zwier/agv_ws/build/agv_pkg -- -j32 -l32
[0.810s] DEBUG:colcon.colcon_core.event_handler.log_command:Invoking command in '/home/zwier/agv_ws/build/agv_pkg': CMAKE_PREFIX_PATH=${CMAKE_PREFIX_PATH}:/home/zwier/agv_ws/install/swerve_controller:/opt/ros/jazzy DEBUGINFOD_URLS=https://debuginfod.ubuntu.com /usr/bin/cmake --install /home/zwier/agv_ws/build/agv_pkg
[0.868s] Level 1:colcon.colcon_core.shell:create_environment_hook('swerve_controller', 'pythonpath_develop')
[0.868s] INFO:colcon.colcon_core.shell:Creating environment hook '/home/zwier/agv_ws/build/swerve_controller/share/swerve_controller/hook/pythonpath_develop.ps1'
[0.868s] DEBUG:colcon.colcon_core.event_handler.log_command:Invoked command in '/home/zwier/agv_ws/build/swerve_controller' returned '0': DEBUGINFOD_URLS=https://debuginfod.ubuntu.com PYTHONPATH=/home/zwier/agv_ws/build/swerve_controller/prefix_override:/usr/lib/python3/dist-packages/colcon_core/task/python/colcon_distutils_commands:/home/zwier/agv_ws/install/swerve_controller/lib/python3.12/site-packages:${PYTHONPATH} /usr/bin/python3 -W ignore:setup.py install is deprecated -W ignore:easy_install command is deprecated setup.py develop --editable --build-directory /home/zwier/agv_ws/build/swerve_controller/build --no-deps symlink_data
[0.869s] INFO:colcon.colcon_core.shell:Creating environment descriptor '/home/zwier/agv_ws/build/swerve_controller/share/swerve_controller/hook/pythonpath_develop.dsv'
[0.869s] INFO:colcon.colcon_core.shell:Creating environment hook '/home/zwier/agv_ws/build/swerve_controller/share/swerve_controller/hook/pythonpath_develop.sh'
[0.871s] Level 1:colcon.colcon_core.environment:checking '/home/zwier/agv_ws/install/swerve_controller' for CMake module files
[0.871s] Level 1:colcon.colcon_core.environment:checking '/home/zwier/agv_ws/install/swerve_controller' for CMake config files
[0.872s] Level 1:colcon.colcon_core.environment:checking '/home/zwier/agv_ws/install/swerve_controller/lib'
[0.872s] Level 1:colcon.colcon_core.environment:checking '/home/zwier/agv_ws/install/swerve_controller/bin'
[0.872s] Level 1:colcon.colcon_core.environment:checking '/home/zwier/agv_ws/install/swerve_controller/lib/pkgconfig/swerve_controller.pc'
[0.872s] Level 1:colcon.colcon_core.environment:checking '/home/zwier/agv_ws/install/swerve_controller/lib/python3.12/site-packages'
[0.872s] Level 1:colcon.colcon_core.shell:create_environment_hook('swerve_controller', 'pythonpath')
[0.873s] INFO:colcon.colcon_core.shell:Creating environment hook '/home/zwier/agv_ws/install/swerve_controller/share/swerve_controller/hook/pythonpath.ps1'
[0.873s] INFO:colcon.colcon_core.shell:Creating environment descriptor '/home/zwier/agv_ws/install/swerve_controller/share/swerve_controller/hook/pythonpath.dsv'
[0.873s] INFO:colcon.colcon_core.shell:Creating environment hook '/home/zwier/agv_ws/install/swerve_controller/share/swerve_controller/hook/pythonpath.sh'
[0.873s] Level 1:colcon.colcon_core.environment:checking '/home/zwier/agv_ws/install/swerve_controller/bin'
[0.873s] Level 1:colcon.colcon_core.environment:create_environment_scripts_only(swerve_controller)
[0.874s] INFO:colcon.colcon_core.shell:Creating package script '/home/zwier/agv_ws/install/swerve_controller/share/swerve_controller/package.ps1'
[0.874s] INFO:colcon.colcon_core.shell:Creating package descriptor '/home/zwier/agv_ws/install/swerve_controller/share/swerve_controller/package.dsv'
[0.875s] INFO:colcon.colcon_core.shell:Creating package script '/home/zwier/agv_ws/install/swerve_controller/share/swerve_controller/package.sh'
[0.875s] INFO:colcon.colcon_core.shell:Creating package script '/home/zwier/agv_ws/install/swerve_controller/share/swerve_controller/package.bash'
[0.876s] INFO:colcon.colcon_core.shell:Creating package script '/home/zwier/agv_ws/install/swerve_controller/share/swerve_controller/package.zsh'
[0.876s] Level 1:colcon.colcon_core.environment:create_file_with_runtime_dependencies(/home/zwier/agv_ws/install/swerve_controller/share/colcon-core/packages/swerve_controller)
[3.989s] Level 1:colcon.colcon_core.environment:create_environment_scripts_only(agv_pkg)
[3.990s] Level 1:colcon.colcon_core.environment:checking '/home/zwier/agv_ws/install/agv_pkg' for CMake module files
[3.990s] DEBUG:colcon.colcon_core.event_handler.log_command:Invoked command in '/home/zwier/agv_ws/build/agv_pkg' returned '0': CMAKE_PREFIX_PATH=${CMAKE_PREFIX_PATH}:/home/zwier/agv_ws/install/swerve_controller:/opt/ros/jazzy DEBUGINFOD_URLS=https://debuginfod.ubuntu.com /usr/bin/cmake --install /home/zwier/agv_ws/build/agv_pkg
[3.990s] Level 1:colcon.colcon_core.environment:checking '/home/zwier/agv_ws/install/agv_pkg' for CMake config files
[3.991s] Level 1:colcon.colcon_core.shell:create_environment_hook('agv_pkg', 'cmake_prefix_path')
[3.991s] INFO:colcon.colcon_core.shell:Creating environment hook '/home/zwier/agv_ws/install/agv_pkg/share/agv_pkg/hook/cmake_prefix_path.ps1'
[3.991s] INFO:colcon.colcon_core.shell:Creating environment descriptor '/home/zwier/agv_ws/install/agv_pkg/share/agv_pkg/hook/cmake_prefix_path.dsv'
[3.991s] INFO:colcon.colcon_core.shell:Creating environment hook '/home/zwier/agv_ws/install/agv_pkg/share/agv_pkg/hook/cmake_prefix_path.sh'
[3.992s] Level 1:colcon.colcon_core.environment:checking '/home/zwier/agv_ws/install/agv_pkg/bin'
[3.992s] Level 1:colcon.colcon_core.environment:checking '/home/zwier/agv_ws/install/agv_pkg/lib/pkgconfig/agv_pkg.pc'
[3.992s] Level 1:colcon.colcon_core.environment:checking '/home/zwier/agv_ws/install/agv_pkg/lib/python3.12/site-packages'
[3.992s] Level 1:colcon.colcon_core.environment:checking '/home/zwier/agv_ws/install/agv_pkg/bin'
[3.992s] INFO:colcon.colcon_core.shell:Creating package script '/home/zwier/agv_ws/install/agv_pkg/share/agv_pkg/package.ps1'
[3.993s] INFO:colcon.colcon_core.shell:Creating package descriptor '/home/zwier/agv_ws/install/agv_pkg/share/agv_pkg/package.dsv'
[3.993s] INFO:colcon.colcon_core.shell:Creating package script '/home/zwier/agv_ws/install/agv_pkg/share/agv_pkg/package.sh'
[3.993s] INFO:colcon.colcon_core.shell:Creating package script '/home/zwier/agv_ws/install/agv_pkg/share/agv_pkg/package.bash'
[3.993s] INFO:colcon.colcon_core.shell:Creating package script '/home/zwier/agv_ws/install/agv_pkg/share/agv_pkg/package.zsh'
[3.994s] Level 1:colcon.colcon_core.environment:create_file_with_runtime_dependencies(/home/zwier/agv_ws/install/agv_pkg/share/colcon-core/packages/agv_pkg)
[3.994s] Level 1:colcon.colcon_core.environment:create_environment_scripts_only(agv_pkg)
[3.994s] Level 1:colcon.colcon_core.environment:checking '/home/zwier/agv_ws/install/agv_pkg' for CMake module files
[3.995s] Level 1:colcon.colcon_core.environment:checking '/home/zwier/agv_ws/install/agv_pkg' for CMake config files
[3.995s] Level 1:colcon.colcon_core.shell:create_environment_hook('agv_pkg', 'cmake_prefix_path')
[3.995s] INFO:colcon.colcon_core.shell:Creating environment hook '/home/zwier/agv_ws/install/agv_pkg/share/agv_pkg/hook/cmake_prefix_path.ps1'
[3.996s] INFO:colcon.colcon_core.shell:Creating environment descriptor '/home/zwier/agv_ws/install/agv_pkg/share/agv_pkg/hook/cmake_prefix_path.dsv'
[3.996s] INFO:colcon.colcon_core.shell:Creating environment hook '/home/zwier/agv_ws/install/agv_pkg/share/agv_pkg/hook/cmake_prefix_path.sh'
[3.996s] Level 1:colcon.colcon_core.environment:checking '/home/zwier/agv_ws/install/agv_pkg/bin'
[3.996s] Level 1:colcon.colcon_core.environment:checking '/home/zwier/agv_ws/install/agv_pkg/lib/pkgconfig/agv_pkg.pc'
[3.997s] Level 1:colcon.colcon_core.environment:checking '/home/zwier/agv_ws/install/agv_pkg/lib/python3.12/site-packages'
[3.997s] Level 1:colcon.colcon_core.environment:checking '/home/zwier/agv_ws/install/agv_pkg/bin'
[3.997s] INFO:colcon.colcon_core.shell:Creating package script '/home/zwier/agv_ws/install/agv_pkg/share/agv_pkg/package.ps1'
[3.998s] INFO:colcon.colcon_core.shell:Creating package descriptor '/home/zwier/agv_ws/install/agv_pkg/share/agv_pkg/package.dsv'
[3.998s] INFO:colcon.colcon_core.shell:Creating package script '/home/zwier/agv_ws/install/agv_pkg/share/agv_pkg/package.sh'
[3.998s] INFO:colcon.colcon_core.shell:Creating package script '/home/zwier/agv_ws/install/agv_pkg/share/agv_pkg/package.bash'
[3.998s] INFO:colcon.colcon_core.shell:Creating package script '/home/zwier/agv_ws/install/agv_pkg/share/agv_pkg/package.zsh'
[3.998s] Level 1:colcon.colcon_core.environment:create_file_with_runtime_dependencies(/home/zwier/agv_ws/install/agv_pkg/share/colcon-core/packages/agv_pkg)
[4.003s] DEBUG:colcon.colcon_parallel_executor.executor.parallel:closing loop
[4.003s] DEBUG:colcon.colcon_parallel_executor.executor.parallel:loop closed
[4.003s] DEBUG:colcon.colcon_parallel_executor.executor.parallel:run_until_complete finished with '0'
[4.003s] DEBUG:colcon.colcon_core.event_reactor:joining thread
[4.020s] INFO:colcon.colcon_core.plugin_system:Skipping extension 'colcon_notification.desktop_notification.terminal_notifier': Not used on non-Darwin systems
[4.021s] INFO:colcon.colcon_core.plugin_system:Skipping extension 'colcon_notification.desktop_notification.win32': Not used on non-Windows systems
[4.021s] INFO:colcon.colcon_notification.desktop_notification:Sending desktop notification using 'notify2'
[4.039s] DEBUG:colcon.colcon_core.event_reactor:joined thread
[4.039s] INFO:colcon.colcon_core.shell:Creating prefix script '/home/zwier/agv_ws/install/local_setup.ps1'
[4.040s] INFO:colcon.colcon_core.shell:Creating prefix util module '/home/zwier/agv_ws/install/_local_setup_util_ps1.py'
[4.041s] INFO:colcon.colcon_core.shell:Creating prefix chain script '/home/zwier/agv_ws/install/setup.ps1'
[4.041s] INFO:colcon.colcon_core.shell:Creating prefix script '/home/zwier/agv_ws/install/local_setup.sh'
[4.042s] INFO:colcon.colcon_core.shell:Creating prefix util module '/home/zwier/agv_ws/install/_local_setup_util_sh.py'
[4.042s] INFO:colcon.colcon_core.shell:Creating prefix chain script '/home/zwier/agv_ws/install/setup.sh'
[4.043s] INFO:colcon.colcon_core.shell:Creating prefix script '/home/zwier/agv_ws/install/local_setup.bash'
[4.044s] INFO:colcon.colcon_core.shell:Creating prefix chain script '/home/zwier/agv_ws/install/setup.bash'
[4.044s] INFO:colcon.colcon_core.shell:Creating prefix script '/home/zwier/agv_ws/install/local_setup.zsh'
[4.045s] INFO:colcon.colcon_core.shell:Creating prefix chain script '/home/zwier/agv_ws/install/setup.zsh'
