[0.725s] Invoking command in '/home/zwier/agv_ws/build/swerve_controller': DEBUGINFOD_URLS=https://debuginfod.ubuntu.com PYTHONPATH=/home/zwier/agv_ws/build/swerve_controller/prefix_override:/usr/lib/python3/dist-packages/colcon_core/task/python/colcon_distutils_commands:/home/zwier/agv_ws/install/swerve_controller/lib/python3.12/site-packages:${PYTHONPATH} /usr/bin/python3 -W ignore:setup.py install is deprecated -W ignore:easy_install command is deprecated setup.py develop --editable --build-directory /home/zwier/agv_ws/build/swerve_controller/build --no-deps symlink_data --force
[0.890s] running develop
[0.986s] running egg_info
[0.996s] writing swerve_controller.egg-info/PKG-INFO
[0.996s] writing dependency_links to swerve_controller.egg-info/dependency_links.txt
[0.996s] writing entry points to swerve_controller.egg-info/entry_points.txt
[0.996s] writing requirements to swerve_controller.egg-info/requires.txt
[0.996s] writing top-level names to swerve_controller.egg-info/top_level.txt
[1.016s] reading manifest file 'swerve_controller.egg-info/SOURCES.txt'
[1.016s] writing manifest file 'swerve_controller.egg-info/SOURCES.txt'
[1.027s] running build_ext
[1.027s] Creating /home/zwier/agv_ws/install/swerve_controller/lib/python3.12/site-packages/swerve-controller.egg-link (link to .)
[1.028s] Installing swerve_controller script to /home/zwier/agv_ws/install/swerve_controller/lib/swerve_controller
[1.028s] 
[1.028s] Installed /home/zwier/agv_ws/build/swerve_controller
[1.028s] running symlink_data
[1.028s] symbolically linking /home/zwier/agv_ws/build/swerve_controller/resource/swerve_controller -> /home/zwier/agv_ws/install/swerve_controller/share/ament_index/resource_index/packages
[1.028s] symbolically linking /home/zwier/agv_ws/build/swerve_controller/package.xml -> /home/zwier/agv_ws/install/swerve_controller/share/swerve_controller
[1.028s] symbolically linking /home/zwier/agv_ws/build/swerve_controller/launch/swerve_controller.launch.py -> /home/zwier/agv_ws/install/swerve_controller/share/swerve_controller/launch
[1.028s] symbolically linking /home/zwier/agv_ws/build/swerve_controller/config/swerve.yaml -> /home/zwier/agv_ws/install/swerve_controller/share/swerve_controller/config
[1.047s] Invoked command in '/home/zwier/agv_ws/build/swerve_controller' returned '0': DEBUGINFOD_URLS=https://debuginfod.ubuntu.com PYTHONPATH=/home/zwier/agv_ws/build/swerve_controller/prefix_override:/usr/lib/python3/dist-packages/colcon_core/task/python/colcon_distutils_commands:/home/zwier/agv_ws/install/swerve_controller/lib/python3.12/site-packages:${PYTHONPATH} /usr/bin/python3 -W ignore:setup.py install is deprecated -W ignore:easy_install command is deprecated setup.py develop --editable --build-directory /home/zwier/agv_ws/build/swerve_controller/build --no-deps symlink_data --force
